  3.0   0.0 -0.1620753  0.9867784   -9.327 0.33253
  3.0   5.0 -0.1589178  0.9872918   -9.144 0.33199
  3.0  10.0 -0.1557598  0.9877950   -8.961 0.33138
  3.0  15.0 -0.1526188  0.9882851   -8.779 0.33069
  3.0  20.0 -0.1495132  0.9887597   -8.599 0.32994
  3.0  25.0 -0.1464621  0.9892163   -8.422 0.32914
  3.0  30.0 -0.1434859  0.9896524   -8.250 0.32828
  3.0  35.0 -0.1406053  0.9900657   -8.083 0.32737
  3.0  40.0 -0.1378421  0.9904542   -7.923 0.32643
  3.0  45.0 -0.1352186  0.9908158   -7.771 0.32545
  3.0  50.0 -0.1327575  0.9911485   -7.629 0.32444
  3.0  55.0 -0.1304816  0.9914507   -7.497 0.32342
  3.0  60.0 -0.1284135  0.9917207   -7.378 0.32238
  3.0  65.0 -0.1265715  0.9919575   -7.272 0.32133
  3.0  70.0 -0.1249885  0.9921582   -7.180 0.32029
  3.0  75.0 -0.1236729  0.9923230   -7.104 0.31925
  3.0  80.0 -0.1226470  0.9924504   -7.045 0.31823
  3.0  85.0 -0.1219271  0.9925391   -7.003 0.31723
  3.0  90.0 -0.1215273  0.9925881   -6.980 0.31625
  3.0  95.0 -0.1214587  0.9925965   -6.976 0.31532
  3.0 100.0 -0.1217293  0.9925633   -6.992 0.31443
  3.0 105.0 -0.1223440  0.9924878   -7.027 0.31358
  3.0 110.0 -0.1233036  0.9923690   -7.083 0.31280
  3.0 115.0 -0.1246054  0.9922064   -7.158 0.31207
  3.0 120.0 -0.1262426  0.9919994   -7.253 0.31142
  3.0 125.0 -0.1282040  0.9917478   -7.366 0.31084
  3.0 130.0 -0.1304756  0.9914515   -7.497 0.31033
  3.0 135.0 -0.1330383  0.9911109   -7.645 0.30991
  3.0 140.0 -0.1358698  0.9907267   -7.809 0.30958
  3.0 145.0 -0.1389442  0.9903002   -7.987 0.30934
  3.0 150.0 -0.1422326  0.9898333   -8.177 0.30919
  3.0 155.0 -0.1457034  0.9893283   -8.378 0.30914
  3.0 160.0 -0.1493225  0.9887885   -8.588 0.30919
  3.0 165.0 -0.1530543  0.9882178   -8.804 0.30933
  3.0 170.0 -0.1568618  0.9876206   -9.025 0.30956
  3.0 175.0 -0.1607072  0.9870021   -9.248 0.30990
  3.0 180.0 -0.1645528  0.9863683   -9.471 0.31032
  3.0 185.0 -0.1683667  0.9857244   -9.693 0.31084
  3.0 190.0 -0.1720958  0.9850802   -9.910 0.31145
  3.0 195.0 -0.1757218  0.9844399  -10.121 0.31213
  3.0 200.0 -0.1792060  0.9838116  -10.324 0.31290
  3.0 205.0 -0.1825178  0.9832026  -10.516 0.31373
  3.0 210.0 -0.1856290  0.9826199  -10.698 0.31463
  3.0 215.0 -0.1885147  0.9820704  -10.866 0.31559
  3.0 220.0 -0.1911530  0.9815602  -11.020 0.31660
  3.0 225.0 -0.1935256  0.9810952  -11.159 0.31765
  3.0 230.0 -0.1956173  0.9806803  -11.281 0.31874
  3.0 235.0 -0.1974167  0.9803197  -11.386 0.31984
  3.0 240.0 -0.1989156  0.9800166  -11.474 0.32096
  3.0 245.0 -0.2001092  0.9797736  -11.543 0.32209
  3.0 250.0 -0.2009967  0.9795919  -11.595 0.32321
  3.0 255.0 -0.2015774  0.9794726  -11.629 0.32432
  3.0 260.0 -0.2018562  0.9794152  -11.646 0.32540
  3.0 265.0 -0.2018393  0.9794187  -11.645 0.32645
  3.0 270.0 -0.2015351  0.9794813  -11.627 0.32746
  3.0 275.0 -0.2009537  0.9796007  -11.593 0.32842
  3.0 280.0 -0.2001068  0.9797741  -11.543 0.32932
  3.0 285.0 -0.1990071  0.9799980  -11.479 0.33016
  3.0 290.0 -0.1976685  0.9802689  -11.401 0.33093
  3.0 295.0 -0.1961051  0.9805829  -11.309 0.33162
  3.0 300.0 -0.1943319  0.9809358  -11.206 0.33224
  3.0 305.0 -0.1923638  0.9813237  -11.091 0.33276
  3.0 310.0 -0.1902158  0.9817423  -10.965 0.33320
  3.0 315.0 -0.1879029  0.9821876  -10.830 0.33355
  3.0 320.0 -0.1854399  0.9826556  -10.687 0.33380
  3.0 325.0 -0.1828415  0.9831424  -10.535 0.33397
  3.0 330.0 -0.1801220  0.9836443  -10.377 0.33403
  3.0 335.0 -0.1772961  0.9841575  -10.212 0.33401
  3.0 340.0 -0.1743781  0.9846788  -10.042 0.33389
  3.0 345.0 -0.1713823  0.9852046   -9.868 0.33368
  3.0 350.0 -0.1683232  0.9857319   -9.690 0.33338
  3.0 355.0 -0.1652158  0.9862574   -9.510 0.33300
  3.0 360.0 -0.1620753  0.9867784   -9.327 0.33253
  5.0   0.0 -0.1623694  0.9867300   -9.344 0.34036
  5.0   5.0 -0.1575097  0.9875174   -9.062 0.33945
  5.0  10.0 -0.1526096  0.9882866   -8.778 0.33843
  5.0  15.0 -0.1476881  0.9890340   -8.493 0.33731
  5.0  20.0 -0.1427672  0.9897563   -8.208 0.33608
  5.0  25.0 -0.1378721  0.9904500   -7.925 0.33477
  5.0  30.0 -0.1330312  0.9911119   -7.645 0.33338
  5.0  35.0 -0.1282771  0.9917384   -7.370 0.33192
  5.0  40.0 -0.1236445  0.9923266   -7.102 0.33040
  5.0  45.0 -0.1191724  0.9928736   -6.844 0.32882
  5.0  50.0 -0.1149021  0.9933768   -6.598 0.32720
  5.0  55.0 -0.1108773  0.9938341   -6.366 0.32556
  5.0  60.0 -0.1071431  0.9942436   -6.151 0.32388
  5.0  65.0 -0.1037454  0.9946039   -5.955 0.32220
  5.0  70.0 -0.1007300  0.9949138   -5.781 0.32051
  5.0  75.0 -0.0981366  0.9951730   -5.632 0.31884
  5.0  80.0 -0.0960236  0.9953791   -5.510 0.31718
  5.0  85.0 -0.0944150  0.9955329   -5.418 0.31555
  5.0  90.0 -0.0933519  0.9956332   -5.356 0.31396
  5.0  95.0 -0.0928649  0.9956787   -5.328 0.31242
  5.0 100.0 -0.0929788  0.9956681   -5.335 0.31095
  5.0 105.0 -0.0937116  0.9955994   -5.377 0.30955
  5.0 110.0 -0.0950739  0.9954702   -5.456 0.30824
  5.0 115.0 -0.0970681  0.9952777   -5.570 0.30702
  5.0 120.0 -0.0996879  0.9950188   -5.721 0.30591
  5.0 125.0 -0.1029184  0.9946898   -5.907 0.30492
  5.0 130.0 -0.1067352  0.9942875   -6.127 0.30405
  5.0 135.0 -0.1111067  0.9938085   -6.379 0.30332
  5.0 140.0 -0.1159911  0.9932503   -6.661 0.30273
  5.0 145.0 -0.1213395  0.9926111   -6.969 0.30229
  5.0 150.0 -0.1270958  0.9918904   -7.302 0.30200
  5.0 155.0 -0.1331974  0.9910895   -7.654 0.30187
  5.0 160.0 -0.1395769  0.9902112   -8.023 0.30190
  5.0 165.0 -0.1461625  0.9892606   -8.405 0.30210
  5.0 170.0 -0.1528801  0.9882448   -8.794 0.30246
  5.0 175.0 -0.1596540  0.9871730   -9.187 0.30298
  5.0 180.0 -0.1664087  0.9860569   -9.579 0.30366
  5.0 185.0 -0.1730700  0.9849095   -9.966 0.30450
  5.0 190.0 -0.1795665  0.9837458  -10.345 0.30548
  5.0 195.0 -0.1858304  0.9825818  -10.710 0.30661
  5.0 200.0 -0.1917991  0.9814342  -11.058 0.30788
  5.0 205.0 -0.1974156  0.9803199  -11.386 0.30927
  5.0 210.0 -0.2026297  0.9792554  -11.691 0.31078
  5.0 215.0 -0.2073984  0.9782566  -11.970 0.31239
  5.0 220.0 -0.2116862  0.9773377  -12.221 0.31409
  5.0 225.0 -0.2154653  0.9765115  -12.443 0.31586
  5.0 230.0 -0.2187159  0.9757886  -12.634 0.31769
  5.0 235.0 -0.2214256  0.9751773  -12.793 0.31957
  5.0 240.0 -0.2235926  0.9746827  -12.920 0.32147
  5.0 245.0 -0.2252124  0.9743097  -13.015 0.32338
  5.0 250.0 -0.2262962  0.9740585  -13.079 0.32527
  5.0 255.0 -0.2268575  0.9739280  -13.112 0.32715
  5.0 260.0 -0.2269149  0.9739146  -13.116 0.32897
  5.0 265.0 -0.2264908  0.9740133  -13.091 0.33074
  5.0 270.0 -0.2256106  0.9742176  -13.039 0.33243
  5.0 275.0 -0.2243024  0.9745196  -12.962 0.33403
  5.0 280.0 -0.2225955  0.9749109  -12.862 0.33553
  5.0 285.0 -0.2205203  0.9753824  -12.740 0.33692
  5.0 290.0 -0.2181070  0.9759249  -12.598 0.33818
  5.0 295.0 -0.2153852  0.9765292  -12.438 0.33931
  5.0 300.0 -0.2123836  0.9771864  -12.262 0.34029
  5.0 305.0 -0.2091291  0.9778880  -12.071 0.34113
  5.0 310.0 -0.2056468  0.9786263  -11.867 0.34182
  5.0 315.0 -0.2019596  0.9793938  -11.652 0.34236
  5.0 320.0 -0.1980883  0.9801842  -11.425 0.34273
  5.0 325.0 -0.1940500  0.9809916  -11.189 0.34296
  5.0 330.0 -0.1898638  0.9818104  -10.945 0.34302
  5.0 335.0 -0.1855432  0.9826361  -10.693 0.34294
  5.0 340.0 -0.1811015  0.9834644  -10.434 0.34270
  5.0 345.0 -0.1765510  0.9842915  -10.169 0.34232
  5.0 350.0 -0.1719039  0.9851137   -9.899 0.34180
  5.0 355.0 -0.1671723  0.9859277   -9.623 0.34114
  5.0 360.0 -0.1623694  0.9867300   -9.344 0.34036
  7.0   0.0 -0.1632721  0.9865811   -9.397 0.34820
  7.0   5.0 -0.1570575  0.9875895   -9.036 0.34694
  7.0  10.0 -0.1507320  0.9885747   -8.669 0.34553
  7.0  15.0 -0.1443079  0.9895328   -8.297 0.34399
  7.0  20.0 -0.1378035  0.9904596   -7.921 0.34232
  7.0  25.0 -0.1312441  0.9913501   -7.541 0.34054
  7.0  30.0 -0.1246627  0.9921992   -7.161 0.33866
  7.0  35.0 -0.1180999  0.9930017   -6.782 0.33669
  7.0  40.0 -0.1116050  0.9937526   -6.408 0.33464
  7.0  45.0 -0.1052326  0.9944476   -6.041 0.33253
  7.0  50.0 -0.0990461  0.9950829   -5.684 0.33036
  7.0  55.0 -0.0931140  0.9956555   -5.343 0.32815
  7.0  60.0 -0.0875095  0.9961637   -5.020 0.32590
  7.0  65.0 -0.0823091  0.9966068   -4.721 0.32364
  7.0  70.0 -0.0775908  0.9969853   -4.450 0.32136
  7.0  75.0 -0.0734327  0.9973002   -4.211 0.31910
  7.0  80.0 -0.0699108  0.9975532   -4.009 0.31685
  7.0  85.0 -0.0670978  0.9977464   -3.847 0.31463
  7.0  90.0 -0.0650603  0.9978813   -3.730 0.31245
  7.0  95.0 -0.0638578  0.9979590   -3.661 0.31034
  7.0 100.0 -0.0635406  0.9979793   -3.643 0.30830
  7.0 105.0 -0.0641483  0.9979404   -3.678 0.30635
  7.0 110.0 -0.0657082  0.9978389   -3.768 0.30451
  7.0 115.0 -0.0682341  0.9976693   -3.913 0.30280
  7.0 120.0 -0.0717251  0.9974244   -4.113 0.30122
  7.0 125.0 -0.0761652  0.9970952   -4.368 0.29980
  7.0 130.0 -0.0815224  0.9966715   -4.676 0.29855
  7.0 135.0 -0.0877503  0.9961425   -5.034 0.29748
  7.0 140.0 -0.0947860  0.9954977   -5.439 0.29661
  7.0 145.0 -0.1025531  0.9947275   -5.886 0.29594
  7.0 150.0 -0.1109622  0.9938246   -6.371 0.29549
  7.0 155.0 -0.1199123  0.9927845   -6.887 0.29525
  7.0 160.0 -0.1292936  0.9916064   -7.429 0.29525
  7.0 165.0 -0.1389890  0.9902939   -7.989 0.29547
  7.0 170.0 -0.1488768  0.9888557   -8.562 0.29591
  7.0 175.0 -0.1588336  0.9873054   -9.139 0.29659
  7.0 180.0 -0.1687361  0.9856613   -9.714 0.29750
  7.0 185.0 -0.1784640  0.9839464  -10.280 0.29862
  7.0 190.0 -0.1879027  0.9821876  -10.830 0.29997
  7.0 195.0 -0.1969447  0.9804146  -11.358 0.30152
  7.0 200.0 -0.2054919  0.9786588  -11.858 0.30326
  7.0 205.0 -0.2134575  0.9769524  -12.325 0.30520
  7.0 210.0 -0.2207666  0.9753267  -12.754 0.30730
  7.0 215.0 -0.2273578  0.9738113  -13.142 0.30956
  7.0 220.0 -0.2331832  0.9724328  -13.485 0.31195
  7.0 225.0 -0.2382088  0.9712140  -13.781 0.31446
  7.0 230.0 -0.2424145  0.9701728  -14.029 0.31705
  7.0 235.0 -0.2458004  0.9693205  -14.229 0.31971
  7.0 240.0 -0.2483570  0.9686686  -14.380 0.32241
  7.0 245.0 -0.2501079  0.9682180  -14.484 0.32511
  7.0 250.0 -0.2510793  0.9679665  -14.541 0.32780
  7.0 255.0 -0.2513061  0.9679077  -14.555 0.33045
  7.0 260.0 -0.2508300  0.9680311  -14.527 0.33303
  7.0 265.0 -0.2496984  0.9683236  -14.460 0.33552
  7.0 270.0 -0.2479626  0.9687696  -14.357 0.33789
  7.0 275.0 -0.2456760  0.9693520  -14.222 0.34013
  7.0 280.0 -0.2428933  0.9700530  -14.057 0.34222
  7.0 285.0 -0.2396684  0.9708548  -13.867 0.34413
  7.0 290.0 -0.2360535  0.9717401  -13.654 0.34585
  7.0 295.0 -0.2320980  0.9726924  -13.421 0.34739
  7.0 300.0 -0.2278472  0.9736969  -13.170 0.34871
  7.0 305.0 -0.2233418  0.9747402  -12.905 0.34982
  7.0 310.0 -0.2186172  0.9758107  -12.628 0.35072
  7.0 315.0 -0.2137030  0.9768987  -12.339 0.35140
  7.0 320.0 -0.2086193  0.9779969  -12.041 0.35186
  7.0 325.0 -0.2033921  0.9790974  -11.735 0.35210
  7.0 330.0 -0.1980301  0.9801959  -11.422 0.35213
  7.0 335.0 -0.1925414  0.9812889  -11.101 0.35196
  7.0 340.0 -0.1869301  0.9823732  -10.774 0.35158
  7.0 345.0 -0.1811978  0.9834467  -10.440 0.35100
  7.0 350.0 -0.1753442  0.9845072  -10.099 0.35024
  7.0 355.0 -0.1693687  0.9855528   -9.751 0.34930
  7.0 360.0 -0.1632721  0.9865811   -9.397 0.34820
  9.0   0.0 -0.1648166  0.9863242   -9.487 0.35594
  9.0   5.0 -0.1576139  0.9875008   -9.068 0.35434
  9.0  10.0 -0.1501998  0.9886557   -8.639 0.35257
  9.0  15.0 -0.1425711  0.9897846   -8.197 0.35064
  9.0  20.0 -0.1347351  0.9908816   -7.743 0.34857
  9.0  25.0 -0.1267119  0.9919396   -7.280 0.34637
  9.0  30.0 -0.1185344  0.9929499   -6.808 0.34405
  9.0  35.0 -0.1102498  0.9939039   -6.330 0.34163
  9.0  40.0 -0.1019199  0.9947926   -5.850 0.33911
  9.0  45.0 -0.0936175  0.9956082   -5.372 0.33652
  9.0  50.0 -0.0854305  0.9963441   -4.901 0.33386
  9.0  55.0 -0.0774564  0.9969957   -4.442 0.33116
  9.0  60.0 -0.0698019  0.9975609   -4.003 0.32841
  9.0  65.0 -0.0625802  0.9980399   -3.588 0.32563
  9.0  70.0 -0.0559088  0.9984359   -3.205 0.32283
  9.0  75.0 -0.0499065  0.9987539   -2.861 0.32003
  9.0  80.0 -0.0446907  0.9990009   -2.561 0.31725
  9.0  85.0 -0.0403749  0.9991846   -2.314 0.31448
  9.0  90.0 -0.0370651  0.9993129   -2.124 0.31176
  9.0  95.0 -0.0348581  0.9993923   -1.998 0.30909
  9.0 100.0 -0.0338379  0.9994273   -1.939 0.30651
  9.0 105.0 -0.0340733  0.9994193   -1.953 0.30402
  9.0 110.0 -0.0356159  0.9993656   -2.041 0.30165
  9.0 115.0 -0.0384972  0.9992587   -2.206 0.29943
  9.0 120.0 -0.0427274  0.9990868   -2.449 0.29737
  9.0 125.0 -0.0482933  0.9988332   -2.768 0.29550
  9.0 130.0 -0.0551579  0.9984776   -3.162 0.29385
  9.0 135.0 -0.0632592  0.9979971   -3.627 0.29242
  9.0 140.0 -0.0725126  0.9973675   -4.158 0.29125
  9.0 145.0 -0.0828097  0.9965654   -4.750 0.29034
  9.0 150.0 -0.0940221  0.9955701   -5.395 0.28970
  9.0 155.0 -0.1060033  0.9943658   -6.085 0.28934
  9.0 160.0 -0.1185922  0.9929430   -6.811 0.28927
  9.0 165.0 -0.1316170  0.9913006   -7.563 0.28949
  9.0 170.0 -0.1448988  0.9894465   -8.331 0.29000
  9.0 175.0 -0.1582563  0.9873981   -9.106 0.29080
  9.0 180.0 -0.1715092  0.9851825   -9.876 0.29190
  9.0 185.0 -0.1844825  0.9828358  -10.631 0.29328
  9.0 190.0 -0.1970103  0.9804014  -11.362 0.29494
  9.0 195.0 -0.2089389  0.9779287  -12.060 0.29687
  9.0 200.0 -0.2201296  0.9754706  -12.717 0.29907
  9.0 205.0 -0.2304618  0.9730814  -13.324 0.30152
  9.0 210.0 -0.2398343  0.9708138  -13.877 0.30420
  9.0 215.0 -0.2481672  0.9687172  -14.369 0.30709
  9.0 220.0 -0.2554018  0.9668350  -14.797 0.31017
  9.0 225.0 -0.2615014  0.9652031  -15.159 0.31341
  9.0 230.0 -0.2664502  0.9638487  -15.453 0.31677
  9.0 235.0 -0.2702674  0.9627853  -15.680 0.32022
  9.0 240.0 -0.2729458  0.9620294  -15.840 0.32373
  9.0 245.0 -0.2745384  0.9615761  -15.935 0.32725
  9.0 250.0 -0.2750976  0.9614163  -15.968 0.33074
  9.0 255.0 -0.2746878  0.9615335  -15.943 0.33418
  9.0 260.0 -0.2733822  0.9619055  -15.866 0.33751
  9.0 265.0 -0.2712609  0.9625059  -15.739 0.34072
  9.0 270.0 -0.2684081  0.9633053  -15.570 0.34376
  9.0 275.0 -0.2649102  0.9642731  -15.362 0.34662
  9.0 280.0 -0.2608530  0.9653785  -15.121 0.34926
  9.0 285.0 -0.2563202  0.9665919  -14.852 0.35167
  9.0 290.0 -0.2513907  0.9678857  -14.560 0.35383
  9.0 295.0 -0.2461378  0.9692349  -14.249 0.35572
  9.0 300.0 -0.2406266  0.9706178  -13.924 0.35735
  9.0 305.0 -0.2349137  0.9720162  -13.587 0.35869
  9.0 310.0 -0.2290455  0.9734157  -13.241 0.35975
  9.0 315.0 -0.2230578  0.9748052  -12.889 0.36053
  9.0 320.0 -0.2169673  0.9761789  -12.531 0.36103
  9.0 325.0 -0.2108052  0.9775281  -12.170 0.36125
  9.0 330.0 -0.2045666  0.9788526  -11.804 0.36121
  9.0 335.0 -0.1982465  0.9801522  -11.434 0.36091
  9.0 340.0 -0.1918320  0.9814278  -11.060 0.36037
  9.0 345.0 -0.1853045  0.9826811  -10.679 0.35958
  9.0 350.0 -0.1786416  0.9839142  -10.291 0.35858
  9.0 355.0 -0.1718197  0.9851284   -9.894 0.35736
  9.0 360.0 -0.1648166  0.9863242   -9.487 0.35594
 11.0   0.0 -0.1670408  0.9859500   -9.616 0.36346
 11.0   5.0 -0.1592353  0.9872407   -9.163 0.36155
 11.0  10.0 -0.1510875  0.9885204   -8.690 0.35945
 11.0  15.0 -0.1425700  0.9897847   -8.197 0.35718
 11.0  20.0 -0.1336720  0.9910256   -7.682 0.35474
 11.0  25.0 -0.1244020  0.9922319   -7.146 0.35217
 11.0  30.0 -0.1147896  0.9933898   -6.591 0.34947
 11.0  35.0 -0.1048864  0.9944842   -6.021 0.34666
 11.0  40.0 -0.0947658  0.9954996   -5.438 0.34375
 11.0  45.0 -0.0845233  0.9964215   -4.849 0.34075
 11.0  50.0 -0.0742717  0.9972380   -4.259 0.33768
 11.0  55.0 -0.0641431  0.9979407   -3.678 0.33455
 11.0  60.0 -0.0542829  0.9985256   -3.112 0.33137
 11.0  65.0 -0.0448473  0.9989939   -2.570 0.32815
 11.0  70.0 -0.0359994  0.9993518   -2.063 0.32490
 11.0  75.0 -0.0279055  0.9996106   -1.599 0.32164
 11.0  80.0 -0.0207313  0.9997851   -1.188 0.31837
 11.0  85.0 -0.0146378  0.9998929   -0.839 0.31511
 11.0  90.0 -0.0097774  0.9999522   -0.560 0.31188
 11.0  95.0 -0.0062908  0.9999802   -0.360 0.30869
 11.0 100.0 -0.0043029  0.9999907   -0.247 0.30557
 11.0 105.0 -0.0039192  0.9999923   -0.225 0.30255
 11.0 110.0 -0.0052225  0.9999864   -0.299 0.29965
 11.0 115.0 -0.0082694  0.9999658   -0.474 0.29690
 11.0 120.0 -0.0130871  0.9999144   -0.750 0.29435
 11.0 125.0 -0.0196704  0.9998065   -1.127 0.29202
 11.0 130.0 -0.0279802  0.9996085   -1.603 0.28994
 11.0 135.0 -0.0379420  0.9992799   -2.174 0.28815
 11.0 140.0 -0.0494465  0.9987768   -2.834 0.28666
 11.0 145.0 -0.0623508  0.9980543   -3.575 0.28548
 11.0 150.0 -0.0764817  0.9970710   -4.386 0.28465
 11.0 155.0 -0.0916396  0.9957922   -5.258 0.28415
 11.0 160.0 -0.1076039  0.9941938   -6.177 0.28400
 11.0 165.0 -0.1241387  0.9922649   -7.131 0.28421
 11.0 170.0 -0.1409986  0.9900098   -8.106 0.28476
 11.0 175.0 -0.1579353  0.9874495   -9.087 0.28565
 11.0 180.0 -0.1747030  0.9846212  -10.061 0.28690
 11.0 185.0 -0.1910640  0.9815776  -11.015 0.28849
 11.0 190.0 -0.2067942  0.9783845  -11.935 0.29042
 11.0 195.0 -0.2216873  0.9751178  -12.808 0.29270
 11.0 200.0 -0.2355593  0.9718600  -13.625 0.29530
 11.0 205.0 -0.2482522  0.9686954  -14.374 0.29823
 11.0 210.0 -0.2596367  0.9657064  -15.049 0.30145
 11.0 215.0 -0.2696140  0.9629685  -15.641 0.30496
 11.0 220.0 -0.2781169  0.9605472  -16.148 0.30871
 11.0 225.0 -0.2851197  0.9584919  -16.566 0.31268
 11.0 230.0 -0.2905983  0.9568451  -16.894 0.31681
 11.0 235.0 -0.2945822  0.9556261  -17.132 0.32107
 11.0 240.0 -0.2971178  0.9548408  -17.285 0.32539
 11.0 245.0 -0.2982805  0.9544783  -17.354 0.32973
 11.0 250.0 -0.2981405  0.9545220  -17.346 0.33403
 11.0 255.0 -0.2968079  0.9549372  -17.266 0.33825
 11.0 260.0 -0.2943947  0.9556839  -17.121 0.34234
 11.0 265.0 -0.2910203  0.9567169  -16.919 0.34625
 11.0 270.0 -0.2868085  0.9579879  -16.667 0.34995
 11.0 275.0 -0.2818841  0.9594485  -16.373 0.35339
 11.0 280.0 -0.2763700  0.9610513  -16.044 0.35656
 11.0 285.0 -0.2703843  0.9627525  -15.687 0.35943
 11.0 290.0 -0.2640380  0.9645123  -15.310 0.36198
 11.0 295.0 -0.2574318  0.9662965  -14.918 0.36419
 11.0 300.0 -0.2506546  0.9680766  -14.516 0.36606
 11.0 305.0 -0.2437812  0.9698303  -14.110 0.36758
 11.0 310.0 -0.2368637  0.9715429  -13.702 0.36876
 11.0 315.0 -0.2299570  0.9732008  -13.295 0.36959
 11.0 320.0 -0.2230745  0.9748014  -12.890 0.37008
 11.0 325.0 -0.2162370  0.9763409  -12.488 0.37025
 11.0 330.0 -0.2094274  0.9778242  -12.089 0.37010
 11.0 335.0 -0.2026212  0.9792572  -11.690 0.36965
 11.0 340.0 -0.1957808  0.9806477  -11.290 0.36892
 11.0 345.0 -0.1888582  0.9820044  -10.886 0.36792
 11.0 350.0 -0.1817988  0.9833357  -10.475 0.36666
 11.0 355.0 -0.1745451  0.9846492  -10.052 0.36517
 11.0 360.0 -0.1670408  0.9859500   -9.616 0.36346
 13.0   0.0 -0.1699884  0.9854461   -9.787 0.37063
 13.0   5.0 -0.1619834  0.9867935   -9.322 0.36844
 13.0  10.0 -0.1534743  0.9881526   -8.828 0.36605
 13.0  15.0 -0.1443998  0.9895194   -8.303 0.36349
 13.0  20.0 -0.1347235  0.9908832   -7.743 0.36076
 13.0  25.0 -0.1244370  0.9922275   -7.148 0.35788
 13.0  30.0 -0.1135631  0.9935308   -6.521 0.35486
 13.0  35.0 -0.1021566  0.9947683   -5.863 0.35173
 13.0  40.0 -0.0903042  0.9959142   -5.181 0.34849
 13.0  45.0 -0.0781241  0.9969436   -4.481 0.34515
 13.0  50.0 -0.0657604  0.9978354   -3.771 0.34174
 13.0  55.0 -0.0533838  0.9985741   -3.060 0.33827
 13.0  60.0 -0.0411842  0.9991516   -2.360 0.33474
 13.0  65.0 -0.0293669  0.9995687   -1.683 0.33115
 13.0  70.0 -0.0181466  0.9998353   -1.040 0.32753
 13.0  75.0 -0.0077428  0.9999700   -0.444 0.32388
 13.0  80.0  0.0016254  0.9999987    0.093 0.32019
 13.0  85.0  0.0097443  0.9999525    0.558 0.31649
 13.0  90.0  0.0164100  0.9998653    0.940 0.31280
 13.0  95.0  0.0214328  0.9997703    1.228 0.30912
 13.0 100.0  0.0246415  0.9996964    1.412 0.30548
 13.0 105.0  0.0258874  0.9996649    1.483 0.30193
 13.0 110.0  0.0250495  0.9996862    1.435 0.29849
 13.0 115.0  0.0220390  0.9997571    1.263 0.29521
 13.0 120.0  0.0168044  0.9998588    0.963 0.29215
 13.0 125.0  0.0093360  0.9999564    0.535 0.28933
 13.0 130.0 -0.0003299  0.9999999   -0.019 0.28681
 13.0 135.0 -0.0121085  0.9999267   -0.694 0.28462
 13.0 140.0 -0.0258662  0.9996654   -1.482 0.28280
 13.0 145.0 -0.0414221  0.9991417   -2.374 0.28137
 13.0 150.0 -0.0585526  0.9982843   -3.357 0.28033
 13.0 155.0 -0.0769971  0.9970313   -4.416 0.27970
 13.0 160.0 -0.0964666  0.9953362   -5.536 0.27948
 13.0 165.0 -0.1166520  0.9931728   -6.699 0.27965
 13.0 170.0 -0.1372330  0.9905388   -7.888 0.28022
 13.0 175.0 -0.1578864  0.9874573   -9.084 0.28118
 13.0 180.0 -0.1782937  0.9839773  -10.270 0.28254
 13.0 185.0 -0.1981482  0.9801721  -11.429 0.28429
 13.0 190.0 -0.2171614  0.9761357  -12.542 0.28644
 13.0 195.0 -0.2350688  0.9719787  -13.596 0.28899
 13.0 200.0 -0.2516363  0.9678219  -14.574 0.29194
 13.0 205.0 -0.2666646  0.9637894  -15.466 0.29529
 13.0 210.0 -0.2799938  0.9600018  -16.260 0.29903
 13.0 215.0 -0.2915155  0.9565661  -16.949 0.30312
 13.0 220.0 -0.3011407  0.9535797  -17.526 0.30753
 13.0 225.0 -0.3088438  0.9511128  -17.990 0.31222
 13.0 230.0 -0.3146335  0.9492132  -18.339 0.31713
 13.0 235.0 -0.3185557  0.9479041  -18.576 0.32219
 13.0 240.0 -0.3206883  0.9471848  -18.705 0.32734
 13.0 245.0 -0.3211364  0.9470330  -18.732 0.33251
 13.0 250.0 -0.3200274  0.9474083  -18.665 0.33762
 13.0 255.0 -0.3175107  0.9482547  -18.512 0.34262
 13.0 260.0 -0.3137302  0.9495122  -18.284 0.34745
 13.0 265.0 -0.3088582  0.9511081  -17.990 0.35204
 13.0 270.0 -0.3030631  0.9529705  -17.642 0.35636
 13.0 275.0 -0.2965131  0.9550288  -17.248 0.36036
 13.0 280.0 -0.2893728  0.9572165  -16.820 0.36401
 13.0 285.0 -0.2817998  0.9594732  -16.368 0.36729
 13.0 290.0 -0.2739410  0.9617465  -15.899 0.37017
 13.0 295.0 -0.2659296  0.9639924  -15.422 0.37264
 13.0 300.0 -0.2578744  0.9661784  -14.944 0.37471
 13.0 305.0 -0.2498845  0.9682756  -14.471 0.37635
 13.0 310.0 -0.2420291  0.9702690  -14.006 0.37759
 13.0 315.0 -0.2343584  0.9721503  -13.554 0.37842
 13.0 320.0 -0.2268969  0.9739188  -13.114 0.37886
 13.0 325.0 -0.2196371  0.9755817  -12.688 0.37893
 13.0 330.0 -0.2125673  0.9771464  -12.273 0.37864
 13.0 335.0 -0.2056290  0.9786300  -11.866 0.37801
 13.0 340.0 -0.1987517  0.9800499  -11.464 0.37708
 13.0 345.0 -0.1918489  0.9814245  -11.061 0.37585
 13.0 350.0 -0.1848227  0.9827719  -10.651 0.37435
 13.0 355.0 -0.1775700  0.9841082  -10.228 0.37261
 13.0 360.0 -0.1699884  0.9854461   -9.787 0.37063
 15.0   0.0 -0.1737107  0.9847967  -10.004 0.37731
 15.0   5.0 -0.1659287  0.9861378   -9.551 0.37490
 15.0  10.0 -0.1574470  0.9875274   -9.059 0.37228
 15.0  15.0 -0.1481613  0.9889632   -8.520 0.36949
 15.0  20.0 -0.1380017  0.9904320   -7.932 0.36653
 15.0  25.0 -0.1269381  0.9919106   -7.293 0.36341
 15.0  30.0 -0.1149838  0.9933674   -6.603 0.36016
 15.0  35.0 -0.1021966  0.9947642   -5.866 0.35677
 15.0  40.0 -0.0886782  0.9960603   -5.088 0.35328
 15.0  45.0 -0.0745731  0.9972156   -4.277 0.34969
 15.0  50.0 -0.0600613  0.9981947   -3.443 0.34602
 15.0  55.0 -0.0453582  0.9989708   -2.600 0.34227
 15.0  60.0 -0.0307045  0.9995285   -1.760 0.33847
 15.0  65.0 -0.0163601  0.9998662   -0.937 0.33461
 15.0  70.0 -0.0025974  0.9999966   -0.149 0.33069
 15.0  75.0  0.0103062  0.9999469    0.591 0.32671
 15.0  80.0  0.0220742  0.9997563    1.265 0.32269
 15.0  85.0  0.0324371  0.9994738    1.859 0.31861
 15.0  90.0  0.0411368  0.9991535    2.358 0.31449
 15.0  95.0  0.0479314  0.9988506    2.747 0.31036
 15.0 100.0  0.0525995  0.9986157    3.015 0.30623
 15.0 105.0  0.0549446  0.9984894    3.150 0.30214
 15.0 110.0  0.0548010  0.9984973    3.141 0.29816
 15.0 115.0  0.0520398  0.9986450    2.983 0.29432
 15.0 120.0  0.0465766  0.9989147    2.670 0.29071
 15.0 125.0  0.0383786  0.9992633    2.199 0.28738
 15.0 130.0  0.0274723  0.9996226    1.574 0.28439
 15.0 135.0  0.0139483  0.9999027    0.799 0.28180
 15.0 140.0 -0.0020362  0.9999979   -0.117 0.27964
 15.0 145.0 -0.0202593  0.9997948   -1.161 0.27795
 15.0 150.0 -0.0404402  0.9991820   -2.318 0.27673
 15.0 155.0 -0.0622488  0.9980607   -3.569 0.27597
 15.0 160.0 -0.0853179  0.9963538   -4.894 0.27568
 15.0 165.0 -0.1092563  0.9940136   -6.272 0.27583
 15.0 170.0 -0.1336609  0.9910271   -7.681 0.27641
 15.0 175.0 -0.1581276  0.9874187   -9.098 0.27741
 15.0 180.0 -0.1822603  0.9832503  -10.501 0.27883
 15.0 185.0 -0.2056786  0.9786196  -11.869 0.28068
 15.0 190.0 -0.2280251  0.9736553  -13.181 0.28297
 15.0 195.0 -0.2489723  0.9685106  -14.417 0.28573
 15.0 200.0 -0.2682302  0.9633548  -15.559 0.28897
 15.0 205.0 -0.2855538  0.9583627  -16.592 0.29268
 15.0 210.0 -0.3007587  0.9537003  -17.503 0.29688
 15.0 215.0 -0.3136932  0.9495244  -18.282 0.30152
 15.0 220.0 -0.3242830  0.9459601  -18.922 0.30658
 15.0 225.0 -0.3325048  0.9431016  -19.421 0.31198
 15.0 230.0 -0.3383884  0.9410065  -19.779 0.31767
 15.0 235.0 -0.3420105  0.9396961  -19.999 0.32355
 15.0 240.0 -0.3434882  0.9391570  -20.090 0.32954
 15.0 245.0 -0.3429708  0.9393461  -20.058 0.33554
 15.0 250.0 -0.3406329  0.9401964  -19.915 0.34146
 15.0 255.0 -0.3366678  0.9416235  -19.674 0.34723
 15.0 260.0 -0.3312854  0.9435306  -19.347 0.35277
 15.0 265.0 -0.3246888  0.9458209  -18.947 0.35801
 15.0 270.0 -0.3171020  0.9483914  -18.488 0.36291
 15.0 275.0 -0.3087407  0.9511462  -17.983 0.36742
 15.0 280.0 -0.2998153  0.9539973  -17.447 0.37150
 15.0 285.0 -0.2905267  0.9568669  -16.889 0.37513
 15.0 290.0 -0.2810627  0.9596894  -16.324 0.37829
 15.0 295.0 -0.2715849  0.9624145  -15.759 0.38096
 15.0 300.0 -0.2622553  0.9649985  -15.204 0.38316
 15.0 305.0 -0.2531916  0.9674162  -14.666 0.38486
 15.0 310.0 -0.2444871  0.9696526  -14.152 0.38610
 15.0 315.0 -0.2362024  0.9717039  -13.663 0.38687
 15.0 320.0 -0.2283630  0.9735760  -13.201 0.38721
 15.0 325.0 -0.2209585  0.9752832  -12.765 0.38713
 15.0 330.0 -0.2139359  0.9768477  -12.353 0.38666
 15.0 335.0 -0.2072290  0.9782925  -11.960 0.38584
 15.0 340.0 -0.2007179  0.9796491  -11.579 0.38468
 15.0 345.0 -0.1942670  0.9809487  -11.202 0.38322
 15.0 350.0 -0.1877234  0.9822219  -10.820 0.38150
 15.0 355.0 -0.1809251  0.9834969  -10.424 0.37952
 15.0 360.0 -0.1737107  0.9847967  -10.004 0.37731
