  3.0   0.0  0.4644804  0.8855834   27.677 0.30468
  3.0   5.0  0.4648415  0.8853939   27.700 0.30520
  3.0  10.0  0.4652326  0.8851885   27.725 0.30574
  3.0  15.0  0.4656505  0.8849687   27.752 0.30631
  3.0  20.0  0.4660910  0.8847368   27.781 0.30690
  3.0  25.0  0.4665502  0.8844947   27.811 0.30751
  3.0  30.0  0.4670247  0.8842443   27.841 0.30813
  3.0  35.0  0.4675153  0.8839850   27.873 0.30876
  3.0  40.0  0.4680099  0.8837232   27.905 0.30938
  3.0  45.0  0.4685098  0.8834583   27.938 0.31000
  3.0  50.0  0.4690122  0.8831917   27.970 0.31060
  3.0  55.0  0.4695146  0.8829247   28.003 0.31119
  3.0  60.0  0.4700145  0.8826587   28.035 0.31175
  3.0  65.0  0.4705099  0.8823947   28.067 0.31228
  3.0  70.0  0.4709985  0.8821340   28.099 0.31278
  3.0  75.0  0.4714791  0.8818772   28.130 0.31325
  3.0  80.0  0.4719475  0.8816267   28.161 0.31368
  3.0  85.0  0.4724075  0.8813802   28.191 0.31406
  3.0  90.0  0.4728519  0.8811419   28.220 0.31440
  3.0  95.0  0.4732809  0.8809116   28.247 0.31469
  3.0 100.0  0.4736923  0.8806904   28.274 0.31493
  3.0 105.0  0.4740839  0.8804797   28.300 0.31512
  3.0 110.0  0.4744537  0.8802805   28.324 0.31526
  3.0 115.0  0.4747991  0.8800942   28.346 0.31536
  3.0 120.0  0.4751176  0.8799223   28.367 0.31540
  3.0 125.0  0.4754064  0.8797663   28.386 0.31539
  3.0 130.0  0.4756552  0.8796318   28.402 0.31533
  3.0 135.0  0.4758757  0.8795126   28.416 0.31523
  3.0 140.0  0.4760577  0.8794141   28.428 0.31508
  3.0 145.0  0.4761982  0.8793380   28.437 0.31488
  3.0 150.0  0.4762945  0.8792858   28.444 0.31465
  3.0 155.0  0.4763439  0.8792590   28.447 0.31437
  3.0 160.0  0.4763442  0.8792589   28.447 0.31406
  3.0 165.0  0.4762933  0.8792865   28.444 0.31371
  3.0 170.0  0.4761900  0.8793424   28.437 0.31333
  3.0 175.0  0.4760327  0.8794276   28.427 0.31293
  3.0 180.0  0.4758215  0.8795419   28.413 0.31249
  3.0 185.0  0.4755567  0.8796851   28.396 0.31204
  3.0 190.0  0.4752392  0.8798566   28.375 0.31156
  3.0 195.0  0.4748707  0.8800556   28.351 0.31107
  3.0 200.0  0.4744530  0.8802808   28.324 0.31056
  3.0 205.0  0.4739900  0.8805302   28.294 0.31004
  3.0 210.0  0.4734851  0.8808018   28.261 0.30952
  3.0 215.0  0.4729428  0.8810932   28.225 0.30898
  3.0 220.0  0.4723679  0.8814015   28.188 0.30845
  3.0 225.0  0.4717661  0.8817237   28.149 0.30792
  3.0 230.0  0.4711433  0.8820567   28.109 0.30739
  3.0 235.0  0.4705056  0.8823970   28.067 0.30687
  3.0 240.0  0.4698657  0.8827379   28.026 0.30636
  3.0 245.0  0.4692177  0.8830825   27.984 0.30586
  3.0 250.0  0.4685747  0.8834239   27.942 0.30538
  3.0 255.0  0.4679431  0.8837586   27.901 0.30492
  3.0 260.0  0.4673294  0.8840833   27.861 0.30449
  3.0 265.0  0.4667396  0.8843948   27.823 0.30408
  3.0 270.0  0.4661794  0.8846902   27.787 0.30370
  3.0 275.0  0.4656548  0.8849664   27.753 0.30335
  3.0 280.0  0.4651701  0.8852213   27.721 0.30304
  3.0 285.0  0.4647296  0.8854527   27.693 0.30277
  3.0 290.0  0.4643370  0.8856586   27.667 0.30255
  3.0 295.0  0.4639955  0.8858376   27.645 0.30236
  3.0 300.0  0.4637079  0.8859881   27.627 0.30223
  3.0 305.0  0.4634755  0.8861097   27.612 0.30215
  3.0 310.0  0.4632997  0.8862016   27.600 0.30211
  3.0 315.0  0.4631810  0.8862637   27.593 0.30213
  3.0 320.0  0.4631163  0.8862975   27.588 0.30221
  3.0 325.0  0.4631109  0.8863004   27.588 0.30234
  3.0 330.0  0.4631604  0.8862745   27.591 0.30252
  3.0 335.0  0.4632631  0.8862208   27.598 0.30276
  3.0 340.0  0.4634169  0.8861404   27.608 0.30305
  3.0 345.0  0.4636185  0.8860349   27.621 0.30339
  3.0 350.0  0.4638652  0.8859058   27.637 0.30378
  3.0 355.0  0.4641537  0.8857547   27.655 0.30421
  3.0 360.0  0.4644804  0.8855834   27.677 0.30468
  5.0   0.0  0.4598435  0.8880000   27.377 0.30180
  5.0   5.0  0.4605073  0.8876559   27.420 0.30268
  5.0  10.0  0.4612129  0.8872895   27.465 0.30362
  5.0  15.0  0.4619518  0.8869050   27.513 0.30462
  5.0  20.0  0.4627164  0.8865064   27.563 0.30565
  5.0  25.0  0.4634990  0.8860974   27.613 0.30672
  5.0  30.0  0.4642930  0.8856817   27.664 0.30780
  5.0  35.0  0.4650922  0.8852623   27.716 0.30889
  5.0  40.0  0.4659051  0.8848347   27.769 0.30997
  5.0  45.0  0.4666999  0.8844157   27.820 0.31104
  5.0  50.0  0.4674865  0.8840002   27.871 0.31207
  5.0  55.0  0.4682623  0.8835895   27.922 0.31307
  5.0  60.0  0.4690254  0.8831847   27.971 0.31402
  5.0  65.0  0.4697745  0.8827864   28.020 0.31492
  5.0  70.0  0.4705090  0.8823952   28.067 0.31575
  5.0  75.0  0.4712287  0.8820110   28.114 0.31651
  5.0  80.0  0.4719335  0.8816341   28.160 0.31720
  5.0  85.0  0.4726237  0.8812644   28.205 0.31781
  5.0  90.0  0.4732987  0.8809020   28.249 0.31833
  5.0  95.0  0.4739584  0.8805473   28.292 0.31878
  5.0 100.0  0.4746014  0.8802008   28.333 0.31913
  5.0 105.0  0.4752263  0.8798636   28.374 0.31940
  5.0 110.0  0.4758303  0.8795371   28.413 0.31958
  5.0 115.0  0.4764102  0.8792232   28.451 0.31968
  5.0 120.0  0.4769616  0.8789241   28.487 0.31969
  5.0 125.0  0.4774794  0.8786429   28.521 0.31963
  5.0 130.0  0.4779493  0.8783874   28.552 0.31948
  5.0 135.0  0.4783798  0.8781530   28.580 0.31926
  5.0 140.0  0.4787503  0.8779511   28.604 0.31897
  5.0 145.0  0.4790681  0.8777778   28.625 0.31861
  5.0 150.0  0.4793174  0.8776416   28.641 0.31819
  5.0 155.0  0.4794909  0.8775469   28.652 0.31770
  5.0 160.0  0.4795814  0.8774974   28.658 0.31717
  5.0 165.0  0.4795825  0.8774968   28.658 0.31658
  5.0 170.0  0.4794887  0.8775480   28.652 0.31595
  5.0 175.0  0.4792959  0.8776534   28.639 0.31528
  5.0 180.0  0.4790005  0.8778146   28.620 0.31458
  5.0 185.0  0.4786015  0.8780322   28.594 0.31385
  5.0 190.0  0.4780988  0.8783061   28.561 0.31309
  5.0 195.0  0.4774944  0.8786348   28.522 0.31231
  5.0 200.0  0.4767919  0.8790162   28.476 0.31151
  5.0 205.0  0.4759967  0.8794471   28.424 0.31069
  5.0 210.0  0.4751159  0.8799232   28.367 0.30987
  5.0 215.0  0.4741581  0.8804397   28.305 0.30904
  5.0 220.0  0.4731336  0.8809907   28.238 0.30821
  5.0 225.0  0.4720535  0.8815699   28.168 0.30738
  5.0 230.0  0.4709379  0.8821664   28.095 0.30655
  5.0 235.0  0.4697855  0.8827806   28.020 0.30574
  5.0 240.0  0.4686225  0.8833985   27.945 0.30493
  5.0 245.0  0.4674487  0.8840202   27.869 0.30414
  5.0 250.0  0.4662857  0.8846342   27.793 0.30337
  5.0 255.0  0.4651468  0.8852335   27.720 0.30262
  5.0 260.0  0.4640449  0.8858117   27.648 0.30191
  5.0 265.0  0.4629919  0.8863625   27.580 0.30123
  5.0 270.0  0.4619992  0.8868803   27.516 0.30059
  5.0 275.0  0.4610767  0.8873603   27.457 0.30000
  5.0 280.0  0.4602335  0.8877979   27.402 0.29946
  5.0 285.0  0.4594770  0.8881896   27.353 0.29898
  5.0 290.0  0.4588141  0.8885323   27.311 0.29857
  5.0 295.0  0.4582494  0.8888237   27.274 0.29822
  5.0 300.0  0.4577866  0.8890621   27.244 0.29795
  5.0 305.0  0.4574282  0.8892466   27.221 0.29776
  5.0 310.0  0.4571752  0.8893767   27.205 0.29766
  5.0 315.0  0.4570274  0.8894526   27.195 0.29765
  5.0 320.0  0.4569738  0.8894802   27.192 0.29773
  5.0 325.0  0.4570310  0.8894507   27.196 0.29791
  5.0 330.0  0.4571858  0.8893712   27.206 0.29819
  5.0 335.0  0.4574335  0.8892439   27.222 0.29856
  5.0 340.0  0.4577684  0.8890715   27.243 0.29903
  5.0 345.0  0.4581841  0.8888573   27.270 0.29959
  5.0 350.0  0.4586739  0.8886047   27.302 0.30025
  5.0 355.0  0.4592350  0.8883148   27.338 0.30098
  5.0 360.0  0.4598435  0.8880000   27.377 0.30180
  7.0   0.0  0.4546717  0.8906591   27.044 0.29888
  7.0   5.0  0.4556924  0.8901373   27.109 0.30016
  7.0  10.0  0.4567612  0.8895894   27.178 0.30154
  7.0  15.0  0.4578639  0.8890223   27.249 0.30299
  7.0  20.0  0.4589871  0.8884430   27.322 0.30451
  7.0  25.0  0.4601183  0.8878576   27.395 0.30607
  7.0  30.0  0.4612550  0.8872676   27.468 0.30765
  7.0  35.0  0.4623731  0.8866854   27.540 0.30923
  7.0  40.0  0.4634712  0.8861120   27.611 0.31080
  7.0  45.0  0.4645434  0.8855504   27.681 0.31234
  7.0  50.0  0.4655857  0.8850028   27.748 0.31383
  7.0  55.0  0.4665964  0.8844703   27.814 0.31525
  7.0  60.0  0.4675813  0.8839501   27.877 0.31659
  7.0  65.0  0.4685282  0.8834485   27.939 0.31784
  7.0  70.0  0.4694481  0.8829601   27.998 0.31899
  7.0  75.0  0.4703449  0.8824827   28.057 0.32002
  7.0  80.0  0.4712230  0.8820141   28.114 0.32094
  7.0  85.0  0.4720868  0.8815521   28.170 0.32174
  7.0  90.0  0.4729405  0.8810943   28.225 0.32242
  7.0  95.0  0.4737875  0.8806392   28.280 0.32297
  7.0 100.0  0.4746294  0.8801857   28.335 0.32339
  7.0 105.0  0.4754668  0.8797337   28.390 0.32369
  7.0 110.0  0.4762980  0.8792839   28.444 0.32387
  7.0 115.0  0.4771123  0.8788423   28.497 0.32393
  7.0 120.0  0.4779153  0.8784059   28.549 0.32387
  7.0 125.0  0.4786941  0.8779817   28.600 0.32371
  7.0 130.0  0.4794388  0.8775753   28.649 0.32343
  7.0 135.0  0.4801373  0.8771934   28.694 0.32306
  7.0 140.0  0.4807763  0.8768433   28.736 0.32259
  7.0 145.0  0.4813414  0.8765332   28.773 0.32203
  7.0 150.0  0.4818175  0.8762716   28.804 0.32140
  7.0 155.0  0.4821840  0.8760700   28.828 0.32069
  7.0 160.0  0.4824391  0.8759295   28.845 0.31991
  7.0 165.0  0.4825614  0.8758621   28.853 0.31908
  7.0 170.0  0.4825387  0.8758747   28.851 0.31820
  7.0 175.0  0.4823611  0.8759725   28.840 0.31727
  7.0 180.0  0.4820207  0.8761598   28.817 0.31630
  7.0 185.0  0.4815123  0.8764394   28.784 0.31531
  7.0 190.0  0.4808345  0.8768113   28.740 0.31429
  7.0 195.0  0.4799894  0.8772743   28.685 0.31325
  7.0 200.0  0.4789815  0.8778250   28.619 0.31219
  7.0 205.0  0.4778193  0.8784581   28.543 0.31113
  7.0 210.0  0.4765144  0.8791667   28.458 0.31005
  7.0 215.0  0.4750903  0.8799370   28.365 0.30898
  7.0 220.0  0.4735484  0.8807678   28.265 0.30790
  7.0 225.0  0.4719150  0.8816441   28.159 0.30682
  7.0 230.0  0.4702112  0.8825539   28.048 0.30574
  7.0 235.0  0.4684594  0.8834850   27.934 0.30468
  7.0 240.0  0.4666827  0.8844248   27.819 0.30362
  7.0 245.0  0.4649043  0.8853609   27.704 0.30258
  7.0 250.0  0.4631530  0.8862783   27.591 0.30156
  7.0 255.0  0.4614370  0.8871730   27.480 0.30056
  7.0 260.0  0.4597854  0.8880301   27.373 0.29959
  7.0 265.0  0.4582173  0.8888402   27.272 0.29866
  7.0 270.0  0.4567500  0.8895951   27.178 0.29777
  7.0 275.0  0.4553987  0.8902876   27.091 0.29693
  7.0 280.0  0.4541764  0.8909118   27.012 0.29615
  7.0 285.0  0.4530938  0.8914629   26.942 0.29545
  7.0 290.0  0.4521593  0.8919372   26.882 0.29482
  7.0 295.0  0.4513792  0.8923323   26.832 0.29429
  7.0 300.0  0.4507576  0.8926464   26.792 0.29385
  7.0 305.0  0.4502969  0.8928789   26.763 0.29353
  7.0 310.0  0.4499971  0.8930300   26.743 0.29332
  7.0 315.0  0.4498475  0.8931054   26.734 0.29325
  7.0 320.0  0.4498612  0.8930985   26.735 0.29330
  7.0 325.0  0.4500193  0.8930188   26.745 0.29350
  7.0 330.0  0.4503301  0.8928621   26.765 0.29384
  7.0 335.0  0.4507769  0.8926366   26.794 0.29433
  7.0 340.0  0.4513501  0.8923469   26.830 0.29497
  7.0 345.0  0.4520388  0.8919983   26.875 0.29574
  7.0 350.0  0.4528307  0.8915965   26.925 0.29666
  7.0 355.0  0.4537129  0.8911479   26.982 0.29771
  7.0 360.0  0.4546717  0.8906591   27.044 0.29888
  9.0   0.0  0.4489183  0.8935728   26.674 0.29602
  9.0   5.0  0.4503514  0.8928514   26.766 0.29772
  9.0  10.0  0.4518359  0.8921011   26.862 0.29955
  9.0  15.0  0.4533501  0.8913325   26.959 0.30150
  9.0  20.0  0.4548731  0.8905563   27.057 0.30353
  9.0  25.0  0.4563955  0.8897770   27.155 0.30562
  9.0  30.0  0.4578846  0.8890116   27.251 0.30773
  9.0  35.0  0.4593328  0.8882642   27.344 0.30985
  9.0  40.0  0.4607292  0.8875408   27.434 0.31193
  9.0  45.0  0.4620662  0.8868454   27.521 0.31396
  9.0  50.0  0.4633401  0.8861806   27.603 0.31591
  9.0  55.0  0.4645505  0.8855466   27.681 0.31776
  9.0  60.0  0.4657008  0.8849422   27.756 0.31948
  9.0  65.0  0.4667971  0.8843645   27.827 0.32107
  9.0  70.0  0.4678529  0.8838064   27.895 0.32250
  9.0  75.0  0.4688670  0.8832688   27.961 0.32378
  9.0  80.0  0.4698588  0.8827416   28.025 0.32490
  9.0  85.0  0.4708399  0.8822187   28.089 0.32584
  9.0  90.0  0.4718222  0.8816937   28.153 0.32662
  9.0  95.0  0.4728149  0.8811618   28.217 0.32724
  9.0 100.0  0.4738254  0.8806188   28.283 0.32768
  9.0 105.0  0.4748579  0.8800625   28.350 0.32797
  9.0 110.0  0.4759059  0.8794962   28.418 0.32810
  9.0 115.0  0.4769769  0.8789158   28.488 0.32808
  9.0 120.0  0.4780591  0.8783277   28.559 0.32791
  9.0 125.0  0.4791407  0.8777381   28.629 0.32760
  9.0 130.0  0.4802061  0.8771557   28.699 0.32716
  9.0 135.0  0.4812361  0.8765910   28.766 0.32660
  9.0 140.0  0.4822088  0.8760563   28.830 0.32592
  9.0 145.0  0.4830999  0.8755652   28.888 0.32514
  9.0 150.0  0.4838838  0.8751323   28.939 0.32426
  9.0 155.0  0.4845346  0.8747721   28.982 0.32330
  9.0 160.0  0.4850211  0.8745025   29.014 0.32226
  9.0 165.0  0.4853331  0.8743293   29.034 0.32116
  9.0 170.0  0.4854404  0.8742698   29.041 0.32001
  9.0 175.0  0.4853248  0.8743339   29.034 0.31882
  9.0 180.0  0.4849711  0.8745302   29.011 0.31760
  9.0 185.0  0.4843706  0.8748629   28.971 0.31636
  9.0 190.0  0.4835185  0.8753341   28.915 0.31509
  9.0 195.0  0.4824158  0.8759423   28.843 0.31382
  9.0 200.0  0.4810692  0.8766826   28.755 0.31255
  9.0 205.0  0.4794995  0.8775422   28.653 0.31127
  9.0 210.0  0.4777104  0.8785174   28.536 0.30999
  9.0 215.0  0.4757300  0.8795914   28.407 0.30871
  9.0 220.0  0.4735851  0.8807481   28.267 0.30744
  9.0 225.0  0.4713061  0.8819697   28.119 0.30617
  9.0 230.0  0.4689260  0.8832374   27.965 0.30491
  9.0 235.0  0.4664798  0.8845318   27.806 0.30365
  9.0 240.0  0.4640032  0.8858335   27.646 0.30240
  9.0 245.0  0.4615317  0.8871237   27.486 0.30116
  9.0 250.0  0.4590998  0.8883847   27.329 0.29993
  9.0 255.0  0.4567461  0.8895971   27.177 0.29872
  9.0 260.0  0.4544864  0.8907537   27.032 0.29753
  9.0 265.0  0.4523569  0.8918370   26.895 0.29637
  9.0 270.0  0.4503812  0.8928364   26.768 0.29525
  9.0 275.0  0.4485790  0.8937432   26.653 0.29419
  9.0 280.0  0.4469667  0.8945506   26.549 0.29318
  9.0 285.0  0.4455569  0.8952536   26.459 0.29225
  9.0 290.0  0.4443588  0.8958489   26.382 0.29140
  9.0 295.0  0.4433787  0.8963344   26.320 0.29066
  9.0 300.0  0.4426199  0.8967093   26.271 0.29003
  9.0 305.0  0.4420740  0.8969786   26.236 0.28954
  9.0 310.0  0.4417552  0.8971356   26.216 0.28920
  9.0 315.0  0.4416533  0.8971858   26.209 0.28902
  9.0 320.0  0.4417627  0.8971319   26.216 0.28902
  9.0 325.0  0.4420760  0.8969776   26.236 0.28921
  9.0 330.0  0.4425759  0.8967310   26.268 0.28958
  9.0 335.0  0.4432686  0.8963888   26.313 0.29016
  9.0 340.0  0.4441299  0.8959624   26.368 0.29095
  9.0 345.0  0.4451441  0.8954590   26.433 0.29193
  9.0 350.0  0.4462933  0.8948868   26.506 0.29311
  9.0 355.0  0.4475583  0.8942548   26.587 0.29448
  9.0 360.0  0.4489183  0.8935728   26.674 0.29602
 11.0   0.0  0.4425527  0.8967425   26.267 0.29328
 11.0   5.0  0.4444523  0.8958025   26.388 0.29541
 11.0  10.0  0.4464060  0.8948305   26.513 0.29773
 11.0  15.0  0.4483821  0.8938420   26.640 0.30019
 11.0  20.0  0.4503596  0.8928473   26.767 0.30277
 11.0  25.0  0.4522963  0.8918677   26.891 0.30542
 11.0  30.0  0.4541734  0.8909133   27.012 0.30811
 11.0  35.0  0.4559705  0.8899949   27.127 0.31078
 11.0  40.0  0.4576723  0.8891209   27.237 0.31341
 11.0  45.0  0.4592692  0.8882971   27.340 0.31594
 11.0  50.0  0.4607573  0.8875262   27.436 0.31836
 11.0  55.0  0.4621388  0.8868076   27.525 0.32062
 11.0  60.0  0.4634214  0.8861380   27.608 0.32272
 11.0  65.0  0.4646178  0.8855113   27.685 0.32461
 11.0  70.0  0.4657450  0.8849190   27.758 0.32631
 11.0  75.0  0.4668273  0.8843485   27.829 0.32779
 11.0  80.0  0.4678757  0.8837943   27.896 0.32905
 11.0  85.0  0.4689202  0.8832405   27.964 0.33010
 11.0  90.0  0.4699835  0.8826752   28.033 0.33094
 11.0  95.0  0.4710836  0.8820886   28.105 0.33156
 11.0 100.0  0.4722360  0.8814721   28.180 0.33198
 11.0 105.0  0.4734509  0.8808202   28.259 0.33221
 11.0 110.0  0.4747225  0.8801355   28.341 0.33225
 11.0 115.0  0.4760631  0.8794111   28.429 0.33210
 11.0 120.0  0.4774574  0.8786549   28.519 0.33178
 11.0 125.0  0.4788891  0.8778754   28.613 0.33130
 11.0 130.0  0.4803352  0.8770850   28.707 0.33066
 11.0 135.0  0.4817670  0.8762993   28.801 0.32987
 11.0 140.0  0.4831512  0.8755369   28.891 0.32894
 11.0 145.0  0.4844506  0.8748186   28.976 0.32790
 11.0 150.0  0.4856258  0.8741668   29.053 0.32674
 11.0 155.0  0.4866367  0.8736044   29.120 0.32550
 11.0 160.0  0.4874437  0.8731544   29.173 0.32417
 11.0 165.0  0.4880049  0.8728409   29.210 0.32279
 11.0 170.0  0.4882981  0.8726769   29.229 0.32136
 11.0 175.0  0.4882861  0.8726836   29.228 0.31989
 11.0 180.0  0.4879459  0.8728739   29.206 0.31841
 11.0 185.0  0.4872614  0.8732562   29.161 0.31692
 11.0 190.0  0.4862245  0.8738339   29.093 0.31543
 11.0 195.0  0.4848356  0.8746053   29.002 0.31396
 11.0 200.0  0.4831120  0.8755585   28.889 0.31249
 11.0 205.0  0.4810581  0.8766887   28.755 0.31104
 11.0 210.0  0.4787043  0.8779762   28.601 0.30960
 11.0 215.0  0.4760837  0.8794000   28.430 0.30818
 11.0 220.0  0.4732355  0.8809359   28.245 0.30678
 11.0 225.0  0.4702048  0.8825574   28.048 0.30538
 11.0 230.0  0.4670402  0.8842361   27.842 0.30399
 11.0 235.0  0.4637929  0.8859436   27.632 0.30260
 11.0 240.0  0.4605150  0.8876519   27.420 0.30122
 11.0 245.0  0.4572576  0.8893343   27.210 0.29984
 11.0 250.0  0.4540697  0.8909662   27.005 0.29847
 11.0 255.0  0.4509966  0.8925257   26.808 0.29710
 11.0 260.0  0.4480835  0.8939917   26.621 0.29574
 11.0 265.0  0.4453543  0.8953544   26.446 0.29440
 11.0 270.0  0.4428467  0.8965974   26.286 0.29309
 11.0 275.0  0.4405767  0.8977150   26.141 0.29182
 11.0 280.0  0.4385845  0.8986900   26.014 0.29060
 11.0 285.0  0.4368602  0.8995294   25.904 0.28944
 11.0 290.0  0.4354192  0.9002278   25.812 0.28838
 11.0 295.0  0.4342652  0.9007851   25.739 0.28742
 11.0 300.0  0.4333891  0.9012069   25.683 0.28659
 11.0 305.0  0.4328046  0.9014878   25.646 0.28592
 11.0 310.0  0.4325009  0.9016335   25.626 0.28541
 11.0 315.0  0.4324721  0.9016473   25.625 0.28510
 11.0 320.0  0.4327103  0.9015330   25.640 0.28500
 11.0 325.0  0.4332059  0.9012950   25.671 0.28514
 11.0 330.0  0.4339471  0.9009384   25.718 0.28552
 11.0 335.0  0.4349121  0.9004729   25.780 0.28616
 11.0 340.0  0.4361019  0.8998973   25.855 0.28707
 11.0 345.0  0.4374854  0.8992255   25.944 0.28824
 11.0 350.0  0.4390395  0.8984677   26.043 0.28968
 11.0 355.0  0.4407382  0.8976357   26.151 0.29136
 11.0 360.0  0.4425527  0.8967425   26.267 0.29328
 13.0   0.0  0.4355631  0.9001582   25.821 0.29073
 13.0   5.0  0.4379790  0.8989852   25.975 0.29331
 13.0  10.0  0.4404527  0.8977758   26.133 0.29612
 13.0  15.0  0.4429407  0.8965509   26.292 0.29913
 13.0  20.0  0.4454128  0.8953253   26.450 0.30229
 13.0  25.0  0.4478114  0.8941280   26.603 0.30554
 13.0  30.0  0.4501093  0.8929735   26.751 0.30882
 13.0  35.0  0.4522781  0.8918769   26.890 0.31208
 13.0  40.0  0.4542971  0.8908503   27.020 0.31527
 13.0  45.0  0.4561534  0.8899012   27.139 0.31832
 13.0  50.0  0.4578433  0.8890329   27.248 0.32121
 13.0  55.0  0.4593716  0.8882442   27.347 0.32389
 13.0  60.0  0.4607517  0.8875291   27.436 0.32632
 13.0  65.0  0.4620047  0.8868775   27.517 0.32850
 13.0  70.0  0.4631580  0.8862757   27.591 0.33041
 13.0  75.0  0.4642506  0.8857039   27.662 0.33205
 13.0  80.0  0.4653016  0.8851522   27.730 0.33341
 13.0  85.0  0.4663592  0.8845954   27.798 0.33450
 13.0  90.0  0.4674589  0.8840148   27.869 0.33534
 13.0  95.0  0.4686323  0.8833933   27.946 0.33592
 13.0 100.0  0.4699052  0.8827169   28.028 0.33627
 13.0 105.0  0.4712881  0.8819793   28.118 0.33640
 13.0 110.0  0.4727998  0.8811699   28.216 0.33630
 13.0 115.0  0.4744354  0.8802903   28.323 0.33600
 13.0 120.0  0.4761830  0.8793462   28.436 0.33549
 13.0 125.0  0.4780202  0.8783488   28.556 0.33480
 13.0 130.0  0.4799149  0.8773150   28.680 0.33392
 13.0 135.0  0.4818261  0.8762668   28.805 0.33287
 13.0 140.0  0.4837059  0.8752306   28.928 0.33166
 13.0 145.0  0.4855008  0.8742362   29.045 0.33031
 13.0 150.0  0.4871542  0.8733159   29.154 0.32884
 13.0 155.0  0.4886083  0.8725032   29.249 0.32727
 13.0 160.0  0.4898061  0.8718314   29.328 0.32563
 13.0 165.0  0.4906873  0.8713357   29.386 0.32392
 13.0 170.0  0.4912189  0.8710361   29.421 0.32218
 13.0 175.0  0.4913474  0.8709637   29.429 0.32043
 13.0 180.0  0.4910391  0.8711375   29.409 0.31868
 13.0 185.0  0.4902702  0.8715705   29.358 0.31695
 13.0 190.0  0.4890280  0.8722681   29.277 0.31524
 13.0 195.0  0.4873118  0.8732280   29.164 0.31358
 13.0 200.0  0.4851455  0.8744334   29.022 0.31195
 13.0 205.0  0.4825345  0.8758770   28.851 0.31037
 13.0 210.0  0.4795215  0.8775301   28.654 0.30883
 13.0 215.0  0.4761529  0.8793625   28.434 0.30732
 13.0 220.0  0.4724847  0.8813389   28.196 0.30584
 13.0 225.0  0.4685803  0.8834209   27.942 0.30438
 13.0 230.0  0.4645086  0.8855686   27.678 0.30294
 13.0 235.0  0.4603416  0.8877419   27.409 0.30150
 13.0 240.0  0.4561521  0.8899018   27.139 0.30006
 13.0 245.0  0.4520106  0.8920126   26.873 0.29861
 13.0 250.0  0.4479838  0.8940417   26.614 0.29716
 13.0 255.0  0.4441320  0.8959614   26.368 0.29570
 13.0 260.0  0.4405134  0.8977461   26.137 0.29424
 13.0 265.0  0.4371572  0.8993851   25.923 0.29277
 13.0 270.0  0.4341086  0.9008605   25.729 0.29131
 13.0 275.0  0.4313927  0.9021643   25.556 0.28988
 13.0 280.0  0.4290262  0.9032920   25.406 0.28847
 13.0 285.0  0.4270184  0.9042429   25.278 0.28713
 13.0 290.0  0.4253720  0.9050186   25.174 0.28585
 13.0 295.0  0.4240765  0.9056264   25.092 0.28468
 13.0 300.0  0.4231400  0.9060643   25.033 0.28364
 13.0 305.0  0.4225501  0.9063396   24.996 0.28276
 13.0 310.0  0.4222982  0.9064570   24.980 0.28207
 13.0 315.0  0.4223751  0.9064212   24.985 0.28160
 13.0 320.0  0.4227710  0.9062366   25.010 0.28137
 13.0 325.0  0.4234751  0.9059077   25.054 0.28142
 13.0 330.0  0.4244750  0.9054397   25.117 0.28177
 13.0 335.0  0.4257556  0.9048382   25.199 0.28244
 13.0 340.0  0.4272922  0.9041136   25.296 0.28344
 13.0 345.0  0.4290774  0.9032677   25.409 0.28478
 13.0 350.0  0.4310733  0.9023169   25.536 0.28644
 13.0 355.0  0.4332477  0.9012749   25.674 0.28844
 13.0 360.0  0.4355631  0.9001582   25.821 0.29073
 15.0   0.0  0.4279596  0.9037979   25.338 0.28845
 15.0   5.0  0.4309329  0.9023840   25.527 0.29147
 15.0  10.0  0.4339713  0.9009267   25.720 0.29479
 15.0  15.0  0.4370261  0.8994488   25.914 0.29837
 15.0  20.0  0.4400280  0.8979840   26.106 0.30213
 15.0  25.0  0.4429285  0.8965569   26.291 0.30600
 15.0  30.0  0.4456805  0.8951921   26.467 0.30992
 15.0  35.0  0.4482456  0.8939104   26.631 0.31379
 15.0  40.0  0.4505957  0.8927281   26.782 0.31755
 15.0  45.0  0.4527142  0.8916557   26.918 0.32114
 15.0  50.0  0.4545967  0.8906974   27.039 0.32450
 15.0  55.0  0.4562513  0.8898510   27.145 0.32757
 15.0  60.0  0.4576978  0.8891078   27.239 0.33032
 15.0  65.0  0.4589674  0.8884531   27.320 0.33274
 15.0  70.0  0.4601004  0.8878669   27.394 0.33482
 15.0  75.0  0.4611447  0.8873250   27.461 0.33655
 15.0  80.0  0.4621569  0.8867982   27.526 0.33795
 15.0  85.0  0.4631804  0.8862640   27.593 0.33903
 15.0  90.0  0.4642773  0.8856899   27.663 0.33981
 15.0  95.0  0.4654952  0.8850504   27.742 0.34031
 15.0 100.0  0.4668735  0.8843241   27.832 0.34054
 15.0 105.0  0.4684308  0.8835002   27.932 0.34052
 15.0 110.0  0.4701942  0.8825630   28.047 0.34026
 15.0 115.0  0.4721594  0.8815132   28.175 0.33977
 15.0 120.0  0.4743111  0.8803573   28.315 0.33904
 15.0 125.0  0.4766190  0.8791099   28.465 0.33810
 15.0 130.0  0.4790391  0.8777936   28.623 0.33695
 15.0 135.0  0.4815149  0.8764379   28.784 0.33560
 15.0 140.0  0.4839807  0.8750787   28.946 0.33407
 15.0 145.0  0.4863630  0.8737568   29.102 0.33238
 15.0 150.0  0.4885845  0.8725166   29.248 0.33055
 15.0 155.0  0.4905659  0.8714041   29.378 0.32862
 15.0 160.0  0.4922296  0.8704654   29.487 0.32660
 15.0 165.0  0.4935018  0.8697448   29.571 0.32454
 15.0 170.0  0.4943123  0.8692844   29.624 0.32246
 15.0 175.0  0.4946123  0.8691137   29.644 0.32039
 15.0 180.0  0.4943474  0.8692644   29.627 0.31835
 15.0 185.0  0.4934846  0.8697545   29.570 0.31637
 15.0 190.0  0.4920058  0.8705919   29.473 0.31446
 15.0 195.0  0.4899188  0.8717681   29.335 0.31263
 15.0 200.0  0.4872259  0.8732760   29.158 0.31087
 15.0 205.0  0.4839636  0.8750881   28.945 0.30920
 15.0 210.0  0.4801802  0.8771699   28.697 0.30760
 15.0 215.0  0.4759390  0.8794783   28.421 0.30606
 15.0 220.0  0.4713165  0.8819642   28.120 0.30458
 15.0 225.0  0.4663998  0.8845741   27.801 0.30313
 15.0 230.0  0.4612834  0.8872529   27.470 0.30170
 15.0 235.0  0.4560656  0.8899462   27.134 0.30029
 15.0 240.0  0.4508450  0.8926023   26.798 0.29887
 15.0 245.0  0.4457164  0.8951742   26.469 0.29744
 15.0 250.0  0.4407677  0.8976212   26.153 0.29599
 15.0 255.0  0.4360768  0.8999095   25.854 0.29452
 15.0 260.0  0.4317162  0.9020095   25.577 0.29302
 15.0 265.0  0.4277202  0.9039112   25.323 0.29150
 15.0 270.0  0.4241397  0.9055968   25.096 0.28996
 15.0 275.0  0.4209986  0.9070613   24.898 0.28842
 15.0 280.0  0.4183088  0.9083049   24.728 0.28688
 15.0 285.0  0.4160714  0.9093320   24.587 0.28538
 15.0 290.0  0.4142794  0.9101498   24.474 0.28392
 15.0 295.0  0.4129097  0.9107720   24.388 0.28255
 15.0 300.0  0.4119642  0.9112000   24.328 0.28130
 15.0 305.0  0.4114203  0.9114457   24.294 0.28021
 15.0 310.0  0.4112633  0.9115166   24.284 0.27931
 15.0 315.0  0.4114799  0.9114188   24.298 0.27864
 15.0 320.0  0.4120587  0.9111573   24.334 0.27826
 15.0 325.0  0.4129895  0.9107358   24.393 0.27818
 15.0 330.0  0.4142614  0.9101579   24.473 0.27846
 15.0 335.0  0.4158617  0.9094279   24.574 0.27911
 15.0 340.0  0.4177654  0.9085550   24.694 0.28016
 15.0 345.0  0.4199687  0.9075386   24.833 0.28163
 15.0 350.0  0.4224288  0.9063961   24.988 0.28350
 15.0 355.0  0.4251077  0.9051428   25.157 0.28579
 15.0 360.0  0.4279596  0.9037979   25.338 0.28845
