  3.0   0.0  0.7038419  0.7103567   44.736 0.27947
  3.0   5.0  0.7055739  0.7086364   44.876 0.28040
  3.0  10.0  0.7073947  0.7068187   45.023 0.28123
  3.0  15.0  0.7092921  0.7049147   45.177 0.28196
  3.0  20.0  0.7112545  0.7029346   45.337 0.28258
  3.0  25.0  0.7132662  0.7008932   45.501 0.28310
  3.0  30.0  0.7153188  0.6987983   45.669 0.28349
  3.0  35.0  0.7173997  0.6966618   45.840 0.28377
  3.0  40.0  0.7194975  0.6944951   46.013 0.28393
  3.0  45.0  0.7216022  0.6923079   46.187 0.28397
  3.0  50.0  0.7237053  0.6901091   46.361 0.28388
  3.0  55.0  0.7257921  0.6879141   46.535 0.28367
  3.0  60.0  0.7278541  0.6857320   46.707 0.28334
  3.0  65.0  0.7298819  0.6835733   46.876 0.28290
  3.0  70.0  0.7318644  0.6814503   47.043 0.28234
  3.0  75.0  0.7337909  0.6793754   47.205 0.28167
  3.0  80.0  0.7356505  0.6773613   47.362 0.28090
  3.0  85.0  0.7374320  0.6754213   47.513 0.28002
  3.0  90.0  0.7391247  0.6735686   47.657 0.27906
  3.0  95.0  0.7407162  0.6718181   47.792 0.27801
  3.0 100.0  0.7421950  0.6701840   47.919 0.27689
  3.0 105.0  0.7435494  0.6686810   48.035 0.27570
  3.0 110.0  0.7447627  0.6673294   48.139 0.27445
  3.0 115.0  0.7458327  0.6661333   48.231 0.27315
  3.0 120.0  0.7467437  0.6651119   48.309 0.27182
  3.0 125.0  0.7474851  0.6642786   48.373 0.27046
  3.0 130.0  0.7480470  0.6636458   48.421 0.26908
  3.0 135.0  0.7484203  0.6632248   48.454 0.26769
  3.0 140.0  0.7485971  0.6630252   48.469 0.26631
  3.0 145.0  0.7485710  0.6630546   48.467 0.26495
  3.0 150.0  0.7483365  0.6633193   48.446 0.26361
  3.0 155.0  0.7478905  0.6638222   48.408 0.26231
  3.0 160.0  0.7472315  0.6645639   48.351 0.26106
  3.0 165.0  0.7463600  0.6655425   48.276 0.25986
  3.0 170.0  0.7452786  0.6667531   48.183 0.25873
  3.0 175.0  0.7439917  0.6681888   48.073 0.25767
  3.0 180.0  0.7425072  0.6698381   47.945 0.25668
  3.0 185.0  0.7408341  0.6716880   47.803 0.25579
  3.0 190.0  0.7389845  0.6737225   47.645 0.25499
  3.0 195.0  0.7369721  0.6759231   47.474 0.25429
  3.0 200.0  0.7348134  0.6782693   47.291 0.25370
  3.0 205.0  0.7325265  0.6807385   47.099 0.25321
  3.0 210.0  0.7301315  0.6833067   46.897 0.25283
  3.0 215.0  0.7276501  0.6859485   46.690 0.25257
  3.0 220.0  0.7251054  0.6886379   46.478 0.25242
  3.0 225.0  0.7225294  0.6913402   46.264 0.25239
  3.0 230.0  0.7199387  0.6940377   46.049 0.25247
  3.0 235.0  0.7173521  0.6967108   45.836 0.25267
  3.0 240.0  0.7148023  0.6993266   45.627 0.25299
  3.0 245.0  0.7123143  0.7018607   45.424 0.25341
  3.0 250.0  0.7099126  0.7042898   45.228 0.25395
  3.0 255.0  0.7076208  0.7065924   45.042 0.25459
  3.0 260.0  0.7054607  0.7087490   44.867 0.25533
  3.0 265.0  0.7034529  0.7107419   44.705 0.25617
  3.0 270.0  0.7016156  0.7125556   44.557 0.25710
  3.0 275.0  0.6999644  0.7141777   44.424 0.25812
  3.0 280.0  0.6985140  0.7155964   44.308 0.25921
  3.0 285.0  0.6972745  0.7168042   44.209 0.26037
  3.0 290.0  0.6962475  0.7178018   44.127 0.26159
  3.0 295.0  0.6954587  0.7185661   44.064 0.26286
  3.0 300.0  0.6948907  0.7191153   44.019 0.26418
  3.0 305.0  0.6945504  0.7194440   43.991 0.26552
  3.0 310.0  0.6944363  0.7195542   43.982 0.26689
  3.0 315.0  0.6945425  0.7194517   43.991 0.26828
  3.0 320.0  0.6948628  0.7191423   44.016 0.26966
  3.0 325.0  0.6953887  0.7186338   44.058 0.27103
  3.0 330.0  0.6961100  0.7179352   44.116 0.27238
  3.0 335.0  0.6970153  0.7170563   44.188 0.27370
  3.0 340.0  0.6980921  0.7160079   44.274 0.27497
  3.0 345.0  0.6993215  0.7148073   44.373 0.27620
  3.0 350.0  0.7007020  0.7134540   44.483 0.27736
  3.0 355.0  0.7022135  0.7119665   44.605 0.27846
  3.0 360.0  0.7038419  0.7103567   44.736 0.27947
  5.0   0.0  0.6933426  0.7206081   43.895 0.28762
  5.0   5.0  0.6962349  0.7178140   44.126 0.28916
  5.0  10.0  0.6992234  0.7149033   44.365 0.29055
  5.0  15.0  0.7022888  0.7118921   44.611 0.29177
  5.0  20.0  0.7054134  0.7087961   44.863 0.29281
  5.0  25.0  0.7085802  0.7056302   45.120 0.29366
  5.0  30.0  0.7117769  0.7024056   45.380 0.29432
  5.0  35.0  0.7149910  0.6991336   45.642 0.29478
  5.0  40.0  0.7182119  0.6958245   45.907 0.29505
  5.0  45.0  0.7214300  0.6924874   46.173 0.29510
  5.0  50.0  0.7246482  0.6891190   46.440 0.29496
  5.0  55.0  0.7278338  0.6857535   46.705 0.29462
  5.0  60.0  0.7309901  0.6823881   46.969 0.29407
  5.0  65.0  0.7341073  0.6790334   47.232 0.29333
  5.0  70.0  0.7371751  0.6757017   47.491 0.29240
  5.0  75.0  0.7401816  0.6724070   47.747 0.29129
  5.0  80.0  0.7431142  0.6691646   47.997 0.29000
  5.0  85.0  0.7459576  0.6659934   48.241 0.28855
  5.0  90.0  0.7486955  0.6629140   48.478 0.28694
  5.0  95.0  0.7513112  0.6599481   48.704 0.28520
  5.0 100.0  0.7537838  0.6571225   48.919 0.28332
  5.0 105.0  0.7560932  0.6544640   49.121 0.28134
  5.0 110.0  0.7582174  0.6520018   49.307 0.27925
  5.0 115.0  0.7601278  0.6497736   49.475 0.27709
  5.0 120.0  0.7618122  0.6477979   49.624 0.27487
  5.0 125.0  0.7632372  0.6461184   49.750 0.27260
  5.0 130.0  0.7643934  0.6447501   49.853 0.27030
  5.0 135.0  0.7652524  0.6437303   49.929 0.26799
  5.0 140.0  0.7657943  0.6430856   49.978 0.26570
  5.0 145.0  0.7660012  0.6428392   49.996 0.26343
  5.0 150.0  0.7658575  0.6430104   49.983 0.26121
  5.0 155.0  0.7653507  0.6436135   49.938 0.25905
  5.0 160.0  0.7644719  0.6446571   49.860 0.25698
  5.0 165.0  0.7632152  0.6461444   49.748 0.25500
  5.0 170.0  0.7615799  0.6480710   49.604 0.25314
  5.0 175.0  0.7595690  0.6504268   49.426 0.25140
  5.0 180.0  0.7571905  0.6531941   49.217 0.24979
  5.0 185.0  0.7544574  0.6563490   48.978 0.24834
  5.0 190.0  0.7513872  0.6598615   48.711 0.24704
  5.0 195.0  0.7480029  0.6636955   48.418 0.24591
  5.0 200.0  0.7443318  0.6678100   48.102 0.24495
  5.0 205.0  0.7404136  0.6721516   47.767 0.24416
  5.0 210.0  0.7362718  0.6766860   47.415 0.24356
  5.0 215.0  0.7319524  0.6813558   47.050 0.24314
  5.0 220.0  0.7274993  0.6861084   46.677 0.24291
  5.0 225.0  0.7229590  0.6908909   46.299 0.24286
  5.0 230.0  0.7183803  0.6956505   45.921 0.24299
  5.0 235.0  0.7138135  0.7003358   45.546 0.24331
  5.0 240.0  0.7093092  0.7048974   45.179 0.24382
  5.0 245.0  0.7049253  0.7092816   44.824 0.24450
  5.0 250.0  0.7006948  0.7134611   44.483 0.24537
  5.0 255.0  0.6966744  0.7173875   44.161 0.24640
  5.0 260.0  0.6929082  0.7210258   43.861 0.24761
  5.0 265.0  0.6894367  0.7243459   43.586 0.24897
  5.0 270.0  0.6862958  0.7273226   43.338 0.25048
  5.0 275.0  0.6835156  0.7299359   43.119 0.25214
  5.0 280.0  0.6811216  0.7321703   42.931 0.25393
  5.0 285.0  0.6791316  0.7340165   42.776 0.25584
  5.0 290.0  0.6775575  0.7354698   42.653 0.25785
  5.0 295.0  0.6764060  0.7365289   42.563 0.25995
  5.0 300.0  0.6756754  0.7371993   42.507 0.26213
  5.0 305.0  0.6753594  0.7374888   42.482 0.26437
  5.0 310.0  0.6754460  0.7374094   42.489 0.26664
  5.0 315.0  0.6759185  0.7369764   42.526 0.26894
  5.0 320.0  0.6767559  0.7362075   42.591 0.27124
  5.0 325.0  0.6779260  0.7351302   42.682 0.27353
  5.0 330.0  0.6794167  0.7337527   42.798 0.27578
  5.0 335.0  0.6811930  0.7321038   42.937 0.27799
  5.0 340.0  0.6832194  0.7302131   43.096 0.28012
  5.0 345.0  0.6854810  0.7280905   43.273 0.28216
  5.0 350.0  0.6879404  0.7257672   43.467 0.28410
  5.0 355.0  0.6905697  0.7232659   43.675 0.28593
  5.0 360.0  0.6933426  0.7206081   43.895 0.28762
  7.0   0.0  0.6843016  0.7291991   43.181 0.29594
  7.0   5.0  0.6883394  0.7253887   43.499 0.29809
  7.0  10.0  0.6924373  0.7214780   43.823 0.30001
  7.0  15.0  0.6965706  0.7174882   44.153 0.30170
  7.0  20.0  0.7007199  0.7134365   44.485 0.30314
  7.0  25.0  0.7048704  0.7093361   44.819 0.30433
  7.0  30.0  0.7090182  0.7051902   45.155 0.30524
  7.0  35.0  0.7131470  0.7010145   45.492 0.30588
  7.0  40.0  0.7172569  0.6968088   45.828 0.30624
  7.0  45.0  0.7213462  0.6925746   46.166 0.30632
  7.0  50.0  0.7254142  0.6883126   46.503 0.30613
  7.0  55.0  0.7294603  0.6840232   46.841 0.30565
  7.0  60.0  0.7334831  0.6797077   47.179 0.30489
  7.0  65.0  0.7374840  0.6753646   47.518 0.30387
  7.0  70.0  0.7414470  0.6710115   47.855 0.30258
  7.0  75.0  0.7453704  0.6666506   48.191 0.30104
  7.0  80.0  0.7492421  0.6622962   48.525 0.29925
  7.0  85.0  0.7530470  0.6579667   48.855 0.29724
  7.0  90.0  0.7567642  0.6536880   49.180 0.29501
  7.0  95.0  0.7603714  0.6494885   49.497 0.29258
  7.0 100.0  0.7638398  0.6454059   49.804 0.28997
  7.0 105.0  0.7671387  0.6414813   50.098 0.28721
  7.0 110.0  0.7702269  0.6377699   50.374 0.28430
  7.0 115.0  0.7730801  0.6343084   50.631 0.28128
  7.0 120.0  0.7756555  0.6311565   50.864 0.27818
  7.0 125.0  0.7779143  0.6283703   51.070 0.27500
  7.0 130.0  0.7798180  0.6260064   51.244 0.27179
  7.0 135.0  0.7813284  0.6241201   51.382 0.26857
  7.0 140.0  0.7824094  0.6227645   51.482 0.26536
  7.0 145.0  0.7830224  0.6219935   51.538 0.26219
  7.0 150.0  0.7831482  0.6218351   51.550 0.25909
  7.0 155.0  0.7827538  0.6223315   51.513 0.25609
  7.0 160.0  0.7818181  0.6235065   51.427 0.25321
  7.0 165.0  0.7803258  0.6253732   51.290 0.25047
  7.0 170.0  0.7782673  0.6279332   51.102 0.24789
  7.0 175.0  0.7756414  0.6311738   50.863 0.24549
  7.0 180.0  0.7724529  0.6350720   50.575 0.24330
  7.0 185.0  0.7687163  0.6395899   50.239 0.24132
  7.0 190.0  0.7644532  0.6446792   49.858 0.23956
  7.0 195.0  0.7596939  0.6502809   49.437 0.23803
  7.0 200.0  0.7544852  0.6563171   48.980 0.23674
  7.0 205.0  0.7488600  0.6627283   48.492 0.23570
  7.0 210.0  0.7428782  0.6694266   47.977 0.23490
  7.0 215.0  0.7366010  0.6763276   47.443 0.23434
  7.0 220.0  0.7300958  0.6833448   46.894 0.23404
  7.0 225.0  0.7234356  0.6903919   46.339 0.23397
  7.0 230.0  0.7166976  0.6973841   45.782 0.23416
  7.0 235.0  0.7099623  0.7042397   45.232 0.23459
  7.0 240.0  0.7033121  0.7108812   44.693 0.23526
  7.0 245.0  0.6968298  0.7172365   44.173 0.23618
  7.0 250.0  0.6905969  0.7232399   43.677 0.23733
  7.0 255.0  0.6846979  0.7288270   43.212 0.23872
  7.0 260.0  0.6791927  0.7339600   42.781 0.24034
  7.0 265.0  0.6741570  0.7385880   42.389 0.24219
  7.0 270.0  0.6696498  0.7426770   42.040 0.24425
  7.0 275.0  0.6657201  0.7462015   41.738 0.24652
  7.0 280.0  0.6624070  0.7491442   41.484 0.24898
  7.0 285.0  0.6597365  0.7514970   41.280 0.25161
  7.0 290.0  0.6577235  0.7532595   41.126 0.25440
  7.0 295.0  0.6563702  0.7544389   41.024 0.25732
  7.0 300.0  0.6556678  0.7550495   40.970 0.26035
  7.0 305.0  0.6555962  0.7551117   40.965 0.26347
  7.0 310.0  0.6561166  0.7546596   41.004 0.26665
  7.0 315.0  0.6572074  0.7537097   41.087 0.26986
  7.0 320.0  0.6588180  0.7523024   41.210 0.27308
  7.0 325.0  0.6608994  0.7504745   41.369 0.27628
  7.0 330.0  0.6633999  0.7482650   41.560 0.27943
  7.0 335.0  0.6662661  0.7457140   41.780 0.28251
  7.0 340.0  0.6694450  0.7428616   42.024 0.28548
  7.0 345.0  0.6728850  0.7397471   42.290 0.28834
  7.0 350.0  0.6765329  0.7364124   42.573 0.29105
  7.0 355.0  0.6803543  0.7328834   42.871 0.29359
  7.0 360.0  0.6843016  0.7291991   43.181 0.29594
  9.0   0.0  0.6768537  0.7361176   42.598 0.30437
  9.0   5.0  0.6820057  0.7313469   43.001 0.30709
  9.0  10.0  0.6871378  0.7265271   43.404 0.30952
  9.0  15.0  0.6922218  0.7216848   43.806 0.31166
  9.0  20.0  0.6972420  0.7168359   44.206 0.31348
  9.0  25.0  0.7021974  0.7119823   44.604 0.31496
  9.0  30.0  0.7070747  0.7071389   44.997 0.31611
  9.0  35.0  0.7118837  0.7022974   45.388 0.31692
  9.0  40.0  0.7166343  0.6974491   45.777 0.31737
  9.0  45.0  0.7213395  0.6925817   46.165 0.31747
  9.0  50.0  0.7260139  0.6876800   46.553 0.31722
  9.0  55.0  0.7306721  0.6827286   46.943 0.31662
  9.0  60.0  0.7353266  0.6777129   47.335 0.31567
  9.0  65.0  0.7399867  0.6726215   47.730 0.31438
  9.0  70.0  0.7446623  0.6674415   48.130 0.31275
  9.0  75.0  0.7493390  0.6621866   48.533 0.31081
  9.0  80.0  0.7540180  0.6568538   48.940 0.30855
  9.0  85.0  0.7586842  0.6514586   49.348 0.30601
  9.0  90.0  0.7633147  0.6460268   49.757 0.30318
  9.0  95.0  0.7678807  0.6405928   50.164 0.30011
  9.0 100.0  0.7723444  0.6352040   50.565 0.29679
  9.0 105.0  0.7766562  0.6299248   50.955 0.29328
  9.0 110.0  0.7807774  0.6248093   51.332 0.28958
  9.0 115.0  0.7846514  0.6199372   51.688 0.28572
  9.0 120.0  0.7882223  0.6153906   52.020 0.28175
  9.0 125.0  0.7914320  0.6112572   52.320 0.27769
  9.0 130.0  0.7942218  0.6076279   52.582 0.27358
  9.0 135.0  0.7965338  0.6045940   52.800 0.26945
  9.0 140.0  0.7983115  0.6022447   52.969 0.26533
  9.0 145.0  0.7995019  0.6006636   53.083 0.26127
  9.0 150.0  0.8000502  0.5999330   53.135 0.25730
  9.0 155.0  0.7999266  0.6000978   53.123 0.25345
  9.0 160.0  0.7990856  0.6012173   53.043 0.24977
  9.0 165.0  0.7974979  0.6033218   52.892 0.24627
  9.0 170.0  0.7951431  0.6064219   52.669 0.24300
  9.0 175.0  0.7920107  0.6105071   52.374 0.23997
  9.0 180.0  0.7881008  0.6155462   52.008 0.23721
  9.0 185.0  0.7834257  0.6214854   51.575 0.23474
  9.0 190.0  0.7780094  0.6282527   51.079 0.23256
  9.0 195.0  0.7718958  0.6357491   50.524 0.23068
  9.0 200.0  0.7651225  0.6438847   49.918 0.22911
  9.0 205.0  0.7577552  0.6525390   49.267 0.22785
  9.0 210.0  0.7498662  0.6615896   48.579 0.22689
  9.0 215.0  0.7415387  0.6709101   47.863 0.22623
  9.0 220.0  0.7328657  0.6803733   47.127 0.22587
  9.0 225.0  0.7239489  0.6898536   46.381 0.22581
  9.0 230.0  0.7148972  0.6992295   45.635 0.22604
  9.0 235.0  0.7058259  0.7083854   44.896 0.22655
  9.0 240.0  0.6968541  0.7172129   44.175 0.22737
  9.0 245.0  0.6881036  0.7256125   43.480 0.22847
  9.0 250.0  0.6796956  0.7334943   42.820 0.22987
  9.0 255.0  0.6717565  0.7407720   42.203 0.23157
  9.0 260.0  0.6643789  0.7473960   41.635 0.23357
  9.0 265.0  0.6576769  0.7533001   41.123 0.23585
  9.0 270.0  0.6517403  0.7584422   40.673 0.23842
  9.0 275.0  0.6466426  0.7627931   40.289 0.24126
  9.0 280.0  0.6424397  0.7663362   39.974 0.24436
  9.0 285.0  0.6391677  0.7690674   39.730 0.24770
  9.0 290.0  0.6368418  0.7709945   39.557 0.25125
  9.0 295.0  0.6354576  0.7721358   39.454 0.25497
  9.0 300.0  0.6349825  0.7725265   39.419 0.25885
  9.0 305.0  0.6353890  0.7721922   39.449 0.26285
  9.0 310.0  0.6366159  0.7711811   39.540 0.26693
  9.0 315.0  0.6385951  0.7695430   39.687 0.27105
  9.0 320.0  0.6412495  0.7673324   39.885 0.27518
  9.0 325.0  0.6444963  0.7646074   40.128 0.27928
  9.0 330.0  0.6482494  0.7614281   40.410 0.28331
  9.0 335.0  0.6524226  0.7578554   40.725 0.28725
  9.0 340.0  0.6569321  0.7539498   41.066 0.29106
  9.0 345.0  0.6616987  0.7497698   41.430 0.29470
  9.0 350.0  0.6666442  0.7453761   41.809 0.29815
  9.0 355.0  0.6717177  0.7408072   42.200 0.30138
  9.0 360.0  0.6768537  0.7361176   42.598 0.30437
 11.0   0.0  0.6711183  0.7413502   42.153 0.31281
 11.0   5.0  0.6773373  0.7356726   42.636 0.31607
 11.0  10.0  0.6834120  0.7300329   43.111 0.31898
 11.0  15.0  0.6893164  0.7244604   43.576 0.32152
 11.0  20.0  0.6950481  0.7189632   44.031 0.32367
 11.0  25.0  0.7005980  0.7135562   44.475 0.32544
 11.0  30.0  0.7059836  0.7082282   44.909 0.32680
 11.0  35.0  0.7112281  0.7029613   45.335 0.32775
 11.0  40.0  0.7163617  0.6977291   45.755 0.32828
 11.0  45.0  0.7214195  0.6924984   46.172 0.32840
 11.0  50.0  0.7264385  0.6872315   46.589 0.32810
 11.0  55.0  0.7314552  0.6818895   47.009 0.32738
 11.0  60.0  0.7365027  0.6764346   47.434 0.32625
 11.0  65.0  0.7416084  0.6708331   47.869 0.32472
 11.0  70.0  0.7467918  0.6650579   48.313 0.32280
 11.0  75.0  0.7520672  0.6590865   48.770 0.32048
 11.0  80.0  0.7574216  0.6529261   49.237 0.31780
 11.0  85.0  0.7628511  0.6465742   49.716 0.31476
 11.0  90.0  0.7683305  0.6400533   50.204 0.31139
 11.0  95.0  0.7738237  0.6334011   50.699 0.30771
 11.0 100.0  0.7792818  0.6266737   51.195 0.30374
 11.0 105.0  0.7846386  0.6199534   51.687 0.29951
 11.0 110.0  0.7898406  0.6133122   52.171 0.29505
 11.0 115.0  0.7948102  0.6068581   52.637 0.29041
 11.0 120.0  0.7994698  0.6007062   53.080 0.28560
 11.0 125.0  0.8037390  0.5949820   53.489 0.28069
 11.0 130.0  0.8075361  0.5898182   53.856 0.27569
 11.0 135.0  0.8107800  0.5853510   54.172 0.27067
 11.0 140.0  0.8133918  0.5817162   54.429 0.26566
 11.0 145.0  0.8152965  0.5790438   54.617 0.26071
 11.0 150.0  0.8164239  0.5774531   54.728 0.25586
 11.0 155.0  0.8167052  0.5770551   54.756 0.25118
 11.0 160.0  0.8160979  0.5779136   54.696 0.24669
 11.0 165.0  0.8145472  0.5800973   54.543 0.24245
 11.0 170.0  0.8120180  0.5836324   54.294 0.23849
 11.0 175.0  0.8084874  0.5885135   53.948 0.23484
 11.0 180.0  0.8039473  0.5947006   53.509 0.23154
 11.0 185.0  0.7984053  0.6021204   52.978 0.22861
 11.0 190.0  0.7918855  0.6106696   52.362 0.22605
 11.0 195.0  0.7844386  0.6202065   51.669 0.22387
 11.0 200.0  0.7761098  0.6305978   50.906 0.22207
 11.0 205.0  0.7669800  0.6416710   50.083 0.22064
 11.0 210.0  0.7571405  0.6532521   49.213 0.21957
 11.0 215.0  0.7466970  0.6651643   48.305 0.21885
 11.0 220.0  0.7357688  0.6772328   47.372 0.21847
 11.0 225.0  0.7244870  0.6892885   46.426 0.21841
 11.0 230.0  0.7129939  0.7011702   45.479 0.21867
 11.0 235.0  0.7014416  0.7127269   44.543 0.21925
 11.0 240.0  0.6899903  0.7238186   43.629 0.22017
 11.0 245.0  0.6788061  0.7343176   42.750 0.22142
 11.0 250.0  0.6680578  0.7441094   41.917 0.22301
 11.0 255.0  0.6579128  0.7530942   41.141 0.22496
 11.0 260.0  0.6485377  0.7611825   40.431 0.22727
 11.0 265.0  0.6400650  0.7683208   39.797 0.22995
 11.0 270.0  0.6326346  0.7744504   39.245 0.23298
 11.0 275.0  0.6263525  0.7795399   38.782 0.23637
 11.0 280.0  0.6212963  0.7835757   38.411 0.24009
 11.0 285.0  0.6175124  0.7865612   38.135 0.24412
 11.0 290.0  0.6150152  0.7885153   37.953 0.24841
 11.0 295.0  0.6137789  0.7894779   37.863 0.25295
 11.0 300.0  0.6137699  0.7894850   37.863 0.25767
 11.0 305.0  0.6149115  0.7885961   37.945 0.26254
 11.0 310.0  0.6171108  0.7868762   38.105 0.26751
 11.0 315.0  0.6202584  0.7843976   38.335 0.27254
 11.0 320.0  0.6242334  0.7812379   38.626 0.27756
 11.0 325.0  0.6289087  0.7774791   38.970 0.28254
 11.0 330.0  0.6341554  0.7732057   39.357 0.28744
 11.0 335.0  0.6398466  0.7685026   39.780 0.29221
 11.0 340.0  0.6458620  0.7634542   40.230 0.29681
 11.0 345.0  0.6520900  0.7581416   40.699 0.30120
 11.0 350.0  0.6584306  0.7526415   41.180 0.30535
 11.0 355.0  0.6647943  0.7470265   41.667 0.30923
 11.0 360.0  0.6711183  0.7413502   42.153 0.31281
 13.0   0.0  0.6671987  0.7448798   41.851 0.32121
 13.0   5.0  0.6744250  0.7383433   42.410 0.32494
 13.0  10.0  0.6813397  0.7319674   42.948 0.32826
 13.0  15.0  0.6879279  0.7257790   43.466 0.33116
 13.0  20.0  0.6941818  0.7197997   43.962 0.33361
 13.0  25.0  0.7001210  0.7140242   44.437 0.33560
 13.0  30.0  0.7057794  0.7084316   44.893 0.33714
 13.0  35.0  0.7112044  0.7029853   45.333 0.33821
 13.0  40.0  0.7164534  0.6976350   45.762 0.33881
 13.0  45.0  0.7215908  0.6923198   46.186 0.33893
 13.0  50.0  0.7266835  0.6869725   46.609 0.33859
 13.0  55.0  0.7317972  0.6815225   47.037 0.33777
 13.0  60.0  0.7369924  0.6759010   47.476 0.33649
 13.0  65.0  0.7423208  0.6700447   47.929 0.33476
 13.0  70.0  0.7478218  0.6638995   48.402 0.33257
 13.0  75.0  0.7535202  0.6574248   48.896 0.32994
 13.0  80.0  0.7594264  0.6505933   49.414 0.32688
 13.0  85.0  0.7655230  0.6434085   49.954 0.32341
 13.0  90.0  0.7717898  0.6358777   50.515 0.31955
 13.0  95.0  0.7781812  0.6280399   51.094 0.31532
 13.0 100.0  0.7846289  0.6199657   51.686 0.31075
 13.0 105.0  0.7910642  0.6117332   52.285 0.30587
 13.0 110.0  0.7973972  0.6034548   52.882 0.30071
 13.0 115.0  0.8035315  0.5952622   53.469 0.29532
 13.0 120.0  0.8093642  0.5873070   54.034 0.28973
 13.0 125.0  0.8147891  0.5797575   54.567 0.28400
 13.0 130.0  0.8196987  0.5727950   55.055 0.27816
 13.0 135.0  0.8239869  0.5666089   55.486 0.27227
 13.0 140.0  0.8275507  0.5613910   55.848 0.26638
 13.0 145.0  0.8302917  0.5573291   56.129 0.26055
 13.0 150.0  0.8321177  0.5545991   56.317 0.25484
 13.0 155.0  0.8329437  0.5533578   56.402 0.24931
 13.0 160.0  0.8326896  0.5537400   56.376 0.24401
 13.0 165.0  0.8312997  0.5558245   56.232 0.23901
 13.0 170.0  0.8287135  0.5596730   55.967 0.23436
 13.0 175.0  0.8248930  0.5652889   55.578 0.23010
 13.0 180.0  0.8198172  0.5726253   55.067 0.22628
 13.0 185.0  0.8134860  0.5815844   54.438 0.22291
 13.0 190.0  0.8059212  0.5920228   53.699 0.22002
 13.0 195.0  0.7971787  0.6037434   52.862 0.21759
 13.0 200.0  0.7873115  0.6165554   51.935 0.21562
 13.0 205.0  0.7764166  0.6302201   50.934 0.21409
 13.0 210.0  0.7646047  0.6444996   49.872 0.21296
 13.0 215.0  0.7520049  0.6591575   48.764 0.21222
 13.0 220.0  0.7387622  0.6739662   47.626 0.21184
 13.0 225.0  0.7250368  0.6887102   46.472 0.21180
 13.0 230.0  0.7110030  0.7031889   45.317 0.21209
 13.0 235.0  0.6968499  0.7172170   44.175 0.21271
 13.0 240.0  0.6827801  0.7306239   43.061 0.21368
 13.0 245.0  0.6690088  0.7432545   41.991 0.21502
 13.0 250.0  0.6557601  0.7549693   40.977 0.21674
 13.0 255.0  0.6432612  0.7656468   40.035 0.21888
 13.0 260.0  0.6317418  0.7751789   39.179 0.22145
 13.0 265.0  0.6213898  0.7835016   38.418 0.22446
 13.0 270.0  0.6124006  0.7905476   37.763 0.22793
 13.0 275.0  0.6049216  0.7962851   37.223 0.23184
 13.0 280.0  0.5990576  0.8007059   36.802 0.23616
 13.0 285.0  0.5948665  0.8038245   36.503 0.24087
 13.0 290.0  0.5923580  0.8056749   36.325 0.24593
 13.0 295.0  0.5914826  0.8063178   36.262 0.25127
 13.0 300.0  0.5921798  0.8058059   36.312 0.25684
 13.0 305.0  0.5943283  0.8042225   36.465 0.26259
 13.0 310.0  0.5977859  0.8016558   36.711 0.26845
 13.0 315.0  0.6023897  0.7982021   37.041 0.27436
 13.0 320.0  0.6079644  0.7939643   37.442 0.28026
 13.0 325.0  0.6143290  0.7890500   37.903 0.28610
 13.0 330.0  0.6213033  0.7835702   38.411 0.29182
 13.0 335.0  0.6287136  0.7776369   38.955 0.29738
 13.0 340.0  0.6363974  0.7713614   39.524 0.30272
 13.0 345.0  0.6442070  0.7648512   40.106 0.30782
 13.0 350.0  0.6520131  0.7582077   40.694 0.31262
 13.0 355.0  0.6597027  0.7515266   41.277 0.31709
 13.0 360.0  0.6671987  0.7448798   41.851 0.32121
 15.0   0.0  0.6651864  0.7466773   41.697 0.32947
 15.0   5.0  0.6733492  0.7393246   42.326 0.33361
 15.0  10.0  0.6809909  0.7322919   42.921 0.33728
 15.0  15.0  0.6881081  0.7256082   43.481 0.34046
 15.0  20.0  0.6947014  0.7192982   44.003 0.34314
 15.0  25.0  0.7008119  0.7133461   44.492 0.34532
 15.0  30.0  0.7064987  0.7077143   44.951 0.34699
 15.0  35.0  0.7118395  0.7023422   45.385 0.34814
 15.0  40.0  0.7169259  0.6971494   45.801 0.34878
 15.0  45.0  0.7218589  0.6920402   46.208 0.34891
 15.0  50.0  0.7267434  0.6869091   46.614 0.34852
 15.0  55.0  0.7316822  0.6816459   47.028 0.34763
 15.0  60.0  0.7367708  0.6761425   47.457 0.34623
 15.0  65.0  0.7420919  0.6702981   47.910 0.34433
 15.0  70.0  0.7477105  0.6640249   48.392 0.34193
 15.0  75.0  0.7536700  0.6572530   48.909 0.33905
 15.0  80.0  0.7599939  0.6499302   49.464 0.33568
 15.0  85.0  0.7666643  0.6420482   50.055 0.33185
 15.0  90.0  0.7736612  0.6335996   50.684 0.32757
 15.0  95.0  0.7809267  0.6246227   51.346 0.32287
 15.0 100.0  0.7883744  0.6151957   52.034 0.31777
 15.0 105.0  0.7959140  0.6054097   52.742 0.31231
 15.0 110.0  0.8034292  0.5954003   53.459 0.30653
 15.0 115.0  0.8107950  0.5853302   54.174 0.30046
 15.0 120.0  0.8178791  0.5753901   54.873 0.29415
 15.0 125.0  0.8245458  0.5657953   55.542 0.28765
 15.0 130.0  0.8306594  0.5567809   56.167 0.28101
 15.0 135.0  0.8360873  0.5485963   56.729 0.27429
 15.0 140.0  0.8407018  0.5414983   57.214 0.26755
 15.0 145.0  0.8443816  0.5357422   57.606 0.26086
 15.0 150.0  0.8470125  0.5315730   57.888 0.25428
 15.0 155.0  0.8484884  0.5292140   58.048 0.24789
 15.0 160.0  0.8487070  0.5288633   58.071 0.24177
 15.0 165.0  0.8475938  0.5306455   57.951 0.23600
 15.0 170.0  0.8450657  0.5346624   57.679 0.23064
 15.0 175.0  0.8410644  0.5409349   57.253 0.22576
 15.0 180.0  0.8355522  0.5494111   56.673 0.22142
 15.0 185.0  0.8285162  0.5599651   55.947 0.21764
 15.0 190.0  0.8199727  0.5724027   55.082 0.21444
 15.0 195.0  0.8099814  0.5864556   54.094 0.21181
 15.0 200.0  0.7986039  0.6018570   52.997 0.20974
 15.0 205.0  0.7859547  0.6182841   51.809 0.20817
 15.0 210.0  0.7721664  0.6354204   50.549 0.20705
 15.0 215.0  0.7573922  0.6529602   49.235 0.20635
 15.0 220.0  0.7418027  0.6706182   47.885 0.20601
 15.0 225.0  0.7255841  0.6881335   46.517 0.20600
 15.0 230.0  0.7089396  0.7052692   45.149 0.20631
 15.0 235.0  0.6920913  0.7218099   43.796 0.20694
 15.0 240.0  0.6752835  0.7375582   42.476 0.20791
 15.0 245.0  0.6587832  0.7523329   41.207 0.20927
 15.0 250.0  0.6428773  0.7659692   40.007 0.21105
 15.0 255.0  0.6278657  0.7783217   38.893 0.21330
 15.0 260.0  0.6140577  0.7892612   37.883 0.21607
 15.0 265.0  0.6017139  0.7987117   36.993 0.21938
 15.0 270.0  0.5911012  0.8065974   36.235 0.22325
 15.0 275.0  0.5824201  0.8128879   35.621 0.22766
 15.0 280.0  0.5758086  0.8175845   35.156 0.23260
 15.0 285.0  0.5713352  0.8207168   34.843 0.23800
 15.0 290.0  0.5689890  0.8223451   34.680 0.24382
 15.0 295.0  0.5687149  0.8225347   34.661 0.24999
 15.0 300.0  0.5703844  0.8213779   34.777 0.25642
 15.0 305.0  0.5738271  0.8189765   35.018 0.26304
 15.0 310.0  0.5788380  0.8154426   35.369 0.26978
 15.0 315.0  0.5851891  0.8108969   35.816 0.27655
 15.0 320.0  0.5926397  0.8054677   36.345 0.28330
 15.0 325.0  0.6009464  0.7992894   36.938 0.28995
 15.0 330.0  0.6098708  0.7925009   37.580 0.29645
 15.0 335.0  0.6191868  0.7852437   38.257 0.30274
 15.0 340.0  0.6286859  0.7776593   38.953 0.30877
 15.0 345.0  0.6381820  0.7698855   39.656 0.31450
 15.0 350.0  0.6475144  0.7620532   40.354 0.31989
 15.0 355.0  0.6565464  0.7542856   41.037 0.32489
 15.0 360.0  0.6651864  0.7466773   41.697 0.32947
