  3.0   0.0  0.5162389  0.8564446   31.080 0.30018
  3.0   5.0  0.5160923  0.8565329   31.070 0.30024
  3.0  10.0  0.5159004  0.8566486   31.058 0.30031
  3.0  15.0  0.5156628  0.8567916   31.042 0.30038
  3.0  20.0  0.5153811  0.8569611   31.023 0.30045
  3.0  25.0  0.5150567  0.8571561   31.001 0.30052
  3.0  30.0  0.5146917  0.8573753   30.977 0.30058
  3.0  35.0  0.5142890  0.8576169   30.950 0.30064
  3.0  40.0  0.5138521  0.8578788   30.921 0.30069
  3.0  45.0  0.5133851  0.8581584   30.890 0.30073
  3.0  50.0  0.5128990  0.8584490   30.857 0.30075
  3.0  55.0  0.5123857  0.8587554   30.823 0.30077
  3.0  60.0  0.5118573  0.8590705   30.788 0.30078
  3.0  65.0  0.5113196  0.8593906   30.752 0.30077
  3.0  70.0  0.5107784  0.8597124   30.716 0.30075
  3.0  75.0  0.5102398  0.8600321   30.680 0.30072
  3.0  80.0  0.5097095  0.8603465   30.644 0.30068
  3.0  85.0  0.5091943  0.8606516   30.610 0.30064
  3.0  90.0  0.5086993  0.8609443   30.577 0.30058
  3.0  95.0  0.5082298  0.8612215   30.546 0.30052
  3.0 100.0  0.5077909  0.8614803   30.517 0.30046
  3.0 105.0  0.5073871  0.8617183   30.490 0.30040
  3.0 110.0  0.5070226  0.8619327   30.466 0.30033
  3.0 115.0  0.5067005  0.8621222   30.444 0.30027
  3.0 120.0  0.5064235  0.8622849   30.426 0.30021
  3.0 125.0  0.5061936  0.8624199   30.411 0.30016
  3.0 130.0  0.5060121  0.8625264   30.399 0.30012
  3.0 135.0  0.5058798  0.8626040   30.390 0.30008
  3.0 140.0  0.5057914  0.8626558   30.384 0.30006
  3.0 145.0  0.5057564  0.8626763   30.382 0.30004
  3.0 150.0  0.5057684  0.8626693   30.382 0.30004
  3.0 155.0  0.5058256  0.8626358   30.386 0.30005
  3.0 160.0  0.5059257  0.8625771   30.393 0.30007
  3.0 165.0  0.5060663  0.8624946   30.402 0.30010
  3.0 170.0  0.5062437  0.8623905   30.414 0.30014
  3.0 175.0  0.5064551  0.8622663   30.428 0.30019
  3.0 180.0  0.5066973  0.8621240   30.444 0.30025
  3.0 185.0  0.5069667  0.8619656   30.462 0.30031
  3.0 190.0  0.5072600  0.8617931   30.481 0.30037
  3.0 195.0  0.5075732  0.8616086   30.502 0.30044
  3.0 200.0  0.5079039  0.8614137   30.524 0.30051
  3.0 205.0  0.5082487  0.8612104   30.547 0.30057
  3.0 210.0  0.5086048  0.8610001   30.571 0.30063
  3.0 215.0  0.5089697  0.8607845   30.595 0.30069
  3.0 220.0  0.5093410  0.8605648   30.620 0.30074
  3.0 225.0  0.5097226  0.8603388   30.645 0.30077
  3.0 230.0  0.5101009  0.8601146   30.671 0.30080
  3.0 235.0  0.5104803  0.8598895   30.696 0.30081
  3.0 240.0  0.5108593  0.8596644   30.721 0.30082
  3.0 245.0  0.5112368  0.8594399   30.746 0.30081
  3.0 250.0  0.5116116  0.8592168   30.771 0.30079
  3.0 255.0  0.5119826  0.8589958   30.796 0.30075
  3.0 260.0  0.5123495  0.8587770   30.820 0.30071
  3.0 265.0  0.5127108  0.8585614   30.845 0.30066
  3.0 270.0  0.5130617  0.8583518   30.868 0.30060
  3.0 275.0  0.5134123  0.8581420   30.891 0.30053
  3.0 280.0  0.5137501  0.8579399   30.914 0.30046
  3.0 285.0  0.5140778  0.8577436   30.936 0.30039
  3.0 290.0  0.5143932  0.8575544   30.957 0.30031
  3.0 295.0  0.5146947  0.8573735   30.977 0.30024
  3.0 300.0  0.5149802  0.8572021   30.996 0.30018
  3.0 305.0  0.5152475  0.8570414   31.014 0.30012
  3.0 310.0  0.5154941  0.8568931   31.030 0.30007
  3.0 315.0  0.5157116  0.8567623   31.045 0.30003
  3.0 320.0  0.5159090  0.8566434   31.058 0.30000
  3.0 325.0  0.5160777  0.8565418   31.070 0.29998
  3.0 330.0  0.5162150  0.8564590   31.079 0.29997
  3.0 335.0  0.5163181  0.8563969   31.086 0.29998
  3.0 340.0  0.5163844  0.8563569   31.090 0.30000
  3.0 345.0  0.5164119  0.8563404   31.092 0.30003
  3.0 350.0  0.5163976  0.8563490   31.091 0.30007
  3.0 355.0  0.5163404  0.8563835   31.087 0.30012
  3.0 360.0  0.5162389  0.8564446   31.080 0.30018
  5.0   0.0  0.5191822  0.8546636   31.277 0.30015
  5.0   5.0  0.5190076  0.8547696   31.266 0.30033
  5.0  10.0  0.5187449  0.8549291   31.248 0.30053
  5.0  15.0  0.5183936  0.8551422   31.225 0.30072
  5.0  20.0  0.5179535  0.8554088   31.195 0.30092
  5.0  25.0  0.5174263  0.8557278   31.160 0.30110
  5.0  30.0  0.5168154  0.8560969   31.119 0.30128
  5.0  35.0  0.5161256  0.8565129   31.073 0.30143
  5.0  40.0  0.5153634  0.8569717   31.022 0.30156
  5.0  45.0  0.5145452  0.8574632   30.967 0.30167
  5.0  50.0  0.5136646  0.8579911   30.908 0.30174
  5.0  55.0  0.5127455  0.8585406   30.847 0.30179
  5.0  60.0  0.5117848  0.8591137   30.783 0.30180
  5.0  65.0  0.5108025  0.8596981   30.717 0.30178
  5.0  70.0  0.5098114  0.8602862   30.651 0.30172
  5.0  75.0  0.5088242  0.8608704   30.586 0.30164
  5.0  80.0  0.5078540  0.8614432   30.521 0.30153
  5.0  85.0  0.5069129  0.8619973   30.458 0.30140
  5.0  90.0  0.5060141  0.8625252   30.399 0.30125
  5.0  95.0  0.5051679  0.8630211   30.343 0.30108
  5.0 100.0  0.5043849  0.8634789   30.291 0.30091
  5.0 105.0  0.5036748  0.8638934   30.243 0.30073
  5.0 110.0  0.5030447  0.8642604   30.202 0.30056
  5.0 115.0  0.5025014  0.8645764   30.166 0.30039
  5.0 120.0  0.5020495  0.8648389   30.136 0.30023
  5.0 125.0  0.5016921  0.8650463   30.112 0.30009
  5.0 130.0  0.5014307  0.8651978   30.095 0.29997
  5.0 135.0  0.5012652  0.8652937   30.084 0.29988
  5.0 140.0  0.5011796  0.8653433   30.078 0.29981
  5.0 145.0  0.5011991  0.8653320   30.079 0.29976
  5.0 150.0  0.5013048  0.8652708   30.086 0.29975
  5.0 155.0  0.5014911  0.8651628   30.099 0.29977
  5.0 160.0  0.5017515  0.8650118   30.116 0.29982
  5.0 165.0  0.5020784  0.8648221   30.138 0.29990
  5.0 170.0  0.5024643  0.8645980   30.163 0.30001
  5.0 175.0  0.5029001  0.8643445   30.192 0.30014
  5.0 180.0  0.5033785  0.8640660   30.224 0.30029
  5.0 185.0  0.5038913  0.8637671   30.258 0.30045
  5.0 190.0  0.5044301  0.8634525   30.294 0.30063
  5.0 195.0  0.5049885  0.8631260   30.331 0.30081
  5.0 200.0  0.5055599  0.8627915   30.369 0.30100
  5.0 205.0  0.5061384  0.8624523   30.407 0.30118
  5.0 210.0  0.5067194  0.8621111   30.446 0.30135
  5.0 215.0  0.5072989  0.8617701   30.484 0.30150
  5.0 220.0  0.5078741  0.8614313   30.522 0.30163
  5.0 225.0  0.5084514  0.8610907   30.561 0.30174
  5.0 230.0  0.5090207  0.8607543   30.599 0.30182
  5.0 235.0  0.5095735  0.8604271   30.635 0.30187
  5.0 240.0  0.5101180  0.8601044   30.672 0.30188
  5.0 245.0  0.5106549  0.8597858   30.707 0.30186
  5.0 250.0  0.5111849  0.8594707   30.743 0.30180
  5.0 255.0  0.5117092  0.8591587   30.778 0.30172
  5.0 260.0  0.5122288  0.8588490   30.812 0.30160
  5.0 265.0  0.5127445  0.8585413   30.847 0.30145
  5.0 270.0  0.5132538  0.8582369   30.881 0.30129
  5.0 275.0  0.5137672  0.8579297   30.915 0.30110
  5.0 280.0  0.5142742  0.8576258   30.949 0.30091
  5.0 285.0  0.5147771  0.8573240   30.983 0.30070
  5.0 290.0  0.5152747  0.8570251   31.016 0.30050
  5.0 295.0  0.5157646  0.8567304   31.049 0.30031
  5.0 300.0  0.5162437  0.8564417   31.081 0.30013
  5.0 305.0  0.5167083  0.8561615   31.112 0.29996
  5.0 310.0  0.5171536  0.8558926   31.142 0.29982
  5.0 315.0  0.5175662  0.8556432   31.169 0.29971
  5.0 320.0  0.5179490  0.8554115   31.195 0.29963
  5.0 325.0  0.5183027  0.8551972   31.218 0.29958
  5.0 330.0  0.5186129  0.8550091   31.239 0.29956
  5.0 335.0  0.5188726  0.8548516   31.257 0.29958
  5.0 340.0  0.5190749  0.8547287   31.270 0.29964
  5.0 345.0  0.5192130  0.8546449   31.279 0.29973
  5.0 350.0  0.5192810  0.8546036   31.284 0.29985
  5.0 355.0  0.5192720  0.8546090   31.283 0.29999
  5.0 360.0  0.5191822  0.8546636   31.277 0.30015
  7.0   0.0  0.5219895  0.8529519   31.466 0.30011
  7.0   5.0  0.5218412  0.8530427   31.456 0.30046
  7.0  10.0  0.5215534  0.8532186   31.437 0.30084
  7.0  15.0  0.5211218  0.8534823   31.408 0.30122
  7.0  20.0  0.5205448  0.8538344   31.369 0.30160
  7.0  25.0  0.5198236  0.8542736   31.320 0.30197
  7.0  30.0  0.5189714  0.8547916   31.263 0.30231
  7.0  35.0  0.5179803  0.8553926   31.197 0.30261
  7.0  40.0  0.5168667  0.8560659   31.122 0.30287
  7.0  45.0  0.5156433  0.8568034   31.040 0.30307
  7.0  50.0  0.5143253  0.8575952   30.952 0.30322
  7.0  55.0  0.5129300  0.8584305   30.859 0.30330
  7.0  60.0  0.5114764  0.8592973   30.762 0.30332
  7.0  65.0  0.5099924  0.8601789   30.663 0.30327
  7.0  70.0  0.5084826  0.8610723   30.563 0.30317
  7.0  75.0  0.5069788  0.8619585   30.463 0.30301
  7.0  80.0  0.5055031  0.8628248   30.365 0.30279
  7.0  85.0  0.5040767  0.8636589   30.270 0.30254
  7.0  90.0  0.5027202  0.8644492   30.180 0.30225
  7.0  95.0  0.5014526  0.8651851   30.096 0.30193
  7.0 100.0  0.5002913  0.8658572   30.019 0.30160
  7.0 105.0  0.4992511  0.8664574   29.950 0.30126
  7.0 110.0  0.4983445  0.8669791   29.891 0.30092
  7.0 115.0  0.4975816  0.8674172   29.840 0.30060
  7.0 120.0  0.4969690  0.8677683   29.800 0.30030
  7.0 125.0  0.4965023  0.8680354   29.769 0.30003
  7.0 130.0  0.4961969  0.8682100   29.749 0.29980
  7.0 135.0  0.4960448  0.8682970   29.739 0.29962
  7.0 140.0  0.4960409  0.8682991   29.738 0.29948
  7.0 145.0  0.4961781  0.8682208   29.747 0.29939
  7.0 150.0  0.4964399  0.8680711   29.765 0.29937
  7.0 155.0  0.4968299  0.8678479   29.790 0.29939
  7.0 160.0  0.4973258  0.8675638   29.823 0.29948
  7.0 165.0  0.4979132  0.8672269   29.862 0.29962
  7.0 170.0  0.4985768  0.8668455   29.906 0.29981
  7.0 175.0  0.4993014  0.8664284   29.954 0.30005
  7.0 180.0  0.5000714  0.8659842   30.005 0.30034
  7.0 185.0  0.5008726  0.8655210   30.058 0.30065
  7.0 190.0  0.5016916  0.8650466   30.112 0.30099
  7.0 195.0  0.5025161  0.8645678   30.167 0.30134
  7.0 200.0  0.5033359  0.8640908   30.221 0.30170
  7.0 205.0  0.5041426  0.8636205   30.274 0.30205
  7.0 210.0  0.5049380  0.8631556   30.327 0.30238
  7.0 215.0  0.5057033  0.8627075   30.378 0.30269
  7.0 220.0  0.5064418  0.8622741   30.427 0.30295
  7.0 225.0  0.5071530  0.8618561   30.474 0.30317
  7.0 230.0  0.5078375  0.8614529   30.520 0.30333
  7.0 235.0  0.5084977  0.8610633   30.564 0.30343
  7.0 240.0  0.5091369  0.8606855   30.606 0.30346
  7.0 245.0  0.5097656  0.8603133   30.648 0.30343
  7.0 250.0  0.5103741  0.8599525   30.689 0.30332
  7.0 255.0  0.5109760  0.8595950   30.729 0.30316
  7.0 260.0  0.5115764  0.8592378   30.769 0.30293
  7.0 265.0  0.5121796  0.8588784   30.809 0.30265
  7.0 270.0  0.5127906  0.8585137   30.850 0.30232
  7.0 275.0  0.5134115  0.8581426   30.891 0.30196
  7.0 280.0  0.5140452  0.8577631   30.934 0.30158
  7.0 285.0  0.5146919  0.8573752   30.977 0.30118
  7.0 290.0  0.5153514  0.8569790   31.021 0.30079
  7.0 295.0  0.5160214  0.8565757   31.066 0.30041
  7.0 300.0  0.5166903  0.8561724   31.111 0.30005
  7.0 305.0  0.5173657  0.8557644   31.156 0.29973
  7.0 310.0  0.5180351  0.8553594   31.201 0.29945
  7.0 315.0  0.5186899  0.8549624   31.244 0.29923
  7.0 320.0  0.5193200  0.8545798   31.287 0.29907
  7.0 325.0  0.5199142  0.8542185   31.326 0.29898
  7.0 330.0  0.5204529  0.8538904   31.363 0.29895
  7.0 335.0  0.5209396  0.8535935   31.395 0.29899
  7.0 340.0  0.5213512  0.8533422   31.423 0.29910
  7.0 345.0  0.5216745  0.8531446   31.445 0.29927
  7.0 350.0  0.5218963  0.8530089   31.460 0.29950
  7.0 355.0  0.5220050  0.8529424   31.467 0.29979
  7.0 360.0  0.5219895  0.8529519   31.466 0.30011
  9.0   0.0  0.5246699  0.8513058   31.646 0.30003
  9.0   5.0  0.5246005  0.8513485   31.641 0.30062
  9.0  10.0  0.5243293  0.8515156   31.623 0.30124
  9.0  15.0  0.5238475  0.8518121   31.591 0.30187
  9.0  20.0  0.5231511  0.8522400   31.544 0.30250
  9.0  25.0  0.5222510  0.8527918   31.483 0.30310
  9.0  30.0  0.5211352  0.8534741   31.408 0.30366
  9.0  35.0  0.5198207  0.8542754   31.320 0.30416
  9.0  40.0  0.5183220  0.8551855   31.220 0.30459
  9.0  45.0  0.5166580  0.8561919   31.108 0.30492
  9.0  50.0  0.5148513  0.8572795   30.988 0.30516
  9.0  55.0  0.5129282  0.8584315   30.859 0.30529
  9.0  60.0  0.5109175  0.8596297   30.725 0.30532
  9.0  65.0  0.5088505  0.8608549   30.587 0.30525
  9.0  70.0  0.5067596  0.8620874   30.448 0.30507
  9.0  75.0  0.5046829  0.8633048   30.310 0.30481
  9.0  80.0  0.5026413  0.8644951   30.175 0.30446
  9.0  85.0  0.5006751  0.8656353   30.045 0.30404
  9.0  90.0  0.4988148  0.8667086   29.922 0.30357
  9.0  95.0  0.4970890  0.8676996   29.808 0.30306
  9.0 100.0  0.4955229  0.8685949   29.704 0.30253
  9.0 105.0  0.4941381  0.8693834   29.613 0.30199
  9.0 110.0  0.4929527  0.8700561   29.535 0.30145
  9.0 115.0  0.4919801  0.8706064   29.471 0.30094
  9.0 120.0  0.4912189  0.8710362   29.421 0.30046
  9.0 125.0  0.4906904  0.8713340   29.386 0.30003
  9.0 130.0  0.4903872  0.8715047   29.366 0.29965
  9.0 135.0  0.4903041  0.8715514   29.361 0.29935
  9.0 140.0  0.4904318  0.8714796   29.369 0.29912
  9.0 145.0  0.4907570  0.8712965   29.390 0.29898
  9.0 150.0  0.4912626  0.8710115   29.424 0.29892
  9.0 155.0  0.4919214  0.8706396   29.467 0.29895
  9.0 160.0  0.4927283  0.8701832   29.520 0.29907
  9.0 165.0  0.4936488  0.8696614   29.581 0.29928
  9.0 170.0  0.4946578  0.8690878   29.647 0.29958
  9.0 175.0  0.4957306  0.8684763   29.718 0.29995
  9.0 180.0  0.4968426  0.8678407   29.791 0.30039
  9.0 185.0  0.4979713  0.8671935   29.866 0.30089
  9.0 190.0  0.4990961  0.8665467   29.940 0.30144
  9.0 195.0  0.5001991  0.8659104   30.013 0.30201
  9.0 200.0  0.5012656  0.8652935   30.084 0.30259
  9.0 205.0  0.5022947  0.8646965   30.152 0.30316
  9.0 210.0  0.5032620  0.8641338   30.216 0.30371
  9.0 215.0  0.5041704  0.8636042   30.276 0.30422
  9.0 220.0  0.5050189  0.8631083   30.333 0.30466
  9.0 225.0  0.5058097  0.8626451   30.385 0.30503
  9.0 230.0  0.5065479  0.8622118   30.434 0.30531
  9.0 235.0  0.5072405  0.8618046   30.480 0.30548
  9.0 240.0  0.5078964  0.8614182   30.524 0.30555
  9.0 245.0  0.5085256  0.8610469   30.566 0.30550
  9.0 250.0  0.5091460  0.8606802   30.607 0.30534
  9.0 255.0  0.5097514  0.8603218   30.647 0.30508
  9.0 260.0  0.5103630  0.8599591   30.688 0.30471
  9.0 265.0  0.5109908  0.8595862   30.730 0.30425
  9.0 270.0  0.5116435  0.8591978   30.773 0.30372
  9.0 275.0  0.5123281  0.8587898   30.819 0.30312
  9.0 280.0  0.5130507  0.8583583   30.867 0.30249
  9.0 285.0  0.5138139  0.8579017   30.918 0.30184
  9.0 290.0  0.5146188  0.8574191   30.972 0.30118
  9.0 295.0  0.5154551  0.8569166   31.028 0.30055
  9.0 300.0  0.5163325  0.8563882   31.087 0.29996
  9.0 305.0  0.5172383  0.8558414   31.147 0.29943
  9.0 310.0  0.5181626  0.8552821   31.209 0.29897
  9.0 315.0  0.5190931  0.8547177   31.271 0.29861
  9.0 320.0  0.5200144  0.8541575   31.333 0.29834
  9.0 325.0  0.5209091  0.8536122   31.393 0.29818
  9.0 330.0  0.5217575  0.8530938   31.450 0.29813
  9.0 335.0  0.5225386  0.8526156   31.503 0.29820
  9.0 340.0  0.5232253  0.8521944   31.549 0.29838
  9.0 345.0  0.5238078  0.8518365   31.588 0.29866
  9.0 350.0  0.5242562  0.8515606   31.618 0.29904
  9.0 355.0  0.5245499  0.8513797   31.638 0.29950
  9.0 360.0  0.5246699  0.8513058   31.646 0.30003
 11.0   0.0  0.5272451  0.8497132   31.820 0.29991
 11.0   5.0  0.5273034  0.8496771   31.823 0.30078
 11.0  10.0  0.5270861  0.8498119   31.809 0.30169
 11.0  15.0  0.5265788  0.8501263   31.775 0.30264
 11.0  20.0  0.5257850  0.8506175   31.721 0.30357
 11.0  25.0  0.5246877  0.8512948   31.647 0.30448
 11.0  30.0  0.5232997  0.8521487   31.554 0.30531
 11.0  35.0  0.5216345  0.8531690   31.442 0.30606
 11.0  40.0  0.5197125  0.8543412   31.313 0.30669
 11.0  45.0  0.5175602  0.8556468   31.169 0.30719
 11.0  50.0  0.5152096  0.8570642   31.011 0.30754
 11.0  55.0  0.5126981  0.8585690   30.844 0.30774
 11.0  60.0  0.5100665  0.8601350   30.668 0.30778
 11.0  65.0  0.5073588  0.8617349   30.488 0.30767
 11.0  70.0  0.5046211  0.8633409   30.306 0.30741
 11.0  75.0  0.5019072  0.8649215   30.126 0.30702
 11.0  80.0  0.4992453  0.8664607   29.950 0.30651
 11.0  85.0  0.4966925  0.8679266   29.781 0.30591
 11.0  90.0  0.4942909  0.8692965   29.623 0.30522
 11.0  95.0  0.4920799  0.8705500   29.477 0.30448
 11.0 100.0  0.4900936  0.8716698   29.347 0.30371
 11.0 105.0  0.4883611  0.8726416   29.233 0.30293
 11.0 110.0  0.4869058  0.8734545   29.137 0.30217
 11.0 115.0  0.4857343  0.8741065   29.061 0.30143
 11.0 120.0  0.4848734  0.8745843   29.004 0.30074
 11.0 125.0  0.4843204  0.8748907   28.968 0.30012
 11.0 130.0  0.4840723  0.8750280   28.952 0.29958
 11.0 135.0  0.4841198  0.8750017   28.955 0.29913
 11.0 140.0  0.4844473  0.8748204   28.976 0.29879
 11.0 145.0  0.4850336  0.8744955   29.015 0.29856
 11.0 150.0  0.4858523  0.8740409   29.068 0.29846
 11.0 155.0  0.4868728  0.8734729   29.135 0.29848
 11.0 160.0  0.4880548  0.8728130   29.213 0.29863
 11.0 165.0  0.4893787  0.8720714   29.300 0.29891
 11.0 170.0  0.4907967  0.8712741   29.393 0.29931
 11.0 175.0  0.4922723  0.8704412   29.490 0.29983
 11.0 180.0  0.4937696  0.8695928   29.589 0.30045
 11.0 185.0  0.4952561  0.8687470   29.687 0.30116
 11.0 190.0  0.4967030  0.8679206   29.782 0.30194
 11.0 195.0  0.4980859  0.8671277   29.873 0.30277
 11.0 200.0  0.4993956  0.8663741   29.960 0.30363
 11.0 205.0  0.5006035  0.8656767   30.040 0.30448
 11.0 210.0  0.5017077  0.8650372   30.113 0.30530
 11.0 215.0  0.5027059  0.8644575   30.179 0.30606
 11.0 220.0  0.5036009  0.8639364   30.239 0.30674
 11.0 225.0  0.5044003  0.8634699   30.292 0.30730
 11.0 230.0  0.5051153  0.8630518   30.339 0.30773
 11.0 235.0  0.5057605  0.8626740   30.382 0.30801
 11.0 240.0  0.5063523  0.8623267   30.421 0.30813
 11.0 245.0  0.5069087  0.8619997   30.458 0.30808
 11.0 250.0  0.5074484  0.8616822   30.494 0.30786
 11.0 255.0  0.5079960  0.8613594   30.530 0.30747
 11.0 260.0  0.5085531  0.8610306   30.567 0.30693
 11.0 265.0  0.5091467  0.8606797   30.607 0.30626
 11.0 270.0  0.5097913  0.8602981   30.650 0.30546
 11.0 275.0  0.5104984  0.8598787   30.697 0.30458
 11.0 280.0  0.5112785  0.8594151   30.749 0.30364
 11.0 285.0  0.5121368  0.8589039   30.806 0.30267
 11.0 290.0  0.5130683  0.8583478   30.868 0.30170
 11.0 295.0  0.5140842  0.8577397   30.936 0.30076
 11.0 300.0  0.5151754  0.8570848   31.009 0.29988
 11.0 305.0  0.5163334  0.8563877   31.087 0.29909
 11.0 310.0  0.5175454  0.8556557   31.168 0.29841
 11.0 315.0  0.5187945  0.8548990   31.251 0.29786
 11.0 320.0  0.5200594  0.8541301   31.336 0.29745
 11.0 325.0  0.5213152  0.8533642   31.421 0.29721
 11.0 330.0  0.5225334  0.8526188   31.502 0.29713
 11.0 335.0  0.5236830  0.8519132   31.580 0.29722
 11.0 340.0  0.5247310  0.8512681   31.650 0.29748
 11.0 345.0  0.5256397  0.8507073   31.711 0.29789
 11.0 350.0  0.5263861  0.8502456   31.762 0.29844
 11.0 355.0  0.5269312  0.8499079   31.798 0.29912
 11.0 360.0  0.5272451  0.8497132   31.820 0.29991
 13.0   0.0  0.5297495  0.8481541   31.989 0.29972
 13.0   5.0  0.5299794  0.8480105   32.004 0.30092
 13.0  10.0  0.5298471  0.8480932   31.995 0.30219
 13.0  15.0  0.5293407  0.8484093   31.961 0.30349
 13.0  20.0  0.5284371  0.8489725   31.900 0.30480
 13.0  25.0  0.5271390  0.8497790   31.812 0.30605
 13.0  30.0  0.5254551  0.8508213   31.699 0.30722
 13.0  35.0  0.5234036  0.8520849   31.561 0.30826
 13.0  40.0  0.5210122  0.8535493   31.400 0.30914
 13.0  45.0  0.5183170  0.8551886   31.219 0.30984
 13.0  50.0  0.5153620  0.8569726   31.022 0.31033
 13.0  55.0  0.5121976  0.8588676   30.810 0.31061
 13.0  60.0  0.5088792  0.8608379   30.589 0.31067
 13.0  65.0  0.5054663  0.8628463   30.362 0.31052
 13.0  70.0  0.5020206  0.8648557   30.134 0.31017
 13.0  75.0  0.4986044  0.8668297   29.908 0.30963
 13.0  80.0  0.4952846  0.8687308   29.689 0.30894
 13.0  85.0  0.4921071  0.8705346   29.479 0.30812
 13.0  90.0  0.4891375  0.8722067   29.284 0.30720
 13.0  95.0  0.4864265  0.8737215   29.106 0.30620
 13.0 100.0  0.4840182  0.8750579   28.948 0.30517
 13.0 105.0  0.4819488  0.8761994   28.813 0.30413
 13.0 110.0  0.4802381  0.8771382   28.701 0.30310
 13.0 115.0  0.4789187  0.8778593   28.615 0.30212
 13.0 120.0  0.4779968  0.8783616   28.555 0.30120
 13.0 125.0  0.4774745  0.8786456   28.521 0.30037
 13.0 130.0  0.4773451  0.8787159   28.512 0.29964
 13.0 135.0  0.4775930  0.8785812   28.528 0.29902
 13.0 140.0  0.4781948  0.8782538   28.568 0.29854
 13.0 145.0  0.4791193  0.8777498   28.628 0.29821
 13.0 150.0  0.4803289  0.8770885   28.707 0.29804
 13.0 155.0  0.4817804  0.8762920   28.802 0.29802
 13.0 160.0  0.4834263  0.8753850   28.909 0.29818
 13.0 165.0  0.4852115  0.8743968   29.026 0.29851
 13.0 170.0  0.4870969  0.8733479   29.150 0.29902
 13.0 175.0  0.4890227  0.8722711   29.276 0.29968
 13.0 180.0  0.4909402  0.8711933   29.402 0.30049
 13.0 185.0  0.4928050  0.8701398   29.525 0.30143
 13.0 190.0  0.4945788  0.8691328   29.642 0.30248
 13.0 195.0  0.4962382  0.8681864   29.751 0.30361
 13.0 200.0  0.4977491  0.8673211   29.851 0.30478
 13.0 205.0  0.4991003  0.8665442   29.940 0.30596
 13.0 210.0  0.5002855  0.8658605   30.019 0.30711
 13.0 215.0  0.5013063  0.8652699   30.086 0.30818
 13.0 220.0  0.5021718  0.8647679   30.144 0.30914
 13.0 225.0  0.5028972  0.8643462   30.192 0.30995
 13.0 230.0  0.5035032  0.8639934   30.232 0.31057
 13.0 235.0  0.5040140  0.8636955   30.266 0.31099
 13.0 240.0  0.5044565  0.8634371   30.295 0.31118
 13.0 245.0  0.5048588  0.8632019   30.322 0.31114
 13.0 250.0  0.5052490  0.8629736   30.348 0.31085
 13.0 255.0  0.5056544  0.8627361   30.375 0.31033
 13.0 260.0  0.5061051  0.8624718   30.405 0.30959
 13.0 265.0  0.5066124  0.8621739   30.438 0.30867
 13.0 270.0  0.5072061  0.8618248   30.478 0.30757
 13.0 275.0  0.5079033  0.8614141   30.524 0.30636
 13.0 280.0  0.5087172  0.8609337   30.578 0.30505
 13.0 285.0  0.5096573  0.8603775   30.641 0.30371
 13.0 290.0  0.5107175  0.8597486   30.712 0.30236
 13.0 295.0  0.5119140  0.8590367   30.791 0.30105
 13.0 300.0  0.5132359  0.8582476   30.880 0.29983
 13.0 305.0  0.5146733  0.8573864   30.976 0.29873
 13.0 310.0  0.5162101  0.8564620   31.078 0.29778
 13.0 315.0  0.5178245  0.8554869   31.186 0.29701
 13.0 320.0  0.5194886  0.8544774   31.298 0.29644
 13.0 325.0  0.5211687  0.8534537   31.411 0.29609
 13.0 330.0  0.5228262  0.8524393   31.522 0.29597
 13.0 335.0  0.5244177  0.8514611   31.629 0.29608
 13.0 340.0  0.5258971  0.8505482   31.729 0.29641
 13.0 345.0  0.5272110  0.8497344   31.817 0.29697
 13.0 350.0  0.5283261  0.8490415   31.892 0.29772
 13.0 355.0  0.5291866  0.8485055   31.951 0.29865
 13.0 360.0  0.5297495  0.8481541   31.989 0.29972
 15.0   0.0  0.5322295  0.8466001   32.156 0.29946
 15.0   5.0  0.5326687  0.8463239   32.186 0.30102
 15.0  10.0  0.5326447  0.8463389   32.184 0.30268
 15.0  15.0  0.5321415  0.8466555   32.150 0.30440
 15.0  20.0  0.5311279  0.8472917   32.082 0.30613
 15.0  25.0  0.5296080  0.8482425   31.979 0.30779
 15.0  30.0  0.5275937  0.8494968   31.843 0.30934
 15.0  35.0  0.5251097  0.8510345   31.676 0.31073
 15.0  40.0  0.5221932  0.8528272   31.479 0.31191
 15.0  45.0  0.5188925  0.8548395   31.258 0.31284
 15.0  50.0  0.5152657  0.8570305   31.015 0.31350
 15.0  55.0  0.5113790  0.8593553   30.756 0.31388
 15.0  60.0  0.5073053  0.8617664   30.485 0.31397
 15.0  65.0  0.5031219  0.8642154   30.207 0.31377
 15.0  70.0  0.4989090  0.8666544   29.928 0.31332
 15.0  75.0  0.4947471  0.8690370   29.653 0.31262
 15.0  80.0  0.4907221  0.8713162   29.388 0.31173
 15.0  85.0  0.4868918  0.8734623   29.136 0.31067
 15.0  90.0  0.4833395  0.8754330   28.904 0.30949
 15.0  95.0  0.4801286  0.8771981   28.694 0.30823
 15.0 100.0  0.4773122  0.8787338   28.510 0.30692
 15.0 105.0  0.4749339  0.8800215   28.355 0.30560
 15.0 110.0  0.4730152  0.8810543   28.230 0.30430
 15.0 115.0  0.4715935  0.8818161   28.138 0.30306
 15.0 120.0  0.4706726  0.8823080   28.078 0.30189
 15.0 125.0  0.4702508  0.8825328   28.051 0.30083
 15.0 130.0  0.4703154  0.8824984   28.055 0.29989
 15.0 135.0  0.4708429  0.8822171   28.089 0.29908
 15.0 140.0  0.4717999  0.8817057   28.151 0.29844
 15.0 145.0  0.4731438  0.8809852   28.239 0.29797
 15.0 150.0  0.4748238  0.8800809   28.348 0.29769
 15.0 155.0  0.4767820  0.8790216   28.475 0.29762
 15.0 160.0  0.4789551  0.8778394   28.617 0.29776
 15.0 165.0  0.4812700  0.8765724   28.768 0.29811
 15.0 170.0  0.4836746  0.8752479   28.926 0.29870
 15.0 175.0  0.4860899  0.8739088   29.084 0.29949
 15.0 180.0  0.4884523  0.8725906   29.239 0.30049
 15.0 185.0  0.4907038  0.8713265   29.387 0.30168
 15.0 190.0  0.4927956  0.8701451   29.524 0.30302
 15.0 195.0  0.4946997  0.8690640   29.650 0.30447
 15.0 200.0  0.4963747  0.8681084   29.760 0.30600
 15.0 205.0  0.4978108  0.8672857   29.855 0.30756
 15.0 210.0  0.4990050  0.8665991   29.934 0.30908
 15.0 215.0  0.4999656  0.8660453   29.998 0.31052
 15.0 220.0  0.5007109  0.8656146   30.047 0.31182
 15.0 225.0  0.5012675  0.8652924   30.084 0.31293
 15.0 230.0  0.5016683  0.8650601   30.110 0.31380
 15.0 235.0  0.5019505  0.8648964   30.129 0.31439
 15.0 240.0  0.5021539  0.8647783   30.143 0.31468
 15.0 245.0  0.5023188  0.8646825   30.154 0.31466
 15.0 250.0  0.5024847  0.8645861   30.165 0.31431
 15.0 255.0  0.5026891  0.8644672   30.178 0.31365
 15.0 260.0  0.5029723  0.8643025   30.197 0.31270
 15.0 265.0  0.5033490  0.8640832   30.222 0.31148
 15.0 270.0  0.5038580  0.8637865   30.256 0.31005
 15.0 275.0  0.5045215  0.8633991   30.300 0.30845
 15.0 280.0  0.5053565  0.8629107   30.355 0.30674
 15.0 285.0  0.5063672  0.8623180   30.422 0.30496
 15.0 290.0  0.5075698  0.8616106   30.502 0.30319
 15.0 295.0  0.5089623  0.8607888   30.595 0.30147
 15.0 300.0  0.5105398  0.8598541   30.700 0.29986
 15.0 305.0  0.5122903  0.8588123   30.817 0.29840
 15.0 310.0  0.5141948  0.8576734   30.944 0.29714
 15.0 315.0  0.5162261  0.8564523   31.079 0.29611
 15.0 320.0  0.5183490  0.8551692   31.222 0.29535
 15.0 325.0  0.5205202  0.8538494   31.367 0.29487
 15.0 330.0  0.5226888  0.8525236   31.513 0.29468
 15.0 335.0  0.5247975  0.8512271   31.655 0.29480
 15.0 340.0  0.5267844  0.8499989   31.788 0.29521
 15.0 345.0  0.5285773  0.8488852   31.909 0.29590
 15.0 350.0  0.5301301  0.8479163   32.014 0.29686
 15.0 355.0  0.5313667  0.8471419   32.098 0.29806
 15.0 360.0  0.5322295  0.8466001   32.156 0.29946
