  3.0   0.0  0.9912595  0.1319268   82.419 0.22150
  3.0   5.0  0.9916317  0.1290990   82.582 0.22296
  3.0  10.0  0.9920358  0.1259565   82.764 0.22445
  3.0  15.0  0.9924645  0.1225325   82.962 0.22595
  3.0  20.0  0.9929109  0.1188613   83.174 0.22745
  3.0  25.0  0.9933681  0.1149777   83.398 0.22894
  3.0  30.0  0.9938297  0.1109170   83.632 0.23041
  3.0  35.0  0.9942904  0.1067079   83.874 0.23185
  3.0  40.0  0.9947430  0.1024031   84.122 0.23325
  3.0  45.0  0.9951847  0.0980177   84.375 0.23460
  3.0  50.0  0.9956108  0.0935899   84.630 0.23589
  3.0  55.0  0.9960182  0.0891505   84.885 0.23711
  3.0  60.0  0.9964041  0.0847284   85.140 0.23824
  3.0  65.0  0.9967666  0.0803510   85.391 0.23928
  3.0  70.0  0.9971045  0.0760440   85.639 0.24021
  3.0  75.0  0.9974168  0.0718312   85.881 0.24104
  3.0  80.0  0.9977033  0.0677350   86.116 0.24175
  3.0  85.0  0.9979642  0.0637761   86.343 0.24233
  3.0  90.0  0.9981999  0.0599742   86.562 0.24277
  3.0  95.0  0.9984113  0.0563466   86.770 0.24308
  3.0 100.0  0.9985992  0.0529114   86.967 0.24325
  3.0 105.0  0.9987650  0.0496845   87.152 0.24327
  3.0 110.0  0.9989098  0.0466818   87.324 0.24314
  3.0 115.0  0.9990351  0.0439183   87.483 0.24287
  3.0 120.0  0.9991423  0.0414088   87.627 0.24245
  3.0 125.0  0.9992326  0.0391680   87.755 0.24189
  3.0 130.0  0.9993075  0.0372099   87.868 0.24118
  3.0 135.0  0.9993679  0.0355487   87.963 0.24034
  3.0 140.0  0.9994151  0.0341981   88.040 0.23938
  3.0 145.0  0.9994497  0.0331713   88.099 0.23829
  3.0 150.0  0.9994723  0.0324811   88.139 0.23709
  3.0 155.0  0.9994834  0.0321393   88.158 0.23579
  3.0 160.0  0.9994828  0.0321568   88.157 0.23440
  3.0 165.0  0.9994703  0.0325429   88.135 0.23293
  3.0 170.0  0.9994452  0.0333052   88.091 0.23140
  3.0 175.0  0.9994064  0.0344492   88.026 0.22982
  3.0 180.0  0.9993526  0.0359779   87.938 0.22820
  3.0 185.0  0.9992819  0.0378911   87.828 0.22656
  3.0 190.0  0.9991922  0.0401856   87.697 0.22492
  3.0 195.0  0.9990813  0.0428542   87.544 0.22328
  3.0 200.0  0.9989467  0.0458859   87.370 0.22166
  3.0 205.0  0.9987857  0.0492655   87.176 0.22008
  3.0 210.0  0.9985959  0.0529733   86.963 0.21855
  3.0 215.0  0.9983750  0.0569854   86.733 0.21708
  3.0 220.0  0.9981210  0.0612732   86.487 0.21568
  3.0 225.0  0.9978326  0.0658041   86.227 0.21437
  3.0 230.0  0.9975088  0.0705415   85.955 0.21315
  3.0 235.0  0.9971500  0.0754451   85.673 0.21203
  3.0 240.0  0.9967569  0.0804714   85.384 0.21102
  3.0 245.0  0.9963318  0.0855746   85.091 0.21013
  3.0 250.0  0.9958777  0.0907066   84.796 0.20935
  3.0 255.0  0.9953989  0.0958182   84.502 0.20870
  3.0 260.0  0.9949007  0.1008597   84.211 0.20818
  3.0 265.0  0.9943894  0.1057815   83.928 0.20778
  3.0 270.0  0.9938722  0.1105351   83.654 0.20752
  3.0 275.0  0.9933570  0.1150732   83.392 0.20738
  3.0 280.0  0.9928521  0.1193513   83.145 0.20737
  3.0 285.0  0.9923660  0.1233277   82.916 0.20749
  3.0 290.0  0.9919073  0.1269642   82.706 0.20773
  3.0 295.0  0.9914843  0.1302266   82.517 0.20809
  3.0 300.0  0.9911046  0.1330852   82.352 0.20857
  3.0 305.0  0.9907753  0.1355149   82.212 0.20916
  3.0 310.0  0.9905023  0.1374960   82.097 0.20986
  3.0 315.0  0.9902905  0.1390137   82.009 0.21067
  3.0 320.0  0.9901432  0.1400585   81.949 0.21157
  3.0 325.0  0.9900628  0.1406262   81.916 0.21256
  3.0 330.0  0.9900497  0.1407180   81.911 0.21364
  3.0 335.0  0.9901034  0.1403398   81.932 0.21480
  3.0 340.0  0.9902217  0.1395027   81.981 0.21602
  3.0 345.0  0.9904013  0.1382215   82.055 0.21732
  3.0 350.0  0.9906379  0.1365158   82.154 0.21866
  3.0 355.0  0.9909260  0.1344088   82.276 0.22006
  3.0 360.0  0.9912595  0.1319268   82.419 0.22150
  5.0   0.0  0.9864609  0.1639964   80.561 0.22031
  5.0   5.0  0.9873034  0.1588457   80.860 0.22264
  5.0  10.0  0.9881943  0.1532058   81.187 0.22502
  5.0  15.0  0.9891150  0.1471444   81.539 0.22743
  5.0  20.0  0.9900493  0.1407207   81.910 0.22986
  5.0  25.0  0.9909773  0.1340299   82.297 0.23228
  5.0  30.0  0.9918884  0.1271116   82.697 0.23469
  5.0  35.0  0.9927692  0.1200388   83.106 0.23706
  5.0  40.0  0.9936095  0.1128724   83.519 0.23938
  5.0  45.0  0.9944013  0.1056691   83.934 0.24163
  5.0  50.0  0.9951389  0.0984810   84.348 0.24379
  5.0  55.0  0.9958184  0.0913551   84.758 0.24585
  5.0  60.0  0.9964376  0.0843333   85.162 0.24778
  5.0  65.0  0.9969960  0.0774526   85.558 0.24957
  5.0  70.0  0.9974945  0.0707447   85.943 0.25119
  5.0  75.0  0.9979347  0.0642368   86.317 0.25264
  5.0  80.0  0.9983194  0.0579522   86.678 0.25389
  5.0  85.0  0.9986517  0.0519104   87.024 0.25494
  5.0  90.0  0.9989355  0.0461286   87.356 0.25577
  5.0  95.0  0.9991746  0.0406205   87.672 0.25636
  5.0 100.0  0.9993732  0.0354004   87.971 0.25671
  5.0 105.0  0.9995354  0.0304807   88.253 0.25682
  5.0 110.0  0.9996652  0.0258742   88.517 0.25667
  5.0 115.0  0.9997668  0.0215945   88.763 0.25627
  5.0 120.0  0.9998441  0.0176564   88.988 0.25560
  5.0 125.0  0.9999009  0.0140766   89.193 0.25469
  5.0 130.0  0.9999409  0.0108736   89.377 0.25353
  5.0 135.0  0.9999674  0.0080685   89.538 0.25213
  5.0 140.0  0.9999838  0.0056845   89.674 0.25050
  5.0 145.0  0.9999930  0.0037468   89.785 0.24866
  5.0 150.0  0.9999974  0.0022827   89.869 0.24661
  5.0 155.0  0.9999991  0.0013209   89.924 0.24438
  5.0 160.0  0.9999996  0.0008905   89.949 0.24200
  5.0 165.0  0.9999995  0.0010210   89.942 0.23947
  5.0 170.0  0.9999985  0.0017404   89.900 0.23683
  5.0 175.0  0.9999953  0.0030751   89.824 0.23411
  5.0 180.0  0.9999873  0.0050477   89.711 0.23132
  5.0 185.0  0.9999705  0.0076767   89.560 0.22850
  5.0 190.0  0.9999398  0.0109744   89.371 0.22568
  5.0 195.0  0.9998883  0.0149463   89.144 0.22288
  5.0 200.0  0.9998081  0.0195896   88.878 0.22013
  5.0 205.0  0.9996902  0.0248918   88.574 0.21745
  5.0 210.0  0.9995246  0.0308309   88.233 0.21487
  5.0 215.0  0.9993014  0.0373736   87.858 0.21242
  5.0 220.0  0.9990104  0.0444761   87.451 0.21011
  5.0 225.0  0.9986427  0.0520836   87.014 0.20796
  5.0 230.0  0.9981905  0.0601310   86.553 0.20598
  5.0 235.0  0.9976481  0.0685438   86.070 0.20419
  5.0 240.0  0.9970126  0.0772391   85.570 0.20260
  5.0 245.0  0.9962842  0.0861272   85.059 0.20121
  5.0 250.0  0.9954665  0.0951132   84.542 0.20003
  5.0 255.0  0.9945669  0.1040989   84.025 0.19907
  5.0 260.0  0.9935967  0.1129848   83.513 0.19831
  5.0 265.0  0.9925704  0.1216714   83.011 0.19777
  5.0 270.0  0.9915058  0.1300628   82.527 0.19744
  5.0 275.0  0.9904235  0.1380628   82.064 0.19732
  5.0 280.0  0.9893455  0.1455867   81.629 0.19739
  5.0 285.0  0.9882954  0.1525523   81.225 0.19767
  5.0 290.0  0.9872968  0.1588868   80.858 0.19813
  5.0 295.0  0.9863728  0.1645259   80.530 0.19878
  5.0 300.0  0.9855448  0.1694151   80.246 0.19960
  5.0 305.0  0.9848321  0.1735100   80.008 0.20060
  5.0 310.0  0.9842509  0.1767770   79.818 0.20176
  5.0 315.0  0.9838139  0.1791931   79.677 0.20307
  5.0 320.0  0.9835297  0.1807464   79.587 0.20452
  5.0 325.0  0.9834029  0.1814354   79.547 0.20611
  5.0 330.0  0.9834333  0.1812706   79.556 0.20783
  5.0 335.0  0.9836174  0.1802685   79.615 0.20967
  5.0 340.0  0.9839474  0.1784587   79.720 0.21162
  5.0 345.0  0.9844119  0.1758784   79.870 0.21367
  5.0 350.0  0.9849968  0.1725725   80.063 0.21581
  5.0 355.0  0.9856858  0.1685927   80.294 0.21802
  5.0 360.0  0.9864609  0.1639964   80.561 0.22031
  7.0   0.0  0.9806947  0.1955451   78.723 0.21972
  7.0   5.0  0.9822106  0.1877828   79.177 0.22285
  7.0  10.0  0.9837798  0.1793805   79.666 0.22604
  7.0  15.0  0.9853665  0.1704489   80.186 0.22928
  7.0  20.0  0.9869382  0.1610991   80.729 0.23256
  7.0  25.0  0.9884665  0.1514399   81.290 0.23586
  7.0  30.0  0.9899274  0.1415760   81.861 0.23915
  7.0  35.0  0.9913021  0.1316059   82.438 0.24241
  7.0  40.0  0.9925767  0.1216201   83.014 0.24563
  7.0  45.0  0.9937420  0.1117002   83.587 0.24877
  7.0  50.0  0.9947929  0.1019174   84.150 0.25180
  7.0  55.0  0.9957282  0.0923325   84.702 0.25470
  7.0  60.0  0.9965499  0.0829962   85.239 0.25745
  7.0  65.0  0.9972621  0.0739478   85.759 0.26001
  7.0  70.0  0.9978711  0.0652174   86.261 0.26235
  7.0  75.0  0.9983841  0.0568261   86.742 0.26446
  7.0  80.0  0.9988092  0.0487874   87.204 0.26630
  7.0  85.0  0.9991547  0.0411085   87.644 0.26786
  7.0  90.0  0.9994289  0.0337923   88.063 0.26911
  7.0  95.0  0.9996398  0.0268374   88.462 0.27004
  7.0 100.0  0.9997951  0.0202428   88.840 0.27063
  7.0 105.0  0.9999019  0.0140061   89.197 0.27086
  7.0 110.0  0.9999670  0.0081274   89.534 0.27073
  7.0 115.0  0.9999966  0.0026094   89.850 0.27024
  7.0 120.0  0.9999968 -0.0025406   90.146 0.26938
  7.0 125.0  0.9999733 -0.0073105   90.419 0.26814
  7.0 130.0  0.9999318 -0.0116816   90.669 0.26655
  7.0 135.0  0.9998779 -0.0156292   90.896 0.26460
  7.0 140.0  0.9998172 -0.0191214   91.096 0.26231
  7.0 145.0  0.9997553 -0.0221199   91.267 0.25970
  7.0 150.0  0.9996979 -0.0245799   91.408 0.25679
  7.0 155.0  0.9996501 -0.0264509   91.516 0.25361
  7.0 160.0  0.9996169 -0.0276778   91.586 0.25019
  7.0 165.0  0.9996022 -0.0282021   91.616 0.24656
  7.0 170.0  0.9996089 -0.0279634   91.602 0.24276
  7.0 175.0  0.9996381 -0.0269021   91.542 0.23884
  7.0 180.0  0.9996884 -0.0249606   91.430 0.23482
  7.0 185.0  0.9997561 -0.0220867   91.266 0.23076
  7.0 190.0  0.9998337 -0.0182360   91.045 0.22670
  7.0 195.0  0.9999106 -0.0133748   90.766 0.22269
  7.0 200.0  0.9999720 -0.0074831   90.429 0.21876
  7.0 205.0  0.9999998 -0.0005569   90.032 0.21496
  7.0 210.0  0.9999727  0.0073892   89.577 0.21132
  7.0 215.0  0.9998668  0.0163204   89.065 0.20788
  7.0 220.0  0.9996572  0.0261806   88.500 0.20468
  7.0 225.0  0.9993193  0.0368922   87.886 0.20173
  7.0 230.0  0.9988301  0.0483567   87.228 0.19905
  7.0 235.0  0.9981708  0.0604571   86.534 0.19666
  7.0 240.0  0.9973276  0.0730594   85.810 0.19457
  7.0 245.0  0.9962937  0.0860170   85.065 0.19278
  7.0 250.0  0.9950702  0.0991732   84.308 0.19130
  7.0 255.0  0.9936669  0.1123662   83.548 0.19012
  7.0 260.0  0.9921022  0.1254322   82.794 0.18924
  7.0 265.0  0.9904030  0.1382093   82.056 0.18865
  7.0 270.0  0.9886033  0.1505443   81.342 0.18834
  7.0 275.0  0.9867451  0.1622781   80.661 0.18831
  7.0 280.0  0.9848721  0.1732831   80.021 0.18854
  7.0 285.0  0.9830328  0.1834299   79.430 0.18903
  7.0 290.0  0.9812760  0.1926068   78.895 0.18976
  7.0 295.0  0.9796492  0.2007174   78.421 0.19072
  7.0 300.0  0.9781965  0.2076814   78.013 0.19191
  7.0 305.0  0.9769572  0.2134354   77.676 0.19331
  7.0 310.0  0.9759637  0.2179330   77.412 0.19492
  7.0 315.0  0.9752408  0.2211455   77.224 0.19671
  7.0 320.0  0.9748044  0.2230613   77.111 0.19869
  7.0 325.0  0.9746614  0.2236854   77.074 0.20083
  7.0 330.0  0.9748084  0.2230437   77.112 0.20314
  7.0 335.0  0.9752363  0.2211653   77.223 0.20559
  7.0 340.0  0.9759250  0.2181062   77.402 0.20818
  7.0 345.0  0.9768486  0.2139319   77.647 0.21090
  7.0 350.0  0.9779754  0.2087200   77.953 0.21374
  7.0 355.0  0.9792701  0.2025587   78.313 0.21668
  7.0 360.0  0.9806947  0.1955451   78.723 0.21972
  9.0   0.0  0.9740809  0.2262001   76.927 0.21980
  9.0   5.0  0.9764823  0.2155974   77.549 0.22361
  9.0  10.0  0.9789259  0.2042158   78.216 0.22752
  9.0  15.0  0.9813492  0.1922334   78.917 0.23152
  9.0  20.0  0.9837038  0.1797967   79.642 0.23558
  9.0  25.0  0.9859453  0.1670686   80.383 0.23968
  9.0  30.0  0.9880399  0.1541987   81.130 0.24380
  9.0  35.0  0.9899632  0.1413257   81.875 0.24791
  9.0  40.0  0.9916999  0.1285739   82.613 0.25199
  9.0  45.0  0.9932432  0.1160518   83.336 0.25598
  9.0  50.0  0.9945930  0.1038498   84.039 0.25987
  9.0  55.0  0.9957553  0.0920400   84.719 0.26361
  9.0  60.0  0.9967403  0.0806776   85.372 0.26717
  9.0  65.0  0.9975611  0.0697984   85.998 0.27050
  9.0  70.0  0.9982329  0.0594227   86.593 0.27358
  9.0  75.0  0.9987713  0.0495566   87.159 0.27636
  9.0  80.0  0.9991919  0.0401939   87.696 0.27881
  9.0  85.0  0.9995095  0.0313186   88.205 0.28091
  9.0  90.0  0.9997376  0.0229082   88.687 0.28262
  9.0  95.0  0.9998885  0.0149355   89.144 0.28391
  9.0 100.0  0.9999728  0.0073729   89.578 0.28477
  9.0 105.0  1.0000000  0.0001938   89.989 0.28518
  9.0 110.0  0.9999781 -0.0066244   90.380 0.28512
  9.0 115.0  0.9999142 -0.0130979   90.750 0.28457
  9.0 120.0  0.9998150 -0.0192343   91.102 0.28355
  9.0 125.0  0.9996867 -0.0250316   91.434 0.28203
  9.0 130.0  0.9995355 -0.0304763   91.746 0.28003
  9.0 135.0  0.9993682 -0.0355424   92.037 0.27756
  9.0 140.0  0.9991920 -0.0401914   92.303 0.27464
  9.0 145.0  0.9990151 -0.0443719   92.543 0.27128
  9.0 150.0  0.9988464 -0.0480198   92.752 0.26751
  9.0 155.0  0.9986956 -0.0510595   92.927 0.26337
  9.0 160.0  0.9985730 -0.0534047   93.061 0.25890
  9.0 165.0  0.9984885 -0.0549602   93.151 0.25414
  9.0 170.0  0.9984518 -0.0556244   93.189 0.24914
  9.0 175.0  0.9984702 -0.0552921   93.170 0.24397
  9.0 180.0  0.9985486 -0.0538578   93.087 0.23867
  9.0 185.0  0.9986874 -0.0512198   92.936 0.23332
  9.0 190.0  0.9988814 -0.0472850   92.710 0.22797
  9.0 195.0  0.9991187 -0.0419737   92.406 0.22269
  9.0 200.0  0.9993794 -0.0352255   92.019 0.21754
  9.0 205.0  0.9996353 -0.0270043   91.547 0.21259
  9.0 210.0  0.9998503 -0.0173036   90.991 0.20788
  9.0 215.0  0.9999811 -0.0061507   90.352 0.20347
  9.0 220.0  0.9999796  0.0063906   89.634 0.19939
  9.0 225.0  0.9997956  0.0202185   88.841 0.19568
  9.0 230.0  0.9993805  0.0351949   87.983 0.19236
  9.0 235.0  0.9986911  0.0511483   87.068 0.18945
  9.0 240.0  0.9976936  0.0678788   86.108 0.18696
  9.0 245.0  0.9963669  0.0851650   85.114 0.18487
  9.0 250.0  0.9947050  0.1027715   84.101 0.18319
  9.0 255.0  0.9927187  0.1204560   83.082 0.18190
  9.0 260.0  0.9904355  0.1379767   82.069 0.18099
  9.0 265.0  0.9878991  0.1550980   81.078 0.18044
  9.0 270.0  0.9851659  0.1716045   80.119 0.18024
  9.0 275.0  0.9823105  0.1872596   79.207 0.18037
  9.0 280.0  0.9794064  0.2018987   78.352 0.18082
  9.0 285.0  0.9765390  0.2153406   77.564 0.18157
  9.0 290.0  0.9737933  0.2274348   76.854 0.18260
  9.0 295.0  0.9712522  0.2380530   76.228 0.18391
  9.0 300.0  0.9689924  0.2470905   75.695 0.18548
  9.0 305.0  0.9670816  0.2544664   75.258 0.18729
  9.0 310.0  0.9655752  0.2601240   74.923 0.18934
  9.0 315.0  0.9645142  0.2640309   74.691 0.19160
  9.0 320.0  0.9639238  0.2661784   74.563 0.19407
  9.0 325.0  0.9638098  0.2665908   74.539 0.19674
  9.0 330.0  0.9641698  0.2652859   74.616 0.19958
  9.0 335.0  0.9649777  0.2623318   74.792 0.20259
  9.0 340.0  0.9661964  0.2578071   75.060 0.20575
  9.0 345.0  0.9677768  0.2518095   75.415 0.20907
  9.0 350.0  0.9696609  0.2444538   75.850 0.21252
  9.0 355.0  0.9717847  0.2358697   76.357 0.21610
  9.0 360.0  0.9740809  0.2262001   76.927 0.21980
 11.0   0.0  0.9667873  0.2555824   75.192 0.22058
 11.0   5.0  0.9702830  0.2419729   75.997 0.22499
 11.0  10.0  0.9737859  0.2274665   76.852 0.22953
 11.0  15.0  0.9772078  0.2122849   77.744 0.23418
 11.0  20.0  0.9804739  0.1966495   78.659 0.23893
 11.0  25.0  0.9835244  0.1807753   79.585 0.24377
 11.0  30.0  0.9863161  0.1648651   80.511 0.24865
 11.0  35.0  0.9888215  0.1491041   81.425 0.25356
 11.0  40.0  0.9910278  0.1336556   82.319 0.25844
 11.0  45.0  0.9929353  0.1186573   83.185 0.26325
 11.0  50.0  0.9945543  0.1042198   84.018 0.26796
 11.0  55.0  0.9959033  0.0904242   84.812 0.27251
 11.0  60.0  0.9970058  0.0773268   85.565 0.27686
 11.0  65.0  0.9978883  0.0649537   86.276 0.28095
 11.0  70.0  0.9985781  0.0533082   86.944 0.28475
 11.0  75.0  0.9991019  0.0423722   87.572 0.28820
 11.0  80.0  0.9994843  0.0321101   88.160 0.29127
 11.0  85.0  0.9997475  0.0224726   88.712 0.29391
 11.0  90.0  0.9999102  0.0134011   89.232 0.29609
 11.0  95.0  0.9999883  0.0048323   89.723 0.29778
 11.0 100.0  0.9999946 -0.0032982   90.189 0.29894
 11.0 105.0  0.9999389 -0.0110509   90.633 0.29955
 11.0 110.0  0.9998292 -0.0184792   91.059 0.29959
 11.0 115.0  0.9996716 -0.0256259   91.468 0.29904
 11.0 120.0  0.9994711 -0.0325201   91.864 0.29789
 11.0 125.0  0.9992324 -0.0391752   92.245 0.29614
 11.0 130.0  0.9989604 -0.0455865   92.613 0.29379
 11.0 135.0  0.9986611 -0.0517302   92.965 0.29084
 11.0 140.0  0.9983419 -0.0575625   93.300 0.28731
 11.0 145.0  0.9980123 -0.0630196   93.613 0.28323
 11.0 150.0  0.9976841 -0.0680177   93.900 0.27863
 11.0 155.0  0.9973718 -0.0724538   94.155 0.27355
 11.0 160.0  0.9970920 -0.0762072   94.371 0.26803
 11.0 165.0  0.9968634 -0.0791411   94.539 0.26213
 11.0 170.0  0.9967055 -0.0811056   94.652 0.25592
 11.0 175.0  0.9966372 -0.0819408   94.700 0.24947
 11.0 180.0  0.9966749 -0.0814814   94.674 0.24286
 11.0 185.0  0.9968299 -0.0795622   94.563 0.23617
 11.0 190.0  0.9971060 -0.0760242   94.360 0.22949
 11.0 195.0  0.9974960 -0.0707234   94.056 0.22290
 11.0 200.0  0.9979794 -0.0635391   93.643 0.21649
 11.0 205.0  0.9985201 -0.0543836   93.117 0.21035
 11.0 210.0  0.9990659 -0.0432122   92.477 0.20455
 11.0 215.0  0.9995489 -0.0300320   91.721 0.19916
 11.0 220.0  0.9998889 -0.0149083   90.854 0.19424
 11.0 225.0  0.9999979  0.0020322   89.884 0.18982
 11.0 230.0  0.9997877  0.0206024   88.819 0.18593
 11.0 235.0  0.9991771  0.0405605   87.675 0.18259
 11.0 240.0  0.9980997  0.0616200   86.467 0.17979
 11.0 245.0  0.9965109  0.0834630   85.212 0.17751
 11.0 250.0  0.9943923  0.1057538   83.929 0.17574
 11.0 255.0  0.9917544  0.1281530   82.637 0.17444
 11.0 260.0  0.9886362  0.1503281   81.354 0.17360
 11.0 265.0  0.9851035  0.1719628   80.098 0.17318
 11.0 270.0  0.9812456  0.1927617   78.886 0.17315
 11.0 275.0  0.9771709  0.2124546   77.734 0.17349
 11.0 280.0  0.9730018  0.2307976   76.656 0.17419
 11.0 285.0  0.9688688  0.2475746   75.666 0.17523
 11.0 290.0  0.9649053  0.2625980   74.776 0.17659
 11.0 295.0  0.9612408  0.2757101   73.996 0.17826
 11.0 300.0  0.9579955  0.2867832   73.335 0.18022
 11.0 305.0  0.9552742  0.2957214   72.799 0.18245
 11.0 310.0  0.9531622  0.3024597   72.395 0.18495
 11.0 315.0  0.9517210  0.3069645   72.124 0.18769
 11.0 320.0  0.9509864  0.3092329   71.987 0.19064
 11.0 325.0  0.9509610  0.3093107   71.982 0.19380
 11.0 330.0  0.9516408  0.3072131   72.109 0.19715
 11.0 335.0  0.9529778  0.3030402   72.360 0.20067
 11.0 340.0  0.9549090  0.2968987   72.729 0.20435
 11.0 345.0  0.9573535  0.2889191   73.207 0.20819
 11.0 350.0  0.9602171  0.2792544   73.784 0.21218
 11.0 355.0  0.9633971  0.2680783   74.450 0.21631
 11.0 360.0  0.9667873  0.2555824   75.192 0.22058
 13.0   0.0  0.9590248  0.2833220   73.541 0.22209
 13.0   5.0  0.9638069  0.2666014   74.538 0.22700
 13.0  10.0  0.9685386  0.2488632   75.590 0.23207
 13.0  15.0  0.9730970  0.2303957   76.680 0.23729
 13.0  20.0  0.9773806  0.2114877   77.790 0.24265
 13.0  25.0  0.9813125  0.1924209   78.906 0.24813
 13.0  30.0  0.9848410  0.1734597   80.011 0.25371
 13.0  35.0  0.9879390  0.1548438   81.092 0.25933
 13.0  40.0  0.9906013  0.1367811   82.138 0.26496
 13.0  45.0  0.9928411  0.1194426   83.140 0.27055
 13.0  50.0  0.9946857  0.1029577   84.090 0.27602
 13.0  55.0  0.9961714  0.0874215   84.985 0.28134
 13.0  60.0  0.9973406  0.0728819   85.820 0.28644
 13.0  65.0  0.9982371  0.0593518   86.597 0.29125
 13.0  70.0  0.9989038  0.0468101   87.317 0.29574
 13.0  75.0  0.9993801  0.0352062   87.982 0.29984
 13.0  80.0  0.9997007  0.0244654   88.598 0.30350
 13.0  85.0  0.9998949  0.0144950   89.169 0.30668
 13.0  90.0  0.9999865  0.0051902   89.703 0.30933
 13.0  95.0  0.9999937 -0.0035595   90.204 0.31141
 13.0 100.0  0.9999296 -0.0118642   90.680 0.31290
 13.0 105.0  0.9998034 -0.0198275   91.136 0.31374
 13.0 110.0  0.9996207 -0.0275418   91.578 0.31392
 13.0 115.0  0.9993844 -0.0350832   92.011 0.31341
 13.0 120.0  0.9990961 -0.0425079   92.436 0.31219
 13.0 125.0  0.9987568 -0.0498488   92.857 0.31026
 13.0 130.0  0.9983677 -0.0571134   93.274 0.30761
 13.0 135.0  0.9979317 -0.0642829   93.686 0.30424
 13.0 140.0  0.9974543 -0.0713086   94.089 0.30017
 13.0 145.0  0.9969443 -0.0781154   94.480 0.29542
 13.0 150.0  0.9964151 -0.0845993   94.853 0.29003
 13.0 155.0  0.9958847 -0.0906293   95.200 0.28404
 13.0 160.0  0.9953767 -0.0960483   95.512 0.27750
 13.0 165.0  0.9949194 -0.1006751   95.778 0.27049
 13.0 170.0  0.9945451 -0.1043071   95.987 0.26307
 13.0 175.0  0.9942887 -0.1067234   96.126 0.25534
 13.0 180.0  0.9941845 -0.1076902   96.182 0.24739
 13.0 185.0  0.9942626 -0.1069665   96.140 0.23933
 13.0 190.0  0.9945446 -0.1043125   95.988 0.23127
 13.0 195.0  0.9950375 -0.0995007   95.710 0.22333
 13.0 200.0  0.9957286 -0.0923284   95.298 0.21563
 13.0 205.0  0.9965800 -0.0826335   94.740 0.20827
 13.0 210.0  0.9975251 -0.0703112   94.032 0.20136
 13.0 215.0  0.9984681 -0.0553308   93.172 0.19499
 13.0 220.0  0.9992873 -0.0377490   92.163 0.18924
 13.0 225.0  0.9998430 -0.0177182   91.015 0.18415
 13.0 230.0  0.9999898  0.0045137   89.741 0.17976
 13.0 235.0  0.9995906  0.0286131   88.360 0.17607
 13.0 240.0  0.9985312  0.0541797   86.894 0.17307
 13.0 245.0  0.9967327  0.0807702   85.367 0.17071
 13.0 250.0  0.9941590  0.1079251   83.804 0.16895
 13.0 255.0  0.9908196  0.1351907   82.230 0.16775
 13.0 260.0  0.9867684  0.1621363   80.669 0.16705
 13.0 265.0  0.9820993  0.1883637   79.143 0.16682
 13.0 270.0  0.9769406  0.2135113   77.672 0.16701
 13.0 275.0  0.9714477  0.2372538   76.275 0.16760
 13.0 280.0  0.9657966  0.2593009   74.971 0.16857
 13.0 285.0  0.9601759  0.2793962   73.776 0.16991
 13.0 290.0  0.9547788  0.2973171   72.703 0.17161
 13.0 295.0  0.9497938  0.3128766   71.767 0.17364
 13.0 300.0  0.9453956  0.3259252   70.978 0.17601
 13.0 305.0  0.9417362  0.3363525   70.345 0.17868
 13.0 310.0  0.9389374  0.3440880   69.874 0.18165
 13.0 315.0  0.9370798  0.3491154   69.567 0.18487
 13.0 320.0  0.9362203  0.3514138   69.426 0.18833
 13.0 325.0  0.9363621  0.3510357   69.449 0.19199
 13.0 330.0  0.9374702  0.3480656   69.631 0.19583
 13.0 335.0  0.9394877  0.3425828   69.966 0.19984
 13.0 340.0  0.9423126  0.3347341   70.444 0.20400
 13.0 345.0  0.9458235  0.3246812   71.054 0.20830
 13.0 350.0  0.9498804  0.3126135   71.783 0.21275
 13.0 355.0  0.9543324  0.2987468   72.618 0.21735
 13.0 360.0  0.9590248  0.2833220   73.541 0.22209
 15.0   0.0  0.9510381  0.3090736   71.997 0.22436
 15.0   5.0  0.9572704  0.2891942   73.190 0.22967
 15.0  10.0  0.9633708  0.2681729   74.444 0.23517
 15.0  15.0  0.9691760  0.2463695   75.737 0.24086
 15.0  20.0  0.9745548  0.2241493   77.047 0.24674
 15.0  25.0  0.9794123  0.2018699   78.354 0.25279
 15.0  30.0  0.9836908  0.1798675   79.638 0.25897
 15.0  35.0  0.9873678  0.1584450   80.883 0.26524
 15.0  40.0  0.9904515  0.1378616   82.076 0.27155
 15.0  45.0  0.9929748  0.1183260   83.204 0.27783
 15.0  50.0  0.9949885  0.0999896   84.261 0.28401
 15.0  55.0  0.9965531  0.0829575   85.241 0.29003
 15.0  60.0  0.9977348  0.0672698   86.143 0.29581
 15.0  65.0  0.9985988  0.0529197   86.967 0.30129
 15.0  70.0  0.9992055  0.0398552   87.716 0.30641
 15.0  75.0  0.9996084  0.0279847   88.396 0.31111
 15.0  80.0  0.9998523  0.0171852   89.015 0.31533
 15.0  85.0  0.9999733  0.0073099   89.581 0.31902
 15.0  90.0  0.9999984 -0.0018026   90.103 0.32213
 15.0  95.0  0.9999467 -0.0103203   90.591 0.32461
 15.0 100.0  0.9998305 -0.0184091   91.055 0.32643
 15.0 105.0  0.9996561 -0.0262246   91.503 0.32753
 15.0 110.0  0.9994250 -0.0339058   91.943 0.32789
 15.0 115.0  0.9991357 -0.0415682   92.382 0.32746
 15.0 120.0  0.9987840 -0.0492998   92.826 0.32624
 15.0 125.0  0.9983652 -0.0571566   93.277 0.32419
 15.0 130.0  0.9978748 -0.0651605   93.736 0.32130
 15.0 135.0  0.9973100 -0.0732990   94.203 0.31759
 15.0 140.0  0.9966718 -0.0815183   94.676 0.31304
 15.0 145.0  0.9959659 -0.0897323   95.148 0.30770
 15.0 150.0  0.9952045 -0.0978166   95.613 0.30158
 15.0 155.0  0.9944075 -0.1056117   96.062 0.29474
 15.0 160.0  0.9936037 -0.1129233   96.484 0.28724
 15.0 165.0  0.9928312 -0.1195247   96.865 0.27915
 15.0 170.0  0.9921368 -0.1251584   97.190 0.27055
 15.0 175.0  0.9915742 -0.1295396   97.443 0.26155
 15.0 180.0  0.9912017 -0.1323603   97.606 0.25226
 15.0 185.0  0.9910764 -0.1332952   97.660 0.24282
 15.0 190.0  0.9912482 -0.1320113   97.586 0.23336
 15.0 195.0  0.9917509 -0.1281799   97.364 0.22403
 15.0 200.0  0.9925921 -0.1214942   96.978 0.21498
 15.0 205.0  0.9937429 -0.1116914   96.413 0.20636
 15.0 210.0  0.9951292 -0.0985794   95.657 0.19831
 15.0 215.0  0.9966269 -0.0820655   94.707 0.19095
 15.0 220.0  0.9980648 -0.0621823   93.565 0.18438
 15.0 225.0  0.9992350 -0.0391071   92.241 0.17867
 15.0 230.0  0.9999134 -0.0131621   90.754 0.17385
 15.0 235.0  0.9998845  0.0151989   89.129 0.16991
 15.0 240.0  0.9989678  0.0454249   87.396 0.16680
 15.0 245.0  0.9970379  0.0769121   85.589 0.16447
 15.0 250.0  0.9940363  0.1090497   83.739 0.16283
 15.0 255.0  0.9899731  0.1412562   81.879 0.16181
 15.0 260.0  0.9849215  0.1730020   80.038 0.16133
 15.0 265.0  0.9790091  0.2038167   78.240 0.16132
 15.0 270.0  0.9724084  0.2332849   76.509 0.16175
 15.0 275.0  0.9653284  0.2610383   74.868 0.16259
 15.0 280.0  0.9580063  0.2867472   73.337 0.16383
 15.0 285.0  0.9506986  0.3101164   71.934 0.16546
 15.0 290.0  0.9436707  0.3308862   70.677 0.16748
 15.0 295.0  0.9371835  0.3488367   69.584 0.16989
 15.0 300.0  0.9314798  0.3637931   68.667 0.17268
 15.0 305.0  0.9267637  0.3756449   67.936 0.17582
 15.0 310.0  0.9232101  0.3842955   67.400 0.17929
 15.0 315.0  0.9209290  0.3897303   67.062 0.18304
 15.0 320.0  0.9199779  0.3919703   66.923 0.18703
 15.0 325.0  0.9203581  0.3910766   66.978 0.19122
 15.0 330.0  0.9220186  0.3871455   67.223 0.19558
 15.0 335.0  0.9248613  0.3803047   67.647 0.20007
 15.0 340.0  0.9287441  0.3707214   68.240 0.20468
 15.0 345.0  0.9335060  0.3585618   68.988 0.20940
 15.0 350.0  0.9389478  0.3440596   69.876 0.21425
 15.0 355.0  0.9448623  0.3274680   70.885 0.21923
 15.0 360.0  0.9510381  0.3090736   71.997 0.22436
