  3.0   0.0  0.0698291  0.9975590    4.004 0.39041
  3.0   5.0  0.0714981  0.9974407    4.100 0.39051
  3.0  10.0  0.0731635  0.9973200    4.196 0.39052
  3.0  15.0  0.0748263  0.9971966    4.291 0.39043
  3.0  20.0  0.0764793  0.9970712    4.386 0.39024
  3.0  25.0  0.0781169  0.9969442    4.480 0.38995
  3.0  30.0  0.0797331  0.9968162    4.573 0.38958
  3.0  35.0  0.0813211  0.9966880    4.665 0.38911
  3.0  40.0  0.0828734  0.9965601    4.754 0.38855
  3.0  45.0  0.0843815  0.9964335    4.840 0.38792
  3.0  50.0  0.0858359  0.9963093    4.924 0.38721
  3.0  55.0  0.0872265  0.9961885    5.004 0.38643
  3.0  60.0  0.0885422  0.9960724    5.080 0.38559
  3.0  65.0  0.0897710  0.9959624    5.150 0.38469
  3.0  70.0  0.0909006  0.9958600    5.215 0.38375
  3.0  75.0  0.0919183  0.9957666    5.274 0.38277
  3.0  80.0  0.0928109  0.9956838    5.325 0.38176
  3.0  85.0  0.0935658  0.9956131    5.369 0.38072
  3.0  90.0  0.0941704  0.9955561    5.404 0.37968
  3.0  95.0  0.0946130  0.9955141    5.429 0.37863
  3.0 100.0  0.0948828  0.9954884    5.445 0.37758
  3.0 105.0  0.0949704  0.9954801    5.450 0.37655
  3.0 110.0  0.0948680  0.9954899    5.444 0.37553
  3.0 115.0  0.0945695  0.9955183    5.427 0.37455
  3.0 120.0  0.0940709  0.9955655    5.398 0.37360
  3.0 125.0  0.0933709  0.9956314    5.358 0.37269
  3.0 130.0  0.0924703  0.9957154    5.306 0.37183
  3.0 135.0  0.0913725  0.9958168    5.243 0.37102
  3.0 140.0  0.0900839  0.9959342    5.168 0.37027
  3.0 145.0  0.0886131  0.9960661    5.084 0.36958
  3.0 150.0  0.0869718  0.9962108    4.989 0.36897
  3.0 155.0  0.0851740  0.9963661    4.886 0.36842
  3.0 160.0  0.0832361  0.9965299    4.775 0.36794
  3.0 165.0  0.0811768  0.9966997    4.656 0.36755
  3.0 170.0  0.0790166  0.9968733    4.532 0.36723
  3.0 175.0  0.0767784  0.9970482    4.403 0.36699
  3.0 180.0  0.0744838  0.9972222    4.272 0.36683
  3.0 185.0  0.0721592  0.9973931    4.138 0.36675
  3.0 190.0  0.0698289  0.9975590    4.004 0.36676
  3.0 195.0  0.0675180  0.9977181    3.871 0.36685
  3.0 200.0  0.0652515  0.9978689    3.741 0.36702
  3.0 205.0  0.0630535  0.9980101    3.615 0.36727
  3.0 210.0  0.0609472  0.9981410    3.494 0.36760
  3.0 215.0  0.0589542  0.9982607    3.380 0.36800
  3.0 220.0  0.0570945  0.9983688    3.273 0.36849
  3.0 225.0  0.0553859  0.9984650    3.175 0.36904
  3.0 230.0  0.0538438  0.9985494    3.087 0.36967
  3.0 235.0  0.0524812  0.9986219    3.008 0.37036
  3.0 240.0  0.0513083  0.9986829    2.941 0.37111
  3.0 245.0  0.0503327  0.9987325    2.885 0.37192
  3.0 250.0  0.0495590  0.9987712    2.841 0.37279
  3.0 255.0  0.0489892  0.9987993    2.808 0.37369
  3.0 260.0  0.0486226  0.9988172    2.787 0.37464
  3.0 265.0  0.0484560  0.9988253    2.777 0.37562
  3.0 270.0  0.0484840  0.9988240    2.779 0.37662
  3.0 275.0  0.0486992  0.9988135    2.791 0.37765
  3.0 280.0  0.0490922  0.9987943    2.814 0.37868
  3.0 285.0  0.0496524  0.9987666    2.846 0.37972
  3.0 290.0  0.0503652  0.9987309    2.887 0.38075
  3.0 295.0  0.0512264  0.9986871    2.936 0.38177
  3.0 300.0  0.0522144  0.9986359    2.993 0.38277
  3.0 305.0  0.0533188  0.9985775    3.056 0.38374
  3.0 310.0  0.0545264  0.9985123    3.126 0.38467
  3.0 315.0  0.0558245  0.9984406    3.200 0.38555
  3.0 320.0  0.0572006  0.9983627    3.279 0.38639
  3.0 325.0  0.0586434  0.9982790    3.362 0.38716
  3.0 330.0  0.0601422  0.9981898    3.448 0.38787
  3.0 335.0  0.0616872  0.9980955    3.537 0.38850
  3.0 340.0  0.0632697  0.9979965    3.628 0.38906
  3.0 345.0  0.0648818  0.9978930    3.720 0.38953
  3.0 350.0  0.0665164  0.9977853    3.814 0.38991
  3.0 355.0  0.0681674  0.9976739    3.909 0.39021
  3.0 360.0  0.0698291  0.9975590    4.004 0.39041
  5.0   0.0  0.0693357  0.9975934    3.976 0.39886
  5.0   5.0  0.0717215  0.9974247    4.113 0.39905
  5.0  10.0  0.0741063  0.9972503    4.250 0.39907
  5.0  15.0  0.0764937  0.9970701    4.387 0.39892
  5.0  20.0  0.0788864  0.9968836    4.525 0.39861
  5.0  25.0  0.0812861  0.9966908    4.662 0.39813
  5.0  30.0  0.0836921  0.9964917    4.801 0.39749
  5.0  35.0  0.0861014  0.9962864    4.939 0.39669
  5.0  40.0  0.0885084  0.9960754    5.078 0.39574
  5.0  45.0  0.0909034  0.9958597    5.216 0.39466
  5.0  50.0  0.0932739  0.9956405    5.352 0.39344
  5.0  55.0  0.0956038  0.9954195    5.486 0.39211
  5.0  60.0  0.0978734  0.9951989    5.617 0.39067
  5.0  65.0  0.1000600  0.9949814    5.743 0.38914
  5.0  70.0  0.1021381  0.9947702    5.862 0.38753
  5.0  75.0  0.1040799  0.9945689    5.974 0.38585
  5.0  80.0  0.1058545  0.9943816    6.076 0.38414
  5.0  85.0  0.1074358  0.9942120    6.168 0.38239
  5.0  90.0  0.1087887  0.9940649    6.245 0.38062
  5.0  95.0  0.1098845  0.9939444    6.309 0.37886
  5.0 100.0  0.1106946  0.9938545    6.355 0.37712
  5.0 105.0  0.1111925  0.9937989    6.384 0.37540
  5.0 110.0  0.1113548  0.9937807    6.393 0.37373
  5.0 115.0  0.1111618  0.9938023    6.382 0.37212
  5.0 120.0  0.1105983  0.9938652    6.350 0.37057
  5.0 125.0  0.1096537  0.9939699    6.295 0.36910
  5.0 130.0  0.1083241  0.9941156    6.219 0.36772
  5.0 135.0  0.1066103  0.9943009    6.120 0.36644
  5.0 140.0  0.1045195  0.9945228    5.999 0.36526
  5.0 145.0  0.1020652  0.9947777    5.858 0.36418
  5.0 150.0  0.0992668  0.9950609    5.697 0.36322
  5.0 155.0  0.0961501  0.9953668    5.518 0.36237
  5.0 160.0  0.0927460  0.9956898    5.322 0.36164
  5.0 165.0  0.0890910  0.9960235    5.111 0.36102
  5.0 170.0  0.0852262  0.9963616    4.889 0.36054
  5.0 175.0  0.0811965  0.9966981    4.657 0.36017
  5.0 180.0  0.0770501  0.9970272    4.419 0.35993
  5.0 185.0  0.0728375  0.9973438    4.177 0.35981
  5.0 190.0  0.0686109  0.9976435    3.934 0.35982
  5.0 195.0  0.0644227  0.9979227    3.694 0.35996
  5.0 200.0  0.0603249  0.9981788    3.458 0.36022
  5.0 205.0  0.0563679  0.9984101    3.231 0.36061
  5.0 210.0  0.0525997  0.9986157    3.015 0.36112
  5.0 215.0  0.0490649  0.9987956    2.812 0.36176
  5.0 220.0  0.0458039  0.9989505    2.625 0.36251
  5.0 225.0  0.0428520  0.9990814    2.456 0.36339
  5.0 230.0  0.0402388  0.9991901    2.306 0.36438
  5.0 235.0  0.0379881  0.9992782    2.177 0.36548
  5.0 240.0  0.0361169  0.9993476    2.070 0.36668
  5.0 245.0  0.0346357  0.9994000    1.985 0.36798
  5.0 250.0  0.0335486  0.9994371    1.923 0.36937
  5.0 255.0  0.0328529  0.9994602    1.883 0.37083
  5.0 260.0  0.0325402  0.9994704    1.865 0.37237
  5.0 265.0  0.0325963  0.9994686    1.868 0.37398
  5.0 270.0  0.0330019  0.9994553    1.891 0.37562
  5.0 275.0  0.0337337  0.9994309    1.933 0.37731
  5.0 280.0  0.0347649  0.9993955    1.992 0.37902
  5.0 285.0  0.0360658  0.9993494    2.067 0.38074
  5.0 290.0  0.0376055  0.9992927    2.155 0.38246
  5.0 295.0  0.0393520  0.9992254    2.255 0.38416
  5.0 300.0  0.0412735  0.9991479    2.365 0.38583
  5.0 305.0  0.0433391  0.9990604    2.484 0.38746
  5.0 310.0  0.0455195  0.9989634    2.609 0.38903
  5.0 315.0  0.0477880  0.9988575    2.739 0.39053
  5.0 320.0  0.0501206  0.9987432    2.873 0.39194
  5.0 325.0  0.0524964  0.9986211    3.009 0.39326
  5.0 330.0  0.0548983  0.9984920    3.147 0.39446
  5.0 335.0  0.0573128  0.9983563    3.286 0.39555
  5.0 340.0  0.0597298  0.9982146    3.424 0.39651
  5.0 345.0  0.0621428  0.9980673    3.563 0.39732
  5.0 350.0  0.0645484  0.9979146    3.701 0.39799
  5.0 355.0  0.0669456  0.9977566    3.839 0.39850
  5.0 360.0  0.0693357  0.9975934    3.976 0.39886
  7.0   0.0  0.0693903  0.9975896    3.979 0.40738
  7.0   5.0  0.0721611  0.9973930    4.138 0.40767
  7.0  10.0  0.0749292  0.9971889    4.297 0.40772
  7.0  15.0  0.0777166  0.9969755    4.457 0.40753
  7.0  20.0  0.0805437  0.9967511    4.620 0.40709
  7.0  25.0  0.0834278  0.9965138    4.786 0.40643
  7.0  30.0  0.0863821  0.9962621    4.956 0.40553
  7.0  35.0  0.0894139  0.9959946    5.130 0.40440
  7.0  40.0  0.0925242  0.9957104    5.309 0.40306
  7.0  45.0  0.0957072  0.9954095    5.492 0.40151
  7.0  50.0  0.0989478  0.9950926    5.679 0.39977
  7.0  55.0  0.1022248  0.9947613    5.867 0.39787
  7.0  60.0  0.1055089  0.9944184    6.056 0.39581
  7.0  65.0  0.1087636  0.9940676    6.244 0.39362
  7.0  70.0  0.1119459  0.9937143    6.427 0.39132
  7.0  75.0  0.1150076  0.9933646    6.604 0.38894
  7.0  80.0  0.1178960  0.9930260    6.771 0.38649
  7.0  85.0  0.1205555  0.9927066    6.924 0.38401
  7.0  90.0  0.1229294  0.9924154    7.061 0.38152
  7.0  95.0  0.1249606  0.9921617    7.178 0.37905
  7.0 100.0  0.1265942  0.9919546    7.273 0.37661
  7.0 105.0  0.1277785  0.9918027    7.341 0.37422
  7.0 110.0  0.1284664  0.9917139    7.381 0.37191
  7.0 115.0  0.1286175  0.9916943    7.390 0.36970
  7.0 120.0  0.1281987  0.9917485    7.366 0.36759
  7.0 125.0  0.1271857  0.9918789    7.307 0.36561
  7.0 130.0  0.1255626  0.9920857    7.213 0.36376
  7.0 135.0  0.1233272  0.9923661    7.084 0.36205
  7.0 140.0  0.1204846  0.9927152    6.920 0.36050
  7.0 145.0  0.1170519  0.9931258    6.722 0.35909
  7.0 150.0  0.1130570  0.9935885    6.492 0.35784
  7.0 155.0  0.1085384  0.9940923    6.231 0.35675
  7.0 160.0  0.1035448  0.9946248    5.943 0.35581
  7.0 165.0  0.0981339  0.9951732    5.632 0.35504
  7.0 170.0  0.0923720  0.9957246    5.300 0.35442
  7.0 175.0  0.0863325  0.9962664    4.953 0.35396
  7.0 180.0  0.0800948  0.9967873    4.594 0.35365
  7.0 185.0  0.0737428  0.9972773    4.229 0.35350
  7.0 190.0  0.0673632  0.9977285    3.863 0.35352
  7.0 195.0  0.0610439  0.9981351    3.500 0.35369
  7.0 200.0  0.0548721  0.9984934    3.146 0.35402
  7.0 205.0  0.0489327  0.9988021    2.805 0.35451
  7.0 210.0  0.0433061  0.9990619    2.482 0.35517
  7.0 215.0  0.0380669  0.9992752    2.182 0.35599
  7.0 220.0  0.0332820  0.9994460    1.907 0.35698
  7.0 225.0  0.0290092  0.9995791    1.662 0.35813
  7.0 230.0  0.0252958  0.9996800    1.449 0.35943
  7.0 235.0  0.0221781  0.9997540    1.271 0.36090
  7.0 240.0  0.0196805  0.9998063    1.128 0.36251
  7.0 245.0  0.0178150  0.9998413    1.021 0.36426
  7.0 250.0  0.0165818  0.9998625    0.950 0.36614
  7.0 255.0  0.0159693  0.9998725    0.915 0.36814
  7.0 260.0  0.0159550  0.9998727    0.914 0.37024
  7.0 265.0  0.0165064  0.9998638    0.946 0.37244
  7.0 270.0  0.0175825  0.9998454    1.007 0.37471
  7.0 275.0  0.0191348  0.9998169    1.096 0.37703
  7.0 280.0  0.0211095  0.9997772    1.210 0.37940
  7.0 285.0  0.0234490  0.9997250    1.344 0.38179
  7.0 290.0  0.0260933  0.9996595    1.495 0.38419
  7.0 295.0  0.0289824  0.9995799    1.661 0.38656
  7.0 300.0  0.0320575  0.9994860    1.837 0.38890
  7.0 305.0  0.0352630  0.9993781    2.021 0.39118
  7.0 310.0  0.0385476  0.9992568    2.209 0.39339
  7.0 315.0  0.0418657  0.9991232    2.399 0.39550
  7.0 320.0  0.0451788  0.9989789    2.589 0.39749
  7.0 325.0  0.0484553  0.9988254    2.777 0.39936
  7.0 330.0  0.0516722  0.9986641    2.962 0.40107
  7.0 335.0  0.0548141  0.9984966    3.142 0.40261
  7.0 340.0  0.0578738  0.9983239    3.318 0.40398
  7.0 345.0  0.0608515  0.9981468    3.489 0.40515
  7.0 350.0  0.0637543  0.9979656    3.655 0.40611
  7.0 355.0  0.0665948  0.9977801    3.818 0.40686
  7.0 360.0  0.0693903  0.9975896    3.979 0.40738
  9.0   0.0  0.0700051  0.9975466    4.014 0.41582
  9.0   5.0  0.0728097  0.9973459    4.175 0.41622
  9.0  10.0  0.0756098  0.9971375    4.336 0.41631
  9.0  15.0  0.0784565  0.9969175    4.500 0.41609
  9.0  20.0  0.0813979  0.9966817    4.669 0.41556
  9.0  25.0  0.0844767  0.9964255    4.846 0.41472
  9.0  30.0  0.0877274  0.9961445    5.033 0.41357
  9.0  35.0  0.0911748  0.9958349    5.231 0.41213
  9.0  40.0  0.0948316  0.9954933    5.442 0.41040
  9.0  45.0  0.0986991  0.9951173    5.664 0.40839
  9.0  50.0  0.1027615  0.9947060    5.898 0.40614
  9.0  55.0  0.1069926  0.9942598    6.142 0.40366
  9.0  60.0  0.1113513  0.9937811    6.393 0.40097
  9.0  65.0  0.1157844  0.9932744    6.649 0.39812
  9.0  70.0  0.1202267  0.9927465    6.905 0.39512
  9.0  75.0  0.1246036  0.9922066    7.158 0.39201
  9.0  80.0  0.1288324  0.9916664    7.402 0.38883
  9.0  85.0  0.1328250  0.9911395    7.633 0.38561
  9.0  90.0  0.1364900  0.9906414    7.845 0.38239
  9.0  95.0  0.1397357  0.9901888    8.033 0.37919
  9.0 100.0  0.1424722  0.9897988    8.191 0.37606
  9.0 105.0  0.1446145  0.9894881    8.315 0.37302
  9.0 110.0  0.1460846  0.9892721    8.400 0.37009
  9.0 115.0  0.1468142  0.9891641    8.442 0.36731
  9.0 120.0  0.1467464  0.9891742    8.438 0.36468
  9.0 125.0  0.1458375  0.9893086    8.386 0.36223
  9.0 130.0  0.1440562  0.9895695    8.283 0.35996
  9.0 135.0  0.1413949  0.9899533    8.129 0.35789
  9.0 140.0  0.1378542  0.9904525    7.924 0.35602
  9.0 145.0  0.1334542  0.9910550    7.669 0.35435
  9.0 150.0  0.1282316  0.9917442    7.367 0.35288
  9.0 155.0  0.1222394  0.9925006    7.021 0.35161
  9.0 160.0  0.1155458  0.9933021    6.635 0.35053
  9.0 165.0  0.1082336  0.9941255    6.214 0.34964
  9.0 170.0  0.1003983  0.9949473    5.762 0.34893
  9.0 175.0  0.0921468  0.9957454    5.287 0.34840
  9.0 180.0  0.0835954  0.9964998    4.795 0.34805
  9.0 185.0  0.0748678  0.9971935    4.294 0.34788
  9.0 190.0  0.0660927  0.9978135    3.790 0.34788
  9.0 195.0  0.0574009  0.9983512    3.291 0.34807
  9.0 200.0  0.0489233  0.9988025    2.804 0.34844
  9.0 205.0  0.0407869  0.9991679    2.338 0.34901
  9.0 210.0  0.0331131  0.9994516    1.898 0.34977
  9.0 215.0  0.0260136  0.9996616    1.491 0.35074
  9.0 220.0  0.0195883  0.9998081    1.122 0.35191
  9.0 225.0  0.0139230  0.9999031    0.798 0.35329
  9.0 230.0  0.0090864  0.9999587    0.521 0.35488
  9.0 235.0  0.0051296  0.9999868    0.294 0.35667
  9.0 240.0  0.0020843  0.9999978    0.119 0.35865
  9.0 245.0 -0.0000372  1.0000000   -0.002 0.36082
  9.0 250.0 -0.0012419  0.9999992   -0.071 0.36316
  9.0 255.0 -0.0015555  0.9999988   -0.089 0.36567
  9.0 260.0 -0.0010207  0.9999995   -0.058 0.36831
  9.0 265.0  0.0003042  1.0000000    0.017 0.37107
  9.0 270.0  0.0023480  0.9999972    0.135 0.37393
  9.0 275.0  0.0050283  0.9999874    0.288 0.37688
  9.0 280.0  0.0082548  0.9999659    0.473 0.37988
  9.0 285.0  0.0119321  0.9999288    0.684 0.38291
  9.0 290.0  0.0159625  0.9998726    0.915 0.38596
  9.0 295.0  0.0202486  0.9997950    1.160 0.38898
  9.0 300.0  0.0246967  0.9996950    1.415 0.39197
  9.0 305.0  0.0292191  0.9995730    1.674 0.39489
  9.0 310.0  0.0337362  0.9994308    1.933 0.39771
  9.0 315.0  0.0381793  0.9992709    2.188 0.40042
  9.0 320.0  0.0424915  0.9990968    2.435 0.40298
  9.0 325.0  0.0466296  0.9989122    2.673 0.40538
  9.0 330.0  0.0505644  0.9987208    2.898 0.40759
  9.0 335.0  0.0542811  0.9985257    3.112 0.40959
  9.0 340.0  0.0577790  0.9983294    3.312 0.41136
  9.0 345.0  0.0610709  0.9981334    3.501 0.41288
  9.0 350.0  0.0641813  0.9979383    3.680 0.41414
  9.0 355.0  0.0671451  0.9977432    3.850 0.41513
  9.0 360.0  0.0700051  0.9975466    4.014 0.41582
 11.0   0.0  0.0711961  0.9974623    4.083 0.42403
 11.0   5.0  0.0736637  0.9972831    4.224 0.42455
 11.0  10.0  0.0761255  0.9970982    4.366 0.42470
 11.0  15.0  0.0786731  0.9969005    4.512 0.42447
 11.0  20.0  0.0813931  0.9966821    4.669 0.42386
 11.0  25.0  0.0843629  0.9964351    4.839 0.42288
 11.0  30.0  0.0876473  0.9961516    5.028 0.42151
 11.0  35.0  0.0912950  0.9958239    5.238 0.41977
 11.0  40.0  0.0953358  0.9954452    5.471 0.41768
 11.0  45.0  0.0997811  0.9950094    5.727 0.41524
 11.0  50.0  0.1046154  0.9945128    6.005 0.41248
 11.0  55.0  0.1098067  0.9939530    6.304 0.40944
 11.0  60.0  0.1153007  0.9933306    6.621 0.40613
 11.0  65.0  0.1210229  0.9926497    6.951 0.40261
 11.0  70.0  0.1268815  0.9919179    7.289 0.39891
 11.0  75.0  0.1327689  0.9911470    7.630 0.39507
 11.0  80.0  0.1385656  0.9903533    7.965 0.39115
 11.0  85.0  0.1441430  0.9895569    8.288 0.38719
 11.0  90.0  0.1493673  0.9887818    8.590 0.38324
 11.0  95.0  0.1541034  0.9880547    8.865 0.37933
 11.0 100.0  0.1582187  0.9874041    9.104 0.37552
 11.0 105.0  0.1615869  0.9868585    9.299 0.37183
 11.0 110.0  0.1640919  0.9864451    9.444 0.36831
 11.0 115.0  0.1656307  0.9861878    9.534 0.36498
 11.0 120.0  0.1661171  0.9861060    9.562 0.36186
 11.0 125.0  0.1654835  0.9862126    9.525 0.35899
 11.0 130.0  0.1636779  0.9865138    9.420 0.35635
 11.0 135.0  0.1606876  0.9870053    9.247 0.35398
 11.0 140.0  0.1565059  0.9876770    9.004 0.35186
 11.0 145.0  0.1511553  0.9885100    8.694 0.34999
 11.0 150.0  0.1446819  0.9894782    8.319 0.34837
 11.0 155.0  0.1371545  0.9905497    7.883 0.34698
 11.0 160.0  0.1286632  0.9916884    7.392 0.34581
 11.0 165.0  0.1193183  0.9928561    6.853 0.34486
 11.0 170.0  0.1092483  0.9940145    6.272 0.34410
 11.0 175.0  0.0985980  0.9951273    5.658 0.34354
 11.0 180.0  0.0875256  0.9961623    5.021 0.34316
 11.0 185.0  0.0762005  0.9970925    4.370 0.34296
 11.0 190.0  0.0647999  0.9978983    3.715 0.34295
 11.0 195.0  0.0535053  0.9985676    3.067 0.34313
 11.0 200.0  0.0424990  0.9990965    2.436 0.34352
 11.0 205.0  0.0319591  0.9994892    1.831 0.34412
 11.0 210.0  0.0220560  0.9997567    1.264 0.34495
 11.0 215.0  0.0129469  0.9999162    0.742 0.34602
 11.0 220.0  0.0047719  0.9999886    0.273 0.34734
 11.0 225.0 -0.0023499  0.9999972   -0.135 0.34892
 11.0 230.0 -0.0083239  0.9999654   -0.477 0.35075
 11.0 235.0 -0.0130825  0.9999144   -0.750 0.35283
 11.0 240.0 -0.0165865  0.9998624   -0.950 0.35516
 11.0 245.0 -0.0188257  0.9998228   -1.079 0.35773
 11.0 250.0 -0.0198181  0.9998036   -1.136 0.36051
 11.0 255.0 -0.0196086  0.9998077   -1.124 0.36349
 11.0 260.0 -0.0182671  0.9998331   -1.047 0.36664
 11.0 265.0 -0.0158851  0.9998738   -0.910 0.36995
 11.0 270.0 -0.0125727  0.9999210   -0.720 0.37338
 11.0 275.0 -0.0084550  0.9999643   -0.484 0.37691
 11.0 280.0 -0.0036678  0.9999933   -0.210 0.38051
 11.0 285.0  0.0016467  0.9999986    0.094 0.38415
 11.0 290.0  0.0073435  0.9999730    0.421 0.38781
 11.0 295.0  0.0132799  0.9999118    0.761 0.39145
 11.0 300.0  0.0193187  0.9998134    1.107 0.39505
 11.0 305.0  0.0253329  0.9996791    1.452 0.39857
 11.0 310.0  0.0312087  0.9995129    1.788 0.40198
 11.0 315.0  0.0368488  0.9993209    2.112 0.40525
 11.0 320.0  0.0421749  0.9991102    2.417 0.40835
 11.0 325.0  0.0471298  0.9988888    2.701 0.41126
 11.0 330.0  0.0516783  0.9986638    2.962 0.41394
 11.0 335.0  0.0558078  0.9984415    3.199 0.41637
 11.0 340.0  0.0595279  0.9982266    3.413 0.41852
 11.0 345.0  0.0628694  0.9980218    3.605 0.42039
 11.0 350.0  0.0658819  0.9978274    3.777 0.42193
 11.0 355.0  0.0686313  0.9976421    3.935 0.42315
 11.0 360.0  0.0711961  0.9974623    4.083 0.42403
 13.0   0.0  0.0729839  0.9973331    4.185 0.43183
 13.0   5.0  0.0747220  0.9972044    4.285 0.43248
 13.0  10.0  0.0764539  0.9970731    4.385 0.43270
 13.0  15.0  0.0783237  0.9969280    4.492 0.43249
 13.0  20.0  0.0804683  0.9967572    4.615 0.43184
 13.0  25.0  0.0830106  0.9965487    4.762 0.43075
 13.0  30.0  0.0860543  0.9962904    4.937 0.42921
 13.0  35.0  0.0896787  0.9959707    5.145 0.42722
 13.0  40.0  0.0939356  0.9955783    5.390 0.42480
 13.0  45.0  0.0988496  0.9951024    5.673 0.42197
 13.0  50.0  0.1044048  0.9945349    5.993 0.41874
 13.0  55.0  0.1105634  0.9938691    6.348 0.41516
 13.0  60.0  0.1172541  0.9931019    6.734 0.41126
 13.0  65.0  0.1243777  0.9922349    7.145 0.40708
 13.0  70.0  0.1318094  0.9912751    7.574 0.40269
 13.0  75.0  0.1394029  0.9902357    8.013 0.39814
 13.0  80.0  0.1469942  0.9891374    8.453 0.39349
 13.0  85.0  0.1544067  0.9880074    8.882 0.38879
 13.0  90.0  0.1614561  0.9868799    9.291 0.38411
 13.0  95.0  0.1679557  0.9857945    9.669 0.37950
 13.0 100.0  0.1737223  0.9847947   10.004 0.37501
 13.0 105.0  0.1785808  0.9839252   10.287 0.37070
 13.0 110.0  0.1823698  0.9832300   10.508 0.36660
 13.0 115.0  0.1849459  0.9827487   10.658 0.36276
 13.0 120.0  0.1861877  0.9825142   10.730 0.35919
 13.0 125.0  0.1859995  0.9825498   10.719 0.35592
 13.0 130.0  0.1843138  0.9828675   10.621 0.35297
 13.0 135.0  0.1810837  0.9834677   10.433 0.35034
 13.0 140.0  0.1763221  0.9843325   10.156 0.34802
 13.0 145.0  0.1700438  0.9854365    9.790 0.34602
 13.0 150.0  0.1623046  0.9867407    9.341 0.34431
 13.0 155.0  0.1531903  0.9881967    8.812 0.34287
 13.0 160.0  0.1428148  0.9897494    8.211 0.34168
 13.0 165.0  0.1313188  0.9913402    7.546 0.34071
 13.0 170.0  0.1188667  0.9929102    6.827 0.33996
 13.0 175.0  0.1056444  0.9944040    6.064 0.33939
 13.0 180.0  0.0918568  0.9957722    5.270 0.33899
 13.0 185.0  0.0777240  0.9969749    4.458 0.33877
 13.0 190.0  0.0634781  0.9979832    3.639 0.33873
 13.0 195.0  0.0493588  0.9987811    2.829 0.33889
 13.0 200.0  0.0356079  0.9993658    2.041 0.33925
 13.0 205.0  0.0224640  0.9997477    1.287 0.33985
 13.0 210.0  0.0101556  0.9999484    0.582 0.34070
 13.0 215.0 -0.0011056  0.9999994   -0.063 0.34184
 13.0 220.0 -0.0111313  0.9999380   -0.638 0.34327
 13.0 225.0 -0.0197629  0.9998047   -1.132 0.34501
 13.0 230.0 -0.0268764  0.9996388   -1.540 0.34707
 13.0 235.0 -0.0323861  0.9994754   -1.856 0.34944
 13.0 240.0 -0.0362460  0.9993429   -2.077 0.35210
 13.0 245.0 -0.0384510  0.9992605   -2.204 0.35505
 13.0 250.0 -0.0390350  0.9992378   -2.237 0.35825
 13.0 255.0 -0.0380685  0.9992751   -2.182 0.36169
 13.0 260.0 -0.0356554  0.9993641   -2.043 0.36533
 13.0 265.0 -0.0319284  0.9994902   -1.830 0.36915
 13.0 270.0 -0.0270447  0.9996342   -1.550 0.37311
 13.0 275.0 -0.0211803  0.9997757   -1.214 0.37719
 13.0 280.0 -0.0145250  0.9998945   -0.832 0.38135
 13.0 285.0 -0.0072767  0.9999735   -0.417 0.38556
 13.0 290.0  0.0003644  0.9999999    0.021 0.38979
 13.0 295.0  0.0082015  0.9999664    0.470 0.39400
 13.0 300.0  0.0160465  0.9998712    0.919 0.39816
 13.0 305.0  0.0237258  0.9997185    1.360 0.40223
 13.0 310.0  0.0310848  0.9995167    1.781 0.40618
 13.0 315.0  0.0379926  0.9992780    2.177 0.40997
 13.0 320.0  0.0443452  0.9990163    2.542 0.41356
 13.0 325.0  0.0500690  0.9987458    2.870 0.41693
 13.0 330.0  0.0551219  0.9984796    3.160 0.42003
 13.0 335.0  0.0594948  0.9982286    3.411 0.42285
 13.0 340.0  0.0632108  0.9980002    3.624 0.42536
 13.0 345.0  0.0663241  0.9977981    3.803 0.42753
 13.0 350.0  0.0689167  0.9976224    3.952 0.42935
 13.0 355.0  0.0710949  0.9974696    4.077 0.43079
 13.0 360.0  0.0729839  0.9973331    4.185 0.43183
 15.0   0.0  0.0753964  0.9971536    4.324 0.43907
 15.0   5.0  0.0759874  0.9971088    4.358 0.43984
 15.0  10.0  0.0765722  0.9970640    4.392 0.44016
 15.0  15.0  0.0773619  0.9970031    4.437 0.44000
 15.0  20.0  0.0785565  0.9969097    4.506 0.43935
 15.0  25.0  0.0803359  0.9967678    4.608 0.43820
 15.0  30.0  0.0828519  0.9965619    4.753 0.43654
 15.0  35.0  0.0862214  0.9962760    4.946 0.43436
 15.0  40.0  0.0905221  0.9958944    5.194 0.43168
 15.0  45.0  0.0957941  0.9954012    5.497 0.42851
 15.0  50.0  0.1020204  0.9947823    5.856 0.42486
 15.0  55.0  0.1091551  0.9940247    6.267 0.42078
 15.0  60.0  0.1171065  0.9931194    6.725 0.41632
 15.0  65.0  0.1257455  0.9920625    7.224 0.41153
 15.0  70.0  0.1349088  0.9908580    7.753 0.40647
 15.0  75.0  0.1444042  0.9895188    8.303 0.40122
 15.0  80.0  0.1540160  0.9880683    8.860 0.39585
 15.0  85.0  0.1635120  0.9865414    9.411 0.39043
 15.0  90.0  0.1726493  0.9849834    9.942 0.38504
 15.0  95.0  0.1811821  0.9834496   10.439 0.37975
 15.0 100.0  0.1888687  0.9820023   10.887 0.37461
 15.0 105.0  0.1954784  0.9807080   11.273 0.36969
 15.0 110.0  0.2007977  0.9796327   11.584 0.36504
 15.0 115.0  0.2046370  0.9788379   11.808 0.36070
 15.0 120.0  0.2068350  0.9783758   11.937 0.35671
 15.0 125.0  0.2072636  0.9782851   11.962 0.35308
 15.0 130.0  0.2058306  0.9785876   11.878 0.34984
 15.0 135.0  0.2024762  0.9792872   11.682 0.34700
 15.0 140.0  0.1971931  0.9803647   11.373 0.34454
 15.0 145.0  0.1900173  0.9817808   10.954 0.34245
 15.0 150.0  0.1810058  0.9834820   10.428 0.34070
 15.0 155.0  0.1702626  0.9853987    9.803 0.33927
 15.0 160.0  0.1579274  0.9874507    9.087 0.33811
 15.0 165.0  0.1441730  0.9895525    8.289 0.33720
 15.0 170.0  0.1292024  0.9916182    7.424 0.33648
 15.0 175.0  0.1132461  0.9935670    6.502 0.33593
 15.0 180.0  0.0965589  0.9953273    5.541 0.33554
 15.0 185.0  0.0794168  0.9968415    4.555 0.33530
 15.0 190.0  0.0621126  0.9980692    3.561 0.33522
 15.0 195.0  0.0449514  0.9989892    2.576 0.33532
 15.0 200.0  0.0282441  0.9996011    1.618 0.33562
 15.0 205.0  0.0122995  0.9999244    0.705 0.33618
 15.0 210.0 -0.0025851  0.9999967   -0.148 0.33702
 15.0 215.0 -0.0161333  0.9998698   -0.924 0.33819
 15.0 220.0 -0.0281003  0.9996051   -1.610 0.33971
 15.0 225.0 -0.0382815  0.9992670   -2.194 0.34161
 15.0 230.0 -0.0465200  0.9989174   -2.666 0.34388
 15.0 235.0 -0.0527113  0.9986098   -3.022 0.34653
 15.0 240.0 -0.0568055  0.9983853   -3.256 0.34953
 15.0 245.0 -0.0588071  0.9982694   -3.371 0.35285
 15.0 250.0 -0.0587721  0.9982714   -3.369 0.35648
 15.0 255.0 -0.0568037  0.9983854   -3.256 0.36037
 15.0 260.0 -0.0530475  0.9985920   -3.041 0.36448
 15.0 265.0 -0.0476850  0.9988624   -2.733 0.36878
 15.0 270.0 -0.0409277  0.9991621   -2.346 0.37323
 15.0 275.0 -0.0330104  0.9994550   -1.892 0.37781
 15.0 280.0 -0.0241844  0.9997075   -1.386 0.38247
 15.0 285.0 -0.0147105  0.9998918   -0.843 0.38719
 15.0 290.0 -0.0048521  0.9999882   -0.278 0.39193
 15.0 295.0  0.0051324  0.9999868    0.294 0.39665
 15.0 300.0  0.0149966  0.9998875    0.859 0.40132
 15.0 305.0  0.0245130  0.9996995    1.405 0.40588
 15.0 310.0  0.0334798  0.9994394    1.919 0.41031
 15.0 315.0  0.0417265  0.9991291    2.391 0.41456
 15.0 320.0  0.0491190  0.9987929    2.815 0.41858
 15.0 325.0  0.0555635  0.9984552    3.185 0.42234
 15.0 330.0  0.0610098  0.9981372    3.498 0.42581
 15.0 335.0  0.0654520  0.9978557    3.753 0.42896
 15.0 340.0  0.0689293  0.9976215    3.952 0.43176
 15.0 345.0  0.0715239  0.9974389    4.102 0.43419
 15.0 350.0  0.0733578  0.9973057    4.207 0.43623
 15.0 355.0  0.0745874  0.9972145    4.278 0.43786
 15.0 360.0  0.0753964  0.9971536    4.324 0.43907
