  3.0   0.0 -0.1625670  0.9866975   -9.356 0.33264
  3.0   2.0 -0.1613065  0.9869044   -9.283 0.33243
  3.0   4.0 -0.1600442  0.9871099   -9.209 0.33221
  3.0   6.0 -0.1587812  0.9873138   -9.136 0.33198
  3.0   8.0 -0.1575186  0.9875160   -9.063 0.33173
  3.0  10.0 -0.1562575  0.9877164   -8.990 0.33148
  3.0  12.0 -0.1549990  0.9879146   -8.917 0.33121
  3.0  14.0 -0.1537444  0.9881107   -8.844 0.33093
  3.0  16.0 -0.1524947  0.9883043   -8.772 0.33064
  3.0  18.0 -0.1512512  0.9884954   -8.699 0.33035
  3.0  20.0 -0.1500151  0.9886837   -8.628 0.33004
  3.0  22.0 -0.1487876  0.9888692   -8.557 0.32972
  3.0  24.0 -0.1475701  0.9890516   -8.486 0.32940
  3.0  26.0 -0.1463640  0.9892308   -8.416 0.32906
  3.0  28.0 -0.1451702  0.9894067   -8.347 0.32872
  3.0  30.0 -0.1439903  0.9895791   -8.279 0.32837
  3.0  32.0 -0.1428256  0.9897479   -8.211 0.32801
  3.0  34.0 -0.1416775  0.9899129   -8.145 0.32765
  3.0  36.0 -0.1405474  0.9900739   -8.080 0.32728
  3.0  38.0 -0.1394367  0.9902310   -8.015 0.32690
  3.0  40.0 -0.1383469  0.9903838   -7.952 0.32652
  3.0  42.0 -0.1372793  0.9905324   -7.890 0.32613
  3.0  44.0 -0.1362355  0.9906765   -7.830 0.32573
  3.0  46.0 -0.1352169  0.9908160   -7.771 0.32534
  3.0  48.0 -0.1342248  0.9909509   -7.714 0.32493
  3.0  50.0 -0.1332609  0.9910810   -7.658 0.32453
  3.0  52.0 -0.1323266  0.9912062   -7.604 0.32412
  3.0  54.0 -0.1314232  0.9913264   -7.552 0.32371
  3.0  56.0 -0.1305523  0.9914414   -7.502 0.32329
  3.0  58.0 -0.1297154  0.9915513   -7.453 0.32288
  3.0  60.0 -0.1289137  0.9916558   -7.407 0.32246
  3.0  62.0 -0.1281488  0.9917550   -7.363 0.32204
  3.0  64.0 -0.1274220  0.9918486   -7.321 0.32162
  3.0  66.0 -0.1267346  0.9919367   -7.281 0.32120
  3.0  68.0 -0.1260882  0.9920190   -7.244 0.32079
  3.0  70.0 -0.1254838  0.9920957   -7.209 0.32037
  3.0  72.0 -0.1249227  0.9921665   -7.176 0.31995
  3.0  74.0 -0.1244063  0.9922314   -7.146 0.31954
  3.0  76.0 -0.1239355  0.9922903   -7.119 0.31912
  3.0  78.0 -0.1235116  0.9923431   -7.095 0.31871
  3.0  80.0 -0.1231357  0.9923898   -7.073 0.31831
  3.0  82.0 -0.1228087  0.9924304   -7.054 0.31790
  3.0  84.0 -0.1225316  0.9924646   -7.038 0.31750
  3.0  86.0 -0.1223052  0.9924925   -7.025 0.31711
  3.0  88.0 -0.1221305  0.9925141   -7.015 0.31672
  3.0  90.0 -0.1220080  0.9925291   -7.008 0.31633
  3.0  92.0 -0.1219385  0.9925377   -7.004 0.31596
  3.0  94.0 -0.1219226  0.9925396   -7.003 0.31558
  3.0  96.0 -0.1219608  0.9925349   -7.005 0.31522
  3.0  98.0 -0.1220534  0.9925235   -7.011 0.31486
  3.0 100.0 -0.1222009  0.9925054   -7.019 0.31451
  3.0 102.0 -0.1224034  0.9924804   -7.031 0.31416
  3.0 104.0 -0.1226610  0.9924486   -7.046 0.31383
  3.0 106.0 -0.1229739  0.9924099   -7.064 0.31350
  3.0 108.0 -0.1233419  0.9923642   -7.085 0.31319
  3.0 110.0 -0.1237650  0.9923116   -7.109 0.31288
  3.0 112.0 -0.1242428  0.9922518   -7.137 0.31258
  3.0 114.0 -0.1247751  0.9921851   -7.168 0.31230
  3.0 116.0 -0.1253613  0.9921112   -7.202 0.31202
  3.0 118.0 -0.1260009  0.9920301   -7.239 0.31176
  3.0 120.0 -0.1266932  0.9919420   -7.279 0.31150
  3.0 122.0 -0.1274371  0.9918466   -7.322 0.31126
  3.0 124.0 -0.1282325  0.9917441   -7.367 0.31103
  3.0 126.0 -0.1290780  0.9916344   -7.416 0.31082
  3.0 128.0 -0.1299726  0.9915176   -7.468 0.31061
  3.0 130.0 -0.1309150  0.9913936   -7.522 0.31042
  3.0 132.0 -0.1319041  0.9912625   -7.580 0.31024
  3.0 134.0 -0.1329384  0.9911243   -7.639 0.31008
  3.0 136.0 -0.1340165  0.9909791   -7.702 0.30993
  3.0 138.0 -0.1351369  0.9908269   -7.767 0.30980
  3.0 140.0 -0.1362979  0.9906679   -7.834 0.30967
  3.0 142.0 -0.1374979  0.9905021   -7.903 0.30957
  3.0 144.0 -0.1387350  0.9903295   -7.975 0.30948
  3.0 146.0 -0.1400073  0.9901505   -8.048 0.30940
  3.0 148.0 -0.1413129  0.9899650   -8.124 0.30934
  3.0 150.0 -0.1426498  0.9897732   -8.201 0.30929
  3.0 152.0 -0.1440160  0.9895754   -8.280 0.30926
  3.0 154.0 -0.1454092  0.9893716   -8.361 0.30924
  3.0 156.0 -0.1468274  0.9891621   -8.443 0.30924
  3.0 158.0 -0.1482682  0.9889472   -8.527 0.30925
  3.0 160.0 -0.1497294  0.9887270   -8.611 0.30928
  3.0 162.0 -0.1512087  0.9885019   -8.697 0.30933
  3.0 164.0 -0.1527037  0.9882720   -8.784 0.30939
  3.0 166.0 -0.1542121  0.9880378   -8.871 0.30947
  3.0 168.0 -0.1557314  0.9877994   -8.959 0.30956
  3.0 170.0 -0.1572593  0.9875574   -9.048 0.30967
  3.0 172.0 -0.1587933  0.9873119   -9.137 0.30979
  3.0 174.0 -0.1603310  0.9870633   -9.226 0.30993
  3.0 176.0 -0.1618700  0.9868121   -9.315 0.31008
  3.0 178.0 -0.1634079  0.9865586   -9.405 0.31025
  3.0 180.0 -0.1649423  0.9863032   -9.494 0.31043
  3.0 182.0 -0.1664707  0.9860464   -9.583 0.31063
  3.0 184.0 -0.1679909  0.9857885   -9.671 0.31084
  3.0 186.0 -0.1695006  0.9855301   -9.759 0.31106
  3.0 188.0 -0.1709972  0.9852715   -9.846 0.31130
  3.0 190.0 -0.1724788  0.9850132   -9.932 0.31155
  3.0 192.0 -0.1739431  0.9847557  -10.017 0.31182
  3.0 194.0 -0.1753878  0.9844994  -10.101 0.31210
  3.0 196.0 -0.1768109  0.9842448  -10.184 0.31239
  3.0 198.0 -0.1782104  0.9839924  -10.266 0.31269
  3.0 200.0 -0.1795843  0.9837426  -10.346 0.31301
  3.0 202.0 -0.1809306  0.9834959  -10.424 0.31334
  3.0 204.0 -0.1822475  0.9832527  -10.501 0.31367
  3.0 206.0 -0.1835333  0.9830135  -10.576 0.31402
  3.0 208.0 -0.1847861  0.9827788  -10.649 0.31438
  3.0 210.0 -0.1860045  0.9825489  -10.720 0.31475
  3.0 212.0 -0.1871868  0.9823243  -10.789 0.31513
  3.0 214.0 -0.1883316  0.9821055  -10.855 0.31551
  3.0 216.0 -0.1894376  0.9818928  -10.920 0.31591
  3.0 218.0 -0.1905033  0.9816865  -10.982 0.31631
  3.0 220.0 -0.1915278  0.9814872  -11.042 0.31672
  3.0 222.0 -0.1925097  0.9812951  -11.099 0.31714
  3.0 224.0 -0.1934481  0.9811105  -11.154 0.31756
  3.0 226.0 -0.1943420  0.9809338  -11.206 0.31799
  3.0 228.0 -0.1951907  0.9807653  -11.256 0.31842
  3.0 230.0 -0.1959933  0.9806052  -11.303 0.31885
  3.0 232.0 -0.1967492  0.9804539  -11.347 0.31930
  3.0 234.0 -0.1974577  0.9803114  -11.388 0.31974
  3.0 236.0 -0.1981185  0.9801781  -11.427 0.32019
  3.0 238.0 -0.1987310  0.9800541  -11.463 0.32063
  3.0 240.0 -0.1992949  0.9799396  -11.496 0.32108
  3.0 242.0 -0.1998100  0.9798347  -11.526 0.32154
  3.0 244.0 -0.2002762  0.9797395  -11.553 0.32199
  3.0 246.0 -0.2006933  0.9796541  -11.578 0.32244
  3.0 248.0 -0.2010622  0.9795785  -11.599 0.32289
  3.0 250.0 -0.2013812  0.9795130  -11.618 0.32333
  3.0 252.0 -0.2016513  0.9794574  -11.634 0.32378
  3.0 254.0 -0.2018727  0.9794118  -11.646 0.32422
  3.0 256.0 -0.2020456  0.9793761  -11.657 0.32466
  3.0 258.0 -0.2021705  0.9793503  -11.664 0.32509
  3.0 260.0 -0.2022476  0.9793344  -11.668 0.32552
  3.0 262.0 -0.2022775  0.9793282  -11.670 0.32595
  3.0 264.0 -0.2022606  0.9793317  -11.669 0.32637
  3.0 266.0 -0.2021975  0.9793448  -11.665 0.32678
  3.0 268.0 -0.2020887  0.9793672  -11.659 0.32719
  3.0 270.0 -0.2019350  0.9793989  -11.650 0.32759
  3.0 272.0 -0.2017369  0.9794398  -11.639 0.32798
  3.0 274.0 -0.2014952  0.9794895  -11.624 0.32836
  3.0 276.0 -0.2012107  0.9795480  -11.608 0.32873
  3.0 278.0 -0.2008842  0.9796150  -11.589 0.32909
  3.0 280.0 -0.2005164  0.9796904  -11.567 0.32945
  3.0 282.0 -0.2001081  0.9797738  -11.543 0.32979
  3.0 284.0 -0.1996604  0.9798652  -11.517 0.33012
  3.0 286.0 -0.1991739  0.9799642  -11.489 0.33045
  3.0 288.0 -0.1986497  0.9800706  -11.458 0.33076
  3.0 290.0 -0.1980887  0.9801841  -11.425 0.33106
  3.0 292.0 -0.1974888  0.9803051  -11.390 0.33134
  3.0 294.0 -0.1968536  0.9804329  -11.353 0.33162
  3.0 296.0 -0.1961937  0.9805652  -11.314 0.33188
  3.0 298.0 -0.1954946  0.9807048  -11.274 0.33212
  3.0 300.0 -0.1947634  0.9808503  -11.231 0.33236
  3.0 302.0 -0.1940010  0.9810013  -11.186 0.33258
  3.0 304.0 -0.1932083  0.9811578  -11.140 0.33279
  3.0 306.0 -0.1923864  0.9813192  -11.092 0.33298
  3.0 308.0 -0.1915362  0.9814855  -11.042 0.33316
  3.0 310.0 -0.1906587  0.9816564  -10.991 0.33332
  3.0 312.0 -0.1897548  0.9818315  -10.938 0.33347
  3.0 314.0 -0.1888254  0.9820107  -10.884 0.33361
  3.0 316.0 -0.1878716  0.9821936  -10.829 0.33373
  3.0 318.0 -0.1868942  0.9823801  -10.772 0.33383
  3.0 320.0 -0.1858942  0.9825698  -10.713 0.33392
  3.0 322.0 -0.1848725  0.9827625  -10.654 0.33400
  3.0 324.0 -0.1838300  0.9829580  -10.593 0.33406
  3.0 326.0 -0.1827677  0.9831561  -10.531 0.33410
  3.0 328.0 -0.1816863  0.9833565  -10.468 0.33413
  3.0 330.0 -0.1805871  0.9835590  -10.404 0.33415
  3.0 332.0 -0.1794709  0.9837633  -10.339 0.33415
  3.0 334.0 -0.1783384  0.9839692  -10.273 0.33413
  3.0 336.0 -0.1771908  0.9841765  -10.206 0.33410
  3.0 338.0 -0.1760288  0.9843850  -10.139 0.33406
  3.0 340.0 -0.1748533  0.9845945  -10.070 0.33400
  3.0 342.0 -0.1736654  0.9848047  -10.001 0.33393
  3.0 344.0 -0.1724659  0.9850155   -9.931 0.33384
  3.0 346.0 -0.1712558  0.9852266   -9.861 0.33374
  3.0 348.0 -0.1700359  0.9854379   -9.790 0.33362
  3.0 350.0 -0.1688074  0.9856491   -9.718 0.33349
  3.0 352.0 -0.1675710  0.9858600   -9.647 0.33335
  3.0 354.0 -0.1663314  0.9860699   -9.575 0.33319
  3.0 356.0 -0.1650831  0.9862797   -9.502 0.33302
  3.0 358.0 -0.1638248  0.9864895   -9.429 0.33283
  3.0 360.0 -0.1625670  0.9866975   -9.356 0.33264
  5.0   0.0 -0.1628911  0.9866441   -9.375 0.34046
  5.0   2.0 -0.1609552  0.9869617   -9.262 0.34011
  5.0   4.0 -0.1590112  0.9872768   -9.150 0.33974
  5.0   6.0 -0.1570599  0.9875891   -9.036 0.33935
  5.0   8.0 -0.1551027  0.9878983   -8.923 0.33895
  5.0  10.0 -0.1531406  0.9882044   -8.809 0.33853
  5.0  12.0 -0.1511750  0.9885070   -8.695 0.33809
  5.0  14.0 -0.1492071  0.9888060   -8.581 0.33763
  5.0  16.0 -0.1472385  0.9891010   -8.467 0.33716
  5.0  18.0 -0.1452705  0.9893920   -8.353 0.33667
  5.0  20.0 -0.1433048  0.9896786   -8.239 0.33617
  5.0  22.0 -0.1413430  0.9899607   -8.126 0.33566
  5.0  24.0 -0.1393870  0.9902380   -8.012 0.33513
  5.0  26.0 -0.1374385  0.9905103   -7.900 0.33458
  5.0  28.0 -0.1354996  0.9907774   -7.788 0.33403
  5.0  30.0 -0.1335722  0.9910391   -7.676 0.33346
  5.0  32.0 -0.1316584  0.9912951   -7.565 0.33288
  5.0  34.0 -0.1297610  0.9915453   -7.456 0.33230
  5.0  36.0 -0.1278812  0.9917895   -7.347 0.33170
  5.0  38.0 -0.1260220  0.9920274   -7.240 0.33109
  5.0  40.0 -0.1241859  0.9922590   -7.134 0.33047
  5.0  42.0 -0.1223752  0.9924839   -7.029 0.32985
  5.0  44.0 -0.1205927  0.9927021   -6.926 0.32921
  5.0  46.0 -0.1188409  0.9929133   -6.825 0.32857
  5.0  48.0 -0.1171227  0.9931175   -6.726 0.32793
  5.0  50.0 -0.1154408  0.9933144   -6.629 0.32727
  5.0  52.0 -0.1137981  0.9935039   -6.534 0.32662
  5.0  54.0 -0.1121973  0.9936859   -6.442 0.32596
  5.0  56.0 -0.1106415  0.9938604   -6.352 0.32529
  5.0  58.0 -0.1091335  0.9940271   -6.265 0.32462
  5.0  60.0 -0.1076763  0.9941860   -6.181 0.32395
  5.0  62.0 -0.1062728  0.9943370   -6.101 0.32328
  5.0  64.0 -0.1049260  0.9944800   -6.023 0.32260
  5.0  66.0 -0.1036388  0.9946150   -5.949 0.32193
  5.0  68.0 -0.1024142  0.9947418   -5.878 0.32125
  5.0  70.0 -0.1012550  0.9948605   -5.811 0.32058
  5.0  72.0 -0.1001641  0.9949709   -5.749 0.31990
  5.0  74.0 -0.0991442  0.9950731   -5.690 0.31923
  5.0  76.0 -0.0981980  0.9951669   -5.635 0.31856
  5.0  78.0 -0.0973285  0.9952523   -5.585 0.31790
  5.0  80.0 -0.0965379  0.9953293   -5.540 0.31724
  5.0  82.0 -0.0958288  0.9953978   -5.499 0.31658
  5.0  84.0 -0.0952035  0.9954578   -5.463 0.31593
  5.0  86.0 -0.0946645  0.9955092   -5.432 0.31529
  5.0  88.0 -0.0942137  0.9955520   -5.406 0.31465
  5.0  90.0 -0.0938532  0.9955860   -5.385 0.31402
  5.0  92.0 -0.0935850  0.9956113   -5.370 0.31340
  5.0  94.0 -0.0934106  0.9956277   -5.360 0.31279
  5.0  96.0 -0.0933316  0.9956351   -5.355 0.31219
  5.0  98.0 -0.0933495  0.9956334   -5.356 0.31160
  5.0 100.0 -0.0934654  0.9956225   -5.363 0.31101
  5.0 102.0 -0.0936803  0.9956023   -5.375 0.31045
  5.0 104.0 -0.0939951  0.9955727   -5.393 0.30989
  5.0 106.0 -0.0944105  0.9955334   -5.417 0.30935
  5.0 108.0 -0.0949267  0.9954843   -5.447 0.30882
  5.0 110.0 -0.0955441  0.9954252   -5.483 0.30831
  5.0 112.0 -0.0962627  0.9953560   -5.524 0.30781
  5.0 114.0 -0.0970822  0.9952764   -5.571 0.30733
  5.0 116.0 -0.0980021  0.9951862   -5.624 0.30686
  5.0 118.0 -0.0990219  0.9950853   -5.683 0.30641
  5.0 120.0 -0.1001405  0.9949733   -5.747 0.30598
  5.0 122.0 -0.1013570  0.9948501   -5.817 0.30557
  5.0 124.0 -0.1026698  0.9947155   -5.893 0.30518
  5.0 126.0 -0.1040775  0.9945692   -5.974 0.30481
  5.0 128.0 -0.1055778  0.9944110   -6.060 0.30446
  5.0 130.0 -0.1071696  0.9942408   -6.152 0.30413
  5.0 132.0 -0.1088500  0.9940582   -6.249 0.30382
  5.0 134.0 -0.1106168  0.9938631   -6.351 0.30353
  5.0 136.0 -0.1124671  0.9936554   -6.458 0.30327
  5.0 138.0 -0.1143982  0.9934350   -6.569 0.30303
  5.0 140.0 -0.1164068  0.9932016   -6.685 0.30281
  5.0 142.0 -0.1184898  0.9929553   -6.805 0.30262
  5.0 144.0 -0.1206437  0.9926959   -6.929 0.30245
  5.0 146.0 -0.1228648  0.9924234   -7.057 0.30230
  5.0 148.0 -0.1251494  0.9921379   -7.189 0.30218
  5.0 150.0 -0.1274933  0.9918394   -7.325 0.30209
  5.0 152.0 -0.1298927  0.9915281   -7.463 0.30202
  5.0 154.0 -0.1323432  0.9912040   -7.605 0.30198
  5.0 156.0 -0.1348404  0.9908673   -7.749 0.30196
  5.0 158.0 -0.1373799  0.9905184   -7.896 0.30197
  5.0 160.0 -0.1399572  0.9901576   -8.045 0.30200
  5.0 162.0 -0.1425676  0.9897851   -8.196 0.30206
  5.0 164.0 -0.1452063  0.9894014   -8.349 0.30214
  5.0 166.0 -0.1478686  0.9890070   -8.503 0.30226
  5.0 168.0 -0.1505497  0.9886024   -8.659 0.30239
  5.0 170.0 -0.1532448  0.9881883   -8.815 0.30256
  5.0 172.0 -0.1559490  0.9877651   -8.972 0.30275
  5.0 174.0 -0.1586574  0.9873337   -9.129 0.30296
  5.0 176.0 -0.1613652  0.9868948   -9.286 0.30321
  5.0 178.0 -0.1640677  0.9864491   -9.443 0.30347
  5.0 180.0 -0.1667600  0.9859975   -9.599 0.30376
  5.0 182.0 -0.1694375  0.9855409   -9.755 0.30408
  5.0 184.0 -0.1720955  0.9850803   -9.910 0.30442
  5.0 186.0 -0.1747293  0.9846165  -10.063 0.30479
  5.0 188.0 -0.1773346  0.9841506  -10.215 0.30518
  5.0 190.0 -0.1799071  0.9836836  -10.364 0.30559
  5.0 192.0 -0.1824424  0.9832166  -10.512 0.30603
  5.0 194.0 -0.1849364  0.9827505  -10.657 0.30649
  5.0 196.0 -0.1873852  0.9822865  -10.800 0.30697
  5.0 198.0 -0.1897849  0.9818257  -10.940 0.30747
  5.0 200.0 -0.1921319  0.9813691  -11.077 0.30799
  5.0 202.0 -0.1944226  0.9809179  -11.211 0.30854
  5.0 204.0 -0.1966536  0.9804730  -11.341 0.30910
  5.0 206.0 -0.1988218  0.9800357  -11.468 0.30968
  5.0 208.0 -0.2009243  0.9796068  -11.591 0.31028
  5.0 210.0 -0.2029581  0.9791874  -11.710 0.31090
  5.0 212.0 -0.2049207  0.9787786  -11.825 0.31153
  5.0 214.0 -0.2068096  0.9783812  -11.935 0.31218
  5.0 216.0 -0.2086227  0.9779962  -12.042 0.31284
  5.0 218.0 -0.2103580  0.9776244  -12.143 0.31352
  5.0 220.0 -0.2120135  0.9772667  -12.240 0.31421
  5.0 222.0 -0.2135876  0.9769239  -12.333 0.31491
  5.0 224.0 -0.2150790  0.9765966  -12.420 0.31563
  5.0 226.0 -0.2164865  0.9762856  -12.503 0.31635
  5.0 228.0 -0.2178089  0.9759914  -12.580 0.31708
  5.0 230.0 -0.2190455  0.9757147  -12.653 0.31782
  5.0 232.0 -0.2201956  0.9754557  -12.721 0.31857
  5.0 234.0 -0.2212587  0.9752151  -12.783 0.31932
  5.0 236.0 -0.2222346  0.9749932  -12.840 0.32008
  5.0 238.0 -0.2231264  0.9747895  -12.893 0.32084
  5.0 240.0 -0.2239278  0.9746057  -12.940 0.32160
  5.0 242.0 -0.2246422  0.9744413  -12.982 0.32236
  5.0 244.0 -0.2252700  0.9742964  -13.019 0.32313
  5.0 246.0 -0.2258118  0.9741710  -13.051 0.32389
  5.0 248.0 -0.2262682  0.9740650  -13.077 0.32465
  5.0 250.0 -0.2266401  0.9739786  -13.099 0.32541
  5.0 252.0 -0.2269286  0.9739114  -13.116 0.32616
  5.0 254.0 -0.2271345  0.9738634  -13.128 0.32691
  5.0 256.0 -0.2272593  0.9738343  -13.136 0.32765
  5.0 258.0 -0.2273042  0.9738238  -13.138 0.32838
  5.0 260.0 -0.2272706  0.9738317  -13.136 0.32911
  5.0 262.0 -0.2271600  0.9738575  -13.130 0.32982
  5.0 264.0 -0.2269740  0.9739008  -13.119 0.33053
  5.0 266.0 -0.2267142  0.9739613  -13.104 0.33122
  5.0 268.0 -0.2263824  0.9740385  -13.084 0.33190
  5.0 270.0 -0.2259804  0.9741318  -13.061 0.33257
  5.0 272.0 -0.2255100  0.9742409  -13.033 0.33322
  5.0 274.0 -0.2249730  0.9743650  -13.001 0.33386
  5.0 276.0 -0.2243713  0.9745037  -12.966 0.33448
  5.0 278.0 -0.2237068  0.9746565  -12.927 0.33508
  5.0 280.0 -0.2229816  0.9748227  -12.884 0.33567
  5.0 282.0 -0.2221975  0.9750017  -12.838 0.33624
  5.0 284.0 -0.2213564  0.9751930  -12.789 0.33679
  5.0 286.0 -0.2204603  0.9753959  -12.736 0.33732
  5.0 288.0 -0.2195112  0.9756100  -12.680 0.33783
  5.0 290.0 -0.2185108  0.9758345  -12.622 0.33832
  5.0 292.0 -0.2174612  0.9760690  -12.560 0.33878
  5.0 294.0 -0.2163642  0.9763127  -12.496 0.33923
  5.0 296.0 -0.2152215  0.9765653  -12.429 0.33965
  5.0 298.0 -0.2140349  0.9768260  -12.359 0.34005
  5.0 300.0 -0.2128063  0.9770944  -12.287 0.34043
  5.0 302.0 -0.2115372  0.9773699  -12.212 0.34078
  5.0 304.0 -0.2102293  0.9776521  -12.136 0.34111
  5.0 306.0 -0.2088843  0.9779404  -12.057 0.34142
  5.0 308.0 -0.2075035  0.9782343  -11.976 0.34170
  5.0 310.0 -0.2060886  0.9785333  -11.893 0.34195
  5.0 312.0 -0.2046409  0.9788371  -11.808 0.34218
  5.0 314.0 -0.2031618  0.9791452  -11.722 0.34239
  5.0 316.0 -0.2016527  0.9794571  -11.634 0.34257
  5.0 318.0 -0.2001146  0.9797725  -11.544 0.34273
  5.0 320.0 -0.1985489  0.9800910  -11.452 0.34286
  5.0 322.0 -0.1969554  0.9804125  -11.359 0.34297
  5.0 324.0 -0.1953377  0.9807360  -11.264 0.34305
  5.0 326.0 -0.1936957  0.9810617  -11.169 0.34310
  5.0 328.0 -0.1920303  0.9813890  -11.071 0.34314
  5.0 330.0 -0.1903424  0.9817178  -10.973 0.34314
  5.0 332.0 -0.1886330  0.9820477  -10.873 0.34313
  5.0 334.0 -0.1869028  0.9823784  -10.772 0.34308
  5.0 336.0 -0.1851528  0.9827097  -10.670 0.34302
  5.0 338.0 -0.1833838  0.9830414  -10.567 0.34293
  5.0 340.0 -0.1815965  0.9833731  -10.463 0.34282
  5.0 342.0 -0.1797918  0.9837047  -10.358 0.34268
  5.0 344.0 -0.1779703  0.9840359  -10.252 0.34252
  5.0 346.0 -0.1761329  0.9843664  -10.145 0.34234
  5.0 348.0 -0.1742804  0.9846961  -10.037 0.34213
  5.0 350.0 -0.1724134  0.9850247   -9.928 0.34191
  5.0 352.0 -0.1705328  0.9853520   -9.819 0.34166
  5.0 354.0 -0.1686395  0.9856778   -9.709 0.34139
  5.0 356.0 -0.1667341  0.9860019   -9.598 0.34110
  5.0 358.0 -0.1648246  0.9863229   -9.487 0.34079
  5.0 360.0 -0.1628911  0.9866441   -9.375 0.34046
  7.0   0.0 -0.1638217  0.9864900   -9.429 0.34830
  7.0   2.0 -0.1613525  0.9868968   -9.285 0.34781
  7.0   4.0 -0.1588646  0.9873004   -9.141 0.34730
  7.0   6.0 -0.1563584  0.9877004   -8.996 0.34676
  7.0   8.0 -0.1538346  0.9880966   -8.849 0.34621
  7.0  10.0 -0.1512939  0.9884888   -8.702 0.34562
  7.0  12.0 -0.1487372  0.9888768   -8.554 0.34502
  7.0  14.0 -0.1461655  0.9892602   -8.405 0.34440
  7.0  16.0 -0.1435800  0.9896387   -8.255 0.34375
  7.0  18.0 -0.1409821  0.9900121   -8.105 0.34309
  7.0  20.0 -0.1383734  0.9903801   -7.954 0.34240
  7.0  22.0 -0.1357557  0.9907423   -7.802 0.34170
  7.0  24.0 -0.1331309  0.9910985   -7.651 0.34098
  7.0  26.0 -0.1305012  0.9914482   -7.499 0.34025
  7.0  28.0 -0.1278689  0.9917911   -7.346 0.33950
  7.0  30.0 -0.1252365  0.9921269   -7.194 0.33873
  7.0  32.0 -0.1226069  0.9924553   -7.043 0.33795
  7.0  34.0 -0.1199830  0.9927759   -6.891 0.33716
  7.0  36.0 -0.1173680  0.9930885   -6.740 0.33635
  7.0  38.0 -0.1147657  0.9933926   -6.590 0.33553
  7.0  40.0 -0.1121786  0.9936881   -6.441 0.33470
  7.0  42.0 -0.1096109  0.9939746   -6.293 0.33386
  7.0  44.0 -0.1070666  0.9942518   -6.146 0.33301
  7.0  46.0 -0.1045498  0.9945197   -6.001 0.33216
  7.0  48.0 -0.1020645  0.9947778   -5.858 0.33129
  7.0  50.0 -0.0996153  0.9950260   -5.717 0.33041
  7.0  52.0 -0.0972066  0.9952642   -5.578 0.32953
  7.0  54.0 -0.0948431  0.9954922   -5.442 0.32864
  7.0  56.0 -0.0925293  0.9957100   -5.309 0.32775
  7.0  58.0 -0.0902702  0.9959173   -5.179 0.32685
  7.0  60.0 -0.0880707  0.9961142   -5.053 0.32595
  7.0  62.0 -0.0859357  0.9963007   -4.930 0.32504
  7.0  64.0 -0.0838701  0.9964767   -4.811 0.32414
  7.0  66.0 -0.0818790  0.9966423   -4.697 0.32323
  7.0  68.0 -0.0799675  0.9967975   -4.587 0.32232
  7.0  70.0 -0.0781405  0.9969424   -4.482 0.32141
  7.0  72.0 -0.0764030  0.9970770   -4.382 0.32050
  7.0  74.0 -0.0747600  0.9972016   -4.287 0.31959
  7.0  76.0 -0.0732163  0.9973161   -4.199 0.31869
  7.0  78.0 -0.0717767  0.9974207   -4.116 0.31779
  7.0  80.0 -0.0704458  0.9975156   -4.040 0.31689
  7.0  82.0 -0.0692284  0.9976008   -3.970 0.31600
  7.0  84.0 -0.0681287  0.9976765   -3.907 0.31511
  7.0  86.0 -0.0671510  0.9977428   -3.850 0.31423
  7.0  88.0 -0.0662994  0.9977998   -3.801 0.31336
  7.0  90.0 -0.0655778  0.9978475   -3.760 0.31250
  7.0  92.0 -0.0649897  0.9978859   -3.726 0.31165
  7.0  94.0 -0.0645387  0.9979152   -3.700 0.31080
  7.0  96.0 -0.0642279  0.9979353   -3.683 0.30997
  7.0  98.0 -0.0640602  0.9979460   -3.673 0.30915
  7.0 100.0 -0.0640382  0.9979474   -3.672 0.30835
  7.0 102.0 -0.0641642  0.9979394   -3.679 0.30756
  7.0 104.0 -0.0644403  0.9979216   -3.695 0.30679
  7.0 106.0 -0.0648681  0.9978938   -3.719 0.30603
  7.0 108.0 -0.0654489  0.9978559   -3.753 0.30529
  7.0 110.0 -0.0661838  0.9978075   -3.795 0.30457
  7.0 112.0 -0.0670733  0.9977481   -3.846 0.30387
  7.0 114.0 -0.0681176  0.9976773   -3.906 0.30319
  7.0 116.0 -0.0693168  0.9975947   -3.975 0.30253
  7.0 118.0 -0.0706701  0.9974997   -4.052 0.30189
  7.0 120.0 -0.0721768  0.9973919   -4.139 0.30128
  7.0 122.0 -0.0738355  0.9972704   -4.234 0.30069
  7.0 124.0 -0.0756444  0.9971349   -4.338 0.30013
  7.0 126.0 -0.0776014  0.9969845   -4.451 0.29960
  7.0 128.0 -0.0797041  0.9968186   -4.572 0.29909
  7.0 130.0 -0.0819491  0.9966365   -4.701 0.29862
  7.0 132.0 -0.0843339  0.9964376   -4.838 0.29817
  7.0 134.0 -0.0868543  0.9962210   -4.983 0.29775
  7.0 136.0 -0.0895063  0.9959863   -5.135 0.29736
  7.0 138.0 -0.0922855  0.9957326   -5.295 0.29701
  7.0 140.0 -0.0951871  0.9954594   -5.462 0.29668
  7.0 142.0 -0.0982058  0.9951661   -5.636 0.29639
  7.0 144.0 -0.1013362  0.9948522   -5.816 0.29614
  7.0 146.0 -0.1045724  0.9945173   -6.003 0.29591
  7.0 148.0 -0.1079085  0.9941608   -6.195 0.29572
  7.0 150.0 -0.1113379  0.9937826   -6.392 0.29557
  7.0 152.0 -0.1148541  0.9933824   -6.595 0.29545
  7.0 154.0 -0.1184501  0.9929600   -6.803 0.29537
  7.0 156.0 -0.1221188  0.9925155   -7.014 0.29532
  7.0 158.0 -0.1258531  0.9920489   -7.230 0.29531
  7.0 160.0 -0.1296453  0.9915604   -7.449 0.29534
  7.0 162.0 -0.1334879  0.9910504   -7.671 0.29540
  7.0 164.0 -0.1373732  0.9905194   -7.896 0.29550
  7.0 166.0 -0.1412934  0.9899678   -8.123 0.29563
  7.0 168.0 -0.1452406  0.9893964   -8.351 0.29580
  7.0 170.0 -0.1492068  0.9888060   -8.581 0.29601
  7.0 172.0 -0.1531842  0.9881977   -8.812 0.29626
  7.0 174.0 -0.1571648  0.9875724   -9.042 0.29654
  7.0 176.0 -0.1611407  0.9869314   -9.273 0.29686
  7.0 178.0 -0.1651042  0.9862761   -9.503 0.29721
  7.0 180.0 -0.1690475  0.9856079   -9.732 0.29760
  7.0 182.0 -0.1729629  0.9849283   -9.960 0.29803
  7.0 184.0 -0.1768431  0.9842391  -10.186 0.29849
  7.0 186.0 -0.1806806  0.9835418  -10.409 0.29898
  7.0 188.0 -0.1844683  0.9828385  -10.630 0.29951
  7.0 190.0 -0.1881994  0.9821308  -10.848 0.30008
  7.0 192.0 -0.1918671  0.9814209  -11.062 0.30067
  7.0 194.0 -0.1954649  0.9807107  -11.272 0.30130
  7.0 196.0 -0.1989866  0.9800022  -11.478 0.30196
  7.0 198.0 -0.2024263  0.9792975  -11.679 0.30266
  7.0 200.0 -0.2057783  0.9785986  -11.875 0.30338
  7.0 202.0 -0.2090373  0.9779077  -12.066 0.30413
  7.0 204.0 -0.2121982  0.9772267  -12.251 0.30492
  7.0 206.0 -0.2152563  0.9765576  -12.431 0.30573
  7.0 208.0 -0.2182074  0.9759024  -12.604 0.30656
  7.0 210.0 -0.2210472  0.9752631  -12.771 0.30742
  7.0 212.0 -0.2237723  0.9746415  -12.931 0.30831
  7.0 214.0 -0.2263791  0.9740393  -13.084 0.30922
  7.0 216.0 -0.2288648  0.9734582  -13.230 0.31015
  7.0 218.0 -0.2312268  0.9728999  -13.369 0.31111
  7.0 220.0 -0.2334627  0.9723658  -13.501 0.31208
  7.0 222.0 -0.2355707  0.9718572  -13.625 0.31307
  7.0 224.0 -0.2375493  0.9713755  -13.742 0.31408
  7.0 226.0 -0.2393971  0.9709217  -13.851 0.31510
  7.0 228.0 -0.2411134  0.9704970  -13.952 0.31614
  7.0 230.0 -0.2426976  0.9701020  -14.046 0.31718
  7.0 232.0 -0.2441495  0.9697376  -14.132 0.31824
  7.0 234.0 -0.2454692  0.9694044  -14.210 0.31931
  7.0 236.0 -0.2466646  0.9691009  -14.280 0.32038
  7.0 238.0 -0.2477214  0.9688313  -14.343 0.32146
  7.0 240.0 -0.2486482  0.9685939  -14.398 0.32254
  7.0 242.0 -0.2494461  0.9683887  -14.445 0.32363
  7.0 244.0 -0.2501167  0.9682157  -14.484 0.32471
  7.0 246.0 -0.2506616  0.9680748  -14.517 0.32579
  7.0 248.0 -0.2510830  0.9679656  -14.542 0.32687
  7.0 250.0 -0.2513828  0.9678877  -14.559 0.32794
  7.0 252.0 -0.2515637  0.9678408  -14.570 0.32901
  7.0 254.0 -0.2516280  0.9678240  -14.574 0.33007
  7.0 256.0 -0.2515785  0.9678369  -14.571 0.33112
  7.0 258.0 -0.2514181  0.9678786  -14.561 0.33215
  7.0 260.0 -0.2511499  0.9679482  -14.546 0.33318
  7.0 262.0 -0.2507768  0.9680449  -14.523 0.33418
  7.0 264.0 -0.2503022  0.9681678  -14.495 0.33518
  7.0 266.0 -0.2497293  0.9683157  -14.461 0.33615
  7.0 268.0 -0.2490615  0.9684877  -14.422 0.33711
  7.0 270.0 -0.2483023  0.9686826  -14.377 0.33804
  7.0 272.0 -0.2474550  0.9688994  -14.327 0.33895
  7.0 274.0 -0.2465233  0.9691369  -14.272 0.33984
  7.0 276.0 -0.2455104  0.9693939  -14.212 0.34071
  7.0 278.0 -0.2444201  0.9696694  -14.148 0.34155
  7.0 280.0 -0.2432557  0.9699622  -14.079 0.34236
  7.0 282.0 -0.2420207  0.9702711  -14.006 0.34315
  7.0 284.0 -0.2407184  0.9705950  -13.929 0.34391
  7.0 286.0 -0.2393522  0.9709328  -13.848 0.34463
  7.0 288.0 -0.2379253  0.9712835  -13.764 0.34533
  7.0 290.0 -0.2364409  0.9716459  -13.677 0.34600
  7.0 292.0 -0.2349021  0.9720190  -13.586 0.34664
  7.0 294.0 -0.2333119  0.9724020  -13.492 0.34724
  7.0 296.0 -0.2316731  0.9727937  -13.396 0.34781
  7.0 298.0 -0.2299885  0.9731933  -13.296 0.34835
  7.0 300.0 -0.2282608  0.9736000  -13.195 0.34885
  7.0 302.0 -0.2264924  0.9740129  -13.091 0.34932
  7.0 304.0 -0.2246858  0.9744313  -12.984 0.34976
  7.0 306.0 -0.2228430  0.9748543  -12.876 0.35016
  7.0 308.0 -0.2209663  0.9752814  -12.766 0.35053
  7.0 310.0 -0.2190575  0.9757119  -12.654 0.35086
  7.0 312.0 -0.2171184  0.9761453  -12.540 0.35116
  7.0 314.0 -0.2151507  0.9765809  -12.424 0.35142
  7.0 316.0 -0.2131558  0.9770182  -12.307 0.35165
  7.0 318.0 -0.2111351  0.9774569  -12.189 0.35184
  7.0 320.0 -0.2090858  0.9778973  -12.069 0.35199
  7.0 322.0 -0.2070169  0.9783374  -11.948 0.35212
  7.0 324.0 -0.2049253  0.9787776  -11.825 0.35220
  7.0 326.0 -0.2028118  0.9792177  -11.701 0.35226
  7.0 328.0 -0.2006770  0.9796575  -11.577 0.35228
  7.0 330.0 -0.1985214  0.9800966  -11.451 0.35226
  7.0 332.0 -0.1963455  0.9805348  -11.323 0.35221
  7.0 334.0 -0.1941497  0.9809719  -11.195 0.35213
  7.0 336.0 -0.1919340  0.9814078  -11.066 0.35202
  7.0 338.0 -0.1896988  0.9818423  -10.935 0.35187
  7.0 340.0 -0.1874440  0.9822753  -10.804 0.35170
  7.0 342.0 -0.1851698  0.9827065  -10.671 0.35149
  7.0 344.0 -0.1828761  0.9831360  -10.537 0.35125
  7.0 346.0 -0.1805629  0.9835634  -10.403 0.35098
  7.0 348.0 -0.1782301  0.9839888  -10.267 0.35068
  7.0 350.0 -0.1758777  0.9844120  -10.130 0.35035
  7.0 352.0 -0.1735056  0.9848329   -9.992 0.35000
  7.0 354.0 -0.1711139  0.9852512   -9.853 0.34961
  7.0 356.0 -0.1687026  0.9856670   -9.712 0.34920
  7.0 358.0 -0.1662725  0.9860798   -9.571 0.34877
  7.0 360.0 -0.1638217  0.9864900   -9.429 0.34830
  9.0   0.0 -0.1653924  0.9862278   -9.520 0.35605
  9.0   2.0 -0.1625394  0.9867021   -9.354 0.35543
  9.0   4.0 -0.1596533  0.9871732   -9.187 0.35478
  9.0   6.0 -0.1567333  0.9876410   -9.017 0.35410
  9.0   8.0 -0.1537790  0.9881053   -8.846 0.35339
  9.0  10.0 -0.1507900  0.9885658   -8.673 0.35266
  9.0  12.0 -0.1477663  0.9890223   -8.498 0.35191
  9.0  14.0 -0.1447082  0.9894744   -8.320 0.35113
  9.0  16.0 -0.1416162  0.9899216   -8.141 0.35032
  9.0  18.0 -0.1384912  0.9903637   -7.961 0.34950
  9.0  20.0 -0.1353343  0.9908000   -7.778 0.34865
  9.0  22.0 -0.1321471  0.9912301   -7.594 0.34778
  9.0  24.0 -0.1289314  0.9916535   -7.408 0.34689
  9.0  26.0 -0.1256895  0.9920696   -7.221 0.34598
  9.0  28.0 -0.1224238  0.9924779   -7.032 0.34505
  9.0  30.0 -0.1191373  0.9928778   -6.842 0.34411
  9.0  32.0 -0.1158333  0.9932687   -6.652 0.34315
  9.0  34.0 -0.1125154  0.9936500   -6.460 0.34218
  9.0  36.0 -0.1091877  0.9940211   -6.268 0.34118
  9.0  38.0 -0.1058545  0.9943816   -6.076 0.34018
  9.0  40.0 -0.1025212  0.9947308   -5.884 0.33916
  9.0  42.0 -0.0991914  0.9950684   -5.693 0.33813
  9.0  44.0 -0.0958710  0.9953938   -5.501 0.33709
  9.0  46.0 -0.0925659  0.9957066   -5.311 0.33604
  9.0  48.0 -0.0892820  0.9960064   -5.122 0.33497
  9.0  50.0 -0.0860253  0.9962930   -4.935 0.33390
  9.0  52.0 -0.0828025  0.9965660   -4.750 0.33282
  9.0  54.0 -0.0796201  0.9968253   -4.567 0.33174
  9.0  56.0 -0.0764851  0.9970707   -4.387 0.33064
  9.0  58.0 -0.0734046  0.9973022   -4.210 0.32954
  9.0  60.0 -0.0703857  0.9975199   -4.036 0.32844
  9.0  62.0 -0.0674359  0.9977236   -3.867 0.32733
  9.0  64.0 -0.0645626  0.9979137   -3.702 0.32621
  9.0  66.0 -0.0617734  0.9980902   -3.542 0.32510
  9.0  68.0 -0.0590758  0.9982535   -3.387 0.32398
  9.0  70.0 -0.0564776  0.9984039   -3.238 0.32286
  9.0  72.0 -0.0539863  0.9985417   -3.095 0.32174
  9.0  74.0 -0.0516095  0.9986673   -2.958 0.32062
  9.0  76.0 -0.0493547  0.9987813   -2.829 0.31950
  9.0  78.0 -0.0472294  0.9988841   -2.707 0.31838
  9.0  80.0 -0.0452409  0.9989761   -2.593 0.31727
  9.0  82.0 -0.0433960  0.9990579   -2.487 0.31616
  9.0  84.0 -0.0417027  0.9991301   -2.390 0.31505
  9.0  86.0 -0.0401667  0.9991930   -2.302 0.31396
  9.0  88.0 -0.0387949  0.9992472   -2.223 0.31287
  9.0  90.0 -0.0375936  0.9992931   -2.154 0.31178
  9.0  92.0 -0.0365688  0.9993311   -2.096 0.31071
  9.0  94.0 -0.0357261  0.9993616   -2.047 0.30965
  9.0  96.0 -0.0350708  0.9993848   -2.010 0.30860
  9.0  98.0 -0.0346079  0.9994010   -1.983 0.30756
  9.0 100.0 -0.0343419  0.9994101   -1.968 0.30654
  9.0 102.0 -0.0342769  0.9994124   -1.964 0.30553
  9.0 104.0 -0.0344165  0.9994076   -1.972 0.30454
  9.0 106.0 -0.0347640  0.9993955   -1.992 0.30357
  9.0 108.0 -0.0353221  0.9993760   -2.024 0.30262
  9.0 110.0 -0.0360929  0.9993484   -2.068 0.30169
  9.0 112.0 -0.0370780  0.9993124   -2.125 0.30078
  9.0 114.0 -0.0382785  0.9992671   -2.194 0.29990
  9.0 116.0 -0.0396951  0.9992118   -2.275 0.29904
  9.0 118.0 -0.0413274  0.9991457   -2.369 0.29822
  9.0 120.0 -0.0431750  0.9990675   -2.475 0.29742
  9.0 122.0 -0.0452365  0.9989763   -2.593 0.29665
  9.0 124.0 -0.0475100  0.9988708   -2.723 0.29591
  9.0 126.0 -0.0499930  0.9987496   -2.866 0.29521
  9.0 128.0 -0.0526824  0.9986113   -3.020 0.29454
  9.0 130.0 -0.0555743  0.9984546   -3.186 0.29391
  9.0 132.0 -0.0586640  0.9982778   -3.363 0.29331
  9.0 134.0 -0.0619472  0.9980794   -3.552 0.29275
  9.0 136.0 -0.0654179  0.9978580   -3.751 0.29223
  9.0 138.0 -0.0690699  0.9976118   -3.961 0.29176
  9.0 140.0 -0.0728965  0.9973395   -4.180 0.29132
  9.0 142.0 -0.0768904  0.9970396   -4.410 0.29092
  9.0 144.0 -0.0810436  0.9967106   -4.649 0.29057
  9.0 146.0 -0.0853479  0.9963512   -4.896 0.29026
  9.0 148.0 -0.0897944  0.9959603   -5.152 0.29000
  9.0 150.0 -0.0943738  0.9955368   -5.415 0.28977
  9.0 152.0 -0.0990764  0.9950798   -5.686 0.28960
  9.0 154.0 -0.1038922  0.9945886   -5.963 0.28947
  9.0 156.0 -0.1088107  0.9940625   -6.247 0.28938
  9.0 158.0 -0.1138214  0.9935012   -6.536 0.28935
  9.0 160.0 -0.1189131  0.9929047   -6.829 0.28935
  9.0 162.0 -0.1240748  0.9922729   -7.127 0.28941
  9.0 164.0 -0.1292951  0.9916062   -7.429 0.28951
  9.0 166.0 -0.1345624  0.9909051   -7.733 0.28966
  9.0 168.0 -0.1398653  0.9901705   -8.040 0.28985
  9.0 170.0 -0.1451921  0.9894035   -8.348 0.29009
  9.0 172.0 -0.1505311  0.9886053   -8.658 0.29038
  9.0 174.0 -0.1558708  0.9877774   -8.967 0.29072
  9.0 176.0 -0.1611997  0.9869218   -9.277 0.29110
  9.0 178.0 -0.1665062  0.9860404   -9.585 0.29153
  9.0 180.0 -0.1717792  0.9851355   -9.891 0.29200
  9.0 182.0 -0.1770148  0.9842082  -10.196 0.29252
  9.0 184.0 -0.1821805  0.9832651  -10.497 0.29308
  9.0 186.0 -0.1872874  0.9823052  -10.795 0.29369
  9.0 188.0 -0.1923180  0.9813327  -11.088 0.29435
  9.0 190.0 -0.1972624  0.9803507  -11.377 0.29505
  9.0 192.0 -0.2021109  0.9793626  -11.660 0.29579
  9.0 194.0 -0.2068544  0.9783717  -11.938 0.29658
  9.0 196.0 -0.2114842  0.9773814  -12.209 0.29740
  9.0 198.0 -0.2159918  0.9763952  -12.474 0.29827
  9.0 200.0 -0.2203694  0.9754165  -12.731 0.29919
  9.0 202.0 -0.2246097  0.9744488  -12.980 0.30014
  9.0 204.0 -0.2287057  0.9734956  -13.221 0.30113
  9.0 206.0 -0.2326512  0.9725602  -13.453 0.30216
  9.0 208.0 -0.2364403  0.9716460  -13.677 0.30322
  9.0 210.0 -0.2400678  0.9707561  -13.891 0.30432
  9.0 212.0 -0.2435288  0.9698937  -14.095 0.30546
  9.0 214.0 -0.2468194  0.9690615  -14.289 0.30662
  9.0 216.0 -0.2499358  0.9682624  -14.474 0.30782
  9.0 218.0 -0.2528750  0.9674990  -14.648 0.30905
  9.0 220.0 -0.2556346  0.9667735  -14.811 0.31030
  9.0 222.0 -0.2582125  0.9660881  -14.964 0.31158
  9.0 224.0 -0.2606075  0.9654448  -15.106 0.31288
  9.0 226.0 -0.2628185  0.9648453  -15.237 0.31421
  9.0 228.0 -0.2648453  0.9642909  -15.358 0.31555
  9.0 230.0 -0.2666880  0.9637829  -15.467 0.31691
  9.0 232.0 -0.2683473  0.9633222  -15.566 0.31828
  9.0 234.0 -0.2698392  0.9629054  -15.655 0.31967
  9.0 236.0 -0.2711356  0.9625412  -15.732 0.32106
  9.0 238.0 -0.2722531  0.9622257  -15.798 0.32246
  9.0 240.0 -0.2731942  0.9619589  -15.854 0.32387
  9.0 242.0 -0.2739616  0.9617406  -15.900 0.32528
  9.0 244.0 -0.2745585  0.9615704  -15.936 0.32669
  9.0 246.0 -0.2749882  0.9614476  -15.961 0.32809
  9.0 248.0 -0.2752546  0.9613714  -15.977 0.32949
  9.0 250.0 -0.2753618  0.9613407  -15.984 0.33089
  9.0 252.0 -0.2753140  0.9613544  -15.981 0.33227
  9.0 254.0 -0.2751157  0.9614111  -15.969 0.33364
  9.0 256.0 -0.2747719  0.9615094  -15.948 0.33500
  9.0 258.0 -0.2742873  0.9616478  -15.920 0.33634
  9.0 260.0 -0.2736671  0.9618245  -15.883 0.33766
  9.0 262.0 -0.2729165  0.9620377  -15.838 0.33896
  9.0 264.0 -0.2720409  0.9622857  -15.786 0.34024
  9.0 266.0 -0.2710457  0.9625665  -15.726 0.34149
  9.0 268.0 -0.2699363  0.9628782  -15.660 0.34272
  9.0 270.0 -0.2687183  0.9632188  -15.588 0.34392
  9.0 272.0 -0.2673973  0.9635864  -15.509 0.34508
  9.0 274.0 -0.2659787  0.9639789  -15.425 0.34622
  9.0 276.0 -0.2644681  0.9643944  -15.335 0.34732
  9.0 278.0 -0.2628708  0.9648310  -15.240 0.34838
  9.0 280.0 -0.2611923  0.9652868  -15.141 0.34941
  9.0 282.0 -0.2594379  0.9657598  -15.037 0.35041
  9.0 284.0 -0.2576127  0.9662483  -14.928 0.35136
  9.0 286.0 -0.2557218  0.9667504  -14.816 0.35228
  9.0 288.0 -0.2537699  0.9672646  -14.701 0.35315
  9.0 290.0 -0.2517619  0.9677892  -14.582 0.35398
  9.0 292.0 -0.2497024  0.9683226  -14.460 0.35477
  9.0 294.0 -0.2475955  0.9688635  -14.335 0.35552
  9.0 296.0 -0.2454455  0.9694104  -14.208 0.35622
  9.0 298.0 -0.2432563  0.9699620  -14.079 0.35688
  9.0 300.0 -0.2410315  0.9705173  -13.947 0.35750
  9.0 302.0 -0.2387746  0.9710750  -13.814 0.35807
  9.0 304.0 -0.2364886  0.9716343  -13.679 0.35859
  9.0 306.0 -0.2341766  0.9721941  -13.543 0.35907
  9.0 308.0 -0.2318412  0.9727537  -13.405 0.35951
  9.0 310.0 -0.2294846  0.9733123  -13.267 0.35990
  9.0 312.0 -0.2271090  0.9738693  -13.127 0.36024
  9.0 314.0 -0.2247162  0.9744243  -12.986 0.36054
  9.0 316.0 -0.2223076  0.9749766  -12.845 0.36080
  9.0 318.0 -0.2198845  0.9755259  -12.702 0.36101
  9.0 320.0 -0.2174398  0.9760737  -12.559 0.36117
  9.0 322.0 -0.2149906  0.9766161  -12.415 0.36129
  9.0 324.0 -0.2125290  0.9771547  -12.271 0.36137
  9.0 326.0 -0.2100552  0.9776895  -12.126 0.36141
  9.0 328.0 -0.2075692  0.9782203  -11.980 0.36140
  9.0 330.0 -0.2050705  0.9787472  -11.834 0.36135
  9.0 332.0 -0.2025587  0.9792701  -11.687 0.36126
  9.0 334.0 -0.2000332  0.9797891  -11.539 0.36113
  9.0 336.0 -0.1974929  0.9803043  -11.390 0.36095
  9.0 338.0 -0.1949370  0.9808158  -11.241 0.36074
  9.0 340.0 -0.1923641  0.9813236  -11.091 0.36049
  9.0 342.0 -0.1897730  0.9818280  -10.940 0.36021
  9.0 344.0 -0.1871624  0.9823290  -10.787 0.35988
  9.0 346.0 -0.1845306  0.9828268  -10.634 0.35952
  9.0 348.0 -0.1818763  0.9833214  -10.479 0.35912
  9.0 350.0 -0.1791979  0.9838131  -10.323 0.35869
  9.0 352.0 -0.1764938  0.9843018  -10.166 0.35823
  9.0 354.0 -0.1737626  0.9847876  -10.007 0.35773
  9.0 356.0 -0.1710028  0.9852705   -9.846 0.35720
  9.0 358.0 -0.1682131  0.9857506   -9.684 0.35664
  9.0 360.0 -0.1653924  0.9862278   -9.520 0.35605
 11.0   0.0 -0.1676410  0.9858481   -9.651 0.36357
 11.0   2.0 -0.1645612  0.9863669   -9.472 0.36282
 11.0   4.0 -0.1614299  0.9868842   -9.290 0.36205
 11.0   6.0 -0.1582447  0.9873999   -9.105 0.36124
 11.0   8.0 -0.1550031  0.9879140   -8.917 0.36040
 11.0  10.0 -0.1517035  0.9884260   -8.726 0.35954
 11.0  12.0 -0.1483442  0.9889358   -8.531 0.35865
 11.0  14.0 -0.1449243  0.9894427   -8.333 0.35773
 11.0  16.0 -0.1414432  0.9899464   -8.131 0.35678
 11.0  18.0 -0.1379007  0.9904461   -7.926 0.35581
 11.0  20.0 -0.1342972  0.9909411   -7.718 0.35482
 11.0  22.0 -0.1306337  0.9914307   -7.506 0.35380
 11.0  24.0 -0.1269117  0.9919140   -7.291 0.35276
 11.0  26.0 -0.1231332  0.9923902   -7.073 0.35170
 11.0  28.0 -0.1193008  0.9928582   -6.852 0.35062
 11.0  30.0 -0.1154175  0.9933171   -6.628 0.34953
 11.0  32.0 -0.1114873  0.9937659   -6.401 0.34841
 11.0  34.0 -0.1075143  0.9942035   -6.172 0.34728
 11.0  36.0 -0.1035035  0.9946291   -5.941 0.34613
 11.0  38.0 -0.0994602  0.9950415   -5.708 0.34496
 11.0  40.0 -0.0953903  0.9954399   -5.474 0.34378
 11.0  42.0 -0.0913012  0.9958233   -5.238 0.34259
 11.0  44.0 -0.0871981  0.9961910   -5.002 0.34138
 11.0  46.0 -0.0830894  0.9965421   -4.766 0.34017
 11.0  48.0 -0.0789829  0.9968760   -4.530 0.33894
 11.0  50.0 -0.0748870  0.9971920   -4.295 0.33770
 11.0  52.0 -0.0708105  0.9974898   -4.061 0.33645
 11.0  54.0 -0.0667623  0.9977689   -3.828 0.33519
 11.0  56.0 -0.0627520  0.9980292   -3.598 0.33393
 11.0  58.0 -0.0587891  0.9982704   -3.370 0.33266
 11.0  60.0 -0.0548838  0.9984927   -3.146 0.33138
 11.0  62.0 -0.0510462  0.9986963   -2.926 0.33009
 11.0  64.0 -0.0472865  0.9988814   -2.710 0.32880
 11.0  66.0 -0.0436155  0.9990484   -2.500 0.32750
 11.0  68.0 -0.0400436  0.9991979   -2.295 0.32621
 11.0  70.0 -0.0365815  0.9993307   -2.096 0.32490
 11.0  72.0 -0.0332399  0.9994474   -1.905 0.32360
 11.0  74.0 -0.0300295  0.9995490   -1.721 0.32229
 11.0  76.0 -0.0269609  0.9996365   -1.545 0.32098
 11.0  78.0 -0.0240446  0.9997109   -1.378 0.31968
 11.0  80.0 -0.0212910  0.9997733   -1.220 0.31837
 11.0  82.0 -0.0187102  0.9998249   -1.072 0.31706
 11.0  84.0 -0.0163123  0.9998669   -0.935 0.31576
 11.0  86.0 -0.0141070  0.9999005   -0.808 0.31446
 11.0  88.0 -0.0121037  0.9999267   -0.694 0.31317
 11.0  90.0 -0.0103115  0.9999468   -0.591 0.31188
 11.0  92.0 -0.0087392  0.9999618   -0.501 0.31060
 11.0  94.0 -0.0073951  0.9999727   -0.424 0.30933
 11.0  96.0 -0.0062871  0.9999802   -0.360 0.30807
 11.0  98.0 -0.0054226  0.9999853   -0.311 0.30682
 11.0 100.0 -0.0048086  0.9999884   -0.276 0.30558
 11.0 102.0 -0.0044514  0.9999901   -0.255 0.30436
 11.0 104.0 -0.0043568  0.9999905   -0.250 0.30316
 11.0 106.0 -0.0045300  0.9999897   -0.260 0.30197
 11.0 108.0 -0.0049755  0.9999876   -0.285 0.30081
 11.0 110.0 -0.0056970  0.9999838   -0.326 0.29967
 11.0 112.0 -0.0066978  0.9999776   -0.384 0.29855
 11.0 114.0 -0.0079800  0.9999682   -0.457 0.29747
 11.0 116.0 -0.0095454  0.9999544   -0.547 0.29641
 11.0 118.0 -0.0113946  0.9999351   -0.653 0.29538
 11.0 120.0 -0.0135275  0.9999085   -0.775 0.29439
 11.0 122.0 -0.0159432  0.9998729   -0.914 0.29343
 11.0 124.0 -0.0186398  0.9998263   -1.068 0.29251
 11.0 126.0 -0.0216147  0.9997664   -1.239 0.29163
 11.0 128.0 -0.0248642  0.9996908   -1.425 0.29079
 11.0 130.0 -0.0283837  0.9995971   -1.626 0.29000
 11.0 132.0 -0.0321678  0.9994825   -1.843 0.28924
 11.0 134.0 -0.0362103  0.9993442   -2.075 0.28854
 11.0 136.0 -0.0405038  0.9991794   -2.321 0.28788
 11.0 138.0 -0.0450404  0.9989852   -2.581 0.28728
 11.0 140.0 -0.0498110  0.9987587   -2.855 0.28672
 11.0 142.0 -0.0548060  0.9984970   -3.142 0.28621
 11.0 144.0 -0.0600147  0.9981975   -3.441 0.28576
 11.0 146.0 -0.0654258  0.9978574   -3.751 0.28536
 11.0 148.0 -0.0710275  0.9974744   -4.073 0.28501
 11.0 150.0 -0.0768071  0.9970460   -4.405 0.28472
 11.0 152.0 -0.0827512  0.9965702   -4.747 0.28449
 11.0 154.0 -0.0888463  0.9960453   -5.097 0.28430
 11.0 156.0 -0.0950779  0.9954698   -5.456 0.28418
 11.0 158.0 -0.1014315  0.9948425   -5.822 0.28411
 11.0 160.0 -0.1078920  0.9941626   -6.194 0.28409
 11.0 162.0 -0.1144440  0.9934297   -6.572 0.28413
 11.0 164.0 -0.1210719  0.9926437   -6.954 0.28423
 11.0 166.0 -0.1277601  0.9918051   -7.340 0.28438
 11.0 168.0 -0.1344925  0.9909146   -7.729 0.28459
 11.0 170.0 -0.1412534  0.9899735   -8.120 0.28485
 11.0 172.0 -0.1480268  0.9889833   -8.513 0.28517
 11.0 174.0 -0.1547968  0.9879463   -8.905 0.28554
 11.0 176.0 -0.1615478  0.9868649   -9.297 0.28597
 11.0 178.0 -0.1682641  0.9857419   -9.687 0.28646
 11.0 180.0 -0.1749305  0.9845808  -10.075 0.28700
 11.0 182.0 -0.1815323  0.9833850  -10.459 0.28760
 11.0 184.0 -0.1880539  0.9821587  -10.839 0.28825
 11.0 186.0 -0.1944819  0.9809061  -11.214 0.28895
 11.0 188.0 -0.2008022  0.9796318  -11.584 0.28971
 11.0 190.0 -0.2070015  0.9783406  -11.947 0.29053
 11.0 192.0 -0.2130668  0.9770376  -12.302 0.29140
 11.0 194.0 -0.2189859  0.9757280  -12.649 0.29232
 11.0 196.0 -0.2247473  0.9744171  -12.988 0.29330
 11.0 198.0 -0.2303399  0.9731102  -13.317 0.29433
 11.0 200.0 -0.2357534  0.9718129  -13.636 0.29541
 11.0 202.0 -0.2409782  0.9705305  -13.944 0.29655
 11.0 204.0 -0.2460054  0.9692685  -14.241 0.29773
 11.0 206.0 -0.2508269  0.9680319  -14.526 0.29896
 11.0 208.0 -0.2554355  0.9668261  -14.799 0.30025
 11.0 210.0 -0.2598246  0.9656558  -15.060 0.30157
 11.0 212.0 -0.2639884  0.9645259  -15.307 0.30295
 11.0 214.0 -0.2679220  0.9634406  -15.541 0.30436
 11.0 216.0 -0.2716214  0.9624042  -15.761 0.30582
 11.0 218.0 -0.2750833  0.9614204  -15.967 0.30731
 11.0 220.0 -0.2783051  0.9604927  -16.159 0.30884
 11.0 222.0 -0.2812939  0.9596217  -16.337 0.31041
 11.0 224.0 -0.2840323  0.9588147  -16.501 0.31200
 11.0 226.0 -0.2865279  0.9580719  -16.650 0.31363
 11.0 228.0 -0.2887811  0.9573952  -16.785 0.31528
 11.0 230.0 -0.2907932  0.9567859  -16.905 0.31695
 11.0 232.0 -0.2925662  0.9562453  -17.012 0.31864
 11.0 234.0 -0.2941024  0.9557739  -17.104 0.32035
 11.0 236.0 -0.2954052  0.9553721  -17.182 0.32207
 11.0 238.0 -0.2964781  0.9550396  -17.246 0.32380
 11.0 240.0 -0.2973256  0.9547761  -17.297 0.32553
 11.0 242.0 -0.2979523  0.9545808  -17.335 0.32727
 11.0 244.0 -0.2983634  0.9544523  -17.359 0.32901
 11.0 246.0 -0.2985713  0.9543873  -17.372 0.33074
 11.0 248.0 -0.2985680  0.9543884  -17.372 0.33247
 11.0 250.0 -0.2983672  0.9544511  -17.360 0.33418
 11.0 252.0 -0.2979758  0.9545734  -17.336 0.33588
 11.0 254.0 -0.2974006  0.9547528  -17.302 0.33757
 11.0 256.0 -0.2966489  0.9549866  -17.256 0.33923
 11.0 258.0 -0.2957283  0.9552721  -17.201 0.34088
 11.0 260.0 -0.2946463  0.9556064  -17.136 0.34249
 11.0 262.0 -0.2934107  0.9559865  -17.062 0.34408
 11.0 264.0 -0.2920293  0.9564094  -16.979 0.34564
 11.0 266.0 -0.2905102  0.9568719  -16.889 0.34717
 11.0 268.0 -0.2888612  0.9573710  -16.790 0.34865
 11.0 270.0 -0.2870905  0.9579035  -16.684 0.35011
 11.0 272.0 -0.2852060  0.9584663  -16.571 0.35152
 11.0 274.0 -0.2832155  0.9590563  -16.452 0.35288
 11.0 276.0 -0.2811271  0.9596705  -16.327 0.35421
 11.0 278.0 -0.2789484  0.9603061  -16.197 0.35549
 11.0 280.0 -0.2766871  0.9609601  -16.063 0.35672
 11.0 282.0 -0.2743505  0.9616298  -15.923 0.35791
 11.0 284.0 -0.2719460  0.9623125  -15.780 0.35904
 11.0 286.0 -0.2694805  0.9630058  -15.633 0.36013
 11.0 288.0 -0.2669610  0.9637073  -15.484 0.36116
 11.0 290.0 -0.2643938  0.9644148  -15.331 0.36214
 11.0 292.0 -0.2617853  0.9651261  -15.176 0.36306
 11.0 294.0 -0.2591414  0.9658394  -15.019 0.36393
 11.0 296.0 -0.2564677  0.9665528  -14.861 0.36475
 11.0 298.0 -0.2537694  0.9672647  -14.701 0.36551
 11.0 300.0 -0.2510514  0.9679737  -14.540 0.36622
 11.0 302.0 -0.2483183  0.9686785  -14.378 0.36687
 11.0 304.0 -0.2455740  0.9693778  -14.216 0.36746
 11.0 306.0 -0.2428223  0.9700708  -14.053 0.36800
 11.0 308.0 -0.2400663  0.9707565  -13.890 0.36848
 11.0 310.0 -0.2373021  0.9714359  -13.727 0.36891
 11.0 312.0 -0.2345452  0.9721052  -13.565 0.36928
 11.0 314.0 -0.2317913  0.9727655  -13.403 0.36960
 11.0 316.0 -0.2290417  0.9734166  -13.241 0.36986
 11.0 318.0 -0.2262908  0.9740598  -13.079 0.37007
 11.0 320.0 -0.2235533  0.9746917  -12.918 0.37023
 11.0 322.0 -0.2208218  0.9753142  -12.757 0.37034
 11.0 324.0 -0.2180960  0.9759273  -12.597 0.37039
 11.0 326.0 -0.2153752  0.9765314  -12.438 0.37039
 11.0 328.0 -0.2126583  0.9771266  -12.278 0.37034
 11.0 330.0 -0.2099439  0.9777134  -12.119 0.37024
 11.0 332.0 -0.2072299  0.9782923  -11.960 0.37010
 11.0 334.0 -0.2045142  0.9788636  -11.801 0.36990
 11.0 336.0 -0.2017944  0.9794279  -11.642 0.36967
 11.0 338.0 -0.1990676  0.9799858  -11.482 0.36938
 11.0 340.0 -0.1963307  0.9805377  -11.322 0.36905
 11.0 342.0 -0.1935806  0.9810844  -11.162 0.36868
 11.0 344.0 -0.1908137  0.9816263  -11.000 0.36827
 11.0 346.0 -0.1880266  0.9821639  -10.838 0.36781
 11.0 348.0 -0.1852156  0.9826979  -10.674 0.36732
 11.0 350.0 -0.1823769  0.9832287  -10.508 0.36678
 11.0 352.0 -0.1795069  0.9837567  -10.341 0.36621
 11.0 354.0 -0.1766018  0.9842824  -10.172 0.36560
 11.0 356.0 -0.1736582  0.9848060  -10.001 0.36496
 11.0 358.0 -0.1706723  0.9853278   -9.827 0.36428
 11.0 360.0 -0.1676410  0.9858481   -9.651 0.36357
 13.0   0.0 -0.1706116  0.9853384   -9.823 0.37074
 13.0   2.0 -0.1674692  0.9858773   -9.641 0.36988
 13.0   4.0 -0.1642531  0.9864182   -9.454 0.36900
 13.0   6.0 -0.1609581  0.9869612   -9.263 0.36808
 13.0   8.0 -0.1575797  0.9875063   -9.066 0.36713
 13.0  10.0 -0.1541137  0.9880531   -8.865 0.36614
 13.0  12.0 -0.1505567  0.9886014   -8.659 0.36514
 13.0  14.0 -0.1469058  0.9891505   -8.448 0.36410
 13.0  16.0 -0.1431588  0.9896997   -8.231 0.36303
 13.0  18.0 -0.1393143  0.9902482   -8.008 0.36194
 13.0  20.0 -0.1353714  0.9907949   -7.780 0.36083
 13.0  22.0 -0.1313303  0.9913387   -7.546 0.35969
 13.0  24.0 -0.1271917  0.9918781   -7.307 0.35853
 13.0  26.0 -0.1229574  0.9924119   -7.063 0.35734
 13.0  28.0 -0.1186298  0.9929386   -6.813 0.35614
 13.0  30.0 -0.1142121  0.9934564   -6.558 0.35491
 13.0  32.0 -0.1097086  0.9939638   -6.299 0.35367
 13.0  34.0 -0.1051242  0.9944591   -6.034 0.35240
 13.0  36.0 -0.1004647  0.9949406   -5.766 0.35112
 13.0  38.0 -0.0957366  0.9954067   -5.494 0.34983
 13.0  40.0 -0.0909473  0.9958557   -5.218 0.34851
 13.0  42.0 -0.0861057  0.9962860   -4.940 0.34719
 13.0  44.0 -0.0812188  0.9966963   -4.659 0.34585
 13.0  46.0 -0.0762973  0.9970851   -4.376 0.34449
 13.0  48.0 -0.0713511  0.9974513   -4.092 0.34313
 13.0  50.0 -0.0663910  0.9977937   -3.807 0.34175
 13.0  52.0 -0.0614285  0.9981115   -3.522 0.34037
 13.0  54.0 -0.0564753  0.9984040   -3.238 0.33897
 13.0  56.0 -0.0515437  0.9986707   -2.955 0.33756
 13.0  58.0 -0.0466465  0.9989115   -2.674 0.33615
 13.0  60.0 -0.0417967  0.9991261   -2.395 0.33473
 13.0  62.0 -0.0370078  0.9993150   -2.121 0.33330
 13.0  64.0 -0.0322934  0.9994784   -1.851 0.33186
 13.0  66.0 -0.0276674  0.9996172   -1.585 0.33042
 13.0  68.0 -0.0231436  0.9997322   -1.326 0.32897
 13.0  70.0 -0.0187363  0.9998245   -1.074 0.32751
 13.0  72.0 -0.0144594  0.9998955   -0.828 0.32605
 13.0  74.0 -0.0103272  0.9999467   -0.592 0.32459
 13.0  76.0 -0.0063536  0.9999798   -0.364 0.32312
 13.0  78.0 -0.0025526  0.9999967   -0.146 0.32165
 13.0  80.0  0.0010620  0.9999994    0.061 0.32017
 13.0  82.0  0.0044768  0.9999900    0.257 0.31869
 13.0  84.0  0.0076784  0.9999705    0.440 0.31722
 13.0  86.0  0.0106538  0.9999432    0.610 0.31574
 13.0  88.0  0.0133903  0.9999103    0.767 0.31426
 13.0  90.0  0.0158757  0.9998740    0.910 0.31278
 13.0  92.0  0.0180982  0.9998362    1.037 0.31131
 13.0  94.0  0.0200463  0.9997991    1.149 0.30984
 13.0  96.0  0.0217092  0.9997643    1.244 0.30837
 13.0  98.0  0.0230766  0.9997337    1.322 0.30692
 13.0 100.0  0.0241388  0.9997086    1.383 0.30548
 13.0 102.0  0.0248868  0.9996903    1.426 0.30405
 13.0 104.0  0.0253122  0.9996796    1.450 0.30263
 13.0 106.0  0.0254075  0.9996772    1.456 0.30123
 13.0 108.0  0.0251659  0.9996833    1.442 0.29986
 13.0 110.0  0.0245814  0.9996978    1.409 0.29850
 13.0 112.0  0.0236490  0.9997203    1.355 0.29717
 13.0 114.0  0.0223646  0.9997499    1.282 0.29587
 13.0 116.0  0.0207251  0.9997852    1.188 0.29460
 13.0 118.0  0.0187287  0.9998246    1.073 0.29337
 13.0 120.0  0.0163742  0.9998659    0.938 0.29217
 13.0 122.0  0.0136620  0.9999067    0.783 0.29102
 13.0 124.0  0.0105935  0.9999439    0.607 0.28990
 13.0 126.0  0.0071712  0.9999743    0.411 0.28884
 13.0 128.0  0.0033989  0.9999942    0.195 0.28782
 13.0 130.0 -0.0007181  0.9999997   -0.041 0.28685
 13.0 132.0 -0.0051736  0.9999866   -0.296 0.28594
 13.0 134.0 -0.0099599  0.9999504   -0.571 0.28508
 13.0 136.0 -0.0150682  0.9998865   -0.863 0.28428
 13.0 138.0 -0.0204885  0.9997901   -1.174 0.28354
 13.0 140.0 -0.0262093  0.9996565   -1.502 0.28286
 13.0 142.0 -0.0322183  0.9994809   -1.846 0.28224
 13.0 144.0 -0.0385019  0.9992585   -2.207 0.28169
 13.0 146.0 -0.0450455  0.9989849   -2.582 0.28120
 13.0 148.0 -0.0518336  0.9986557   -2.971 0.28077
 13.0 150.0 -0.0588496  0.9982669   -3.374 0.28041
 13.0 152.0 -0.0660763  0.9978146   -3.789 0.28011
 13.0 154.0 -0.0734956  0.9972955   -4.215 0.27987
 13.0 156.0 -0.0810888  0.9967069   -4.651 0.27971
 13.0 158.0 -0.0888368  0.9960462   -5.097 0.27960
 13.0 160.0 -0.0967197  0.9953117   -5.550 0.27956
 13.0 162.0 -0.1047176  0.9945020   -6.011 0.27958
 13.0 164.0 -0.1128099  0.9936166   -6.477 0.27967
 13.0 166.0 -0.1209762  0.9926554   -6.948 0.27982
 13.0 168.0 -0.1291958  0.9916191   -7.423 0.28004
 13.0 170.0 -0.1374479  0.9905090   -7.900 0.28031
 13.0 172.0 -0.1457118  0.9893271   -8.379 0.28065
 13.0 174.0 -0.1539670  0.9880760   -8.857 0.28105
 13.0 176.0 -0.1621932  0.9867590   -9.334 0.28152
 13.0 178.0 -0.1703702  0.9853801   -9.809 0.28205
 13.0 180.0 -0.1784783  0.9839439  -10.281 0.28264
 13.0 182.0 -0.1865009  0.9824548  -10.749 0.28329
 13.0 184.0 -0.1944106  0.9809202  -11.210 0.28401
 13.0 186.0 -0.2021976  0.9793447  -11.665 0.28479
 13.0 188.0 -0.2098413  0.9777355  -12.113 0.28563
 13.0 190.0 -0.2173244  0.9760994  -12.552 0.28654
 13.0 192.0 -0.2246307  0.9744440  -12.981 0.28751
 13.0 194.0 -0.2317445  0.9727767  -13.400 0.28855
 13.0 196.0 -0.2386508  0.9711054  -13.807 0.28965
 13.0 198.0 -0.2453359  0.9694381  -14.202 0.29082
 13.0 200.0 -0.2517865  0.9677828  -14.583 0.29205
 13.0 202.0 -0.2579908  0.9661474  -14.951 0.29335
 13.0 204.0 -0.2639377  0.9645397  -15.304 0.29470
 13.0 206.0 -0.2696171  0.9629676  -15.641 0.29612
 13.0 208.0 -0.2750201  0.9614385  -15.963 0.29760
 13.0 210.0 -0.2801389  0.9599595  -16.268 0.29914
 13.0 212.0 -0.2849669  0.9585374  -16.557 0.30074
 13.0 214.0 -0.2895069  0.9571759  -16.828 0.30239
 13.0 216.0 -0.2937388  0.9558857  -17.082 0.30410
 13.0 218.0 -0.2976665  0.9546699  -17.317 0.30585
 13.0 220.0 -0.3012876  0.9535333  -17.535 0.30766
 13.0 222.0 -0.3046010  0.9524800  -17.734 0.30950
 13.0 224.0 -0.3076065  0.9515136  -17.915 0.31139
 13.0 226.0 -0.3103050  0.9506371  -18.078 0.31332
 13.0 228.0 -0.3126982  0.9498525  -18.222 0.31527
 13.0 230.0 -0.3147888  0.9491617  -18.348 0.31726
 13.0 232.0 -0.3165805  0.9485656  -18.456 0.31927
 13.0 234.0 -0.3180778  0.9480646  -18.547 0.32131
 13.0 236.0 -0.3192858  0.9476585  -18.620 0.32335
 13.0 238.0 -0.3202105  0.9473464  -18.676 0.32541
 13.0 240.0 -0.3208584  0.9471272  -18.715 0.32748
 13.0 242.0 -0.3212369  0.9469989  -18.738 0.32955
 13.0 244.0 -0.3213537  0.9469592  -18.745 0.33162
 13.0 246.0 -0.3212171  0.9470056  -18.737 0.33368
 13.0 248.0 -0.3208359  0.9471348  -18.713 0.33574
 13.0 250.0 -0.3202192  0.9473435  -18.676 0.33777
 13.0 252.0 -0.3193834  0.9476256  -18.626 0.33979
 13.0 254.0 -0.3183237  0.9479821  -18.562 0.34179
 13.0 256.0 -0.3170580  0.9484061  -18.485 0.34376
 13.0 258.0 -0.3155968  0.9488934  -18.397 0.34570
 13.0 260.0 -0.3139505  0.9494394  -18.297 0.34760
 13.0 262.0 -0.3121298  0.9500395  -18.188 0.34947
 13.0 264.0 -0.3101454  0.9506891  -18.068 0.35130
 13.0 266.0 -0.3080082  0.9513837  -17.939 0.35309
 13.0 268.0 -0.3057290  0.9521186  -17.802 0.35483
 13.0 270.0 -0.3033185  0.9528892  -17.657 0.35652
 13.0 272.0 -0.3007874  0.9536912  -17.505 0.35816
 13.0 274.0 -0.2981466  0.9545201  -17.346 0.35975
 13.0 276.0 -0.2954063  0.9553717  -17.182 0.36128
 13.0 278.0 -0.2925771  0.9562419  -17.012 0.36276
 13.0 280.0 -0.2896691  0.9571269  -16.838 0.36418
 13.0 282.0 -0.2866920  0.9580228  -16.660 0.36553
 13.0 284.0 -0.2836557  0.9589262  -16.479 0.36683
 13.0 286.0 -0.2805694  0.9598337  -16.294 0.36806
 13.0 288.0 -0.2774422  0.9607423  -16.108 0.36923
 13.0 290.0 -0.2742826  0.9616491  -15.919 0.37034
 13.0 292.0 -0.2710989  0.9625515  -15.730 0.37137
 13.0 294.0 -0.2678989  0.9634470  -15.539 0.37235
 13.0 296.0 -0.2646899  0.9643336  -15.349 0.37326
 13.0 298.0 -0.2614787  0.9652092  -15.158 0.37410
 13.0 300.0 -0.2582642  0.9660743  -14.967 0.37487
 13.0 302.0 -0.2550661  0.9669236  -14.778 0.37558
 13.0 304.0 -0.2518831  0.9677577  -14.589 0.37622
 13.0 306.0 -0.2487198  0.9685755  -14.402 0.37679
 13.0 308.0 -0.2455803  0.9693763  -14.216 0.37730
 13.0 310.0 -0.2424677  0.9701595  -14.032 0.37775
 13.0 312.0 -0.2393850  0.9709247  -13.850 0.37813
 13.0 314.0 -0.2363340  0.9716719  -13.670 0.37844
 13.0 316.0 -0.2333163  0.9724009  -13.492 0.37870
 13.0 318.0 -0.2303325  0.9731120  -13.317 0.37889
 13.0 320.0 -0.2273828  0.9738055  -13.143 0.37901
 13.0 322.0 -0.2244665  0.9744818  -12.972 0.37908
 13.0 324.0 -0.2215823  0.9751417  -12.802 0.37909
 13.0 326.0 -0.2187225  0.9757871  -12.634 0.37905
 13.0 328.0 -0.2158974  0.9764161  -12.468 0.37894
 13.0 330.0 -0.2130969  0.9770311  -12.304 0.37878
 13.0 332.0 -0.2103174  0.9776332  -12.141 0.37857
 13.0 334.0 -0.2075548  0.9782234  -11.979 0.37831
 13.0 336.0 -0.2048044  0.9788029  -11.818 0.37799
 13.0 338.0 -0.2020611  0.9793729  -11.658 0.37763
 13.0 340.0 -0.1993194  0.9799346  -11.497 0.37721
 13.0 342.0 -0.1965735  0.9804891  -11.337 0.37675
 13.0 344.0 -0.1938173  0.9810376  -11.176 0.37625
 13.0 346.0 -0.1910443  0.9815814  -11.014 0.37570
 13.0 348.0 -0.1882481  0.9821215  -10.851 0.37511
 13.0 350.0 -0.1854220  0.9826590  -10.686 0.37448
 13.0 352.0 -0.1825593  0.9831948  -10.519 0.37380
 13.0 354.0 -0.1796534  0.9837300  -10.350 0.37309
 13.0 356.0 -0.1766977  0.9842652  -10.177 0.37234
 13.0 358.0 -0.1736858  0.9848011  -10.002 0.37156
 13.0 360.0 -0.1706116  0.9853384   -9.823 0.37074
 15.0   0.0 -0.1743555  0.9846828  -10.041 0.37743
 15.0   2.0 -0.1713226  0.9852150   -9.865 0.37648
 15.0   4.0 -0.1681894  0.9857547   -9.683 0.37550
 15.0   6.0 -0.1649474  0.9863024   -9.494 0.37449
 15.0   8.0 -0.1615891  0.9868581   -9.299 0.37345
 15.0  10.0 -0.1581075  0.9874219   -9.097 0.37238
 15.0  12.0 -0.1544965  0.9879933   -8.888 0.37128
 15.0  14.0 -0.1507510  0.9885718   -8.670 0.37015
 15.0  16.0 -0.1468665  0.9891563   -8.445 0.36899
 15.0  18.0 -0.1428400  0.9897458   -8.212 0.36781
 15.0  20.0 -0.1386691  0.9903388   -7.971 0.36660
 15.0  22.0 -0.1343528  0.9909336   -7.721 0.36537
 15.0  24.0 -0.1298910  0.9915283   -7.463 0.36411
 15.0  26.0 -0.1252850  0.9921208   -7.197 0.36283
 15.0  28.0 -0.1205368  0.9927089   -6.923 0.36153
 15.0  30.0 -0.1156500  0.9932900   -6.641 0.36020
 15.0  32.0 -0.1106291  0.9938618   -6.352 0.35886
 15.0  34.0 -0.1054798  0.9944214   -6.055 0.35749
 15.0  36.0 -0.1002090  0.9949664   -5.751 0.35611
 15.0  38.0 -0.0948245  0.9954940   -5.441 0.35471
 15.0  40.0 -0.0893353  0.9960016   -5.125 0.35330
 15.0  42.0 -0.0837523  0.9964866   -4.804 0.35187
 15.0  44.0 -0.0780846  0.9969467   -4.478 0.35042
 15.0  46.0 -0.0723450  0.9973797   -4.149 0.34897
 15.0  48.0 -0.0665464  0.9977833   -3.816 0.34750
 15.0  50.0 -0.0607023  0.9981559   -3.480 0.34601
 15.0  52.0 -0.0548271  0.9984959   -3.143 0.34452
 15.0  54.0 -0.0489357  0.9988019   -2.805 0.34301
 15.0  56.0 -0.0430438  0.9990732   -2.467 0.34150
 15.0  58.0 -0.0371674  0.9993091   -2.130 0.33998
 15.0  60.0 -0.0313233  0.9995093   -1.795 0.33844
 15.0  62.0 -0.0255283  0.9996741   -1.463 0.33690
 15.0  64.0 -0.0197998  0.9998040   -1.135 0.33535
 15.0  66.0 -0.0141552  0.9998998   -0.811 0.33379
 15.0  68.0 -0.0086125  0.9999629   -0.493 0.33223
 15.0  70.0 -0.0031892  0.9999949   -0.183 0.33065
 15.0  72.0  0.0020967  0.9999978    0.120 0.32907
 15.0  74.0  0.0072275  0.9999739    0.414 0.32747
 15.0  76.0  0.0121854  0.9999258    0.698 0.32587
 15.0  78.0  0.0169529  0.9998563    0.971 0.32426
 15.0  80.0  0.0215127  0.9997686    1.233 0.32265
 15.0  82.0  0.0258475  0.9996659    1.481 0.32102
 15.0  84.0  0.0299408  0.9995517    1.716 0.31939
 15.0  86.0  0.0337757  0.9994294    1.936 0.31775
 15.0  88.0  0.0373366  0.9993027    2.140 0.31611
 15.0  90.0  0.0406076  0.9991752    2.327 0.31446
 15.0  92.0  0.0435736  0.9990502    2.497 0.31281
 15.0  94.0  0.0462200  0.9989313    2.649 0.31115
 15.0  96.0  0.0485328  0.9988216    2.782 0.30950
 15.0  98.0  0.0504985  0.9987241    2.895 0.30785
 15.0 100.0  0.0521044  0.9986416    2.987 0.30620
 15.0 102.0  0.0533383  0.9985765    3.058 0.30457
 15.0 104.0  0.0541891  0.9985307    3.106 0.30294
 15.0 106.0  0.0546463  0.9985058    3.133 0.30133
 15.0 108.0  0.0547003  0.9985028    3.136 0.29973
 15.0 110.0  0.0543427  0.9985223    3.115 0.29815
 15.0 112.0  0.0535660  0.9985643    3.071 0.29660
 15.0 114.0  0.0523637  0.9986281    3.002 0.29508
 15.0 116.0  0.0507309  0.9987124    2.908 0.29359
 15.0 118.0  0.0486635  0.9988152    2.789 0.29214
 15.0 120.0  0.0461593  0.9989341    2.646 0.29073
 15.0 122.0  0.0432169  0.9990657    2.477 0.28936
 15.0 124.0  0.0398371  0.9992062    2.283 0.28804
 15.0 126.0  0.0360218  0.9993510    2.064 0.28678
 15.0 128.0  0.0317748  0.9994951    1.821 0.28557
 15.0 130.0  0.0271013  0.9996327    1.553 0.28443
 15.0 132.0  0.0220084  0.9997578    1.261 0.28334
 15.0 134.0  0.0165049  0.9998638    0.946 0.28233
 15.0 136.0  0.0106013  0.9999438    0.607 0.28138
 15.0 138.0  0.0043097  0.9999907    0.247 0.28050
 15.0 140.0 -0.0023561  0.9999972   -0.135 0.27970
 15.0 142.0 -0.0093806  0.9999560   -0.537 0.27897
 15.0 144.0 -0.0167470  0.9998598   -0.960 0.27831
 15.0 146.0 -0.0244368  0.9997014   -1.400 0.27773
 15.0 148.0 -0.0324304  0.9994740   -1.858 0.27723
 15.0 150.0 -0.0407070  0.9991711   -2.333 0.27680
 15.0 152.0 -0.0492445  0.9987868   -2.823 0.27644
 15.0 154.0 -0.0580201  0.9983154   -3.326 0.27616
 15.0 156.0 -0.0670100  0.9977523   -3.842 0.27596
 15.0 158.0 -0.0761897  0.9970933   -4.370 0.27582
 15.0 160.0 -0.0855344  0.9963352   -4.907 0.27576
 15.0 162.0 -0.0950186  0.9954755   -5.452 0.27577
 15.0 164.0 -0.1046166  0.9945126   -6.005 0.27585
 15.0 166.0 -0.1143026  0.9934460   -6.563 0.27600
 15.0 168.0 -0.1240505  0.9922759   -7.126 0.27621
 15.0 170.0 -0.1338346  0.9910037   -7.691 0.27650
 15.0 172.0 -0.1436289  0.9896316   -8.258 0.27685
 15.0 174.0 -0.1534079  0.9881630   -8.824 0.27726
 15.0 176.0 -0.1631462  0.9866019   -9.390 0.27775
 15.0 178.0 -0.1728190  0.9849536   -9.952 0.27830
 15.0 180.0 -0.1824017  0.9832241  -10.510 0.27892
 15.0 182.0 -0.1918702  0.9814203  -11.062 0.27961
 15.0 184.0 -0.2012013  0.9795499  -11.607 0.28037
 15.0 186.0 -0.2103721  0.9776214  -12.144 0.28120
 15.0 188.0 -0.2193605  0.9756439  -12.671 0.28210
 15.0 190.0 -0.2281454  0.9736271  -13.188 0.28307
 15.0 192.0 -0.2367064  0.9715812  -13.692 0.28412
 15.0 194.0 -0.2450241  0.9695170  -14.183 0.28524
 15.0 196.0 -0.2530802  0.9674453  -14.660 0.28644
 15.0 198.0 -0.2608573  0.9653774  -15.121 0.28771
 15.0 200.0 -0.2683395  0.9633244  -15.565 0.28907
 15.0 202.0 -0.2755119  0.9612977  -15.993 0.29050
 15.0 204.0 -0.2823611  0.9593082  -16.401 0.29200
 15.0 206.0 -0.2888749  0.9573669  -16.791 0.29359
 15.0 208.0 -0.2950427  0.9554841  -17.160 0.29525
 15.0 210.0 -0.3008649  0.9536668  -17.510 0.29698
 15.0 212.0 -0.3063165  0.9519297  -17.837 0.29879
 15.0 214.0 -0.3113991  0.9502792  -18.144 0.30067
 15.0 216.0 -0.3161080  0.9487232  -18.428 0.30262
 15.0 218.0 -0.3204398  0.9472689  -18.690 0.30463
 15.0 220.0 -0.3243929  0.9459224  -18.929 0.30670
 15.0 222.0 -0.3279667  0.9446893  -19.145 0.30882
 15.0 224.0 -0.3311623  0.9435738  -19.339 0.31100
 15.0 226.0 -0.3339818  0.9425795  -19.511 0.31323
 15.0 228.0 -0.3364289  0.9417089  -19.659 0.31550
 15.0 230.0 -0.3385081  0.9409635  -19.786 0.31780
 15.0 232.0 -0.3402254  0.9403439  -19.891 0.32014
 15.0 234.0 -0.3415875  0.9398500  -19.974 0.32250
 15.0 236.0 -0.3426021  0.9394806  -20.035 0.32488
 15.0 238.0 -0.3432780  0.9392339  -20.077 0.32728
 15.0 240.0 -0.3436245  0.9391071  -20.098 0.32968
 15.0 242.0 -0.3436518  0.9390971  -20.100 0.33208
 15.0 244.0 -0.3433707  0.9392000  -20.082 0.33448
 15.0 246.0 -0.3427925  0.9394111  -20.047 0.33688
 15.0 248.0 -0.3419292  0.9397257  -19.994 0.33925
 15.0 250.0 -0.3407929  0.9401384  -19.925 0.34161
 15.0 252.0 -0.3393965  0.9406434  -19.840 0.34394
 15.0 254.0 -0.3377529  0.9412348  -19.740 0.34625
 15.0 256.0 -0.3358820  0.9419041  -19.626 0.34851
 15.0 258.0 -0.3337827  0.9426500  -19.499 0.35074
 15.0 260.0 -0.3314768  0.9434634  -19.358 0.35293
 15.0 262.0 -0.3289781  0.9443375  -19.207 0.35506
 15.0 264.0 -0.3263005  0.9452661  -19.044 0.35715
 15.0 266.0 -0.3234578  0.9462426  -18.872 0.35918
 15.0 268.0 -0.3204639  0.9472607  -18.691 0.36116
 15.0 270.0 -0.3173327  0.9483143  -18.502 0.36308
 15.0 272.0 -0.3140779  0.9493972  -18.305 0.36493
 15.0 274.0 -0.3107131  0.9505037  -18.102 0.36672
 15.0 276.0 -0.3072518  0.9516282  -17.894 0.36844
 15.0 278.0 -0.3037072  0.9527654  -17.680 0.37009
 15.0 280.0 -0.3000922  0.9539102  -17.463 0.37167
 15.0 282.0 -0.2964194  0.9550579  -17.243 0.37318
 15.0 284.0 -0.2927013  0.9562039  -17.020 0.37461
 15.0 286.0 -0.2889496  0.9573443  -16.795 0.37597
 15.0 288.0 -0.2851760  0.9584752  -16.569 0.37725
 15.0 290.0 -0.2813914  0.9595931  -16.343 0.37846
 15.0 292.0 -0.2775997  0.9606968  -16.117 0.37959
 15.0 294.0 -0.2738229  0.9617801  -15.892 0.38064
 15.0 296.0 -0.2700648  0.9628422  -15.668 0.38161
 15.0 298.0 -0.2663342  0.9638807  -15.446 0.38251
 15.0 300.0 -0.2626393  0.9648941  -15.227 0.38332
 15.0 302.0 -0.2589872  0.9658808  -15.010 0.38407
 15.0 304.0 -0.2553846  0.9668396  -14.796 0.38473
 15.0 306.0 -0.2518372  0.9677696  -14.586 0.38532
 15.0 308.0 -0.2483500  0.9686704  -14.380 0.38583
 15.0 310.0 -0.2449271  0.9695415  -14.178 0.38627
 15.0 312.0 -0.2415716  0.9703830  -13.979 0.38663
 15.0 314.0 -0.2382860  0.9711950  -13.785 0.38692
 15.0 316.0 -0.2350716  0.9719781  -13.596 0.38714
 15.0 318.0 -0.2319288  0.9727328  -13.411 0.38729
 15.0 320.0 -0.2288572  0.9734600  -13.230 0.38737
 15.0 322.0 -0.2258553  0.9741609  -13.053 0.38739
 15.0 324.0 -0.2229209  0.9748365  -12.881 0.38734
 15.0 326.0 -0.2200507  0.9754884  -12.712 0.38722
 15.0 328.0 -0.2172406  0.9761181  -12.547 0.38705
 15.0 330.0 -0.2144794  0.9767285  -12.385 0.38682
 15.0 332.0 -0.2117745  0.9773186  -12.226 0.38652
 15.0 334.0 -0.2091122  0.9778917  -12.070 0.38618
 15.0 336.0 -0.2064850  0.9784498  -11.916 0.38578
 15.0 338.0 -0.2038851  0.9789948  -11.764 0.38533
 15.0 340.0 -0.2013038  0.9795288  -11.613 0.38482
 15.0 342.0 -0.1987320  0.9800539  -11.463 0.38427
 15.0 344.0 -0.1961602  0.9805719  -11.313 0.38368
 15.0 346.0 -0.1935783  0.9810848  -11.162 0.38304
 15.0 348.0 -0.1909762  0.9815947  -11.010 0.38235
 15.0 350.0 -0.1883434  0.9821032  -10.856 0.38163
 15.0 352.0 -0.1856695  0.9826122  -10.700 0.38086
 15.0 354.0 -0.1829441  0.9831233  -10.541 0.38006
 15.0 356.0 -0.1801566  0.9836379  -10.379 0.37922
 15.0 358.0 -0.1772970  0.9841574  -10.212 0.37834
 15.0 360.0 -0.1743555  0.9846828  -10.041 0.37743
