  3.0   0.0  0.4645356  0.8855544   27.680 0.30474
  3.0   2.0  0.4646782  0.8854796   27.689 0.30494
  3.0   4.0  0.4648260  0.8854020   27.699 0.30515
  3.0   6.0  0.4649788  0.8853218   27.709 0.30536
  3.0   8.0  0.4651359  0.8852393   27.719 0.30558
  3.0  10.0  0.4652976  0.8851543   27.729 0.30580
  3.0  12.0  0.4654635  0.8850671   27.740 0.30602
  3.0  14.0  0.4656333  0.8849777   27.751 0.30625
  3.0  16.0  0.4658068  0.8848864   27.762 0.30649
  3.0  18.0  0.4659837  0.8847933   27.774 0.30673
  3.0  20.0  0.4661638  0.8846985   27.786 0.30697
  3.0  22.0  0.4663467  0.8846020   27.797 0.30721
  3.0  24.0  0.4665324  0.8845041   27.809 0.30745
  3.0  26.0  0.4667205  0.8844049   27.822 0.30770
  3.0  28.0  0.4669108  0.8843044   27.834 0.30795
  3.0  30.0  0.4671031  0.8842028   27.846 0.30820
  3.0  32.0  0.4672972  0.8841003   27.859 0.30845
  3.0  34.0  0.4674974  0.8839945   27.872 0.30869
  3.0  36.0  0.4676944  0.8838902   27.885 0.30894
  3.0  38.0  0.4678926  0.8837853   27.898 0.30919
  3.0  40.0  0.4680918  0.8836799   27.911 0.30944
  3.0  42.0  0.4682917  0.8835739   27.923 0.30969
  3.0  44.0  0.4684922  0.8834676   27.936 0.30994
  3.0  46.0  0.4686931  0.8833611   27.949 0.31018
  3.0  48.0  0.4688942  0.8832544   27.963 0.31042
  3.0  50.0  0.4690953  0.8831475   27.976 0.31066
  3.0  52.0  0.4692964  0.8830407   27.989 0.31090
  3.0  54.0  0.4694972  0.8829340   28.002 0.31113
  3.0  56.0  0.4696976  0.8828274   28.015 0.31136
  3.0  58.0  0.4698975  0.8827210   28.028 0.31158
  3.0  60.0  0.4700967  0.8826149   28.041 0.31180
  3.0  62.0  0.4702950  0.8825092   28.053 0.31202
  3.0  64.0  0.4704925  0.8824040   28.066 0.31223
  3.0  66.0  0.4706885  0.8822995   28.079 0.31244
  3.0  68.0  0.4708837  0.8821953   28.092 0.31264
  3.0  70.0  0.4710777  0.8820917   28.104 0.31283
  3.0  72.0  0.4712701  0.8819889   28.117 0.31302
  3.0  74.0  0.4714611  0.8818869   28.129 0.31321
  3.0  76.0  0.4716503  0.8817857   28.141 0.31338
  3.0  78.0  0.4718378  0.8816854   28.154 0.31355
  3.0  80.0  0.4720218  0.8815869   28.166 0.31372
  3.0  82.0  0.4722070  0.8814877   28.178 0.31387
  3.0  84.0  0.4723885  0.8813904   28.189 0.31402
  3.0  86.0  0.4725678  0.8812943   28.201 0.31416
  3.0  88.0  0.4727447  0.8811994   28.213 0.31430
  3.0  90.0  0.4729192  0.8811058   28.224 0.31443
  3.0  92.0  0.4730911  0.8810135   28.235 0.31455
  3.0  94.0  0.4732603  0.8809226   28.246 0.31466
  3.0  96.0  0.4734271  0.8808330   28.257 0.31476
  3.0  98.0  0.4735907  0.8807451   28.268 0.31486
  3.0 100.0  0.4737512  0.8806587   28.278 0.31495
  3.0 102.0  0.4739085  0.8805741   28.288 0.31503
  3.0 104.0  0.4740625  0.8804912   28.298 0.31510
  3.0 106.0  0.4742129  0.8804102   28.308 0.31517
  3.0 108.0  0.4743598  0.8803311   28.318 0.31522
  3.0 110.0  0.4745028  0.8802540   28.327 0.31527
  3.0 112.0  0.4746419  0.8801790   28.336 0.31531
  3.0 114.0  0.4747770  0.8801061   28.345 0.31534
  3.0 116.0  0.4749077  0.8800356   28.353 0.31537
  3.0 118.0  0.4750340  0.8799674   28.362 0.31539
  3.0 120.0  0.4751557  0.8799017   28.369 0.31539
  3.0 122.0  0.4752726  0.8798386   28.377 0.31539
  3.0 124.0  0.4753846  0.8797781   28.384 0.31539
  3.0 126.0  0.4754914  0.8797204   28.391 0.31537
  3.0 128.0  0.4755928  0.8796656   28.398 0.31535
  3.0 130.0  0.4756814  0.8796177   28.404 0.31532
  3.0 132.0  0.4757715  0.8795689   28.410 0.31528
  3.0 134.0  0.4758558  0.8795233   28.415 0.31523
  3.0 136.0  0.4759340  0.8794810   28.420 0.31518
  3.0 138.0  0.4760059  0.8794421   28.425 0.31512
  3.0 140.0  0.4760713  0.8794067   28.429 0.31505
  3.0 142.0  0.4761301  0.8793748   28.433 0.31497
  3.0 144.0  0.4761821  0.8793467   28.436 0.31489
  3.0 146.0  0.4762270  0.8793224   28.439 0.31480
  3.0 148.0  0.4762648  0.8793019   28.442 0.31471
  3.0 150.0  0.4762953  0.8792854   28.444 0.31461
  3.0 152.0  0.4763182  0.8792730   28.445 0.31450
  3.0 154.0  0.4763335  0.8792647   28.446 0.31439
  3.0 156.0  0.4763410  0.8792606   28.447 0.31427
  3.0 158.0  0.4763406  0.8792608   28.447 0.31414
  3.0 160.0  0.4763321  0.8792654   28.446 0.31401
  3.0 162.0  0.4763155  0.8792745   28.445 0.31387
  3.0 164.0  0.4762906  0.8792880   28.443 0.31373
  3.0 166.0  0.4762573  0.8793060   28.441 0.31358
  3.0 168.0  0.4762155  0.8793286   28.439 0.31343
  3.0 170.0  0.4761656  0.8793556   28.435 0.31328
  3.0 172.0  0.4761067  0.8793875   28.431 0.31312
  3.0 174.0  0.4760393  0.8794240   28.427 0.31295
  3.0 176.0  0.4759633  0.8794651   28.422 0.31278
  3.0 178.0  0.4758787  0.8795109   28.417 0.31261
  3.0 180.0  0.4757855  0.8795613   28.411 0.31243
  3.0 182.0  0.4756890  0.8796135   28.404 0.31225
  3.0 184.0  0.4755736  0.8796759   28.397 0.31206
  3.0 186.0  0.4754550  0.8797401   28.389 0.31188
  3.0 188.0  0.4753280  0.8798087   28.381 0.31169
  3.0 190.0  0.4751928  0.8798817   28.372 0.31149
  3.0 192.0  0.4750495  0.8799591   28.363 0.31130
  3.0 194.0  0.4748982  0.8800407   28.353 0.31110
  3.0 196.0  0.4747391  0.8801266   28.342 0.31090
  3.0 198.0  0.4745720  0.8802167   28.331 0.31069
  3.0 200.0  0.4743978  0.8803106   28.320 0.31049
  3.0 202.0  0.4742163  0.8804084   28.308 0.31028
  3.0 204.0  0.4740278  0.8805099   28.296 0.31007
  3.0 206.0  0.4738325  0.8806150   28.283 0.30986
  3.0 208.0  0.4736308  0.8807235   28.270 0.30965
  3.0 210.0  0.4734228  0.8808353   28.257 0.30944
  3.0 212.0  0.4732089  0.8809502   28.243 0.30923
  3.0 214.0  0.4729894  0.8810681   28.229 0.30902
  3.0 216.0  0.4727647  0.8811887   28.214 0.30880
  3.0 218.0  0.4725350  0.8813119   28.199 0.30859
  3.0 220.0  0.4723007  0.8814375   28.184 0.30838
  3.0 222.0  0.4720621  0.8815653   28.168 0.30817
  3.0 224.0  0.4718197  0.8816950   28.152 0.30795
  3.0 226.0  0.4715739  0.8818266   28.137 0.30774
  3.0 228.0  0.4713249  0.8819596   28.120 0.30753
  3.0 230.0  0.4710733  0.8820941   28.104 0.30732
  3.0 232.0  0.4708194  0.8822296   28.087 0.30711
  3.0 234.0  0.4705636  0.8823661   28.071 0.30691
  3.0 236.0  0.4703064  0.8825032   28.054 0.30670
  3.0 238.0  0.4700544  0.8826375   28.038 0.30650
  3.0 240.0  0.4697954  0.8827753   28.021 0.30629
  3.0 242.0  0.4695363  0.8829132   28.004 0.30610
  3.0 244.0  0.4692774  0.8830508   27.987 0.30590
  3.0 246.0  0.4690192  0.8831880   27.971 0.30570
  3.0 248.0  0.4687621  0.8833245   27.954 0.30551
  3.0 250.0  0.4685065  0.8834601   27.937 0.30532
  3.0 252.0  0.4682528  0.8835945   27.921 0.30514
  3.0 254.0  0.4680015  0.8837277   27.905 0.30496
  3.0 256.0  0.4677530  0.8838592   27.889 0.30478
  3.0 258.0  0.4675076  0.8839891   27.873 0.30461
  3.0 260.0  0.4672658  0.8841169   27.857 0.30444
  3.0 262.0  0.4670279  0.8842426   27.842 0.30427
  3.0 264.0  0.4667943  0.8843659   27.826 0.30411
  3.0 266.0  0.4665654  0.8844867   27.812 0.30395
  3.0 268.0  0.4663415  0.8846048   27.797 0.30380
  3.0 270.0  0.4661227  0.8847201   27.783 0.30366
  3.0 272.0  0.4659100  0.8848321   27.769 0.30352
  3.0 274.0  0.4657033  0.8849409   27.756 0.30338
  3.0 276.0  0.4655030  0.8850463   27.743 0.30325
  3.0 278.0  0.4653092  0.8851482   27.730 0.30313
  3.0 280.0  0.4651224  0.8852464   27.718 0.30301
  3.0 282.0  0.4649427  0.8853408   27.707 0.30290
  3.0 284.0  0.4647704  0.8854312   27.695 0.30280
  3.0 286.0  0.4646057  0.8855177   27.685 0.30270
  3.0 288.0  0.4644489  0.8855999   27.675 0.30261
  3.0 290.0  0.4643002  0.8856779   27.665 0.30253
  3.0 292.0  0.4641597  0.8857515   27.656 0.30245
  3.0 294.0  0.4640276  0.8858208   27.647 0.30238
  3.0 296.0  0.4639040  0.8858855   27.639 0.30232
  3.0 298.0  0.4637895  0.8859455   27.632 0.30227
  3.0 300.0  0.4636835  0.8860009   27.625 0.30222
  3.0 302.0  0.4635864  0.8860517   27.619 0.30219
  3.0 304.0  0.4634984  0.8860978   27.613 0.30216
  3.0 306.0  0.4634194  0.8861391   27.608 0.30214
  3.0 308.0  0.4633495  0.8861756   27.603 0.30212
  3.0 310.0  0.4632888  0.8862074   27.600 0.30212
  3.0 312.0  0.4632372  0.8862343   27.596 0.30212
  3.0 314.0  0.4631948  0.8862565   27.593 0.30214
  3.0 316.0  0.4631616  0.8862739   27.591 0.30216
  3.0 318.0  0.4631375  0.8862865   27.590 0.30219
  3.0 320.0  0.4631194  0.8862959   27.589 0.30223
  3.0 322.0  0.4631134  0.8862990   27.588 0.30227
  3.0 324.0  0.4631163  0.8862975   27.588 0.30233
  3.0 326.0  0.4631280  0.8862914   27.589 0.30239
  3.0 328.0  0.4631485  0.8862807   27.590 0.30247
  3.0 330.0  0.4631777  0.8862655   27.592 0.30255
  3.0 332.0  0.4632153  0.8862458   27.595 0.30264
  3.0 334.0  0.4632612  0.8862218   27.598 0.30274
  3.0 336.0  0.4633154  0.8861935   27.601 0.30285
  3.0 338.0  0.4633776  0.8861610   27.605 0.30296
  3.0 340.0  0.4634479  0.8861242   27.610 0.30309
  3.0 342.0  0.4635255  0.8860836   27.615 0.30322
  3.0 344.0  0.4636107  0.8860390   27.620 0.30336
  3.0 346.0  0.4637031  0.8859906   27.626 0.30351
  3.0 348.0  0.4638026  0.8859386   27.633 0.30366
  3.0 350.0  0.4639090  0.8858829   27.640 0.30382
  3.0 352.0  0.4640220  0.8858237   27.647 0.30399
  3.0 354.0  0.4641429  0.8857603   27.655 0.30417
  3.0 356.0  0.4642670  0.8856953   27.663 0.30435
  3.0 358.0  0.4643985  0.8856264   27.671 0.30454
  3.0 360.0  0.4645356  0.8855544   27.680 0.30474
  5.0   0.0  0.4599343  0.8879529   27.383 0.30189
  5.0   2.0  0.4601979  0.8878164   27.400 0.30224
  5.0   4.0  0.4604685  0.8876761   27.417 0.30259
  5.0   6.0  0.4607460  0.8875320   27.435 0.30296
  5.0   8.0  0.4610298  0.8873846   27.454 0.30334
  5.0  10.0  0.4613194  0.8872342   27.472 0.30373
  5.0  12.0  0.4616141  0.8870808   27.491 0.30412
  5.0  14.0  0.4619135  0.8869250   27.511 0.30452
  5.0  16.0  0.4622171  0.8867668   27.530 0.30493
  5.0  18.0  0.4625244  0.8866065   27.550 0.30534
  5.0  20.0  0.4628349  0.8864445   27.570 0.30576
  5.0  22.0  0.4631481  0.8862809   27.590 0.30619
  5.0  24.0  0.4634637  0.8861159   27.611 0.30661
  5.0  26.0  0.4637811  0.8859498   27.631 0.30704
  5.0  28.0  0.4640999  0.8857829   27.652 0.30748
  5.0  30.0  0.4644198  0.8856152   27.673 0.30791
  5.0  32.0  0.4647403  0.8854470   27.693 0.30835
  5.0  34.0  0.4650612  0.8852786   27.714 0.30878
  5.0  36.0  0.4653820  0.8851099   27.735 0.30922
  5.0  38.0  0.4657025  0.8849413   27.756 0.30965
  5.0  40.0  0.4660363  0.8847656   27.777 0.31008
  5.0  42.0  0.4663554  0.8845975   27.798 0.31051
  5.0  44.0  0.4666734  0.8844297   27.819 0.31093
  5.0  46.0  0.4669900  0.8842626   27.839 0.31135
  5.0  48.0  0.4673051  0.8840961   27.860 0.31177
  5.0  50.0  0.4676185  0.8839304   27.880 0.31218
  5.0  52.0  0.4679300  0.8837655   27.900 0.31258
  5.0  54.0  0.4682395  0.8836016   27.920 0.31298
  5.0  56.0  0.4685469  0.8834386   27.940 0.31336
  5.0  58.0  0.4688520  0.8832767   27.960 0.31375
  5.0  60.0  0.4691549  0.8831159   27.979 0.31412
  5.0  62.0  0.4694554  0.8829562   27.999 0.31448
  5.0  64.0  0.4697535  0.8827976   28.018 0.31483
  5.0  66.0  0.4700491  0.8826403   28.037 0.31518
  5.0  68.0  0.4703423  0.8824841   28.057 0.31551
  5.0  70.0  0.4706330  0.8823291   28.075 0.31583
  5.0  72.0  0.4709212  0.8821753   28.094 0.31615
  5.0  74.0  0.4712069  0.8820227   28.113 0.31644
  5.0  76.0  0.4714901  0.8818713   28.131 0.31673
  5.0  78.0  0.4717707  0.8817213   28.149 0.31701
  5.0  80.0  0.4720491  0.8815723   28.167 0.31727
  5.0  82.0  0.4723250  0.8814245   28.185 0.31752
  5.0  84.0  0.4725983  0.8812779   28.203 0.31776
  5.0  86.0  0.4728692  0.8811326   28.221 0.31798
  5.0  88.0  0.4731375  0.8809886   28.238 0.31819
  5.0  90.0  0.4734033  0.8808458   28.255 0.31839
  5.0  92.0  0.4736664  0.8807043   28.273 0.31857
  5.0  94.0  0.4739273  0.8805640   28.290 0.31874
  5.0  96.0  0.4741852  0.8804251   28.306 0.31890
  5.0  98.0  0.4744404  0.8802876   28.323 0.31904
  5.0 100.0  0.4746927  0.8801516   28.339 0.31917
  5.0 102.0  0.4749420  0.8800171   28.356 0.31928
  5.0 104.0  0.4751882  0.8798842   28.372 0.31938
  5.0 106.0  0.4754310  0.8797530   28.387 0.31947
  5.0 108.0  0.4756704  0.8796236   28.403 0.31954
  5.0 110.0  0.4759061  0.8794961   28.418 0.31960
  5.0 112.0  0.4761378  0.8793707   28.433 0.31965
  5.0 114.0  0.4763653  0.8792474   28.448 0.31968
  5.0 116.0  0.4765884  0.8791265   28.463 0.31969
  5.0 118.0  0.4768067  0.8790082   28.477 0.31970
  5.0 120.0  0.4770199  0.8788925   28.491 0.31969
  5.0 122.0  0.4772277  0.8787797   28.504 0.31967
  5.0 124.0  0.4774297  0.8786699   28.518 0.31964
  5.0 126.0  0.4776183  0.8785674   28.530 0.31959
  5.0 128.0  0.4778070  0.8784649   28.542 0.31953
  5.0 130.0  0.4779886  0.8783660   28.554 0.31946
  5.0 132.0  0.4781628  0.8782712   28.565 0.31938
  5.0 134.0  0.4783291  0.8781807   28.576 0.31928
  5.0 136.0  0.4784871  0.8780946   28.587 0.31917
  5.0 138.0  0.4786362  0.8780133   28.596 0.31906
  5.0 140.0  0.4787694  0.8779407   28.605 0.31893
  5.0 142.0  0.4789001  0.8778694   28.614 0.31879
  5.0 144.0  0.4790205  0.8778037   28.621 0.31864
  5.0 146.0  0.4791302  0.8777438   28.629 0.31848
  5.0 148.0  0.4792288  0.8776900   28.635 0.31830
  5.0 150.0  0.4793156  0.8776426   28.641 0.31812
  5.0 152.0  0.4793903  0.8776018   28.646 0.31794
  5.0 154.0  0.4794523  0.8775679   28.650 0.31774
  5.0 156.0  0.4795013  0.8775411   28.653 0.31753
  5.0 158.0  0.4795369  0.8775217   28.655 0.31731
  5.0 160.0  0.4795585  0.8775099   28.657 0.31709
  5.0 162.0  0.4795658  0.8775059   28.657 0.31686
  5.0 164.0  0.4795585  0.8775099   28.657 0.31662
  5.0 166.0  0.4795362  0.8775221   28.655 0.31638
  5.0 168.0  0.4794985  0.8775427   28.653 0.31612
  5.0 170.0  0.4794453  0.8775718   28.649 0.31586
  5.0 172.0  0.4793762  0.8776095   28.645 0.31560
  5.0 174.0  0.4792913  0.8776559   28.639 0.31533
  5.0 176.0  0.4791898  0.8777113   28.633 0.31505
  5.0 178.0  0.4790720  0.8777756   28.625 0.31477
  5.0 180.0  0.4789377  0.8778489   28.616 0.31448
  5.0 182.0  0.4787869  0.8779312   28.606 0.31419
  5.0 184.0  0.4786196  0.8780224   28.595 0.31389
  5.0 186.0  0.4784357  0.8781226   28.583 0.31359
  5.0 188.0  0.4782354  0.8782317   28.570 0.31329
  5.0 190.0  0.4780185  0.8783498   28.556 0.31298
  5.0 192.0  0.4777855  0.8784765   28.541 0.31267
  5.0 194.0  0.4775366  0.8786119   28.525 0.31235
  5.0 196.0  0.4772719  0.8787557   28.507 0.31203
  5.0 198.0  0.4769917  0.8789078   28.489 0.31171
  5.0 200.0  0.4766964  0.8790680   28.470 0.31139
  5.0 202.0  0.4763864  0.8792360   28.450 0.31107
  5.0 204.0  0.4760621  0.8794116   28.429 0.31074
  5.0 206.0  0.4757240  0.8795946   28.407 0.31041
  5.0 208.0  0.4753725  0.8797846   28.384 0.31009
  5.0 210.0  0.4750083  0.8799813   28.360 0.30976
  5.0 212.0  0.4746319  0.8801844   28.335 0.30942
  5.0 214.0  0.4742439  0.8803935   28.310 0.30909
  5.0 216.0  0.4738450  0.8806083   28.284 0.30876
  5.0 218.0  0.4734359  0.8808283   28.258 0.30843
  5.0 220.0  0.4730173  0.8810531   28.230 0.30810
  5.0 222.0  0.4725899  0.8812824   28.203 0.30776
  5.0 224.0  0.4721546  0.8815158   28.174 0.30743
  5.0 226.0  0.4717121  0.8817526   28.145 0.30710
  5.0 228.0  0.4712633  0.8819926   28.116 0.30677
  5.0 230.0  0.4708167  0.8822311   28.087 0.30644
  5.0 232.0  0.4703580  0.8824757   28.058 0.30612
  5.0 234.0  0.4698956  0.8827220   28.028 0.30579
  5.0 236.0  0.4694302  0.8829696   27.997 0.30547
  5.0 238.0  0.4689695  0.8832144   27.967 0.30514
  5.0 240.0  0.4685002  0.8834634   27.937 0.30483
  5.0 242.0  0.4680306  0.8837123   27.907 0.30451
  5.0 244.0  0.4675616  0.8839605   27.876 0.30420
  5.0 246.0  0.4670940  0.8842077   27.846 0.30389
  5.0 248.0  0.4666287  0.8844533   27.816 0.30358
  5.0 250.0  0.4661666  0.8846969   27.786 0.30328
  5.0 252.0  0.4657086  0.8849382   27.756 0.30298
  5.0 254.0  0.4652554  0.8851765   27.727 0.30268
  5.0 256.0  0.4648078  0.8854116   27.698 0.30239
  5.0 258.0  0.4643668  0.8856430   27.669 0.30211
  5.0 260.0  0.4639330  0.8858703   27.641 0.30183
  5.0 262.0  0.4635073  0.8860931   27.614 0.30156
  5.0 264.0  0.4630902  0.8863111   27.587 0.30129
  5.0 266.0  0.4626827  0.8865240   27.560 0.30103
  5.0 268.0  0.4622852  0.8867313   27.535 0.30077
  5.0 270.0  0.4618986  0.8869327   27.510 0.30053
  5.0 272.0  0.4615232  0.8871281   27.485 0.30029
  5.0 274.0  0.4611601  0.8873170   27.462 0.30006
  5.0 276.0  0.4608095  0.8874991   27.439 0.29983
  5.0 278.0  0.4604720  0.8876743   27.418 0.29962
  5.0 280.0  0.4601480  0.8878422   27.397 0.29942
  5.0 282.0  0.4598380  0.8880028   27.377 0.29922
  5.0 284.0  0.4595425  0.8881558   27.358 0.29903
  5.0 286.0  0.4592619  0.8883009   27.339 0.29886
  5.0 288.0  0.4589968  0.8884379   27.322 0.29869
  5.0 290.0  0.4587470  0.8885669   27.306 0.29854
  5.0 292.0  0.4585131  0.8886876   27.291 0.29839
  5.0 294.0  0.4582954  0.8888000   27.277 0.29826
  5.0 296.0  0.4580939  0.8889038   27.264 0.29814
  5.0 298.0  0.4579090  0.8889991   27.252 0.29804
  5.0 300.0  0.4577407  0.8890857   27.241 0.29794
  5.0 302.0  0.4575893  0.8891637   27.232 0.29786
  5.0 304.0  0.4574547  0.8892329   27.223 0.29779
  5.0 306.0  0.4573370  0.8892934   27.215 0.29774
  5.0 308.0  0.4572363  0.8893452   27.209 0.29770
  5.0 310.0  0.4571526  0.8893883   27.204 0.29767
  5.0 312.0  0.4570857  0.8894226   27.199 0.29766
  5.0 314.0  0.4570357  0.8894484   27.196 0.29767
  5.0 316.0  0.4570023  0.8894655   27.194 0.29768
  5.0 318.0  0.4569759  0.8894791   27.192 0.29772
  5.0 320.0  0.4569756  0.8894792   27.192 0.29777
  5.0 322.0  0.4569915  0.8894711   27.193 0.29783
  5.0 324.0  0.4570233  0.8894547   27.195 0.29791
  5.0 326.0  0.4570709  0.8894303   27.198 0.29800
  5.0 328.0  0.4571340  0.8893978   27.202 0.29811
  5.0 330.0  0.4572122  0.8893576   27.207 0.29824
  5.0 332.0  0.4573052  0.8893098   27.213 0.29838
  5.0 334.0  0.4574127  0.8892545   27.220 0.29854
  5.0 336.0  0.4575344  0.8891919   27.228 0.29871
  5.0 338.0  0.4576697  0.8891223   27.237 0.29889
  5.0 340.0  0.4578184  0.8890458   27.246 0.29910
  5.0 342.0  0.4579799  0.8889626   27.257 0.29931
  5.0 344.0  0.4581538  0.8888729   27.268 0.29955
  5.0 346.0  0.4583397  0.8887771   27.280 0.29979
  5.0 348.0  0.4585373  0.8886751   27.293 0.30005
  5.0 350.0  0.4587456  0.8885677   27.306 0.30033
  5.0 352.0  0.4589644  0.8884547   27.320 0.30061
  5.0 354.0  0.4591932  0.8883364   27.335 0.30091
  5.0 356.0  0.4594314  0.8882132   27.350 0.30123
  5.0 358.0  0.4596787  0.8880853   27.366 0.30155
  5.0 360.0  0.4599343  0.8879529   27.383 0.30189
  7.0   0.0  0.4548014  0.8905929   27.052 0.29901
  7.0   2.0  0.4552076  0.8903853   27.078 0.29952
  7.0   4.0  0.4556228  0.8901729   27.105 0.30004
  7.0   6.0  0.4560458  0.8899563   27.132 0.30057
  7.0   8.0  0.4564759  0.8897358   27.160 0.30112
  7.0  10.0  0.4569120  0.8895119   27.188 0.30168
  7.0  12.0  0.4573533  0.8892851   27.216 0.30226
  7.0  14.0  0.4577989  0.8890558   27.245 0.30284
  7.0  16.0  0.4582479  0.8888244   27.274 0.30344
  7.0  18.0  0.4586996  0.8885914   27.303 0.30405
  7.0  20.0  0.4591531  0.8883572   27.332 0.30466
  7.0  22.0  0.4596076  0.8881221   27.362 0.30528
  7.0  24.0  0.4600624  0.8878866   27.391 0.30590
  7.0  26.0  0.4605169  0.8876509   27.420 0.30653
  7.0  28.0  0.4609778  0.8874117   27.450 0.30717
  7.0  30.0  0.4614304  0.8871764   27.479 0.30780
  7.0  32.0  0.4618809  0.8869420   27.509 0.30844
  7.0  34.0  0.4623286  0.8867087   27.537 0.30907
  7.0  36.0  0.4627730  0.8864768   27.566 0.30970
  7.0  38.0  0.4632139  0.8862465   27.595 0.31033
  7.0  40.0  0.4636507  0.8860181   27.623 0.31096
  7.0  42.0  0.4640831  0.8857917   27.651 0.31158
  7.0  44.0  0.4645109  0.8855674   27.679 0.31219
  7.0  46.0  0.4649339  0.8853454   27.706 0.31279
  7.0  48.0  0.4653517  0.8851258   27.733 0.31339
  7.0  50.0  0.4657645  0.8849087   27.760 0.31397
  7.0  52.0  0.4661719  0.8846942   27.786 0.31455
  7.0  54.0  0.4665741  0.8844821   27.812 0.31511
  7.0  56.0  0.4669710  0.8842726   27.838 0.31566
  7.0  58.0  0.4673694  0.8840621   27.864 0.31620
  7.0  60.0  0.4677552  0.8838581   27.889 0.31673
  7.0  62.0  0.4681360  0.8836564   27.913 0.31723
  7.0  64.0  0.4685120  0.8834571   27.938 0.31773
  7.0  66.0  0.4688835  0.8832600   27.962 0.31820
  7.0  68.0  0.4692506  0.8830651   27.986 0.31866
  7.0  70.0  0.4696136  0.8828721   28.009 0.31911
  7.0  72.0  0.4699727  0.8826809   28.033 0.31953
  7.0  74.0  0.4703283  0.8824915   28.056 0.31994
  7.0  76.0  0.4706807  0.8823036   28.078 0.32032
  7.0  78.0  0.4710301  0.8821172   28.101 0.32069
  7.0  80.0  0.4713768  0.8819319   28.124 0.32104
  7.0  82.0  0.4717208  0.8817480   28.146 0.32137
  7.0  84.0  0.4720632  0.8815647   28.168 0.32168
  7.0  86.0  0.4724036  0.8813823   28.190 0.32197
  7.0  88.0  0.4727424  0.8812007   28.212 0.32224
  7.0  90.0  0.4730797  0.8810197   28.234 0.32249
  7.0  92.0  0.4734157  0.8808391   28.256 0.32273
  7.0  94.0  0.4737510  0.8806588   28.278 0.32294
  7.0  96.0  0.4740852  0.8804790   28.300 0.32313
  7.0  98.0  0.4744185  0.8802994   28.321 0.32329
  7.0 100.0  0.4747510  0.8801201   28.343 0.32344
  7.0 102.0  0.4750827  0.8799411   28.365 0.32357
  7.0 104.0  0.4754135  0.8797624   28.386 0.32368
  7.0 106.0  0.4757434  0.8795841   28.408 0.32377
  7.0 108.0  0.4760720  0.8794063   28.429 0.32385
  7.0 110.0  0.4763993  0.8792291   28.450 0.32390
  7.0 112.0  0.4767249  0.8790526   28.472 0.32393
  7.0 114.0  0.4770485  0.8788770   28.493 0.32394
  7.0 116.0  0.4773622  0.8787066   28.513 0.32394
  7.0 118.0  0.4776796  0.8785341   28.534 0.32391
  7.0 120.0  0.4779936  0.8783633   28.554 0.32387
  7.0 122.0  0.4783036  0.8781945   28.575 0.32381
  7.0 124.0  0.4786091  0.8780281   28.595 0.32374
  7.0 126.0  0.4789095  0.8778643   28.614 0.32364
  7.0 128.0  0.4792039  0.8777036   28.633 0.32353
  7.0 130.0  0.4794916  0.8775465   28.652 0.32340
  7.0 132.0  0.4797720  0.8773932   28.671 0.32326
  7.0 134.0  0.4800440  0.8772444   28.688 0.32310
  7.0 136.0  0.4803069  0.8771005   28.705 0.32293
  7.0 138.0  0.4805598  0.8769619   28.722 0.32274
  7.0 140.0  0.4808018  0.8768293   28.738 0.32253
  7.0 142.0  0.4810319  0.8767031   28.753 0.32232
  7.0 144.0  0.4812491  0.8765839   28.767 0.32209
  7.0 146.0  0.4814526  0.8764721   28.780 0.32184
  7.0 148.0  0.4816413  0.8763685   28.793 0.32159
  7.0 150.0  0.4818143  0.8762734   28.804 0.32132
  7.0 152.0  0.4819638  0.8761911   28.814 0.32104
  7.0 154.0  0.4821033  0.8761144   28.823 0.32075
  7.0 156.0  0.4822243  0.8760478   28.831 0.32044
  7.0 158.0  0.4823257  0.8759920   28.837 0.32013
  7.0 160.0  0.4824067  0.8759474   28.843 0.31981
  7.0 162.0  0.4824664  0.8759145   28.847 0.31948
  7.0 164.0  0.4825041  0.8758937   28.849 0.31914
  7.0 166.0  0.4825190  0.8758855   28.850 0.31879
  7.0 168.0  0.4825104  0.8758903   28.849 0.31844
  7.0 170.0  0.4824775  0.8759084   28.847 0.31807
  7.0 172.0  0.4824199  0.8759401   28.844 0.31770
  7.0 174.0  0.4823373  0.8759856   28.838 0.31733
  7.0 176.0  0.4822283  0.8760456   28.831 0.31695
  7.0 178.0  0.4820933  0.8761199   28.822 0.31656
  7.0 180.0  0.4819321  0.8762085   28.812 0.31617
  7.0 182.0  0.4817436  0.8763122   28.799 0.31577
  7.0 184.0  0.4815286  0.8764304   28.785 0.31537
  7.0 186.0  0.4812867  0.8765632   28.769 0.31496
  7.0 188.0  0.4810173  0.8767111   28.752 0.31455
  7.0 190.0  0.4807213  0.8768734   28.733 0.31414
  7.0 192.0  0.4803986  0.8770503   28.711 0.31372
  7.0 194.0  0.4800494  0.8772415   28.689 0.31331
  7.0 196.0  0.4796740  0.8774468   28.664 0.31289
  7.0 198.0  0.4792730  0.8776659   28.638 0.31246
  7.0 200.0  0.4788468  0.8778985   28.610 0.31204
  7.0 202.0  0.4783961  0.8781442   28.581 0.31161
  7.0 204.0  0.4779215  0.8784026   28.550 0.31118
  7.0 206.0  0.4774237  0.8786732   28.517 0.31076
  7.0 208.0  0.4769037  0.8789555   28.483 0.31033
  7.0 210.0  0.4763624  0.8792490   28.448 0.30990
  7.0 212.0  0.4758085  0.8795489   28.412 0.30946
  7.0 214.0  0.4752284  0.8798625   28.374 0.30903
  7.0 216.0  0.4746301  0.8801853   28.335 0.30860
  7.0 218.0  0.4740149  0.8805168   28.295 0.30817
  7.0 220.0  0.4733839  0.8808562   28.254 0.30774
  7.0 222.0  0.4727385  0.8812028   28.212 0.30731
  7.0 224.0  0.4720799  0.8815558   28.169 0.30688
  7.0 226.0  0.4714096  0.8819144   28.126 0.30645
  7.0 228.0  0.4707289  0.8822779   28.082 0.30602
  7.0 230.0  0.4700394  0.8826455   28.037 0.30559
  7.0 232.0  0.4693423  0.8830163   27.992 0.30517
  7.0 234.0  0.4686392  0.8833896   27.946 0.30474
  7.0 236.0  0.4679317  0.8837646   27.900 0.30432
  7.0 238.0  0.4672211  0.8841405   27.854 0.30390
  7.0 240.0  0.4665090  0.8845164   27.808 0.30348
  7.0 242.0  0.4657969  0.8848917   27.762 0.30306
  7.0 244.0  0.4650862  0.8852654   27.716 0.30265
  7.0 246.0  0.4643784  0.8856369   27.670 0.30224
  7.0 248.0  0.4636818  0.8860018   27.625 0.30183
  7.0 250.0  0.4629832  0.8863671   27.580 0.30143
  7.0 252.0  0.4622918  0.8867278   27.535 0.30103
  7.0 254.0  0.4616091  0.8870835   27.491 0.30064
  7.0 256.0  0.4609362  0.8874333   27.448 0.30024
  7.0 258.0  0.4602745  0.8877767   27.405 0.29986
  7.0 260.0  0.4596252  0.8881130   27.363 0.29948
  7.0 262.0  0.4589895  0.8884417   27.322 0.29911
  7.0 264.0  0.4583686  0.8887622   27.282 0.29874
  7.0 266.0  0.4577636  0.8890740   27.243 0.29838
  7.0 268.0  0.4571755  0.8893765   27.205 0.29802
  7.0 270.0  0.4566052  0.8896694   27.168 0.29768
  7.0 272.0  0.4560535  0.8899523   27.133 0.29734
  7.0 274.0  0.4555219  0.8902246   27.099 0.29702
  7.0 276.0  0.4550106  0.8904860   27.066 0.29670
  7.0 278.0  0.4545206  0.8907362   27.034 0.29639
  7.0 280.0  0.4540524  0.8909750   27.004 0.29609
  7.0 282.0  0.4536067  0.8912020   26.975 0.29581
  7.0 284.0  0.4531845  0.8914167   26.948 0.29553
  7.0 286.0  0.4527858  0.8916193   26.923 0.29527
  7.0 288.0  0.4524113  0.8918094   26.898 0.29502
  7.0 290.0  0.4520613  0.8919869   26.876 0.29479
  7.0 292.0  0.4517362  0.8921516   26.855 0.29457
  7.0 294.0  0.4514363  0.8923033   26.836 0.29436
  7.0 296.0  0.4511619  0.8924421   26.818 0.29417
  7.0 298.0  0.4509131  0.8925679   26.802 0.29400
  7.0 300.0  0.4506901  0.8926805   26.788 0.29385
  7.0 302.0  0.4504929  0.8927800   26.775 0.29371
  7.0 304.0  0.4503217  0.8928664   26.764 0.29359
  7.0 306.0  0.4501764  0.8929397   26.755 0.29349
  7.0 308.0  0.4500569  0.8929999   26.747 0.29341
  7.0 310.0  0.4499632  0.8930471   26.741 0.29334
  7.0 312.0  0.4498871  0.8930854   26.736 0.29330
  7.0 314.0  0.4498436  0.8931073   26.734 0.29328
  7.0 316.0  0.4498253  0.8931166   26.732 0.29328
  7.0 318.0  0.4498319  0.8931133   26.733 0.29330
  7.0 320.0  0.4498630  0.8930976   26.735 0.29335
  7.0 322.0  0.4499106  0.8930736   26.738 0.29342
  7.0 324.0  0.4499904  0.8930334   26.743 0.29351
  7.0 326.0  0.4500936  0.8929814   26.750 0.29362
  7.0 328.0  0.4502195  0.8929179   26.758 0.29375
  7.0 330.0  0.4503678  0.8928431   26.767 0.29391
  7.0 332.0  0.4505377  0.8927574   26.778 0.29410
  7.0 334.0  0.4507288  0.8926609   26.790 0.29430
  7.0 336.0  0.4509403  0.8925541   26.804 0.29453
  7.0 338.0  0.4511717  0.8924372   26.819 0.29478
  7.0 340.0  0.4514221  0.8923105   26.835 0.29506
  7.0 342.0  0.4516909  0.8921745   26.852 0.29536
  7.0 344.0  0.4519773  0.8920294   26.871 0.29568
  7.0 346.0  0.4522805  0.8918758   26.890 0.29602
  7.0 348.0  0.4525996  0.8917139   26.911 0.29639
  7.0 350.0  0.4529339  0.8915441   26.932 0.29678
  7.0 352.0  0.4532825  0.8913669   26.954 0.29719
  7.0 354.0  0.4536443  0.8911828   26.978 0.29761
  7.0 356.0  0.4540228  0.8909901   27.002 0.29806
  7.0 358.0  0.4544047  0.8907954   27.027 0.29853
  7.0 360.0  0.4548014  0.8905929   27.052 0.29901
  9.0   0.0  0.4490908  0.8934861   26.685 0.29619
  9.0   2.0  0.4496622  0.8931987   26.722 0.29685
  9.0   4.0  0.4502437  0.8929057   26.759 0.29754
  9.0   6.0  0.4508338  0.8926079   26.797 0.29825
  9.0   8.0  0.4514311  0.8923060   26.836 0.29898
  9.0  10.0  0.4520341  0.8920006   26.874 0.29973
  9.0  12.0  0.4526415  0.8916926   26.913 0.30050
  9.0  14.0  0.4532520  0.8913824   26.953 0.30129
  9.0  16.0  0.4538641  0.8910709   26.992 0.30209
  9.0  18.0  0.4544766  0.8907587   27.031 0.30290
  9.0  20.0  0.4550884  0.8904463   27.071 0.30372
  9.0  22.0  0.4557059  0.8901304   27.110 0.30455
  9.0  24.0  0.4563138  0.8898189   27.149 0.30539
  9.0  26.0  0.4569176  0.8895090   27.188 0.30623
  9.0  28.0  0.4575162  0.8892013   27.227 0.30708
  9.0  30.0  0.4581089  0.8888961   27.265 0.30793
  9.0  32.0  0.4586947  0.8885939   27.303 0.30878
  9.0  34.0  0.4592729  0.8882952   27.340 0.30962
  9.0  36.0  0.4598428  0.8880003   27.377 0.31046
  9.0  38.0  0.4604038  0.8877096   27.413 0.31130
  9.0  40.0  0.4609555  0.8874233   27.449 0.31213
  9.0  42.0  0.4614974  0.8871416   27.484 0.31295
  9.0  44.0  0.4620292  0.8868647   27.518 0.31375
  9.0  46.0  0.4625508  0.8865928   27.552 0.31455
  9.0  48.0  0.4630620  0.8863259   27.585 0.31533
  9.0  50.0  0.4635627  0.8860641   27.617 0.31610
  9.0  52.0  0.4640531  0.8858074   27.649 0.31685
  9.0  54.0  0.4645333  0.8855556   27.680 0.31758
  9.0  56.0  0.4650035  0.8853088   27.710 0.31829
  9.0  58.0  0.4654641  0.8850668   27.740 0.31898
  9.0  60.0  0.4659154  0.8848293   27.769 0.31965
  9.0  62.0  0.4663578  0.8845962   27.798 0.32030
  9.0  64.0  0.4667920  0.8843671   27.826 0.32093
  9.0  66.0  0.4672255  0.8841382   27.854 0.32153
  9.0  68.0  0.4676438  0.8839170   27.881 0.32210
  9.0  70.0  0.4680558  0.8836989   27.908 0.32266
  9.0  72.0  0.4684622  0.8834836   27.935 0.32318
  9.0  74.0  0.4688637  0.8832705   27.961 0.32368
  9.0  76.0  0.4692612  0.8830594   27.986 0.32416
  9.0  78.0  0.4696553  0.8828498   28.012 0.32460
  9.0  80.0  0.4700470  0.8826414   28.037 0.32503
  9.0  82.0  0.4704368  0.8824337   28.063 0.32542
  9.0  84.0  0.4708253  0.8822264   28.088 0.32579
  9.0  86.0  0.4712140  0.8820189   28.113 0.32613
  9.0  88.0  0.4716028  0.8818111   28.138 0.32644
  9.0  90.0  0.4719927  0.8816024   28.164 0.32672
  9.0  92.0  0.4723840  0.8813929   28.189 0.32698
  9.0  94.0  0.4727777  0.8811817   28.215 0.32722
  9.0  96.0  0.4731738  0.8809691   28.241 0.32742
  9.0  98.0  0.4735729  0.8807546   28.266 0.32760
  9.0 100.0  0.4739751  0.8805382   28.293 0.32775
  9.0 102.0  0.4743808  0.8803197   28.319 0.32788
  9.0 104.0  0.4747900  0.8800991   28.346 0.32798
  9.0 106.0  0.4752028  0.8798763   28.373 0.32806
  9.0 108.0  0.4756191  0.8796513   28.400 0.32811
  9.0 110.0  0.4760315  0.8794282   28.427 0.32813
  9.0 112.0  0.4764528  0.8792001   28.454 0.32814
  9.0 114.0  0.4768765  0.8789703   28.482 0.32811
  9.0 116.0  0.4773022  0.8787392   28.509 0.32807
  9.0 118.0  0.4777293  0.8785071   28.537 0.32800
  9.0 120.0  0.4781570  0.8782744   28.565 0.32791
  9.0 122.0  0.4785845  0.8780415   28.593 0.32779
  9.0 124.0  0.4790110  0.8778089   28.621 0.32766
  9.0 126.0  0.4794352  0.8775773   28.649 0.32750
  9.0 128.0  0.4798563  0.8773471   28.676 0.32732
  9.0 130.0  0.4802729  0.8771191   28.703 0.32713
  9.0 132.0  0.4806837  0.8768941   28.730 0.32691
  9.0 134.0  0.4810874  0.8766726   28.756 0.32667
  9.0 136.0  0.4814826  0.8764556   28.782 0.32641
  9.0 138.0  0.4818678  0.8762439   28.807 0.32614
  9.0 140.0  0.4822415  0.8760383   28.832 0.32585
  9.0 142.0  0.4826020  0.8758398   28.855 0.32554
  9.0 144.0  0.4829478  0.8756491   28.878 0.32522
  9.0 146.0  0.4832772  0.8754674   28.900 0.32488
  9.0 148.0  0.4835885  0.8752954   28.920 0.32452
  9.0 150.0  0.4838802  0.8751342   28.939 0.32416
  9.0 152.0  0.4841505  0.8749847   28.957 0.32377
  9.0 154.0  0.4843978  0.8748478   28.973 0.32338
  9.0 156.0  0.4846205  0.8747245   28.988 0.32297
  9.0 158.0  0.4848102  0.8746194   29.000 0.32256
  9.0 160.0  0.4849801  0.8745252   29.011 0.32213
  9.0 162.0  0.4851207  0.8744472   29.020 0.32169
  9.0 164.0  0.4852306  0.8743862   29.028 0.32125
  9.0 166.0  0.4853083  0.8743431   29.033 0.32079
  9.0 168.0  0.4853527  0.8743185   29.036 0.32033
  9.0 170.0  0.4853624  0.8743131   29.036 0.31986
  9.0 172.0  0.4853365  0.8743274   29.035 0.31938
  9.0 174.0  0.4852739  0.8743622   29.030 0.31890
  9.0 176.0  0.4851739  0.8744177   29.024 0.31841
  9.0 178.0  0.4850353  0.8744946   29.015 0.31792
  9.0 180.0  0.4848578  0.8745930   29.003 0.31743
  9.0 182.0  0.4846410  0.8747131   28.989 0.31693
  9.0 184.0  0.4843845  0.8748552   28.972 0.31643
  9.0 186.0  0.4840873  0.8750197   28.953 0.31592
  9.0 188.0  0.4837503  0.8752061   28.931 0.31542
  9.0 190.0  0.4833731  0.8754145   28.906 0.31491
  9.0 192.0  0.4829559  0.8756447   28.879 0.31440
  9.0 194.0  0.4824990  0.8758965   28.849 0.31389
  9.0 196.0  0.4820030  0.8761696   28.816 0.31338
  9.0 198.0  0.4814684  0.8764634   28.781 0.31286
  9.0 200.0  0.4808960  0.8767776   28.744 0.31235
  9.0 202.0  0.4802867  0.8771116   28.704 0.31184
  9.0 204.0  0.4796494  0.8774602   28.663 0.31133
  9.0 206.0  0.4789708  0.8778308   28.618 0.31081
  9.0 208.0  0.4782588  0.8782190   28.572 0.31030
  9.0 210.0  0.4775148  0.8786237   28.523 0.30979
  9.0 212.0  0.4767404  0.8790441   28.473 0.30928
  9.0 214.0  0.4759373  0.8794792   28.420 0.30877
  9.0 216.0  0.4751072  0.8799279   28.366 0.30826
  9.0 218.0  0.4742519  0.8803892   28.311 0.30775
  9.0 220.0  0.4733733  0.8808619   28.253 0.30724
  9.0 222.0  0.4724736  0.8813448   28.195 0.30674
  9.0 224.0  0.4715547  0.8818368   28.135 0.30623
  9.0 226.0  0.4706187  0.8823367   28.074 0.30573
  9.0 228.0  0.4696680  0.8828431   28.013 0.30522
  9.0 230.0  0.4687047  0.8833549   27.950 0.30472
  9.0 232.0  0.4677310  0.8838708   27.887 0.30422
  9.0 234.0  0.4667494  0.8843896   27.823 0.30372
  9.0 236.0  0.4657620  0.8849100   27.760 0.30322
  9.0 238.0  0.4647711  0.8854309   27.695 0.30272
  9.0 240.0  0.4637791  0.8859509   27.631 0.30222
  9.0 242.0  0.4627883  0.8864689   27.567 0.30173
  9.0 244.0  0.4618007  0.8869837   27.503 0.30123
  9.0 246.0  0.4608188  0.8874942   27.440 0.30074
  9.0 248.0  0.4598446  0.8879994   27.377 0.30026
  9.0 250.0  0.4588802  0.8884982   27.315 0.29977
  9.0 252.0  0.4579353  0.8889855   27.254 0.29929
  9.0 254.0  0.4569955  0.8894690   27.193 0.29881
  9.0 256.0  0.4560715  0.8899431   27.134 0.29833
  9.0 258.0  0.4551652  0.8904070   27.076 0.29786
  9.0 260.0  0.4542785  0.8908597   27.019 0.29739
  9.0 262.0  0.4534129  0.8913006   26.963 0.29693
  9.0 264.0  0.4525700  0.8917289   26.909 0.29647
  9.0 266.0  0.4517514  0.8921439   26.856 0.29602
  9.0 268.0  0.4509583  0.8925450   26.805 0.29558
  9.0 270.0  0.4501922  0.8929317   26.756 0.29514
  9.0 272.0  0.4494540  0.8933035   26.709 0.29472
  9.0 274.0  0.4487454  0.8936597   26.663 0.29430
  9.0 276.0  0.4480669  0.8940001   26.620 0.29389
  9.0 278.0  0.4474194  0.8943243   26.578 0.29349
  9.0 280.0  0.4468041  0.8946318   26.539 0.29310
  9.0 282.0  0.4462214  0.8949226   26.502 0.29272
  9.0 284.0  0.4456720  0.8951963   26.466 0.29236
  9.0 286.0  0.4451567  0.8954527   26.433 0.29201
  9.0 288.0  0.4446757  0.8956916   26.403 0.29167
  9.0 290.0  0.4442296  0.8959130   26.374 0.29136
  9.0 292.0  0.4438186  0.8961167   26.348 0.29105
  9.0 294.0  0.4434430  0.8963026   26.324 0.29077
  9.0 296.0  0.4431031  0.8964707   26.302 0.29050
  9.0 298.0  0.4427988  0.8966210   26.283 0.29025
  9.0 300.0  0.4425303  0.8967535   26.265 0.29002
  9.0 302.0  0.4422976  0.8968683   26.251 0.28982
  9.0 304.0  0.4420921  0.8969697   26.237 0.28964
  9.0 306.0  0.4419296  0.8970498   26.227 0.28948
  9.0 308.0  0.4418024  0.8971124   26.219 0.28934
  9.0 310.0  0.4417105  0.8971577   26.213 0.28923
  9.0 312.0  0.4416533  0.8971858   26.209 0.28914
  9.0 314.0  0.4416307  0.8971969   26.208 0.28909
  9.0 316.0  0.4416422  0.8971913   26.209 0.28906
  9.0 318.0  0.4416874  0.8971690   26.212 0.28905
  9.0 320.0  0.4417658  0.8971304   26.217 0.28908
  9.0 322.0  0.4418769  0.8970757   26.224 0.28914
  9.0 324.0  0.4420200  0.8970052   26.233 0.28923
  9.0 326.0  0.4421945  0.8969192   26.244 0.28935
  9.0 328.0  0.4423998  0.8968179   26.257 0.28950
  9.0 330.0  0.4426273  0.8967057   26.272 0.28968
  9.0 332.0  0.4428927  0.8965746   26.289 0.28989
  9.0 334.0  0.4431864  0.8964295   26.307 0.29014
  9.0 336.0  0.4435074  0.8962707   26.328 0.29041
  9.0 338.0  0.4438547  0.8960988   26.350 0.29073
  9.0 340.0  0.4442274  0.8959141   26.374 0.29107
  9.0 342.0  0.4446243  0.8957172   26.399 0.29144
  9.0 344.0  0.4450444  0.8955085   26.426 0.29185
  9.0 346.0  0.4454865  0.8952887   26.454 0.29229
  9.0 348.0  0.4459494  0.8950582   26.484 0.29276
  9.0 350.0  0.4464318  0.8948177   26.515 0.29326
  9.0 352.0  0.4469324  0.8945677   26.547 0.29379
  9.0 354.0  0.4474501  0.8943089   26.580 0.29435
  9.0 356.0  0.4479831  0.8940420   26.614 0.29493
  9.0 358.0  0.4485305  0.8937675   26.649 0.29555
  9.0 360.0  0.4490908  0.8934861   26.685 0.29619
 11.0   0.0  0.4427722  0.8966341   26.281 0.29348
 11.0   2.0  0.4435304  0.8962593   26.329 0.29431
 11.0   4.0  0.4442998  0.8958782   26.379 0.29518
 11.0   6.0  0.4450784  0.8954916   26.428 0.29607
 11.0   8.0  0.4458641  0.8951007   26.479 0.29700
 11.0  10.0  0.4466549  0.8947063   26.529 0.29795
 11.0  12.0  0.4474488  0.8943096   26.580 0.29892
 11.0  14.0  0.4482438  0.8939114   26.631 0.29991
 11.0  16.0  0.4490380  0.8935127   26.682 0.30093
 11.0  18.0  0.4498295  0.8931145   26.733 0.30196
 11.0  20.0  0.4506258  0.8927129   26.784 0.30300
 11.0  22.0  0.4514083  0.8923175   26.834 0.30406
 11.0  24.0  0.4521831  0.8919251   26.884 0.30512
 11.0  26.0  0.4529487  0.8915366   26.933 0.30619
 11.0  28.0  0.4537035  0.8911527   26.982 0.30727
 11.0  30.0  0.4544464  0.8907741   27.029 0.30834
 11.0  32.0  0.4551760  0.8904015   27.076 0.30942
 11.0  34.0  0.4558914  0.8900354   27.122 0.31048
 11.0  36.0  0.4565916  0.8896764   27.167 0.31155
 11.0  38.0  0.4572758  0.8893249   27.211 0.31260
 11.0  40.0  0.4579434  0.8889813   27.254 0.31364
 11.0  42.0  0.4585939  0.8886460   27.296 0.31467
 11.0  44.0  0.4592270  0.8883190   27.337 0.31567
 11.0  46.0  0.4598424  0.8880005   27.377 0.31667
 11.0  48.0  0.4604402  0.8876907   27.416 0.31764
 11.0  50.0  0.4610204  0.8873895   27.453 0.31858
 11.0  52.0  0.4615833  0.8870969   27.489 0.31951
 11.0  54.0  0.4621294  0.8868125   27.525 0.32040
 11.0  56.0  0.4626591  0.8865363   27.559 0.32127
 11.0  58.0  0.4631731  0.8862678   27.592 0.32211
 11.0  60.0  0.4636723  0.8860068   27.624 0.32292
 11.0  62.0  0.4641575  0.8857527   27.656 0.32370
 11.0  64.0  0.4646298  0.8855050   27.686 0.32445
 11.0  66.0  0.4650903  0.8852632   27.716 0.32517
 11.0  68.0  0.4655402  0.8850267   27.745 0.32585
 11.0  70.0  0.4659808  0.8847949   27.774 0.32650
 11.0  72.0  0.4664196  0.8845636   27.802 0.32711
 11.0  74.0  0.4668443  0.8843395   27.830 0.32769
 11.0  76.0  0.4672639  0.8841179   27.857 0.32823
 11.0  78.0  0.4676800  0.8838978   27.884 0.32874
 11.0  80.0  0.4680941  0.8836787   27.911 0.32921
 11.0  82.0  0.4685074  0.8834596   27.937 0.32965
 11.0  84.0  0.4689215  0.8832398   27.964 0.33005
 11.0  86.0  0.4693376  0.8830188   27.991 0.33042
 11.0  88.0  0.4697575  0.8827955   28.019 0.33076
 11.0  90.0  0.4701819  0.8825695   28.046 0.33106
 11.0  92.0  0.4706120  0.8823402   28.074 0.33133
 11.0  94.0  0.4710495  0.8821068   28.102 0.33156
 11.0  96.0  0.4714946  0.8818690   28.131 0.33176
 11.0  98.0  0.4719484  0.8816262   28.161 0.33193
 11.0 100.0  0.4724115  0.8813781   28.191 0.33207
 11.0 102.0  0.4728846  0.8811244   28.222 0.33218
 11.0 104.0  0.4733679  0.8808648   28.253 0.33225
 11.0 106.0  0.4738618  0.8805992   28.285 0.33229
 11.0 108.0  0.4743580  0.8803320   28.318 0.33231
 11.0 110.0  0.4748711  0.8800553   28.351 0.33229
 11.0 112.0  0.4753943  0.8797729   28.385 0.33225
 11.0 114.0  0.4759269  0.8794848   28.420 0.33217
 11.0 116.0  0.4764685  0.8791916   28.455 0.33207
 11.0 118.0  0.4770181  0.8788935   28.491 0.33194
 11.0 120.0  0.4775747  0.8785912   28.527 0.33178
 11.0 122.0  0.4781371  0.8782852   28.564 0.33160
 11.0 124.0  0.4787041  0.8779763   28.601 0.33139
 11.0 126.0  0.4792741  0.8776653   28.638 0.33116
 11.0 128.0  0.4798454  0.8773530   28.675 0.33090
 11.0 130.0  0.4804163  0.8770406   28.713 0.33061
 11.0 132.0  0.4809848  0.8767289   28.750 0.33031
 11.0 134.0  0.4815488  0.8764193   28.787 0.32998
 11.0 136.0  0.4821062  0.8761128   28.823 0.32962
 11.0 138.0  0.4826547  0.8758107   28.859 0.32925
 11.0 140.0  0.4831920  0.8755144   28.894 0.32886
 11.0 142.0  0.4837155  0.8752253   28.928 0.32845
 11.0 144.0  0.4842229  0.8749446   28.962 0.32802
 11.0 146.0  0.4847117  0.8746740   28.994 0.32757
 11.0 148.0  0.4851792  0.8744148   29.024 0.32710
 11.0 150.0  0.4856229  0.8741684   29.053 0.32662
 11.0 152.0  0.4860402  0.8739365   29.081 0.32613
 11.0 154.0  0.4864285  0.8737204   29.106 0.32562
 11.0 156.0  0.4867855  0.8735216   29.130 0.32509
 11.0 158.0  0.4871085  0.8733415   29.151 0.32456
 11.0 160.0  0.4873952  0.8731815   29.170 0.32402
 11.0 162.0  0.4876367  0.8730467   29.185 0.32346
 11.0 164.0  0.4878453  0.8729301   29.199 0.32290
 11.0 166.0  0.4880107  0.8728376   29.210 0.32233
 11.0 168.0  0.4881309  0.8727704   29.218 0.32175
 11.0 170.0  0.4882041  0.8727295   29.223 0.32117
 11.0 172.0  0.4882284  0.8727159   29.224 0.32059
 11.0 174.0  0.4882023  0.8727305   29.222 0.31999
 11.0 176.0  0.4881246  0.8727739   29.217 0.31940
 11.0 178.0  0.4879934  0.8728473   29.209 0.31880
 11.0 180.0  0.4878083  0.8729508   29.197 0.31821
 11.0 182.0  0.4875683  0.8730849   29.181 0.31761
 11.0 184.0  0.4872723  0.8732501   29.161 0.31701
 11.0 186.0  0.4869204  0.8734464   29.138 0.31641
 11.0 188.0  0.4865121  0.8736739   29.112 0.31581
 11.0 190.0  0.4860474  0.8739325   29.081 0.31522
 11.0 192.0  0.4855264  0.8742220   29.047 0.31462
 11.0 194.0  0.4849497  0.8745420   29.009 0.31403
 11.0 196.0  0.4843178  0.8748921   28.968 0.31344
 11.0 198.0  0.4836316  0.8752717   28.923 0.31285
 11.0 200.0  0.4829008  0.8756751   28.875 0.31226
 11.0 202.0  0.4821110  0.8761101   28.823 0.31168
 11.0 204.0  0.4812708  0.8765719   28.768 0.31110
 11.0 206.0  0.4803820  0.8770594   28.710 0.31052
 11.0 208.0  0.4794463  0.8775712   28.649 0.30994
 11.0 210.0  0.4784659  0.8781061   28.585 0.30937
 11.0 212.0  0.4774431  0.8786627   28.519 0.30880
 11.0 214.0  0.4763802  0.8792394   28.449 0.30823
 11.0 216.0  0.4752798  0.8798347   28.378 0.30767
 11.0 218.0  0.4741446  0.8804470   28.304 0.30711
 11.0 220.0  0.4729776  0.8810745   28.228 0.30655
 11.0 222.0  0.4717816  0.8817155   28.150 0.30599
 11.0 224.0  0.4705597  0.8823682   28.071 0.30543
 11.0 226.0  0.4693151  0.8830308   27.990 0.30487
 11.0 228.0  0.4680510  0.8837015   27.908 0.30432
 11.0 230.0  0.4667707  0.8843784   27.825 0.30377
 11.0 232.0  0.4654775  0.8850597   27.741 0.30322
 11.0 234.0  0.4641747  0.8857437   27.657 0.30266
 11.0 236.0  0.4628657  0.8864284   27.572 0.30211
 11.0 238.0  0.4615537  0.8871122   27.487 0.30156
 11.0 240.0  0.4602422  0.8877934   27.403 0.30102
 11.0 242.0  0.4589343  0.8884702   27.318 0.30047
 11.0 244.0  0.4576333  0.8891410   27.234 0.29992
 11.0 246.0  0.4563422  0.8898044   27.151 0.29937
 11.0 248.0  0.4550641  0.8904587   27.069 0.29883
 11.0 250.0  0.4538019  0.8911026   26.988 0.29828
 11.0 252.0  0.4525585  0.8917347   26.908 0.29774
 11.0 254.0  0.4513365  0.8923538   26.829 0.29720
 11.0 256.0  0.4501458  0.8929551   26.753 0.29665
 11.0 258.0  0.4489729  0.8935454   26.678 0.29612
 11.0 260.0  0.4478290  0.8941192   26.604 0.29558
 11.0 262.0  0.4467163  0.8946757   26.533 0.29505
 11.0 264.0  0.4456367  0.8952139   26.464 0.29452
 11.0 266.0  0.4445920  0.8957332   26.397 0.29399
 11.0 268.0  0.4435841  0.8962328   26.333 0.29347
 11.0 270.0  0.4426144  0.8967120   26.271 0.29296
 11.0 272.0  0.4416842  0.8971706   26.211 0.29245
 11.0 274.0  0.4407952  0.8976077   26.155 0.29195
 11.0 276.0  0.4399480  0.8980232   26.101 0.29146
 11.0 278.0  0.4391437  0.8984169   26.049 0.29097
 11.0 280.0  0.4383834  0.8987881   26.001 0.29050
 11.0 282.0  0.4376675  0.8991369   25.955 0.29004
 11.0 284.0  0.4369966  0.8994632   25.912 0.28959
 11.0 286.0  0.4363712  0.8997667   25.873 0.28915
 11.0 288.0  0.4357918  0.9000475   25.836 0.28873
 11.0 290.0  0.4352585  0.9003055   25.802 0.28833
 11.0 292.0  0.4347715  0.9005408   25.771 0.28794
 11.0 294.0  0.4343309  0.9007534   25.743 0.28757
 11.0 296.0  0.4339367  0.9009434   25.718 0.28722
 11.0 298.0  0.4335805  0.9011148   25.695 0.28689
 11.0 300.0  0.4332775  0.9012606   25.676 0.28658
 11.0 302.0  0.4330204  0.9013841   25.659 0.28630
 11.0 304.0  0.4328090  0.9014856   25.646 0.28604
 11.0 306.0  0.4326430  0.9015653   25.635 0.28582
 11.0 308.0  0.4325220  0.9016234   25.628 0.28561
 11.0 310.0  0.4324456  0.9016600   25.623 0.28544
 11.0 312.0  0.4324135  0.9016754   25.621 0.28530
 11.0 314.0  0.4324250  0.9016699   25.622 0.28519
 11.0 316.0  0.4324797  0.9016437   25.625 0.28512
 11.0 318.0  0.4325769  0.9015970   25.631 0.28508
 11.0 320.0  0.4327161  0.9015303   25.640 0.28508
 11.0 322.0  0.4328965  0.9014436   25.652 0.28511
 11.0 324.0  0.4331174  0.9013375   25.666 0.28518
 11.0 326.0  0.4333780  0.9012122   25.682 0.28529
 11.0 328.0  0.4336775  0.9010682   25.701 0.28544
 11.0 330.0  0.4340149  0.9009057   25.723 0.28564
 11.0 332.0  0.4343892  0.9007253   25.746 0.28587
 11.0 334.0  0.4347993  0.9005274   25.773 0.28614
 11.0 336.0  0.4352373  0.9003158   25.800 0.28646
 11.0 338.0  0.4357168  0.9000838   25.831 0.28682
 11.0 340.0  0.4362285  0.8998359   25.863 0.28722
 11.0 342.0  0.4367709  0.8995728   25.898 0.28766
 11.0 344.0  0.4373426  0.8992950   25.934 0.28815
 11.0 346.0  0.4379421  0.8990032   25.973 0.28867
 11.0 348.0  0.4385677  0.8986981   26.013 0.28924
 11.0 350.0  0.4392178  0.8983806   26.054 0.28985
 11.0 352.0  0.4398906  0.8980514   26.097 0.29050
 11.0 354.0  0.4405845  0.8977112   26.141 0.29119
 11.0 356.0  0.4412971  0.8973611   26.187 0.29192
 11.0 358.0  0.4420270  0.8970017   26.233 0.29268
 11.0 360.0  0.4427722  0.8966341   26.281 0.29348
 13.0   0.0  0.4358343  0.9000269   25.838 0.29097
 13.0   2.0  0.4367986  0.8995593   25.900 0.29197
 13.0   4.0  0.4377757  0.8990842   25.962 0.29302
 13.0   6.0  0.4387628  0.8986029   26.025 0.29410
 13.0   8.0  0.4397571  0.8981168   26.088 0.29522
 13.0  10.0  0.4407557  0.8976271   26.152 0.29638
 13.0  12.0  0.4417560  0.8971352   26.216 0.29756
 13.0  14.0  0.4427552  0.8966426   26.280 0.29878
 13.0  16.0  0.4437587  0.8961463   26.344 0.30002
 13.0  18.0  0.4447495  0.8956550   26.407 0.30128
 13.0  20.0  0.4457316  0.8951667   26.470 0.30256
 13.0  22.0  0.4467024  0.8946826   26.532 0.30385
 13.0  24.0  0.4476598  0.8942040   26.594 0.30515
 13.0  26.0  0.4486015  0.8937319   26.654 0.30646
 13.0  28.0  0.4495256  0.8932674   26.713 0.30778
 13.0  30.0  0.4504303  0.8928116   26.771 0.30909
 13.0  32.0  0.4513138  0.8923653   26.828 0.31040
 13.0  34.0  0.4521747  0.8919294   26.883 0.31171
 13.0  36.0  0.4530117  0.8915045   26.937 0.31300
 13.0  38.0  0.4538239  0.8910914   26.989 0.31428
 13.0  40.0  0.4546103  0.8906904   27.040 0.31554
 13.0  42.0  0.4553704  0.8903021   27.089 0.31678
 13.0  44.0  0.4561037  0.8899266   27.136 0.31799
 13.0  46.0  0.4568101  0.8895642   27.181 0.31918
 13.0  48.0  0.4574896  0.8892150   27.225 0.32034
 13.0  50.0  0.4581426  0.8888787   27.267 0.32147
 13.0  52.0  0.4587695  0.8885553   27.308 0.32256
 13.0  54.0  0.4593710  0.8882445   27.347 0.32362
 13.0  56.0  0.4599481  0.8879458   27.384 0.32464
 13.0  58.0  0.4605020  0.8876587   27.420 0.32563
 13.0  60.0  0.4610338  0.8873826   27.454 0.32657
 13.0  62.0  0.4615452  0.8871167   27.487 0.32747
 13.0  64.0  0.4620377  0.8868603   27.519 0.32832
 13.0  66.0  0.4625133  0.8866123   27.549 0.32914
 13.0  68.0  0.4629738  0.8863720   27.579 0.32990
 13.0  70.0  0.4634214  0.8861380   27.608 0.33063
 13.0  72.0  0.4638581  0.8859095   27.636 0.33131
 13.0  74.0  0.4642863  0.8856852   27.664 0.33195
 13.0  76.0  0.4647138  0.8854609   27.692 0.33254
 13.0  78.0  0.4651303  0.8852422   27.719 0.33309
 13.0  80.0  0.4655454  0.8850240   27.746 0.33359
 13.0  82.0  0.4659616  0.8848050   27.772 0.33405
 13.0  84.0  0.4663810  0.8845839   27.800 0.33447
 13.0  86.0  0.4668058  0.8843599   27.827 0.33485
 13.0  88.0  0.4672389  0.8841311   27.855 0.33519
 13.0  90.0  0.4676816  0.8838970   27.884 0.33548
 13.0  92.0  0.4681357  0.8836566   27.913 0.33574
 13.0  94.0  0.4686039  0.8834084   27.944 0.33595
 13.0  96.0  0.4690869  0.8831520   27.975 0.33613
 13.0  98.0  0.4695865  0.8828864   28.007 0.33627
 13.0 100.0  0.4701039  0.8826111   28.041 0.33638
 13.0 102.0  0.4706400  0.8823253   28.076 0.33644
 13.0 104.0  0.4711889  0.8820323   28.111 0.33647
 13.0 106.0  0.4717626  0.8817256   28.149 0.33647
 13.0 108.0  0.4723563  0.8814077   28.187 0.33643
 13.0 110.0  0.4729701  0.8810785   28.227 0.33636
 13.0 112.0  0.4736035  0.8807382   28.268 0.33625
 13.0 114.0  0.4742561  0.8803869   28.311 0.33611
 13.0 116.0  0.4749271  0.8800251   28.355 0.33594
 13.0 118.0  0.4756152  0.8796534   28.399 0.33573
 13.0 120.0  0.4763192  0.8792724   28.445 0.33549
 13.0 122.0  0.4770374  0.8788830   28.492 0.33523
 13.0 124.0  0.4777679  0.8784861   28.540 0.33493
 13.0 126.0  0.4785086  0.8780829   28.588 0.33461
 13.0 128.0  0.4792571  0.8776746   28.637 0.33425
 13.0 130.0  0.4800108  0.8772626   28.686 0.33387
 13.0 132.0  0.4807671  0.8768483   28.736 0.33346
 13.0 134.0  0.4815229  0.8764335   28.785 0.33302
 13.0 136.0  0.4822751  0.8760198   28.834 0.33256
 13.0 138.0  0.4830204  0.8756091   28.883 0.33207
 13.0 140.0  0.4837555  0.8752032   28.931 0.33156
 13.0 142.0  0.4844769  0.8748041   28.978 0.33103
 13.0 144.0  0.4851810  0.8744138   29.024 0.33048
 13.0 146.0  0.4858641  0.8740344   29.069 0.32990
 13.0 148.0  0.4865226  0.8736680   29.112 0.32931
 13.0 150.0  0.4871528  0.8733167   29.154 0.32870
 13.0 152.0  0.4877510  0.8729828   29.193 0.32808
 13.0 154.0  0.4883135  0.8726683   29.230 0.32744
 13.0 156.0  0.4888366  0.8723754   29.264 0.32679
 13.0 158.0  0.4893169  0.8721061   29.296 0.32612
 13.0 160.0  0.4897508  0.8718625   29.324 0.32545
 13.0 162.0  0.4901349  0.8716466   29.349 0.32476
 13.0 164.0  0.4904591  0.8714642   29.371 0.32407
 13.0 166.0  0.4907360  0.8713083   29.389 0.32338
 13.0 168.0  0.4909537  0.8711857   29.403 0.32268
 13.0 170.0  0.4911094  0.8710979   29.414 0.32197
 13.0 172.0  0.4912006  0.8710465   29.420 0.32127
 13.0 174.0  0.4912249  0.8710328   29.421 0.32056
 13.0 176.0  0.4911807  0.8710577   29.418 0.31985
 13.0 178.0  0.4910652  0.8711228   29.411 0.31915
 13.0 180.0  0.4908776  0.8712286   29.398 0.31845
 13.0 182.0  0.4906166  0.8713756   29.381 0.31775
 13.0 184.0  0.4902805  0.8715647   29.359 0.31705
 13.0 186.0  0.4898692  0.8717959   29.332 0.31636
 13.0 188.0  0.4893822  0.8720694   29.300 0.31567
 13.0 190.0  0.4888193  0.8723851   29.263 0.31499
 13.0 192.0  0.4881807  0.8727426   29.221 0.31432
 13.0 194.0  0.4874669  0.8731415   29.174 0.31365
 13.0 196.0  0.4866869  0.8735765   29.123 0.31299
 13.0 198.0  0.4858276  0.8740547   29.067 0.31234
 13.0 200.0  0.4848966  0.8745715   29.006 0.31169
 13.0 202.0  0.4838959  0.8751255   28.940 0.31106
 13.0 204.0  0.4828275  0.8757155   28.870 0.31042
 13.0 206.0  0.4816937  0.8763396   28.796 0.30980
 13.0 208.0  0.4804972  0.8769963   28.718 0.30918
 13.0 210.0  0.4792409  0.8776834   28.636 0.30857
 13.0 212.0  0.4779280  0.8783990   28.550 0.30796
 13.0 214.0  0.4765619  0.8791409   28.461 0.30736
 13.0 216.0  0.4751462  0.8799069   28.369 0.30676
 13.0 218.0  0.4736848  0.8806944   28.274 0.30617
 13.0 220.0  0.4721817  0.8815012   28.176 0.30558
 13.0 222.0  0.4706412  0.8823247   28.076 0.30500
 13.0 224.0  0.4690675  0.8831623   27.974 0.30442
 13.0 226.0  0.4674652  0.8840115   27.870 0.30384
 13.0 228.0  0.4658387  0.8848697   27.765 0.30326
 13.0 230.0  0.4641927  0.8857342   27.658 0.30269
 13.0 232.0  0.4625318  0.8866027   27.551 0.30211
 13.0 234.0  0.4608607  0.8874725   27.443 0.30154
 13.0 236.0  0.4591841  0.8883411   27.334 0.30097
 13.0 238.0  0.4575065  0.8892063   27.226 0.30039
 13.0 240.0  0.4558326  0.8900655   27.119 0.29982
 13.0 242.0  0.4541668  0.8909167   27.011 0.29925
 13.0 244.0  0.4525135  0.8917575   26.905 0.29867
 13.0 246.0  0.4508769  0.8925861   26.800 0.29810
 13.0 248.0  0.4492611  0.8934005   26.696 0.29752
 13.0 250.0  0.4476700  0.8941988   26.594 0.29695
 13.0 252.0  0.4461074  0.8949794   26.494 0.29637
 13.0 254.0  0.4445768  0.8957408   26.396 0.29579
 13.0 256.0  0.4430814  0.8964814   26.301 0.29521
 13.0 258.0  0.4416318  0.8971964   26.208 0.29463
 13.0 260.0  0.4402145  0.8978927   26.118 0.29405
 13.0 262.0  0.4388413  0.8985646   26.030 0.29347
 13.0 264.0  0.4375146  0.8992113   25.945 0.29289
 13.0 266.0  0.4362367  0.8998320   25.864 0.29231
 13.0 268.0  0.4350094  0.9004259   25.786 0.29174
 13.0 270.0  0.4338344  0.9009926   25.711 0.29116
 13.0 272.0  0.4327131  0.9015317   25.640 0.29059
 13.0 274.0  0.4316470  0.9020426   25.572 0.29003
 13.0 276.0  0.4306367  0.9025254   25.508 0.28947
 13.0 278.0  0.4296834  0.9029796   25.447 0.28891
 13.0 280.0  0.4287874  0.9034054   25.391 0.28836
 13.0 282.0  0.4279494  0.9038027   25.337 0.28783
 13.0 284.0  0.4271696  0.9041715   25.288 0.28730
 13.0 286.0  0.4264481  0.9045120   25.242 0.28678
 13.0 288.0  0.4257849  0.9048244   25.200 0.28628
 13.0 290.0  0.4251800  0.9051088   25.162 0.28579
 13.0 292.0  0.4246331  0.9053655   25.127 0.28532
 13.0 294.0  0.4241440  0.9055948   25.096 0.28487
 13.0 296.0  0.4237027  0.9058013   25.069 0.28443
 13.0 298.0  0.4233263  0.9059773   25.045 0.28402
 13.0 300.0  0.4230063  0.9061268   25.025 0.28363
 13.0 302.0  0.4227421  0.9062500   25.008 0.28327
 13.0 304.0  0.4225332  0.9063474   24.995 0.28293
 13.0 306.0  0.4223791  0.9064193   24.985 0.28263
 13.0 308.0  0.4222792  0.9064658   24.979 0.28235
 13.0 310.0  0.4222327  0.9064875   24.976 0.28211
 13.0 312.0  0.4222392  0.9064845   24.976 0.28190
 13.0 314.0  0.4222979  0.9064571   24.980 0.28173
 13.0 316.0  0.4224082  0.9064057   24.987 0.28160
 13.0 318.0  0.4225694  0.9063306   24.997 0.28151
 13.0 320.0  0.4227808  0.9062320   25.010 0.28146
 13.0 322.0  0.4230416  0.9061103   25.027 0.28145
 13.0 324.0  0.4233510  0.9059658   25.046 0.28150
 13.0 326.0  0.4237081  0.9057988   25.069 0.28158
 13.0 328.0  0.4241121  0.9056097   25.094 0.28172
 13.0 330.0  0.4245619  0.9053989   25.123 0.28191
 13.0 332.0  0.4250566  0.9051668   25.154 0.28214
 13.0 334.0  0.4255948  0.9049138   25.188 0.28243
 13.0 336.0  0.4261754  0.9046405   25.225 0.28277
 13.0 338.0  0.4267894  0.9043510   25.264 0.28317
 13.0 340.0  0.4274521  0.9040380   25.306 0.28361
 13.0 342.0  0.4281525  0.9037065   25.350 0.28411
 13.0 344.0  0.4288890  0.9033572   25.397 0.28467
 13.0 346.0  0.4296598  0.9029908   25.446 0.28528
 13.0 348.0  0.4304629  0.9026083   25.497 0.28594
 13.0 350.0  0.4312961  0.9022104   25.550 0.28665
 13.0 352.0  0.4321573  0.9017982   25.605 0.28742
 13.0 354.0  0.4330442  0.9013727   25.661 0.28823
 13.0 356.0  0.4339544  0.9009348   25.719 0.28910
 13.0 358.0  0.4348852  0.9004859   25.778 0.29001
 13.0 360.0  0.4358343  0.9000269   25.838 0.29097
 15.0   0.0  0.4282872  0.9036427   25.359 0.28872
 15.0   2.0  0.4294734  0.9030795   25.434 0.28989
 15.0   4.0  0.4306746  0.9025073   25.510 0.29111
 15.0   6.0  0.4318872  0.9019276   25.587 0.29239
 15.0   8.0  0.4331076  0.9013422   25.665 0.29371
 15.0  10.0  0.4343319  0.9007529   25.743 0.29508
 15.0  12.0  0.4355565  0.9001614   25.821 0.29649
 15.0  14.0  0.4367777  0.8995695   25.898 0.29793
 15.0  16.0  0.4380022  0.8989739   25.976 0.29940
 15.0  18.0  0.4392083  0.8983853   26.053 0.30091
 15.0  20.0  0.4404007  0.8978013   26.129 0.30243
 15.0  22.0  0.4415761  0.8972238   26.204 0.30397
 15.0  24.0  0.4427314  0.8966543   26.278 0.30553
 15.0  26.0  0.4438637  0.8960943   26.351 0.30709
 15.0  28.0  0.4449702  0.8955454   26.421 0.30866
 15.0  30.0  0.4460485  0.8950088   26.490 0.31022
 15.0  32.0  0.4470963  0.8944858   26.558 0.31178
 15.0  34.0  0.4481117  0.8939776   26.623 0.31333
 15.0  36.0  0.4490930  0.8934850   26.686 0.31486
 15.0  38.0  0.4500388  0.8930090   26.746 0.31637
 15.0  40.0  0.4509479  0.8925503   26.805 0.31786
 15.0  42.0  0.4518196  0.8921093   26.860 0.31932
 15.0  44.0  0.4526534  0.8916865   26.914 0.32074
 15.0  46.0  0.4534492  0.8912821   26.965 0.32213
 15.0  48.0  0.4542070  0.8908962   27.014 0.32348
 15.0  50.0  0.4549274  0.8905285   27.060 0.32479
 15.0  52.0  0.4556111  0.8901789   27.104 0.32605
 15.0  54.0  0.4562593  0.8898469   27.146 0.32726
 15.0  56.0  0.4568732  0.8895318   27.186 0.32843
 15.0  58.0  0.4574546  0.8892330   27.223 0.32954
 15.0  60.0  0.4580054  0.8889494   27.258 0.33060
 15.0  62.0  0.4585279  0.8886800   27.292 0.33160
 15.0  64.0  0.4590243  0.8884237   27.324 0.33255
 15.0  66.0  0.4594975  0.8881791   27.355 0.33345
 15.0  68.0  0.4599503  0.8879447   27.384 0.33429
 15.0  70.0  0.4603857  0.8877190   27.412 0.33507
 15.0  72.0  0.4608068  0.8875005   27.439 0.33579
 15.0  74.0  0.4612171  0.8872873   27.466 0.33647
 15.0  76.0  0.4616200  0.8870778   27.492 0.33709
 15.0  78.0  0.4620246  0.8868671   27.518 0.33765
 15.0  80.0  0.4624210  0.8866605   27.543 0.33816
 15.0  82.0  0.4628208  0.8864519   27.569 0.33862
 15.0  84.0  0.4632272  0.8862395   27.596 0.33904
 15.0  86.0  0.4636438  0.8860217   27.622 0.33940
 15.0  88.0  0.4640736  0.8857966   27.650 0.33971
 15.0  90.0  0.4645201  0.8855626   27.679 0.33998
 15.0  92.0  0.4649856  0.8853182   27.709 0.34020
 15.0  94.0  0.4654737  0.8850617   27.741 0.34038
 15.0  96.0  0.4659860  0.8847921   27.774 0.34052
 15.0  98.0  0.4665251  0.8845080   27.809 0.34061
 15.0 100.0  0.4670927  0.8842084   27.846 0.34066
 15.0 102.0  0.4676904  0.8838924   27.884 0.34067
 15.0 104.0  0.4683110  0.8835637   27.925 0.34064
 15.0 106.0  0.4689699  0.8832142   27.967 0.34057
 15.0 108.0  0.4696611  0.8828468   28.012 0.34047
 15.0 110.0  0.4703848  0.8824614   28.059 0.34032
 15.0 112.0  0.4711407  0.8820581   28.108 0.34014
 15.0 114.0  0.4719280  0.8816371   28.160 0.33992
 15.0 116.0  0.4727457  0.8811989   28.213 0.33966
 15.0 118.0  0.4735923  0.8807442   28.268 0.33937
 15.0 120.0  0.4744660  0.8802738   28.325 0.33905
 15.0 122.0  0.4753645  0.8797889   28.383 0.33868
 15.0 124.0  0.4762853  0.8792908   28.443 0.33829
 15.0 126.0  0.4772253  0.8787810   28.504 0.33786
 15.0 128.0  0.4781815  0.8782611   28.567 0.33739
 15.0 130.0  0.4791502  0.8777329   28.630 0.33690
 15.0 132.0  0.4801276  0.8771987   28.694 0.33637
 15.0 134.0  0.4811096  0.8766604   28.758 0.33581
 15.0 136.0  0.4820921  0.8761206   28.822 0.33522
 15.0 138.0  0.4830704  0.8755815   28.886 0.33461
 15.0 140.0  0.4840400  0.8750459   28.950 0.33396
 15.0 142.0  0.4849960  0.8745164   29.012 0.33329
 15.0 144.0  0.4859336  0.8739957   29.074 0.33260
 15.0 146.0  0.4868477  0.8734869   29.134 0.33188
 15.0 148.0  0.4877334  0.8729927   29.192 0.33115
 15.0 150.0  0.4885855  0.8725160   29.248 0.33039
 15.0 152.0  0.4893990  0.8720600   29.301 0.32962
 15.0 154.0  0.4901690  0.8716274   29.352 0.32883
 15.0 156.0  0.4908904  0.8712213   29.399 0.32803
 15.0 158.0  0.4915584  0.8708446   29.443 0.32722
 15.0 160.0  0.4921682  0.8705001   29.483 0.32640
 15.0 162.0  0.4927153  0.8701906   29.519 0.32557
 15.0 164.0  0.4931953  0.8699186   29.551 0.32473
 15.0 166.0  0.4935970  0.8696908   29.577 0.32390
 15.0 168.0  0.4939320  0.8695005   29.599 0.32306
 15.0 170.0  0.4941876  0.8693553   29.616 0.32222
 15.0 172.0  0.4943603  0.8692571   29.628 0.32138
 15.0 174.0  0.4944467  0.8692079   29.633 0.32055
 15.0 176.0  0.4944442  0.8692094   29.633 0.31972
 15.0 178.0  0.4943501  0.8692629   29.627 0.31890
 15.0 180.0  0.4941621  0.8693698   29.615 0.31809
 15.0 182.0  0.4938786  0.8695309   29.596 0.31729
 15.0 184.0  0.4934980  0.8697469   29.571 0.31649
 15.0 186.0  0.4930193  0.8700184   29.539 0.31571
 15.0 188.0  0.4924420  0.8703453   29.501 0.31494
 15.0 190.0  0.4917657  0.8707276   29.457 0.31418
 15.0 192.0  0.4909907  0.8711648   29.406 0.31344
 15.0 194.0  0.4901262  0.8716515   29.349 0.31270
 15.0 196.0  0.4891585  0.8721949   29.285 0.31199
 15.0 198.0  0.4880957  0.8727901   29.215 0.31128
 15.0 200.0  0.4869396  0.8734357   29.140 0.31059
 15.0 202.0  0.4856926  0.8741297   29.058 0.30991
 15.0 204.0  0.4843576  0.8748701   28.970 0.30924
 15.0 206.0  0.4829377  0.8756547   28.877 0.30859
 15.0 208.0  0.4814365  0.8764810   28.779 0.30794
 15.0 210.0  0.4798580  0.8773461   28.676 0.30731
 15.0 212.0  0.4782066  0.8782473   28.568 0.30669
 15.0 214.0  0.4764870  0.8791815   28.456 0.30608
 15.0 216.0  0.4747040  0.8801455   28.340 0.30547
 15.0 218.0  0.4728631  0.8811359   28.220 0.30488
 15.0 220.0  0.4709697  0.8821494   28.097 0.30429
 15.0 222.0  0.4690296  0.8831825   27.971 0.30371
 15.0 224.0  0.4670487  0.8842316   27.843 0.30313
 15.0 226.0  0.4650331  0.8852933   27.712 0.30256
 15.0 228.0  0.4629891  0.8863640   27.580 0.30199
 15.0 230.0  0.4609230  0.8874401   27.447 0.30142
 15.0 232.0  0.4588411  0.8885184   27.312 0.30086
 15.0 234.0  0.4567497  0.8895953   27.178 0.30030
 15.0 236.0  0.4546551  0.8906676   27.043 0.29973
 15.0 238.0  0.4525637  0.8917321   26.908 0.29917
 15.0 240.0  0.4504814  0.8927858   26.775 0.29861
 15.0 242.0  0.4484144  0.8938258   26.642 0.29804
 15.0 244.0  0.4463683  0.8948493   26.511 0.29747
 15.0 246.0  0.4443489  0.8958538   26.382 0.29690
 15.0 248.0  0.4423613  0.8968369   26.255 0.29633
 15.0 250.0  0.4404107  0.8977964   26.130 0.29575
 15.0 252.0  0.4385019  0.8987302   26.008 0.29517
 15.0 254.0  0.4366394  0.8996366   25.890 0.29459
 15.0 256.0  0.4348272  0.9005139   25.774 0.29400
 15.0 258.0  0.4330692  0.9013607   25.662 0.29341
 15.0 260.0  0.4313756  0.9021724   25.555 0.29281
 15.0 262.0  0.4297339  0.9029556   25.451 0.29221
 15.0 264.0  0.4281559  0.9037049   25.351 0.29161
 15.0 266.0  0.4266440  0.9044197   25.255 0.29101
 15.0 268.0  0.4252000  0.9050994   25.163 0.29040
 15.0 270.0  0.4238258  0.9057437   25.076 0.28979
 15.0 272.0  0.4225223  0.9063525   24.994 0.28918
 15.0 274.0  0.4212898  0.9069261   24.916 0.28857
 15.0 276.0  0.4201321  0.9074630   24.843 0.28797
 15.0 278.0  0.4190463  0.9079649   24.774 0.28736
 15.0 280.0  0.4180336  0.9084316   24.711 0.28676
 15.0 282.0  0.4170939  0.9088634   24.651 0.28616
 15.0 284.0  0.4162269  0.9092608   24.597 0.28557
 15.0 286.0  0.4154321  0.9096242   24.547 0.28499
 15.0 288.0  0.4147089  0.9099541   24.501 0.28441
 15.0 290.0  0.4140566  0.9102512   24.460 0.28385
 15.0 292.0  0.4134658  0.9105197   24.423 0.28330
 15.0 294.0  0.4129506  0.9107534   24.390 0.28277
 15.0 296.0  0.4125034  0.9109561   24.362 0.28226
 15.0 298.0  0.4121229  0.9111282   24.338 0.28176
 15.0 300.0  0.4118084  0.9112705   24.318 0.28129
 15.0 302.0  0.4115586  0.9113833   24.303 0.28084
 15.0 304.0  0.4113726  0.9114673   24.291 0.28042
 15.0 306.0  0.4112495  0.9115228   24.283 0.28003
 15.0 308.0  0.4111883  0.9115504   24.280 0.27967
 15.0 310.0  0.4111881  0.9115505   24.279 0.27935
 15.0 312.0  0.4112480  0.9115235   24.283 0.27907
 15.0 314.0  0.4113673  0.9114697   24.291 0.27882
 15.0 316.0  0.4115452  0.9113893   24.302 0.27862
 15.0 318.0  0.4117810  0.9112828   24.317 0.27846
 15.0 320.0  0.4120739  0.9111504   24.335 0.27836
 15.0 322.0  0.4124233  0.9109923   24.357 0.27830
 15.0 324.0  0.4128284  0.9108088   24.383 0.27829
 15.0 326.0  0.4132885  0.9106002   24.412 0.27834
 15.0 328.0  0.4138027  0.9103666   24.444 0.27845
 15.0 330.0  0.4143703  0.9101084   24.480 0.27861
 15.0 332.0  0.4149902  0.9098259   24.519 0.27883
 15.0 334.0  0.4156615  0.9095194   24.561 0.27912
 15.0 336.0  0.4163829  0.9091894   24.606 0.27947
 15.0 338.0  0.4171530  0.9088363   24.655 0.27988
 15.0 340.0  0.4179627  0.9084642   24.706 0.28036
 15.0 342.0  0.4188274  0.9080658   24.761 0.28090
 15.0 344.0  0.4197358  0.9076463   24.818 0.28151
 15.0 346.0  0.4206857  0.9072064   24.878 0.28219
 15.0 348.0  0.4216750  0.9067470   24.940 0.28293
 15.0 350.0  0.4227012  0.9062691   25.005 0.28374
 15.0 352.0  0.4237616  0.9057738   25.072 0.28461
 15.0 354.0  0.4248535  0.9052621   25.141 0.28554
 15.0 356.0  0.4259739  0.9047354   25.212 0.28654
 15.0 358.0  0.4271195  0.9041952   25.285 0.28760
 15.0 360.0  0.4282872  0.9036427   25.359 0.28872
