  3.0   0.0  0.5162804  0.8564196   31.083 0.30018
  3.0   2.0  0.5162247  0.8564532   31.079 0.30021
  3.0   4.0  0.5161616  0.8564912   31.075 0.30023
  3.0   6.0  0.5160913  0.8565336   31.070 0.30026
  3.0   8.0  0.5160136  0.8565804   31.065 0.30029
  3.0  10.0  0.5159287  0.8566315   31.060 0.30032
  3.0  12.0  0.5158365  0.8566871   31.053 0.30035
  3.0  14.0  0.5157367  0.8567472   31.047 0.30038
  3.0  16.0  0.5156300  0.8568114   31.040 0.30041
  3.0  18.0  0.5155162  0.8568798   31.032 0.30044
  3.0  20.0  0.5153955  0.8569524   31.024 0.30047
  3.0  22.0  0.5152679  0.8570291   31.015 0.30049
  3.0  24.0  0.5151336  0.8571099   31.006 0.30052
  3.0  26.0  0.5149927  0.8571946   30.997 0.30055
  3.0  28.0  0.5148454  0.8572830   30.987 0.30058
  3.0  30.0  0.5146918  0.8573752   30.977 0.30060
  3.0  32.0  0.5145323  0.8574710   30.966 0.30063
  3.0  34.0  0.5143668  0.8575703   30.955 0.30065
  3.0  36.0  0.5141958  0.8576728   30.944 0.30067
  3.0  38.0  0.5140195  0.8577785   30.932 0.30069
  3.0  40.0  0.5138381  0.8578872   30.920 0.30071
  3.0  42.0  0.5136518  0.8579987   30.907 0.30073
  3.0  44.0  0.5134610  0.8581129   30.895 0.30074
  3.0  46.0  0.5132660  0.8582296   30.882 0.30076
  3.0  48.0  0.5130737  0.8583446   30.869 0.30077
  3.0  50.0  0.5128711  0.8584656   30.855 0.30078
  3.0  52.0  0.5126654  0.8585885   30.842 0.30079
  3.0  54.0  0.5124566  0.8587131   30.828 0.30080
  3.0  56.0  0.5122454  0.8588391   30.814 0.30080
  3.0  58.0  0.5120319  0.8589664   30.799 0.30081
  3.0  60.0  0.5118166  0.8590947   30.785 0.30081
  3.0  62.0  0.5115999  0.8592238   30.770 0.30081
  3.0  64.0  0.5113821  0.8593535   30.756 0.30081
  3.0  66.0  0.5111636  0.8594834   30.741 0.30080
  3.0  68.0  0.5109448  0.8596135   30.727 0.30079
  3.0  70.0  0.5107261  0.8597435   30.712 0.30079
  3.0  72.0  0.5105079  0.8598731   30.698 0.30078
  3.0  74.0  0.5102905  0.8600021   30.683 0.30077
  3.0  76.0  0.5100744  0.8601303   30.669 0.30075
  3.0  78.0  0.5098599  0.8602574   30.655 0.30074
  3.0  80.0  0.5096471  0.8603835   30.640 0.30072
  3.0  82.0  0.5094372  0.8605078   30.626 0.30070
  3.0  84.0  0.5092300  0.8606304   30.613 0.30068
  3.0  86.0  0.5090260  0.8607511   30.599 0.30066
  3.0  88.0  0.5088255  0.8608697   30.586 0.30064
  3.0  90.0  0.5086287  0.8609859   30.573 0.30062
  3.0  92.0  0.5084362  0.8610997   30.560 0.30060
  3.0  94.0  0.5082481  0.8612107   30.547 0.30057
  3.0  96.0  0.5080650  0.8613187   30.535 0.30055
  3.0  98.0  0.5078869  0.8614237   30.523 0.30052
  3.0 100.0  0.5077143  0.8615255   30.512 0.30050
  3.0 102.0  0.5075474  0.8616238   30.501 0.30047
  3.0 104.0  0.5073865  0.8617186   30.490 0.30045
  3.0 106.0  0.5072318  0.8618097   30.480 0.30042
  3.0 108.0  0.5070835  0.8618969   30.470 0.30039
  3.0 110.0  0.5069424  0.8619799   30.460 0.30037
  3.0 112.0  0.5068078  0.8620591   30.451 0.30034
  3.0 114.0  0.5066804  0.8621340   30.443 0.30032
  3.0 116.0  0.5065601  0.8622046   30.435 0.30029
  3.0 118.0  0.5064473  0.8622709   30.427 0.30027
  3.0 120.0  0.5063420  0.8623327   30.420 0.30025
  3.0 122.0  0.5062444  0.8623901   30.414 0.30022
  3.0 124.0  0.5061545  0.8624428   30.408 0.30020
  3.0 126.0  0.5060725  0.8624910   30.403 0.30018
  3.0 128.0  0.5059983  0.8625345   30.398 0.30016
  3.0 130.0  0.5059321  0.8625733   30.393 0.30015
  3.0 132.0  0.5058739  0.8626075   30.389 0.30013
  3.0 134.0  0.5058236  0.8626370   30.386 0.30012
  3.0 136.0  0.5057762  0.8626647   30.383 0.30010
  3.0 138.0  0.5057418  0.8626849   30.381 0.30009
  3.0 140.0  0.5057153  0.8627004   30.379 0.30008
  3.0 142.0  0.5056967  0.8627114   30.378 0.30007
  3.0 144.0  0.5056858  0.8627177   30.377 0.30007
  3.0 146.0  0.5056825  0.8627196   30.377 0.30006
  3.0 148.0  0.5056869  0.8627171   30.377 0.30006
  3.0 150.0  0.5056987  0.8627102   30.378 0.30006
  3.0 152.0  0.5057178  0.8626989   30.379 0.30006
  3.0 154.0  0.5057442  0.8626835   30.381 0.30006
  3.0 156.0  0.5057775  0.8626640   30.383 0.30007
  3.0 158.0  0.5058177  0.8626404   30.386 0.30007
  3.0 160.0  0.5058647  0.8626129   30.389 0.30008
  3.0 162.0  0.5059181  0.8625815   30.392 0.30009
  3.0 164.0  0.5059782  0.8625463   30.396 0.30010
  3.0 166.0  0.5060440  0.8625076   30.401 0.30012
  3.0 168.0  0.5061158  0.8624655   30.405 0.30013
  3.0 170.0  0.5061933  0.8624201   30.411 0.30015
  3.0 172.0  0.5062763  0.8623713   30.416 0.30016
  3.0 174.0  0.5063646  0.8623195   30.422 0.30018
  3.0 176.0  0.5064581  0.8622646   30.428 0.30020
  3.0 178.0  0.5065564  0.8622068   30.435 0.30022
  3.0 180.0  0.5066592  0.8621464   30.442 0.30024
  3.0 182.0  0.5067665  0.8620833   30.449 0.30027
  3.0 184.0  0.5068781  0.8620178   30.456 0.30029
  3.0 186.0  0.5069935  0.8619499   30.464 0.30031
  3.0 188.0  0.5071127  0.8618797   30.472 0.30034
  3.0 190.0  0.5072355  0.8618075   30.480 0.30036
  3.0 192.0  0.5073615  0.8617333   30.488 0.30039
  3.0 194.0  0.5074902  0.8616575   30.497 0.30042
  3.0 196.0  0.5076222  0.8615798   30.506 0.30044
  3.0 198.0  0.5077567  0.8615005   30.515 0.30047
  3.0 200.0  0.5078938  0.8614197   30.524 0.30049
  3.0 202.0  0.5080331  0.8613375   30.533 0.30052
  3.0 204.0  0.5081745  0.8612541   30.542 0.30054
  3.0 206.0  0.5083178  0.8611695   30.552 0.30057
  3.0 208.0  0.5084629  0.8610839   30.561 0.30059
  3.0 210.0  0.5086095  0.8609973   30.571 0.30061
  3.0 212.0  0.5087574  0.8609099   30.581 0.30063
  3.0 214.0  0.5089067  0.8608217   30.591 0.30065
  3.0 216.0  0.5090570  0.8607328   30.601 0.30067
  3.0 218.0  0.5092082  0.8606434   30.611 0.30069
  3.0 220.0  0.5093603  0.8605534   30.621 0.30071
  3.0 222.0  0.5095130  0.8604629   30.631 0.30072
  3.0 224.0  0.5096722  0.8603687   30.642 0.30074
  3.0 226.0  0.5098260  0.8602776   30.652 0.30075
  3.0 228.0  0.5099800  0.8601862   30.662 0.30076
  3.0 230.0  0.5101343  0.8600948   30.673 0.30077
  3.0 232.0  0.5102887  0.8600032   30.683 0.30077
  3.0 234.0  0.5104432  0.8599115   30.693 0.30078
  3.0 236.0  0.5105975  0.8598198   30.704 0.30078
  3.0 238.0  0.5107518  0.8597282   30.714 0.30078
  3.0 240.0  0.5109058  0.8596367   30.724 0.30078
  3.0 242.0  0.5110595  0.8595454   30.734 0.30078
  3.0 244.0  0.5112128  0.8594542   30.745 0.30077
  3.0 246.0  0.5113657  0.8593632   30.755 0.30077
  3.0 248.0  0.5115180  0.8592726   30.765 0.30076
  3.0 250.0  0.5116698  0.8591822   30.775 0.30075
  3.0 252.0  0.5118209  0.8590922   30.785 0.30074
  3.0 254.0  0.5119714  0.8590025   30.795 0.30072
  3.0 256.0  0.5121207  0.8589135   30.805 0.30071
  3.0 258.0  0.5122696  0.8588247   30.815 0.30069
  3.0 260.0  0.5124176  0.8587364   30.825 0.30067
  3.0 262.0  0.5125646  0.8586487   30.835 0.30065
  3.0 264.0  0.5127105  0.8585615   30.845 0.30063
  3.0 266.0  0.5128554  0.8584750   30.854 0.30061
  3.0 268.0  0.5129990  0.8583892   30.864 0.30058
  3.0 270.0  0.5131373  0.8583065   30.873 0.30056
  3.0 272.0  0.5132825  0.8582197   30.883 0.30053
  3.0 274.0  0.5134221  0.8581362   30.892 0.30050
  3.0 276.0  0.5135603  0.8580535   30.901 0.30048
  3.0 278.0  0.5136968  0.8579718   30.910 0.30045
  3.0 280.0  0.5138317  0.8578910   30.919 0.30042
  3.0 282.0  0.5139648  0.8578113   30.928 0.30039
  3.0 284.0  0.5140964  0.8577324   30.937 0.30036
  3.0 286.0  0.5142257  0.8576549   30.946 0.30033
  3.0 288.0  0.5143529  0.8575786   30.954 0.30030
  3.0 290.0  0.5144780  0.8575036   30.963 0.30028
  3.0 292.0  0.5146007  0.8574300   30.971 0.30025
  3.0 294.0  0.5147209  0.8573578   30.979 0.30022
  3.0 296.0  0.5148386  0.8572871   30.987 0.30019
  3.0 298.0  0.5149535  0.8572181   30.994 0.30017
  3.0 300.0  0.5150656  0.8571508   31.002 0.30014
  3.0 302.0  0.5151747  0.8570852   31.009 0.30012
  3.0 304.0  0.5152806  0.8570215   31.016 0.30010
  3.0 306.0  0.5153832  0.8569599   31.023 0.30008
  3.0 308.0  0.5154822  0.8569003   31.030 0.30006
  3.0 310.0  0.5155777  0.8568428   31.036 0.30004
  3.0 312.0  0.5156693  0.8567877   31.042 0.30002
  3.0 314.0  0.5157510  0.8567385   31.048 0.30000
  3.0 316.0  0.5158345  0.8566883   31.053 0.29999
  3.0 318.0  0.5159137  0.8566406   31.059 0.29998
  3.0 320.0  0.5159883  0.8565956   31.064 0.29997
  3.0 322.0  0.5160582  0.8565535   31.068 0.29996
  3.0 324.0  0.5161233  0.8565143   31.073 0.29996
  3.0 326.0  0.5161834  0.8564781   31.077 0.29995
  3.0 328.0  0.5162382  0.8564450   31.080 0.29995
  3.0 330.0  0.5162877  0.8564152   31.084 0.29995
  3.0 332.0  0.5163316  0.8563888   31.087 0.29995
  3.0 334.0  0.5163698  0.8563657   31.089 0.29996
  3.0 336.0  0.5164021  0.8563463   31.091 0.29997
  3.0 338.0  0.5164283  0.8563304   31.093 0.29997
  3.0 340.0  0.5164484  0.8563183   31.094 0.29998
  3.0 342.0  0.5164621  0.8563101   31.095 0.30000
  3.0 344.0  0.5164697  0.8563055   31.096 0.30001
  3.0 346.0  0.5164702  0.8563051   31.096 0.30003
  3.0 348.0  0.5164641  0.8563089   31.095 0.30004
  3.0 350.0  0.5164511  0.8563167   31.094 0.30006
  3.0 352.0  0.5164311  0.8563287   31.093 0.30008
  3.0 354.0  0.5164042  0.8563450   31.091 0.30011
  3.0 356.0  0.5163701  0.8563655   31.089 0.30013
  3.0 358.0  0.5163313  0.8563889   31.086 0.30015
  3.0 360.0  0.5162804  0.8564196   31.083 0.30018
  5.0   0.0  0.5192497  0.8546226   31.282 0.30015
  5.0   2.0  0.5191861  0.8546612   31.278 0.30023
  5.0   4.0  0.5191085  0.8547083   31.272 0.30030
  5.0   6.0  0.5190170  0.8547639   31.266 0.30038
  5.0   8.0  0.5189109  0.8548283   31.259 0.30046
  5.0  10.0  0.5187909  0.8549012   31.251 0.30054
  5.0  12.0  0.5186566  0.8549827   31.242 0.30062
  5.0  14.0  0.5185079  0.8550728   31.232 0.30070
  5.0  16.0  0.5183450  0.8551716   31.221 0.30078
  5.0  18.0  0.5181679  0.8552789   31.209 0.30086
  5.0  20.0  0.5179766  0.8553948   31.197 0.30094
  5.0  22.0  0.5177714  0.8555190   31.183 0.30102
  5.0  24.0  0.5175524  0.8556515   31.168 0.30109
  5.0  26.0  0.5173199  0.8557921   31.153 0.30117
  5.0  28.0  0.5170740  0.8559407   31.136 0.30124
  5.0  30.0  0.5168152  0.8560970   31.119 0.30131
  5.0  32.0  0.5165438  0.8562608   31.101 0.30137
  5.0  34.0  0.5162601  0.8564319   31.082 0.30144
  5.0  36.0  0.5159646  0.8566099   31.062 0.30150
  5.0  38.0  0.5156578  0.8567947   31.041 0.30155
  5.0  40.0  0.5153401  0.8569858   31.020 0.30160
  5.0  42.0  0.5150198  0.8571783   30.999 0.30165
  5.0  44.0  0.5146826  0.8573808   30.976 0.30169
  5.0  46.0  0.5143363  0.8575886   30.953 0.30173
  5.0  48.0  0.5139815  0.8578013   30.929 0.30176
  5.0  50.0  0.5136188  0.8580185   30.905 0.30179
  5.0  52.0  0.5132490  0.8582397   30.880 0.30182
  5.0  54.0  0.5128796  0.8584605   30.856 0.30183
  5.0  56.0  0.5124970  0.8586890   30.830 0.30185
  5.0  58.0  0.5121095  0.8589201   30.804 0.30185
  5.0  60.0  0.5117179  0.8591535   30.778 0.30185
  5.0  62.0  0.5113229  0.8593887   30.752 0.30185
  5.0  64.0  0.5109253  0.8596251   30.725 0.30184
  5.0  66.0  0.5105259  0.8598624   30.699 0.30183
  5.0  68.0  0.5101257  0.8600999   30.672 0.30181
  5.0  70.0  0.5097253  0.8603372   30.646 0.30178
  5.0  72.0  0.5093257  0.8605738   30.619 0.30176
  5.0  74.0  0.5089277  0.8608093   30.592 0.30172
  5.0  76.0  0.5085320  0.8610431   30.566 0.30168
  5.0  78.0  0.5081396  0.8612747   30.540 0.30164
  5.0  80.0  0.5077513  0.8615037   30.514 0.30160
  5.0  82.0  0.5073678  0.8617296   30.489 0.30155
  5.0  84.0  0.5069899  0.8619520   30.464 0.30149
  5.0  86.0  0.5066182  0.8621705   30.439 0.30144
  5.0  88.0  0.5062540  0.8623844   30.415 0.30138
  5.0  90.0  0.5058977  0.8625935   30.391 0.30132
  5.0  92.0  0.5055500  0.8627973   30.368 0.30125
  5.0  94.0  0.5052115  0.8629955   30.345 0.30119
  5.0  96.0  0.5048830  0.8631878   30.324 0.30112
  5.0  98.0  0.5045651  0.8633737   30.302 0.30105
  5.0 100.0  0.5042583  0.8635529   30.282 0.30098
  5.0 102.0  0.5039636  0.8637249   30.263 0.30091
  5.0 104.0  0.5036810  0.8638897   30.244 0.30084
  5.0 106.0  0.5034112  0.8640470   30.226 0.30076
  5.0 108.0  0.5031546  0.8641964   30.209 0.30069
  5.0 110.0  0.5029117  0.8643378   30.193 0.30062
  5.0 112.0  0.5026829  0.8644709   30.178 0.30055
  5.0 114.0  0.5024684  0.8645956   30.163 0.30049
  5.0 116.0  0.5022687  0.8647116   30.150 0.30042
  5.0 118.0  0.5020838  0.8648190   30.138 0.30035
  5.0 120.0  0.5019142  0.8649174   30.127 0.30029
  5.0 122.0  0.5017598  0.8650070   30.116 0.30023
  5.0 124.0  0.5016209  0.8650876   30.107 0.30018
  5.0 126.0  0.5014975  0.8651591   30.099 0.30012
  5.0 128.0  0.5013897  0.8652216   30.092 0.30007
  5.0 130.0  0.5012974  0.8652751   30.086 0.30002
  5.0 132.0  0.5012207  0.8653195   30.081 0.29998
  5.0 134.0  0.5011594  0.8653550   30.077 0.29994
  5.0 136.0  0.5010993  0.8653898   30.073 0.29991
  5.0 138.0  0.5010685  0.8654076   30.071 0.29988
  5.0 140.0  0.5010526  0.8654168   30.070 0.29985
  5.0 142.0  0.5010515  0.8654175   30.070 0.29983
  5.0 144.0  0.5010648  0.8654098   30.070 0.29981
  5.0 146.0  0.5010922  0.8653939   30.072 0.29980
  5.0 148.0  0.5011335  0.8653700   30.075 0.29979
  5.0 150.0  0.5011882  0.8653383   30.079 0.29979
  5.0 152.0  0.5012560  0.8652990   30.083 0.29979
  5.0 154.0  0.5013364  0.8652524   30.088 0.29980
  5.0 156.0  0.5014291  0.8651987   30.095 0.29981
  5.0 158.0  0.5015335  0.8651382   30.102 0.29982
  5.0 160.0  0.5016492  0.8650711   30.109 0.29984
  5.0 162.0  0.5017757  0.8649978   30.118 0.29987
  5.0 164.0  0.5019125  0.8649184   30.127 0.29990
  5.0 166.0  0.5020591  0.8648333   30.136 0.29993
  5.0 168.0  0.5022149  0.8647428   30.147 0.29997
  5.0 170.0  0.5023798  0.8646471   30.158 0.30002
  5.0 172.0  0.5025524  0.8645467   30.169 0.30006
  5.0 174.0  0.5027328  0.8644419   30.181 0.30011
  5.0 176.0  0.5029203  0.8643328   30.193 0.30017
  5.0 178.0  0.5031144  0.8642198   30.206 0.30022
  5.0 180.0  0.5033146  0.8641032   30.220 0.30028
  5.0 182.0  0.5035205  0.8639833   30.233 0.30035
  5.0 184.0  0.5037314  0.8638604   30.247 0.30041
  5.0 186.0  0.5039469  0.8637347   30.261 0.30048
  5.0 188.0  0.5041660  0.8636068   30.276 0.30055
  5.0 190.0  0.5043890  0.8634765   30.291 0.30062
  5.0 192.0  0.5046152  0.8633444   30.306 0.30069
  5.0 194.0  0.5048441  0.8632106   30.321 0.30076
  5.0 196.0  0.5050752  0.8630753   30.336 0.30083
  5.0 198.0  0.5053083  0.8629389   30.352 0.30090
  5.0 200.0  0.5055429  0.8628015   30.367 0.30097
  5.0 202.0  0.5057787  0.8626633   30.383 0.30104
  5.0 204.0  0.5060152  0.8625245   30.399 0.30111
  5.0 206.0  0.5062524  0.8623854   30.415 0.30118
  5.0 208.0  0.5064897  0.8622460   30.430 0.30125
  5.0 210.0  0.5067271  0.8621065   30.446 0.30131
  5.0 212.0  0.5069642  0.8619671   30.462 0.30137
  5.0 214.0  0.5072009  0.8618279   30.478 0.30143
  5.0 216.0  0.5074369  0.8616889   30.493 0.30149
  5.0 218.0  0.5076720  0.8615504   30.509 0.30154
  5.0 220.0  0.5079063  0.8614123   30.524 0.30159
  5.0 222.0  0.5081471  0.8612703   30.540 0.30163
  5.0 224.0  0.5083796  0.8611331   30.556 0.30168
  5.0 226.0  0.5086109  0.8609965   30.571 0.30171
  5.0 228.0  0.5088408  0.8608606   30.587 0.30174
  5.0 230.0  0.5090762  0.8607214   30.602 0.30177
  5.0 232.0  0.5093028  0.8605874   30.617 0.30179
  5.0 234.0  0.5095280  0.8604541   30.632 0.30181
  5.0 236.0  0.5097518  0.8603215   30.647 0.30182
  5.0 238.0  0.5099741  0.8601897   30.662 0.30182
  5.0 240.0  0.5101952  0.8600587   30.677 0.30182
  5.0 242.0  0.5104148  0.8599283   30.691 0.30182
  5.0 244.0  0.5106332  0.8597986   30.706 0.30181
  5.0 246.0  0.5108504  0.8596696   30.720 0.30179
  5.0 248.0  0.5110664  0.8595412   30.735 0.30177
  5.0 250.0  0.5112813  0.8594134   30.749 0.30174
  5.0 252.0  0.5114952  0.8592862   30.763 0.30171
  5.0 254.0  0.5117080  0.8591594   30.778 0.30168
  5.0 256.0  0.5119200  0.8590331   30.792 0.30163
  5.0 258.0  0.5121311  0.8589073   30.806 0.30159
  5.0 260.0  0.5123415  0.8587818   30.820 0.30154
  5.0 262.0  0.5125507  0.8586570   30.834 0.30148
  5.0 264.0  0.5127597  0.8585321   30.848 0.30142
  5.0 266.0  0.5129681  0.8584077   30.862 0.30136
  5.0 268.0  0.5131758  0.8582835   30.876 0.30129
  5.0 270.0  0.5133797  0.8581616   30.889 0.30122
  5.0 272.0  0.5135893  0.8580361   30.903 0.30115
  5.0 274.0  0.5137951  0.8579129   30.917 0.30108
  5.0 276.0  0.5140002  0.8577901   30.931 0.30100
  5.0 278.0  0.5142046  0.8576675   30.944 0.30092
  5.0 280.0  0.5144088  0.8575451   30.958 0.30084
  5.0 282.0  0.5146119  0.8574233   30.972 0.30076
  5.0 284.0  0.5148141  0.8573019   30.985 0.30068
  5.0 286.0  0.5150153  0.8571810   30.998 0.30060
  5.0 288.0  0.5152155  0.8570607   31.012 0.30052
  5.0 290.0  0.5154144  0.8569411   31.025 0.30044
  5.0 292.0  0.5156120  0.8568222   31.038 0.30037
  5.0 294.0  0.5158080  0.8567042   31.051 0.30029
  5.0 296.0  0.5160022  0.8565873   31.064 0.30021
  5.0 298.0  0.5161944  0.8564715   31.077 0.30014
  5.0 300.0  0.5163844  0.8563569   31.090 0.30007
  5.0 302.0  0.5165719  0.8562438   31.103 0.30001
  5.0 304.0  0.5167566  0.8561324   31.115 0.29994
  5.0 306.0  0.5169383  0.8560227   31.127 0.29988
  5.0 308.0  0.5171165  0.8559150   31.139 0.29983
  5.0 310.0  0.5172911  0.8558095   31.151 0.29977
  5.0 312.0  0.5174541  0.8557110   31.162 0.29973
  5.0 314.0  0.5176196  0.8556109   31.173 0.29968
  5.0 316.0  0.5177802  0.8555137   31.183 0.29965
  5.0 318.0  0.5179289  0.8554237   31.193 0.29961
  5.0 320.0  0.5180792  0.8553326   31.203 0.29959
  5.0 322.0  0.5182236  0.8552452   31.213 0.29957
  5.0 324.0  0.5183615  0.8551616   31.222 0.29955
  5.0 326.0  0.5184925  0.8550822   31.231 0.29954
  5.0 328.0  0.5186162  0.8550071   31.239 0.29953
  5.0 330.0  0.5187321  0.8549368   31.247 0.29953
  5.0 332.0  0.5188399  0.8548715   31.254 0.29954
  5.0 334.0  0.5189389  0.8548113   31.261 0.29955
  5.0 336.0  0.5190289  0.8547567   31.267 0.29957
  5.0 338.0  0.5191093  0.8547079   31.273 0.29959
  5.0 340.0  0.5191797  0.8546651   31.277 0.29962
  5.0 342.0  0.5192398  0.8546286   31.281 0.29965
  5.0 344.0  0.5192890  0.8545987   31.285 0.29969
  5.0 346.0  0.5193270  0.8545756   31.287 0.29974
  5.0 348.0  0.5193535  0.8545595   31.289 0.29978
  5.0 350.0  0.5193683  0.8545505   31.290 0.29984
  5.0 352.0  0.5193704  0.8545492   31.290 0.29989
  5.0 354.0  0.5193598  0.8545557   31.289 0.29995
  5.0 356.0  0.5193364  0.8545699   31.288 0.30002
  5.0 358.0  0.5193037  0.8545898   31.286 0.30008
  5.0 360.0  0.5192497  0.8546226   31.282 0.30015
  7.0   0.0  0.5220824  0.8528951   31.472 0.30011
  7.0   2.0  0.5220338  0.8529248   31.469 0.30025
  7.0   4.0  0.5219634  0.8529679   31.464 0.30040
  7.0   6.0  0.5218703  0.8530249   31.458 0.30055
  7.0   8.0  0.5217549  0.8530955   31.450 0.30070
  7.0  10.0  0.5216166  0.8531800   31.441 0.30086
  7.0  12.0  0.5214552  0.8532787   31.430 0.30101
  7.0  14.0  0.5212705  0.8533915   31.418 0.30117
  7.0  16.0  0.5210626  0.8535185   31.404 0.30133
  7.0  18.0  0.5208313  0.8536597   31.388 0.30148
  7.0  20.0  0.5205767  0.8538149   31.371 0.30164
  7.0  22.0  0.5202990  0.8539842   31.352 0.30179
  7.0  24.0  0.5199984  0.8541672   31.332 0.30194
  7.0  26.0  0.5196752  0.8543639   31.310 0.30208
  7.0  28.0  0.5193377  0.8545691   31.288 0.30222
  7.0  30.0  0.5189715  0.8547916   31.263 0.30236
  7.0  32.0  0.5185840  0.8550267   31.237 0.30248
  7.0  34.0  0.5181760  0.8552740   31.210 0.30261
  7.0  36.0  0.5177480  0.8555332   31.181 0.30272
  7.0  38.0  0.5173007  0.8558037   31.151 0.30283
  7.0  40.0  0.5168351  0.8560850   31.120 0.30293
  7.0  42.0  0.5163519  0.8563765   31.088 0.30302
  7.0  44.0  0.5158520  0.8566777   31.054 0.30310
  7.0  46.0  0.5153366  0.8569879   31.020 0.30317
  7.0  48.0  0.5148066  0.8573064   30.985 0.30324
  7.0  50.0  0.5142630  0.8576325   30.948 0.30329
  7.0  52.0  0.5137072  0.8579656   30.911 0.30333
  7.0  54.0  0.5131403  0.8583048   30.873 0.30336
  7.0  56.0  0.5125635  0.8586494   30.835 0.30339
  7.0  58.0  0.5119780  0.8589985   30.796 0.30340
  7.0  60.0  0.5113853  0.8593515   30.756 0.30340
  7.0  62.0  0.5107867  0.8597075   30.716 0.30339
  7.0  64.0  0.5101835  0.8600656   30.676 0.30337
  7.0  66.0  0.5095838  0.8604210   30.636 0.30334
  7.0  68.0  0.5089747  0.8607815   30.596 0.30330
  7.0  70.0  0.5083652  0.8611416   30.555 0.30326
  7.0  72.0  0.5077569  0.8615004   30.515 0.30320
  7.0  74.0  0.5071510  0.8618572   30.474 0.30313
  7.0  76.0  0.5065491  0.8622111   30.434 0.30306
  7.0  78.0  0.5059525  0.8625614   30.395 0.30298
  7.0  80.0  0.5053626  0.8629071   30.355 0.30289
  7.0  82.0  0.5047808  0.8632476   30.317 0.30279
  7.0  84.0  0.5042084  0.8635820   30.279 0.30269
  7.0  86.0  0.5036467  0.8639097   30.242 0.30258
  7.0  88.0  0.5030968  0.8642300   30.205 0.30246
  7.0  90.0  0.5025606  0.8645420   30.170 0.30234
  7.0  92.0  0.5020387  0.8648452   30.135 0.30222
  7.0  94.0  0.5015322  0.8651390   30.101 0.30209
  7.0  96.0  0.5010424  0.8654227   30.069 0.30196
  7.0  98.0  0.5005702  0.8656959   30.038 0.30183
  7.0 100.0  0.5001172  0.8659577   30.008 0.30169
  7.0 102.0  0.4996835  0.8662081   29.979 0.30156
  7.0 104.0  0.4992703  0.8664463   29.952 0.30142
  7.0 106.0  0.4988783  0.8666720   29.926 0.30129
  7.0 108.0  0.4985084  0.8668849   29.901 0.30115
  7.0 110.0  0.4981611  0.8670845   29.878 0.30102
  7.0 112.0  0.4978370  0.8672706   29.857 0.30088
  7.0 114.0  0.4975367  0.8674430   29.837 0.30076
  7.0 116.0  0.4972604  0.8676013   29.819 0.30063
  7.0 118.0  0.4970087  0.8677455   29.802 0.30051
  7.0 120.0  0.4967818  0.8678755   29.787 0.30039
  7.0 122.0  0.4965799  0.8679910   29.774 0.30028
  7.0 124.0  0.4963949  0.8680968   29.762 0.30017
  7.0 126.0  0.4962422  0.8681841   29.752 0.30006
  7.0 128.0  0.4961146  0.8682570   29.743 0.29997
  7.0 130.0  0.4960120  0.8683157   29.737 0.29988
  7.0 132.0  0.4959341  0.8683601   29.731 0.29980
  7.0 134.0  0.4958808  0.8683906   29.728 0.29972
  7.0 136.0  0.4958516  0.8684072   29.726 0.29965
  7.0 138.0  0.4958463  0.8684103   29.726 0.29959
  7.0 140.0  0.4958643  0.8684000   29.727 0.29954
  7.0 142.0  0.4959051  0.8683767   29.729 0.29950
  7.0 144.0  0.4959682  0.8683407   29.734 0.29946
  7.0 146.0  0.4960528  0.8682923   29.739 0.29944
  7.0 148.0  0.4961510  0.8682363   29.746 0.29942
  7.0 150.0  0.4962776  0.8681639   29.754 0.29942
  7.0 152.0  0.4964235  0.8680805   29.764 0.29942
  7.0 154.0  0.4965879  0.8679864   29.775 0.29943
  7.0 156.0  0.4967700  0.8678822   29.787 0.29945
  7.0 158.0  0.4969688  0.8677684   29.800 0.29948
  7.0 160.0  0.4971833  0.8676455   29.814 0.29951
  7.0 162.0  0.4974127  0.8675140   29.829 0.29956
  7.0 164.0  0.4976560  0.8673745   29.845 0.29962
  7.0 166.0  0.4979122  0.8672274   29.862 0.29968
  7.0 168.0  0.4981802  0.8670735   29.880 0.29975
  7.0 170.0  0.4984592  0.8669132   29.898 0.29983
  7.0 172.0  0.4987480  0.8667470   29.917 0.29992
  7.0 174.0  0.4990459  0.8665755   29.937 0.30001
  7.0 176.0  0.4993515  0.8663995   29.957 0.30011
  7.0 178.0  0.4996646  0.8662190   29.978 0.30022
  7.0 180.0  0.4999828  0.8660354   29.999 0.30034
  7.0 182.0  0.5003066  0.8658483   30.020 0.30045
  7.0 184.0  0.5006347  0.8656586   30.042 0.30058
  7.0 186.0  0.5009656  0.8654672   30.064 0.30071
  7.0 188.0  0.5012994  0.8652739   30.086 0.30084
  7.0 190.0  0.5016349  0.8650795   30.108 0.30097
  7.0 192.0  0.5019713  0.8648843   30.131 0.30111
  7.0 194.0  0.5023080  0.8646888   30.153 0.30125
  7.0 196.0  0.5026442  0.8644934   30.175 0.30139
  7.0 198.0  0.5029795  0.8642984   30.197 0.30153
  7.0 200.0  0.5033131  0.8641041   30.219 0.30167
  7.0 202.0  0.5036447  0.8639109   30.241 0.30180
  7.0 204.0  0.5039736  0.8637191   30.263 0.30194
  7.0 206.0  0.5042996  0.8635288   30.285 0.30208
  7.0 208.0  0.5046298  0.8633358   30.307 0.30221
  7.0 210.0  0.5049497  0.8631488   30.328 0.30233
  7.0 212.0  0.5052658  0.8629638   30.349 0.30246
  7.0 214.0  0.5055777  0.8627811   30.370 0.30258
  7.0 216.0  0.5058854  0.8626007   30.390 0.30269
  7.0 218.0  0.5061887  0.8624228   30.410 0.30279
  7.0 220.0  0.5064875  0.8622473   30.430 0.30289
  7.0 222.0  0.5067819  0.8620743   30.450 0.30298
  7.0 224.0  0.5070718  0.8619038   30.469 0.30306
  7.0 226.0  0.5073574  0.8617358   30.488 0.30314
  7.0 228.0  0.5076386  0.8615701   30.507 0.30320
  7.0 230.0  0.5079156  0.8614068   30.525 0.30326
  7.0 232.0  0.5081887  0.8612458   30.543 0.30330
  7.0 234.0  0.5084579  0.8610869   30.561 0.30334
  7.0 236.0  0.5087235  0.8609300   30.579 0.30337
  7.0 238.0  0.5089857  0.8607750   30.596 0.30338
  7.0 240.0  0.5092449  0.8606217   30.614 0.30338
  7.0 242.0  0.5095012  0.8604700   30.631 0.30338
  7.0 244.0  0.5097617  0.8603157   30.648 0.30336
  7.0 246.0  0.5100123  0.8601671   30.665 0.30333
  7.0 248.0  0.5102612  0.8600195   30.681 0.30329
  7.0 250.0  0.5105085  0.8598727   30.698 0.30324
  7.0 252.0  0.5107545  0.8597266   30.714 0.30318
  7.0 254.0  0.5109997  0.8595809   30.730 0.30311
  7.0 256.0  0.5112443  0.8594354   30.747 0.30303
  7.0 258.0  0.5114887  0.8592900   30.763 0.30295
  7.0 260.0  0.5117331  0.8591445   30.779 0.30285
  7.0 262.0  0.5119778  0.8589987   30.796 0.30274
  7.0 264.0  0.5122231  0.8588525   30.812 0.30263
  7.0 266.0  0.5124689  0.8587058   30.828 0.30250
  7.0 268.0  0.5127163  0.8585581   30.845 0.30238
  7.0 270.0  0.5129649  0.8584096   30.862 0.30224
  7.0 272.0  0.5132148  0.8582602   30.878 0.30210
  7.0 274.0  0.5134663  0.8581098   30.895 0.30196
  7.0 276.0  0.5137194  0.8579582   30.912 0.30181
  7.0 278.0  0.5139749  0.8578053   30.929 0.30165
  7.0 280.0  0.5142319  0.8576512   30.946 0.30150
  7.0 282.0  0.5144908  0.8574959   30.963 0.30134
  7.0 284.0  0.5147517  0.8573393   30.981 0.30118
  7.0 286.0  0.5150144  0.8571815   30.998 0.30103
  7.0 288.0  0.5152789  0.8570226   31.016 0.30087
  7.0 290.0  0.5155450  0.8568625   31.034 0.30071
  7.0 292.0  0.5158126  0.8567014   31.052 0.30056
  7.0 294.0  0.5160814  0.8565395   31.070 0.30041
  7.0 296.0  0.5163513  0.8563769   31.088 0.30026
  7.0 298.0  0.5166219  0.8562137   31.106 0.30012
  7.0 300.0  0.5168850  0.8560548   31.124 0.29998
  7.0 302.0  0.5171550  0.8558918   31.142 0.29985
  7.0 304.0  0.5174244  0.8557289   31.160 0.29972
  7.0 306.0  0.5176930  0.8555665   31.178 0.29960
  7.0 308.0  0.5179601  0.8554048   31.196 0.29949
  7.0 310.0  0.5182253  0.8552442   31.213 0.29939
  7.0 312.0  0.5184879  0.8550850   31.231 0.29930
  7.0 314.0  0.5187473  0.8549276   31.248 0.29921
  7.0 316.0  0.5190030  0.8547724   31.265 0.29914
  7.0 318.0  0.5192541  0.8546199   31.282 0.29907
  7.0 320.0  0.5195000  0.8544704   31.299 0.29902
  7.0 322.0  0.5197400  0.8543245   31.315 0.29898
  7.0 324.0  0.5199732  0.8541826   31.330 0.29894
  7.0 326.0  0.5201990  0.8540451   31.346 0.29892
  7.0 328.0  0.5204164  0.8539126   31.360 0.29891
  7.0 330.0  0.5206175  0.8537900   31.374 0.29891
  7.0 332.0  0.5208166  0.8536686   31.387 0.29892
  7.0 334.0  0.5210049  0.8535537   31.400 0.29894
  7.0 336.0  0.5211814  0.8534459   31.412 0.29897
  7.0 338.0  0.5213453  0.8533458   31.423 0.29902
  7.0 340.0  0.5214957  0.8532539   31.433 0.29907
  7.0 342.0  0.5216318  0.8531707   31.442 0.29914
  7.0 344.0  0.5217528  0.8530967   31.450 0.29921
  7.0 346.0  0.5218577  0.8530325   31.457 0.29930
  7.0 348.0  0.5219460  0.8529786   31.463 0.29939
  7.0 350.0  0.5220166  0.8529353   31.468 0.29949
  7.0 352.0  0.5220690  0.8529032   31.471 0.29960
  7.0 354.0  0.5221026  0.8528827   31.473 0.29972
  7.0 356.0  0.5221163  0.8528743   31.474 0.29984
  7.0 358.0  0.5221153  0.8528749   31.474 0.29997
  7.0 360.0  0.5220824  0.8528951   31.472 0.30011
  9.0   0.0  0.5247871  0.8512335   31.654 0.30004
  9.0   2.0  0.5247757  0.8512405   31.653 0.30027
  9.0   4.0  0.5247326  0.8512671   31.650 0.30051
  9.0   6.0  0.5246577  0.8513133   31.645 0.30075
  9.0   8.0  0.5245500  0.8513797   31.638 0.30101
  9.0  10.0  0.5244089  0.8514665   31.628 0.30126
  9.0  12.0  0.5242341  0.8515742   31.617 0.30152
  9.0  14.0  0.5240251  0.8517028   31.603 0.30177
  9.0  16.0  0.5237817  0.8518525   31.586 0.30203
  9.0  18.0  0.5235039  0.8520233   31.568 0.30229
  9.0  20.0  0.5231915  0.8522151   31.547 0.30254
  9.0  22.0  0.5228533  0.8524227   31.524 0.30279
  9.0  24.0  0.5224739  0.8526553   31.498 0.30304
  9.0  26.0  0.5220608  0.8529083   31.471 0.30327
  9.0  28.0  0.5216146  0.8531812   31.441 0.30350
  9.0  30.0  0.5211358  0.8534738   31.408 0.30372
  9.0  32.0  0.5206252  0.8537854   31.374 0.30394
  9.0  34.0  0.5200836  0.8541154   31.338 0.30414
  9.0  36.0  0.5195120  0.8544632   31.300 0.30433
  9.0  38.0  0.5189114  0.8548280   31.259 0.30450
  9.0  40.0  0.5182832  0.8552091   31.217 0.30466
  9.0  42.0  0.5176284  0.8556055   31.173 0.30481
  9.0  44.0  0.5169486  0.8560164   31.128 0.30495
  9.0  46.0  0.5162453  0.8564408   31.081 0.30506
  9.0  48.0  0.5155200  0.8568776   31.032 0.30516
  9.0  50.0  0.5147743  0.8573257   30.982 0.30525
  9.0  52.0  0.5140100  0.8577842   30.931 0.30532
  9.0  54.0  0.5132290  0.8582517   30.879 0.30537
  9.0  56.0  0.5124331  0.8587271   30.826 0.30541
  9.0  58.0  0.5116243  0.8592093   30.772 0.30542
  9.0  60.0  0.5108045  0.8596969   30.717 0.30543
  9.0  62.0  0.5099758  0.8601887   30.662 0.30541
  9.0  64.0  0.5091402  0.8606836   30.607 0.30538
  9.0  66.0  0.5082999  0.8611801   30.551 0.30533
  9.0  68.0  0.5074570  0.8616771   30.495 0.30526
  9.0  70.0  0.5066136  0.8621732   30.439 0.30519
  9.0  72.0  0.5057785  0.8626634   30.383 0.30509
  9.0  74.0  0.5049393  0.8631549   30.327 0.30498
  9.0  76.0  0.5041061  0.8636417   30.272 0.30486
  9.0  78.0  0.5032810  0.8641228   30.217 0.30473
  9.0  80.0  0.5024661  0.8645969   30.163 0.30458
  9.0  82.0  0.5016636  0.8650628   30.110 0.30442
  9.0  84.0  0.5008753  0.8655195   30.058 0.30425
  9.0  86.0  0.5001032  0.8659658   30.007 0.30408
  9.0  88.0  0.4993489  0.8664010   29.957 0.30389
  9.0  90.0  0.4986152  0.8668234   29.908 0.30370
  9.0  92.0  0.4979031  0.8672326   29.861 0.30350
  9.0  94.0  0.4972144  0.8676277   29.816 0.30329
  9.0  96.0  0.4965505  0.8680078   29.772 0.30308
  9.0  98.0  0.4959136  0.8683719   29.730 0.30287
  9.0 100.0  0.4953044  0.8687195   29.690 0.30265
  9.0 102.0  0.4947247  0.8690498   29.652 0.30244
  9.0 104.0  0.4941754  0.8693622   29.615 0.30222
  9.0 106.0  0.4936579  0.8696562   29.581 0.30200
  9.0 108.0  0.4931730  0.8699312   29.549 0.30178
  9.0 110.0  0.4927218  0.8701869   29.520 0.30157
  9.0 112.0  0.4923049  0.8704228   29.492 0.30136
  9.0 114.0  0.4919231  0.8706386   29.467 0.30115
  9.0 116.0  0.4915692  0.8708385   29.444 0.30095
  9.0 118.0  0.4912577  0.8710143   29.423 0.30076
  9.0 120.0  0.4909826  0.8711694   29.405 0.30057
  9.0 122.0  0.4907438  0.8713039   29.389 0.30039
  9.0 124.0  0.4905416  0.8714178   29.376 0.30022
  9.0 126.0  0.4903759  0.8715111   29.365 0.30005
  9.0 128.0  0.4902464  0.8715839   29.357 0.29990
  9.0 130.0  0.4901529  0.8716364   29.351 0.29976
  9.0 132.0  0.4900951  0.8716690   29.347 0.29962
  9.0 134.0  0.4900723  0.8716818   29.345 0.29950
  9.0 136.0  0.4900839  0.8716752   29.346 0.29939
  9.0 138.0  0.4901293  0.8716497   29.349 0.29929
  9.0 140.0  0.4902076  0.8716057   29.354 0.29921
  9.0 142.0  0.4903178  0.8715437   29.361 0.29914
  9.0 144.0  0.4904589  0.8714643   29.371 0.29908
  9.0 146.0  0.4906298  0.8713681   29.382 0.29903
  9.0 148.0  0.4908293  0.8712558   29.395 0.29900
  9.0 150.0  0.4910562  0.8711279   29.410 0.29899
  9.0 152.0  0.4913090  0.8709853   29.427 0.29898
  9.0 154.0  0.4915865  0.8708288   29.445 0.29900
  9.0 156.0  0.4918803  0.8706628   29.464 0.29902
  9.0 158.0  0.4922037  0.8704801   29.486 0.29906
  9.0 160.0  0.4925470  0.8702858   29.508 0.29912
  9.0 162.0  0.4929089  0.8700809   29.532 0.29919
  9.0 164.0  0.4932875  0.8698663   29.557 0.29927
  9.0 166.0  0.4936814  0.8696428   29.583 0.29937
  9.0 168.0  0.4940889  0.8694114   29.610 0.29948
  9.0 170.0  0.4945084  0.8691729   29.637 0.29960
  9.0 172.0  0.4949383  0.8689281   29.666 0.29974
  9.0 174.0  0.4953772  0.8686780   29.695 0.29989
  9.0 176.0  0.4958229  0.8684236   29.724 0.30005
  9.0 178.0  0.4962761  0.8681647   29.754 0.30022
  9.0 180.0  0.4967304  0.8679049   29.784 0.30040
  9.0 182.0  0.4971893  0.8676421   29.814 0.30058
  9.0 184.0  0.4976492  0.8673784   29.845 0.30078
  9.0 186.0  0.4981094  0.8671142   29.875 0.30099
  9.0 188.0  0.4985684  0.8668504   29.905 0.30120
  9.0 190.0  0.4990251  0.8665875   29.936 0.30141
  9.0 192.0  0.4994784  0.8663263   29.965 0.30164
  9.0 194.0  0.4999272  0.8660674   29.995 0.30186
  9.0 196.0  0.5003707  0.8658113   30.025 0.30209
  9.0 198.0  0.5008079  0.8655585   30.053 0.30232
  9.0 200.0  0.5012382  0.8653094   30.082 0.30255
  9.0 202.0  0.5016689  0.8650597   30.110 0.30277
  9.0 204.0  0.5020847  0.8648185   30.138 0.30300
  9.0 206.0  0.5024918  0.8645820   30.165 0.30322
  9.0 208.0  0.5028899  0.8643505   30.191 0.30344
  9.0 210.0  0.5032787  0.8641241   30.217 0.30365
  9.0 212.0  0.5036581  0.8639031   30.242 0.30386
  9.0 214.0  0.5040277  0.8636875   30.267 0.30405
  9.0 216.0  0.5043877  0.8634773   30.291 0.30424
  9.0 218.0  0.5047380  0.8632726   30.314 0.30442
  9.0 220.0  0.5050788  0.8630732   30.337 0.30459
  9.0 222.0  0.5054102  0.8628792   30.359 0.30474
  9.0 224.0  0.5057326  0.8626903   30.380 0.30488
  9.0 226.0  0.5060462  0.8625064   30.401 0.30501
  9.0 228.0  0.5063515  0.8623272   30.421 0.30512
  9.0 230.0  0.5066488  0.8621526   30.441 0.30522
  9.0 232.0  0.5069386  0.8619822   30.460 0.30530
  9.0 234.0  0.5072216  0.8618157   30.479 0.30537
  9.0 236.0  0.5074982  0.8616528   30.497 0.30541
  9.0 238.0  0.5077690  0.8614932   30.515 0.30544
  9.0 240.0  0.5080348  0.8613365   30.533 0.30545
  9.0 242.0  0.5082961  0.8611824   30.550 0.30545
  9.0 244.0  0.5085537  0.8610303   30.568 0.30542
  9.0 246.0  0.5088081  0.8608800   30.584 0.30538
  9.0 248.0  0.5090602  0.8607309   30.601 0.30532
  9.0 250.0  0.5093176  0.8605786   30.618 0.30524
  9.0 252.0  0.5095657  0.8604318   30.635 0.30515
  9.0 254.0  0.5098136  0.8602849   30.651 0.30504
  9.0 256.0  0.5100619  0.8601377   30.668 0.30491
  9.0 258.0  0.5103114  0.8599897   30.685 0.30477
  9.0 260.0  0.5105626  0.8598406   30.701 0.30461
  9.0 262.0  0.5108161  0.8596900   30.718 0.30443
  9.0 264.0  0.5110726  0.8595375   30.735 0.30425
  9.0 266.0  0.5113327  0.8593829   30.753 0.30405
  9.0 268.0  0.5115965  0.8592258   30.770 0.30384
  9.0 270.0  0.5118651  0.8590658   30.788 0.30361
  9.0 272.0  0.5121385  0.8589029   30.806 0.30338
  9.0 274.0  0.5124170  0.8587367   30.825 0.30314
  9.0 276.0  0.5127014  0.8585670   30.844 0.30290
  9.0 278.0  0.5129916  0.8583936   30.863 0.30265
  9.0 280.0  0.5132879  0.8582165   30.883 0.30239
  9.0 282.0  0.5135904  0.8580355   30.903 0.30213
  9.0 284.0  0.5138994  0.8578505   30.924 0.30187
  9.0 286.0  0.5142147  0.8576615   30.945 0.30161
  9.0 288.0  0.5145365  0.8574685   30.966 0.30135
  9.0 290.0  0.5148646  0.8572715   30.988 0.30109
  9.0 292.0  0.5151988  0.8570707   31.011 0.30084
  9.0 294.0  0.5155309  0.8568710   31.033 0.30059
  9.0 296.0  0.5158754  0.8566636   31.056 0.30034
  9.0 298.0  0.5162251  0.8564529   31.079 0.30011
  9.0 300.0  0.5165796  0.8562391   31.103 0.29988
  9.0 302.0  0.5169384  0.8560226   31.127 0.29966
  9.0 304.0  0.5173009  0.8558036   31.151 0.29945
  9.0 306.0  0.5176665  0.8555825   31.176 0.29925
  9.0 308.0  0.5180344  0.8553598   31.200 0.29907
  9.0 310.0  0.5184038  0.8551359   31.225 0.29890
  9.0 312.0  0.5187740  0.8549114   31.250 0.29874
  9.0 314.0  0.5191440  0.8546868   31.275 0.29860
  9.0 316.0  0.5195128  0.8544627   31.300 0.29848
  9.0 318.0  0.5198794  0.8542397   31.324 0.29837
  9.0 320.0  0.5202425  0.8540186   31.349 0.29828
  9.0 322.0  0.5206012  0.8538000   31.373 0.29820
  9.0 324.0  0.5209542  0.8535846   31.396 0.29814
  9.0 326.0  0.5213002  0.8533734   31.420 0.29811
  9.0 328.0  0.5216378  0.8531670   31.442 0.29809
  9.0 330.0  0.5219659  0.8529664   31.464 0.29808
  9.0 332.0  0.5222830  0.8527723   31.486 0.29810
  9.0 334.0  0.5225876  0.8525856   31.506 0.29813
  9.0 336.0  0.5228785  0.8524072   31.526 0.29819
  9.0 338.0  0.5231479  0.8522419   31.544 0.29826
  9.0 340.0  0.5234080  0.8520822   31.561 0.29834
  9.0 342.0  0.5236499  0.8519335   31.577 0.29845
  9.0 344.0  0.5238723  0.8517968   31.592 0.29857
  9.0 346.0  0.5240737  0.8516729   31.606 0.29870
  9.0 348.0  0.5242528  0.8515627   31.618 0.29886
  9.0 350.0  0.5244082  0.8514670   31.628 0.29902
  9.0 352.0  0.5245386  0.8513867   31.637 0.29920
  9.0 354.0  0.5246431  0.8513223   31.644 0.29939
  9.0 356.0  0.5247198  0.8512750   31.649 0.29960
  9.0 358.0  0.5247681  0.8512452   31.653 0.29981
  9.0 360.0  0.5247871  0.8512335   31.654 0.30004
 11.0   0.0  0.5273853  0.8496262   31.829 0.29991
 11.0   2.0  0.5274321  0.8495972   31.832 0.30026
 11.0   4.0  0.5274357  0.8495949   31.832 0.30061
 11.0   6.0  0.5273960  0.8496196   31.830 0.30098
 11.0   8.0  0.5273115  0.8496720   31.824 0.30135
 11.0  10.0  0.5271813  0.8497528   31.815 0.30172
 11.0  12.0  0.5270045  0.8498625   31.803 0.30210
 11.0  14.0  0.5267806  0.8500013   31.788 0.30249
 11.0  16.0  0.5265092  0.8501694   31.770 0.30287
 11.0  18.0  0.5261989  0.8503615   31.749 0.30325
 11.0  20.0  0.5258336  0.8505875   31.724 0.30363
 11.0  22.0  0.5254207  0.8508426   31.697 0.30400
 11.0  24.0  0.5249604  0.8511267   31.666 0.30436
 11.0  26.0  0.5244533  0.8514392   31.631 0.30472
 11.0  28.0  0.5238999  0.8517798   31.594 0.30506
 11.0  30.0  0.5233011  0.8521478   31.554 0.30539
 11.0  32.0  0.5226580  0.8525425   31.511 0.30570
 11.0  34.0  0.5219716  0.8529629   31.465 0.30600
 11.0  36.0  0.5212434  0.8534081   31.416 0.30628
 11.0  38.0  0.5204748  0.8538771   31.364 0.30654
 11.0  40.0  0.5196675  0.8543686   31.310 0.30678
 11.0  42.0  0.5188234  0.8548815   31.253 0.30700
 11.0  44.0  0.5179444  0.8554143   31.194 0.30720
 11.0  46.0  0.5170326  0.8559657   31.133 0.30738
 11.0  48.0  0.5160902  0.8565342   31.070 0.30753
 11.0  50.0  0.5151197  0.8571182   31.005 0.30765
 11.0  52.0  0.5141235  0.8577162   30.939 0.30776
 11.0  54.0  0.5131041  0.8583264   30.871 0.30783
 11.0  56.0  0.5120642  0.8589472   30.801 0.30788
 11.0  58.0  0.5110066  0.8595768   30.731 0.30791
 11.0  60.0  0.5099341  0.8602135   30.659 0.30791
 11.0  62.0  0.5088495  0.8608555   30.587 0.30789
 11.0  64.0  0.5077558  0.8615010   30.514 0.30784
 11.0  66.0  0.5066559  0.8621484   30.441 0.30777
 11.0  68.0  0.5055529  0.8627956   30.368 0.30767
 11.0  70.0  0.5044496  0.8634411   30.295 0.30755
 11.0  72.0  0.5033492  0.8640831   30.222 0.30741
 11.0  74.0  0.5022546  0.8647198   30.149 0.30725
 11.0  76.0  0.5011753  0.8653458   30.078 0.30707
 11.0  78.0  0.5000998  0.8659678   30.007 0.30688
 11.0  80.0  0.4990390  0.8665795   29.936 0.30666
 11.0  82.0  0.4979960  0.8671793   29.868 0.30643
 11.0  84.0  0.4969735  0.8677657   29.800 0.30618
 11.0  86.0  0.4959741  0.8683373   29.734 0.30593
 11.0  88.0  0.4950005  0.8688927   29.670 0.30566
 11.0  90.0  0.4940552  0.8694306   29.607 0.30537
 11.0  92.0  0.4931409  0.8699495   29.547 0.30509
 11.0  94.0  0.4922594  0.8704486   29.489 0.30479
 11.0  96.0  0.4914130  0.8709267   29.433 0.30449
 11.0  98.0  0.4906044  0.8713824   29.380 0.30418
 11.0 100.0  0.4898347  0.8718153   29.330 0.30387
 11.0 102.0  0.4891060  0.8722243   29.282 0.30356
 11.0 104.0  0.4884199  0.8726087   29.237 0.30324
 11.0 106.0  0.4877779  0.8729678   29.195 0.30293
 11.0 108.0  0.4871813  0.8733009   29.155 0.30262
 11.0 110.0  0.4866311  0.8736076   29.119 0.30232
 11.0 112.0  0.4861205  0.8738918   29.086 0.30201
 11.0 114.0  0.4856645  0.8741453   29.056 0.30172
 11.0 116.0  0.4852574  0.8743714   29.029 0.30143
 11.0 118.0  0.4848995  0.8745699   29.006 0.30115
 11.0 120.0  0.4845913  0.8747407   28.986 0.30088
 11.0 122.0  0.4843327  0.8748839   28.969 0.30062
 11.0 124.0  0.4841238  0.8749995   28.955 0.30037
 11.0 126.0  0.4839643  0.8750878   28.945 0.30014
 11.0 128.0  0.4838538  0.8751488   28.937 0.29992
 11.0 130.0  0.4837918  0.8751831   28.933 0.29971
 11.0 132.0  0.4837775  0.8751910   28.932 0.29951
 11.0 134.0  0.4838102  0.8751730   28.935 0.29934
 11.0 136.0  0.4838886  0.8751296   28.940 0.29917
 11.0 138.0  0.4840117  0.8750615   28.948 0.29903
 11.0 140.0  0.4841781  0.8749695   28.959 0.29890
 11.0 142.0  0.4843863  0.8748542   28.972 0.29879
 11.0 144.0  0.4846348  0.8747166   28.989 0.29870
 11.0 146.0  0.4849218  0.8745575   29.007 0.29863
 11.0 148.0  0.4852455  0.8743780   29.029 0.29858
 11.0 150.0  0.4856039  0.8741790   29.052 0.29855
 11.0 152.0  0.4859951  0.8739616   29.078 0.29854
 11.0 154.0  0.4864168  0.8737269   29.105 0.29854
 11.0 156.0  0.4868670  0.8734761   29.135 0.29857
 11.0 158.0  0.4873433  0.8732105   29.166 0.29862
 11.0 160.0  0.4878367  0.8729349   29.198 0.29869
 11.0 162.0  0.4883597  0.8726424   29.233 0.29878
 11.0 164.0  0.4889016  0.8723389   29.268 0.29889
 11.0 166.0  0.4894601  0.8720257   29.305 0.29903
 11.0 168.0  0.4900328  0.8717040   29.343 0.29918
 11.0 170.0  0.4906173  0.8713752   29.381 0.29934
 11.0 172.0  0.4912112  0.8710405   29.420 0.29953
 11.0 174.0  0.4918122  0.8707013   29.460 0.29974
 11.0 176.0  0.4924182  0.8703587   29.500 0.29996
 11.0 178.0  0.4930299  0.8700124   29.540 0.30020
 11.0 180.0  0.4936356  0.8696688   29.580 0.30045
 11.0 182.0  0.4942430  0.8693238   29.620 0.30072
 11.0 184.0  0.4948469  0.8689802   29.660 0.30101
 11.0 186.0  0.4954454  0.8686391   29.699 0.30130
 11.0 188.0  0.4960368  0.8683015   29.738 0.30161
 11.0 190.0  0.4966195  0.8679684   29.777 0.30192
 11.0 192.0  0.4971920  0.8676406   29.814 0.30224
 11.0 194.0  0.4977529  0.8673189   29.851 0.30257
 11.0 196.0  0.4983010  0.8670041   29.888 0.30290
 11.0 198.0  0.4988437  0.8666919   29.924 0.30324
 11.0 200.0  0.4993650  0.8663917   29.958 0.30358
 11.0 202.0  0.4998710  0.8660999   29.991 0.30392
 11.0 204.0  0.5003609  0.8658169   30.024 0.30425
 11.0 206.0  0.5008343  0.8655432   30.055 0.30458
 11.0 208.0  0.5012909  0.8652788   30.085 0.30491
 11.0 210.0  0.5017305  0.8650240   30.115 0.30523
 11.0 212.0  0.5021530  0.8647788   30.143 0.30554
 11.0 214.0  0.5025585  0.8645432   30.169 0.30584
 11.0 216.0  0.5029472  0.8643171   30.195 0.30612
 11.0 218.0  0.5033195  0.8641004   30.220 0.30639
 11.0 220.0  0.5036757  0.8638928   30.243 0.30665
 11.0 222.0  0.5040164  0.8636941   30.266 0.30688
 11.0 224.0  0.5043423  0.8635038   30.288 0.30710
 11.0 226.0  0.5046542  0.8633216   30.308 0.30730
 11.0 228.0  0.5049528  0.8631470   30.328 0.30747
 11.0 230.0  0.5052390  0.8629795   30.347 0.30763
 11.0 232.0  0.5055138  0.8628185   30.365 0.30776
 11.0 234.0  0.5057783  0.8626635   30.383 0.30786
 11.0 236.0  0.5060335  0.8625138   30.400 0.30794
 11.0 238.0  0.5062805  0.8623689   30.416 0.30799
 11.0 240.0  0.5065205  0.8622279   30.432 0.30802
 11.0 242.0  0.5067546  0.8620904   30.448 0.30802
 11.0 244.0  0.5069840  0.8619555   30.463 0.30799
 11.0 246.0  0.5072099  0.8618226   30.478 0.30793
 11.0 248.0  0.5074334  0.8616910   30.493 0.30785
 11.0 250.0  0.5076559  0.8615599   30.508 0.30774
 11.0 252.0  0.5078783  0.8614288   30.523 0.30760
 11.0 254.0  0.5081091  0.8612927   30.538 0.30744
 11.0 256.0  0.5083334  0.8611603   30.553 0.30726
 11.0 258.0  0.5085613  0.8610258   30.568 0.30705
 11.0 260.0  0.5087937  0.8608885   30.584 0.30681
 11.0 262.0  0.5090317  0.8607478   30.599 0.30656
 11.0 264.0  0.5092763  0.8606031   30.616 0.30628
 11.0 266.0  0.5095284  0.8604539   30.632 0.30599
 11.0 268.0  0.5097885  0.8602998   30.650 0.30567
 11.0 270.0  0.5100581  0.8601400   30.668 0.30535
 11.0 272.0  0.5103373  0.8599743   30.686 0.30500
 11.0 274.0  0.5106268  0.8598025   30.706 0.30465
 11.0 276.0  0.5109276  0.8596237   30.726 0.30428
 11.0 278.0  0.5112398  0.8594381   30.746 0.30391
 11.0 280.0  0.5115639  0.8592452   30.768 0.30353
 11.0 282.0  0.5119003  0.8590449   30.790 0.30314
 11.0 284.0  0.5122492  0.8588369   30.814 0.30276
 11.0 286.0  0.5126108  0.8586211   30.838 0.30237
 11.0 288.0  0.5129851  0.8583975   30.863 0.30198
 11.0 290.0  0.5133640  0.8581710   30.888 0.30159
 11.0 292.0  0.5137619  0.8579328   30.915 0.30121
 11.0 294.0  0.5141722  0.8576870   30.942 0.30084
 11.0 296.0  0.5145943  0.8574338   30.970 0.30048
 11.0 298.0  0.5150280  0.8571734   30.999 0.30012
 11.0 300.0  0.5154727  0.8569060   31.029 0.29978
 11.0 302.0  0.5159278  0.8566321   31.059 0.29945
 11.0 304.0  0.5163925  0.8563520   31.091 0.29914
 11.0 306.0  0.5168660  0.8560663   31.122 0.29885
 11.0 308.0  0.5173474  0.8557755   31.154 0.29857
 11.0 310.0  0.5178355  0.8554802   31.187 0.29832
 11.0 312.0  0.5183293  0.8551811   31.220 0.29808
 11.0 314.0  0.5188275  0.8548790   31.254 0.29787
 11.0 316.0  0.5193286  0.8545747   31.287 0.29768
 11.0 318.0  0.5198311  0.8542690   31.321 0.29752
 11.0 320.0  0.5203337  0.8539630   31.355 0.29738
 11.0 322.0  0.5208344  0.8536577   31.388 0.29726
 11.0 324.0  0.5213317  0.8533541   31.422 0.29718
 11.0 326.0  0.5218236  0.8530534   31.455 0.29712
 11.0 328.0  0.5223083  0.8527568   31.487 0.29708
 11.0 330.0  0.5227837  0.8524654   31.519 0.29707
 11.0 332.0  0.5232479  0.8521805   31.550 0.29709
 11.0 334.0  0.5236988  0.8519035   31.581 0.29714
 11.0 336.0  0.5241342  0.8516357   31.610 0.29721
 11.0 338.0  0.5245521  0.8513784   31.638 0.29731
 11.0 340.0  0.5249502  0.8511330   31.665 0.29744
 11.0 342.0  0.5253204  0.8509045   31.690 0.29759
 11.0 344.0  0.5256739  0.8506862   31.714 0.29776
 11.0 346.0  0.5260011  0.8504839   31.736 0.29796
 11.0 348.0  0.5262998  0.8502991   31.756 0.29818
 11.0 350.0  0.5265681  0.8501329   31.774 0.29842
 11.0 352.0  0.5268039  0.8499869   31.790 0.29869
 11.0 354.0  0.5270053  0.8498620   31.803 0.29897
 11.0 356.0  0.5271706  0.8497595   31.814 0.29927
 11.0 358.0  0.5272976  0.8496806   31.823 0.29958
 11.0 360.0  0.5273853  0.8496262   31.829 0.29991
 13.0   0.0  0.5299110  0.8480532   31.999 0.29973
 13.0   2.0  0.5300346  0.8479760   32.008 0.30020
 13.0   4.0  0.5301026  0.8479335   32.012 0.30069
 13.0   6.0  0.5301134  0.8479268   32.013 0.30119
 13.0   8.0  0.5300652  0.8479569   32.010 0.30170
 13.0  10.0  0.5299567  0.8480247   32.003 0.30222
 13.0  12.0  0.5297867  0.8481309   31.991 0.30275
 13.0  14.0  0.5295624  0.8482710   31.976 0.30328
 13.0  16.0  0.5292692  0.8484540   31.956 0.30381
 13.0  18.0  0.5289129  0.8486761   31.932 0.30434
 13.0  20.0  0.5284932  0.8489375   31.904 0.30486
 13.0  22.0  0.5280103  0.8492380   31.871 0.30537
 13.0  24.0  0.5274645  0.8495770   31.834 0.30588
 13.0  26.0  0.5268566  0.8499542   31.793 0.30637
 13.0  28.0  0.5261872  0.8503688   31.748 0.30685
 13.0  30.0  0.5254576  0.8508198   31.699 0.30731
 13.0  32.0  0.5246691  0.8513062   31.646 0.30775
 13.0  34.0  0.5238234  0.8518269   31.589 0.30816
 13.0  36.0  0.5229222  0.8523804   31.528 0.30855
 13.0  38.0  0.5219677  0.8529653   31.464 0.30892
 13.0  40.0  0.5209620  0.8535799   31.397 0.30925
 13.0  42.0  0.5199078  0.8542224   31.326 0.30956
 13.0  44.0  0.5188076  0.8548910   31.252 0.30984
 13.0  46.0  0.5176644  0.8555838   31.176 0.31008
 13.0  48.0  0.5164812  0.8562985   31.097 0.31029
 13.0  50.0  0.5152611  0.8570332   31.015 0.31047
 13.0  52.0  0.5140076  0.8577856   30.931 0.31061
 13.0  54.0  0.5127242  0.8585534   30.845 0.31072
 13.0  56.0  0.5114143  0.8593343   30.758 0.31079
 13.0  58.0  0.5100817  0.8601259   30.669 0.31082
 13.0  60.0  0.5087303  0.8609259   30.579 0.31083
 13.0  62.0  0.5073638  0.8617319   30.488 0.31079
 13.0  64.0  0.5059863  0.8625415   30.397 0.31073
 13.0  66.0  0.5046017  0.8633523   30.305 0.31063
 13.0  68.0  0.5032139  0.8641619   30.213 0.31050
 13.0  70.0  0.5018271  0.8649680   30.121 0.31033
 13.0  72.0  0.5004452  0.8657682   30.029 0.31014
 13.0  74.0  0.4990722  0.8665604   29.939 0.30992
 13.0  76.0  0.4977121  0.8673423   29.849 0.30968
 13.0  78.0  0.4963757  0.8681078   29.761 0.30941
 13.0  80.0  0.4950512  0.8688638   29.673 0.30912
 13.0  82.0  0.4937513  0.8696031   29.587 0.30880
 13.0  84.0  0.4924798  0.8703239   29.504 0.30847
 13.0  86.0  0.4912401  0.8710242   29.422 0.30812
 13.0  88.0  0.4900358  0.8717023   29.343 0.30775
 13.0  90.0  0.4888698  0.8723568   29.266 0.30738
 13.0  92.0  0.4877459  0.8729857   29.193 0.30699
 13.0  94.0  0.4866664  0.8735879   29.122 0.30659
 13.0  96.0  0.4856345  0.8741620   29.054 0.30618
 13.0  98.0  0.4846526  0.8747067   28.990 0.30577
 13.0 100.0  0.4837231  0.8752211   28.929 0.30535
 13.0 102.0  0.4828484  0.8757040   28.872 0.30494
 13.0 104.0  0.4820303  0.8761545   28.818 0.30452
 13.0 106.0  0.4812707  0.8765720   28.768 0.30410
 13.0 108.0  0.4805711  0.8769558   28.723 0.30369
 13.0 110.0  0.4799239  0.8773101   28.680 0.30328
 13.0 112.0  0.4793462  0.8776259   28.643 0.30288
 13.0 114.0  0.4788317  0.8779067   28.609 0.30249
 13.0 116.0  0.4783811  0.8781523   28.580 0.30211
 13.0 118.0  0.4779948  0.8783627   28.555 0.30173
 13.0 120.0  0.4776729  0.8785377   28.534 0.30137
 13.0 122.0  0.4774156  0.8786776   28.517 0.30103
 13.0 124.0  0.4772224  0.8787826   28.504 0.30069
 13.0 126.0  0.4770929  0.8788529   28.496 0.30038
 13.0 128.0  0.4770264  0.8788889   28.491 0.30007
 13.0 130.0  0.4770220  0.8788913   28.491 0.29979
 13.0 132.0  0.4770786  0.8788607   28.495 0.29953
 13.0 134.0  0.4771946  0.8787976   28.502 0.29928
 13.0 136.0  0.4773687  0.8787031   28.514 0.29906
 13.0 138.0  0.4775990  0.8785779   28.529 0.29886
 13.0 140.0  0.4778837  0.8784231   28.547 0.29868
 13.0 142.0  0.4782205  0.8782398   28.569 0.29852
 13.0 144.0  0.4786072  0.8780291   28.594 0.29839
 13.0 146.0  0.4790414  0.8777923   28.623 0.29828
 13.0 148.0  0.4795204  0.8775308   28.654 0.29820
 13.0 150.0  0.4800414  0.8772458   28.688 0.29815
 13.0 152.0  0.4806017  0.8769390   28.725 0.29811
 13.0 154.0  0.4811982  0.8766118   28.764 0.29811
 13.0 156.0  0.4818279  0.8762659   28.805 0.29813
 13.0 158.0  0.4824875  0.8759029   28.848 0.29818
 13.0 160.0  0.4831739  0.8755244   28.893 0.29826
 13.0 162.0  0.4838765  0.8751363   28.939 0.29837
 13.0 164.0  0.4846082  0.8747313   28.987 0.29850
 13.0 166.0  0.4853565  0.8743164   29.036 0.29866
 13.0 168.0  0.4861181  0.8738931   29.086 0.29885
 13.0 170.0  0.4868897  0.8734634   29.136 0.29906
 13.0 172.0  0.4876681  0.8730291   29.187 0.29930
 13.0 174.0  0.4884501  0.8725919   29.239 0.29956
 13.0 176.0  0.4892326  0.8721534   29.290 0.29985
 13.0 178.0  0.4900181  0.8717123   29.342 0.30016
 13.0 180.0  0.4907866  0.8712798   29.392 0.30050
 13.0 182.0  0.4915526  0.8708479   29.443 0.30085
 13.0 184.0  0.4923078  0.8704212   29.492 0.30123
 13.0 186.0  0.4930497  0.8700012   29.541 0.30162
 13.0 188.0  0.4937759  0.8695892   29.589 0.30203
 13.0 190.0  0.4944845  0.8691864   29.636 0.30246
 13.0 192.0  0.4951735  0.8687941   29.681 0.30289
 13.0 194.0  0.4958412  0.8684132   29.725 0.30334
 13.0 196.0  0.4964955  0.8680393   29.768 0.30380
 13.0 198.0  0.4971186  0.8676826   29.810 0.30426
 13.0 200.0  0.4977170  0.8673395   29.849 0.30473
 13.0 202.0  0.4982897  0.8670106   29.887 0.30519
 13.0 204.0  0.4988362  0.8666963   29.923 0.30566
 13.0 206.0  0.4993561  0.8663968   29.957 0.30612
 13.0 208.0  0.4998493  0.8661124   29.990 0.30658
 13.0 210.0  0.5003157  0.8658431   30.021 0.30702
 13.0 212.0  0.5007556  0.8655887   30.050 0.30746
 13.0 214.0  0.5011695  0.8653491   30.077 0.30788
 13.0 216.0  0.5015580  0.8651240   30.103 0.30828
 13.0 218.0  0.5019218  0.8649130   30.127 0.30867
 13.0 220.0  0.5022619  0.8647155   30.150 0.30903
 13.0 222.0  0.5025794  0.8645311   30.171 0.30937
 13.0 224.0  0.5028755  0.8643589   30.190 0.30969
 13.0 226.0  0.5031515  0.8641982   30.209 0.30997
 13.0 228.0  0.5034090  0.8640483   30.226 0.31023
 13.0 230.0  0.5036493  0.8639082   30.242 0.31045
 13.0 232.0  0.5038742  0.8637770   30.257 0.31065
 13.0 234.0  0.5040853  0.8636539   30.271 0.31080
 13.0 236.0  0.5042844  0.8635376   30.284 0.31092
 13.0 238.0  0.5044732  0.8634274   30.296 0.31101
 13.0 240.0  0.5046534  0.8633220   30.308 0.31105
 13.0 242.0  0.5048270  0.8632205   30.320 0.31106
 13.0 244.0  0.5049958  0.8631218   30.331 0.31103
 13.0 246.0  0.5051614  0.8630249   30.342 0.31097
 13.0 248.0  0.5053258  0.8629287   30.353 0.31086
 13.0 250.0  0.5054906  0.8628321   30.364 0.31072
 13.0 252.0  0.5056576  0.8627343   30.375 0.31054
 13.0 254.0  0.5058284  0.8626341   30.386 0.31032
 13.0 256.0  0.5060047  0.8625307   30.398 0.31007
 13.0 258.0  0.5061942  0.8624195   30.411 0.30978
 13.0 260.0  0.5063844  0.8623079   30.423 0.30946
 13.0 262.0  0.5065849  0.8621901   30.437 0.30911
 13.0 264.0  0.5067970  0.8620654   30.451 0.30873
 13.0 266.0  0.5070220  0.8619331   30.466 0.30833
 13.0 268.0  0.5072608  0.8617926   30.482 0.30790
 13.0 270.0  0.5075154  0.8616427   30.498 0.30744
 13.0 272.0  0.5077861  0.8614832   30.516 0.30697
 13.0 274.0  0.5080736  0.8613137   30.536 0.30648
 13.0 276.0  0.5083796  0.8611331   30.556 0.30597
 13.0 278.0  0.5087041  0.8609414   30.578 0.30545
 13.0 280.0  0.5090480  0.8607382   30.600 0.30493
 13.0 282.0  0.5094116  0.8605230   30.625 0.30439
 13.0 284.0  0.5097956  0.8602956   30.650 0.30385
 13.0 286.0  0.5102001  0.8600557   30.677 0.30331
 13.0 288.0  0.5106164  0.8598087   30.705 0.30277
 13.0 290.0  0.5110602  0.8595449   30.734 0.30224
 13.0 292.0  0.5115245  0.8592687   30.765 0.30171
 13.0 294.0  0.5120091  0.8589800   30.798 0.30119
 13.0 296.0  0.5125137  0.8586790   30.831 0.30069
 13.0 298.0  0.5130378  0.8583660   30.866 0.30020
 13.0 300.0  0.5135807  0.8580413   30.903 0.29972
 13.0 302.0  0.5141417  0.8577053   30.940 0.29927
 13.0 304.0  0.5147199  0.8573584   30.979 0.29883
 13.0 306.0  0.5153143  0.8570013   31.018 0.29842
 13.0 308.0  0.5159236  0.8566346   31.059 0.29804
 13.0 310.0  0.5165465  0.8562591   31.101 0.29768
 13.0 312.0  0.5171815  0.8558758   31.143 0.29735
 13.0 314.0  0.5178269  0.8554854   31.187 0.29705
 13.0 316.0  0.5184808  0.8550893   31.230 0.29679
 13.0 318.0  0.5191414  0.8546884   31.275 0.29656
 13.0 320.0  0.5198065  0.8542840   31.319 0.29636
 13.0 322.0  0.5204738  0.8538776   31.364 0.29619
 13.0 324.0  0.5211410  0.8534706   31.409 0.29607
 13.0 326.0  0.5218056  0.8530644   31.453 0.29597
 13.0 328.0  0.5224648  0.8526608   31.498 0.29592
 13.0 330.0  0.5231161  0.8522614   31.542 0.29590
 13.0 332.0  0.5237565  0.8518680   31.585 0.29592
 13.0 334.0  0.5243831  0.8514824   31.627 0.29598
 13.0 336.0  0.5249931  0.8511065   31.668 0.29607
 13.0 338.0  0.5255832  0.8507422   31.708 0.29620
 13.0 340.0  0.5261506  0.8503914   31.746 0.29637
 13.0 342.0  0.5266921  0.8500561   31.782 0.29657
 13.0 344.0  0.5271982  0.8497423   31.816 0.29680
 13.0 346.0  0.5276804  0.8494430   31.849 0.29707
 13.0 348.0  0.5281274  0.8491652   31.879 0.29737
 13.0 350.0  0.5285362  0.8489108   31.907 0.29770
 13.0 352.0  0.5289039  0.8486817   31.931 0.29805
 13.0 354.0  0.5292279  0.8484797   31.953 0.29844
 13.0 356.0  0.5295055  0.8483065   31.972 0.29885
 13.0 358.0  0.5297338  0.8481640   31.987 0.29928
 13.0 360.0  0.5299110  0.8480532   31.999 0.29973
 15.0   0.0  0.5324105  0.8464863   32.168 0.29947
 15.0   2.0  0.5326278  0.8463496   32.183 0.30008
 15.0   4.0  0.5327746  0.8462572   32.193 0.30072
 15.0   6.0  0.5328482  0.8462109   32.198 0.30137
 15.0   8.0  0.5328463  0.8462120   32.198 0.30204
 15.0  10.0  0.5327673  0.8462618   32.193 0.30272
 15.0  12.0  0.5326175  0.8463561   32.182 0.30341
 15.0  14.0  0.5323821  0.8465042   32.167 0.30411
 15.0  16.0  0.5320661  0.8467028   32.145 0.30481
 15.0  18.0  0.5316691  0.8469522   32.118 0.30551
 15.0  20.0  0.5311908  0.8472522   32.086 0.30620
 15.0  22.0  0.5306313  0.8476027   32.048 0.30688
 15.0  24.0  0.5299912  0.8480031   32.005 0.30755
 15.0  26.0  0.5292714  0.8484526   31.956 0.30820
 15.0  28.0  0.5284729  0.8489502   31.902 0.30883
 15.0  30.0  0.5275974  0.8494946   31.843 0.30944
 15.0  32.0  0.5266466  0.8500843   31.779 0.31003
 15.0  34.0  0.5256228  0.8507177   31.710 0.31058
 15.0  36.0  0.5245284  0.8513930   31.636 0.31110
 15.0  38.0  0.5233661  0.8521079   31.558 0.31159
 15.0  40.0  0.5221391  0.8528604   31.476 0.31204
 15.0  42.0  0.5208505  0.8536479   31.389 0.31245
 15.0  44.0  0.5195040  0.8544680   31.299 0.31281
 15.0  46.0  0.5181034  0.8553180   31.205 0.31314
 15.0  48.0  0.5166526  0.8561951   31.108 0.31342
 15.0  50.0  0.5151559  0.8570965   31.008 0.31366
 15.0  52.0  0.5136177  0.8580192   30.905 0.31385
 15.0  54.0  0.5120425  0.8589601   30.800 0.31399
 15.0  56.0  0.5104350  0.8599163   30.693 0.31409
 15.0  58.0  0.5088001  0.8608847   30.584 0.31414
 15.0  60.0  0.5071428  0.8618621   30.474 0.31414
 15.0  62.0  0.5054680  0.8628454   30.362 0.31410
 15.0  64.0  0.5037809  0.8638315   30.250 0.31401
 15.0  66.0  0.5020866  0.8648174   30.138 0.31388
 15.0  68.0  0.5003903  0.8657999   30.026 0.31371
 15.0  70.0  0.4986972  0.8667762   29.914 0.31351
 15.0  72.0  0.4970125  0.8677434   29.803 0.31326
 15.0  74.0  0.4953413  0.8686984   29.692 0.31297
 15.0  76.0  0.4936887  0.8696387   29.583 0.31266
 15.0  78.0  0.4920596  0.8705615   29.476 0.31231
 15.0  80.0  0.4904657  0.8714605   29.371 0.31193
 15.0  82.0  0.4888963  0.8723419   29.268 0.31153
 15.0  84.0  0.4873651  0.8731983   29.168 0.31110
 15.0  86.0  0.4858766  0.8740274   29.070 0.31065
 15.0  88.0  0.4844351  0.8748272   28.975 0.31018
 15.0  90.0  0.4830444  0.8755958   28.884 0.30970
 15.0  92.0  0.4817092  0.8763311   28.797 0.30920
 15.0  94.0  0.4804322  0.8770319   28.714 0.30869
 15.0  96.0  0.4792174  0.8776962   28.634 0.30818
 15.0  98.0  0.4780676  0.8783230   28.559 0.30765
 15.0 100.0  0.4769858  0.8789110   28.489 0.30713
 15.0 102.0  0.4759746  0.8794590   28.423 0.30660
 15.0 104.0  0.4750363  0.8799662   28.362 0.30607
 15.0 106.0  0.4741730  0.8804317   28.306 0.30555
 15.0 108.0  0.4733772  0.8808598   28.254 0.30503
 15.0 110.0  0.4726664  0.8812414   28.208 0.30451
 15.0 112.0  0.4720348  0.8815799   28.166 0.30401
 15.0 114.0  0.4714830  0.8818751   28.131 0.30351
 15.0 116.0  0.4710118  0.8821269   28.100 0.30302
 15.0 118.0  0.4706214  0.8823353   28.075 0.30255
 15.0 120.0  0.4703118  0.8825003   28.055 0.30210
 15.0 122.0  0.4700826  0.8826225   28.040 0.30165
 15.0 124.0  0.4699332  0.8827020   28.030 0.30123
 15.0 126.0  0.4698628  0.8827394   28.025 0.30082
 15.0 128.0  0.4698703  0.8827355   28.026 0.30044
 15.0 130.0  0.4699541  0.8826909   28.031 0.30007
 15.0 132.0  0.4701126  0.8826064   28.042 0.29973
 15.0 134.0  0.4703439  0.8824832   28.057 0.29941
 15.0 136.0  0.4706457  0.8823223   28.076 0.29912
 15.0 138.0  0.4710156  0.8821249   28.100 0.29885
 15.0 140.0  0.4714509  0.8818923   28.129 0.29860
 15.0 142.0  0.4719488  0.8816260   28.161 0.29839
 15.0 144.0  0.4725061  0.8813274   28.197 0.29820
 15.0 146.0  0.4731195  0.8809983   28.237 0.29805
 15.0 148.0  0.4737856  0.8806402   28.280 0.29792
 15.0 150.0  0.4745006  0.8802552   28.327 0.29783
 15.0 152.0  0.4752607  0.8798450   28.376 0.29776
 15.0 154.0  0.4760620  0.8794117   28.429 0.29773
 15.0 156.0  0.4769003  0.8789574   28.483 0.29774
 15.0 158.0  0.4777714  0.8784842   28.540 0.29778
 15.0 160.0  0.4786711  0.8779943   28.599 0.29785
 15.0 162.0  0.4795950  0.8774900   28.659 0.29796
 15.0 164.0  0.4805315  0.8769775   28.720 0.29811
 15.0 166.0  0.4814925  0.8764502   28.783 0.29829
 15.0 168.0  0.4824642  0.8759157   28.846 0.29850
 15.0 170.0  0.4834422  0.8753763   28.910 0.29875
 15.0 172.0  0.4844223  0.8748343   28.975 0.29904
 15.0 174.0  0.4854003  0.8742920   29.039 0.29935
 15.0 176.0  0.4863723  0.8737517   29.102 0.29971
 15.0 178.0  0.4873337  0.8732158   29.165 0.30009
 15.0 180.0  0.4882815  0.8726862   29.228 0.30051
 15.0 182.0  0.4892115  0.8721652   29.289 0.30095
 15.0 184.0  0.4901207  0.8716546   29.349 0.30142
 15.0 186.0  0.4910059  0.8711563   29.407 0.30192
 15.0 188.0  0.4918642  0.8706719   29.463 0.30244
 15.0 190.0  0.4926930  0.8702032   29.518 0.30299
 15.0 192.0  0.4934900  0.8697514   29.570 0.30355
 15.0 194.0  0.4942628  0.8693125   29.621 0.30413
 15.0 196.0  0.4949932  0.8688969   29.669 0.30472
 15.0 198.0  0.4956869  0.8685013   29.715 0.30533
 15.0 200.0  0.4963431  0.8681265   29.758 0.30594
 15.0 202.0  0.4969608  0.8677730   29.799 0.30655
 15.0 204.0  0.4975398  0.8674412   29.837 0.30717
 15.0 206.0  0.4980798  0.8671312   29.873 0.30778
 15.0 208.0  0.4985810  0.8668431   29.906 0.30839
 15.0 210.0  0.4990438  0.8665768   29.937 0.30899
 15.0 212.0  0.4994690  0.8663317   29.965 0.30957
 15.0 214.0  0.4998576  0.8661076   29.991 0.31014
 15.0 216.0  0.5002108  0.8659037   30.014 0.31069
 15.0 218.0  0.5005300  0.8657192   30.035 0.31121
 15.0 220.0  0.5008169  0.8655533   30.054 0.31170
 15.0 222.0  0.5010733  0.8654049   30.071 0.31217
 15.0 224.0  0.5013012  0.8652728   30.086 0.31260
 15.0 226.0  0.5015028  0.8651560   30.099 0.31299
 15.0 228.0  0.5016804  0.8650530   30.111 0.31335
 15.0 230.0  0.5018363  0.8649626   30.122 0.31366
 15.0 232.0  0.5019729  0.8648833   30.131 0.31394
 15.0 234.0  0.5020928  0.8648137   30.139 0.31416
 15.0 236.0  0.5021986  0.8647523   30.146 0.31434
 15.0 238.0  0.5022928  0.8646976   30.152 0.31446
 15.0 240.0  0.5023779  0.8646481   30.157 0.31454
 15.0 242.0  0.5024567  0.8646024   30.163 0.31457
 15.0 244.0  0.5025316  0.8645589   30.168 0.31455
 15.0 246.0  0.5026051  0.8645161   30.173 0.31447
 15.0 248.0  0.5026798  0.8644727   30.177 0.31434
 15.0 250.0  0.5027581  0.8644272   30.183 0.31416
 15.0 252.0  0.5028422  0.8643782   30.188 0.31394
 15.0 254.0  0.5029345  0.8643245   30.194 0.31366
 15.0 256.0  0.5030371  0.8642648   30.201 0.31334
 15.0 258.0  0.5031521  0.8641979   30.209 0.31296
 15.0 260.0  0.5032875  0.8641191   30.218 0.31255
 15.0 262.0  0.5034312  0.8640353   30.227 0.31210
 15.0 264.0  0.5035934  0.8639408   30.238 0.31160
 15.0 266.0  0.5037757  0.8638345   30.250 0.31107
 15.0 268.0  0.5039797  0.8637155   30.264 0.31051
 15.0 270.0  0.5042066  0.8635831   30.279 0.30991
 15.0 272.0  0.5044580  0.8634362   30.295 0.30929
 15.0 274.0  0.5047347  0.8632745   30.314 0.30864
 15.0 276.0  0.5050386  0.8630968   30.334 0.30798
 15.0 278.0  0.5053697  0.8629029   30.356 0.30729
 15.0 280.0  0.5057292  0.8626923   30.380 0.30660
 15.0 282.0  0.5061177  0.8624644   30.406 0.30589
 15.0 284.0  0.5065358  0.8622190   30.433 0.30518
 15.0 286.0  0.5069748  0.8619609   30.463 0.30447
 15.0 288.0  0.5074505  0.8616809   30.494 0.30376
 15.0 290.0  0.5079562  0.8613829   30.528 0.30306
 15.0 292.0  0.5084920  0.8610667   30.563 0.30236
 15.0 294.0  0.5090576  0.8607325   30.601 0.30168
 15.0 296.0  0.5096526  0.8603803   30.641 0.30101
 15.0 298.0  0.5102765  0.8600104   30.682 0.30036
 15.0 300.0  0.5109287  0.8596231   30.726 0.29973
 15.0 302.0  0.5116081  0.8592189   30.771 0.29913
 15.0 304.0  0.5123138  0.8587983   30.818 0.29856
 15.0 306.0  0.5130444  0.8583620   30.867 0.29801
 15.0 308.0  0.5137986  0.8579109   30.917 0.29750
 15.0 310.0  0.5145745  0.8574457   30.969 0.29703
 15.0 312.0  0.5153703  0.8569676   31.022 0.29659
 15.0 314.0  0.5161840  0.8564777   31.077 0.29619
 15.0 316.0  0.5170131  0.8559775   31.132 0.29584
 15.0 318.0  0.5178553  0.8554682   31.189 0.29552
 15.0 320.0  0.5187078  0.8549516   31.246 0.29525
 15.0 322.0  0.5195676  0.8544293   31.303 0.29503
 15.0 324.0  0.5204317  0.8539033   31.361 0.29485
 15.0 326.0  0.5212967  0.8533755   31.419 0.29472
 15.0 328.0  0.5221593  0.8528480   31.477 0.29464
 15.0 330.0  0.5230157  0.8523231   31.535 0.29461
 15.0 332.0  0.5238621  0.8518031   31.592 0.29462
 15.0 334.0  0.5246948  0.8512904   31.648 0.29468
 15.0 336.0  0.5255097  0.8507876   31.703 0.29479
 15.0 338.0  0.5263027  0.8502973   31.756 0.29495
 15.0 340.0  0.5270697  0.8498220   31.808 0.29515
 15.0 342.0  0.5278066  0.8493646   31.857 0.29540
 15.0 344.0  0.5285090  0.8489277   31.905 0.29570
 15.0 346.0  0.5291667  0.8485179   31.949 0.29604
 15.0 348.0  0.5297899  0.8481289   31.991 0.29642
 15.0 350.0  0.5303661  0.8477687   32.030 0.29684
 15.0 352.0  0.5308914  0.8474399   32.066 0.29730
 15.0 354.0  0.5313620  0.8471449   32.098 0.29779
 15.0 356.0  0.5317745  0.8468860   32.125 0.29832
 15.0 358.0  0.5321248  0.8466659   32.149 0.29888
 15.0 360.0  0.5324105  0.8464863   32.168 0.29947
