  3.0   0.0  0.0701182  0.9975387    4.021 0.39045
  3.0   2.0  0.0707914  0.9974911    4.059 0.39050
  3.0   4.0  0.0714545  0.9974439    4.098 0.39054
  3.0   6.0  0.0721230  0.9973957    4.136 0.39056
  3.0   8.0  0.0727914  0.9973472    4.174 0.39057
  3.0  10.0  0.0734594  0.9972982    4.213 0.39056
  3.0  12.0  0.0741265  0.9972488    4.251 0.39054
  3.0  14.0  0.0747926  0.9971991    4.289 0.39050
  3.0  16.0  0.0754572  0.9971490    4.327 0.39045
  3.0  18.0  0.0761200  0.9970987    4.366 0.39038
  3.0  20.0  0.0767807  0.9970480    4.404 0.39029
  3.0  22.0  0.0774389  0.9969971    4.441 0.39019
  3.0  24.0  0.0780943  0.9969460    4.479 0.39008
  3.0  26.0  0.0787463  0.9968947    4.517 0.38994
  3.0  28.0  0.0793947  0.9968433    4.554 0.38980
  3.0  30.0  0.0800389  0.9967917    4.591 0.38964
  3.0  32.0  0.0806786  0.9967402    4.628 0.38946
  3.0  34.0  0.0813133  0.9966886    4.664 0.38927
  3.0  36.0  0.0819425  0.9966371    4.700 0.38907
  3.0  38.0  0.0825657  0.9965856    4.736 0.38885
  3.0  40.0  0.0831822  0.9965344    4.772 0.38862
  3.0  42.0  0.0837917  0.9964833    4.807 0.38838
  3.0  44.0  0.0843934  0.9964325    4.841 0.38812
  3.0  46.0  0.0849869  0.9963821    4.875 0.38786
  3.0  48.0  0.0855714  0.9963320    4.909 0.38758
  3.0  50.0  0.0861463  0.9962825    4.942 0.38728
  3.0  52.0  0.0867110  0.9962335    4.974 0.38698
  3.0  54.0  0.0872647  0.9961852    5.006 0.38667
  3.0  56.0  0.0878067  0.9961375    5.037 0.38634
  3.0  58.0  0.0883364  0.9960907    5.068 0.38601
  3.0  60.0  0.0888528  0.9960448    5.098 0.38567
  3.0  62.0  0.0893553  0.9959998    5.127 0.38532
  3.0  64.0  0.0898431  0.9959559    5.155 0.38496
  3.0  66.0  0.0903154  0.9959132    5.182 0.38459
  3.0  68.0  0.0907714  0.9958718    5.208 0.38421
  3.0  70.0  0.0912102  0.9958317    5.233 0.38383
  3.0  72.0  0.0916310  0.9957930    5.257 0.38344
  3.0  74.0  0.0920330  0.9957560    5.281 0.38305
  3.0  76.0  0.0924154  0.9957205    5.303 0.38265
  3.0  78.0  0.0927774  0.9956869    5.323 0.38224
  3.0  80.0  0.0931180  0.9956551    5.343 0.38184
  3.0  82.0  0.0934366  0.9956252    5.361 0.38143
  3.0  84.0  0.0937322  0.9955974    5.378 0.38101
  3.0  86.0  0.0940042  0.9955718    5.394 0.38059
  3.0  88.0  0.0942517  0.9955484    5.408 0.38018
  3.0  90.0  0.0944739  0.9955273    5.421 0.37976
  3.0  92.0  0.0946701  0.9955087    5.432 0.37933
  3.0  94.0  0.0948397  0.9954926    5.442 0.37891
  3.0  96.0  0.0949819  0.9954790    5.450 0.37849
  3.0  98.0  0.0950961  0.9954681    5.457 0.37807
  3.0 100.0  0.0951816  0.9954599    5.462 0.37766
  3.0 102.0  0.0952380  0.9954545    5.465 0.37724
  3.0 104.0  0.0952646  0.9954520    5.467 0.37683
  3.0 106.0  0.0952609  0.9954523    5.466 0.37641
  3.0 108.0  0.0952266  0.9954556    5.464 0.37601
  3.0 110.0  0.0951612  0.9954619    5.461 0.37560
  3.0 112.0  0.0950643  0.9954711    5.455 0.37520
  3.0 114.0  0.0949358  0.9954834    5.448 0.37481
  3.0 116.0  0.0947752  0.9954987    5.438 0.37442
  3.0 118.0  0.0945826  0.9955170    5.427 0.37404
  3.0 120.0  0.0943576  0.9955384    5.414 0.37366
  3.0 122.0  0.0941004  0.9955627    5.400 0.37329
  3.0 124.0  0.0938109  0.9955900    5.383 0.37293
  3.0 126.0  0.0934891  0.9956203    5.364 0.37257
  3.0 128.0  0.0931354  0.9956535    5.344 0.37222
  3.0 130.0  0.0927497  0.9956895    5.322 0.37188
  3.0 132.0  0.0923325  0.9957282    5.298 0.37155
  3.0 134.0  0.0918840  0.9957697    5.272 0.37123
  3.0 136.0  0.0914046  0.9958138    5.244 0.37092
  3.0 138.0  0.0908950  0.9958605    5.215 0.37061
  3.0 140.0  0.0903555  0.9959096    5.184 0.37032
  3.0 142.0  0.0897868  0.9959610    5.151 0.37004
  3.0 144.0  0.0891897  0.9960147    5.117 0.36976
  3.0 146.0  0.0885648  0.9960704    5.081 0.36950
  3.0 148.0  0.0879131  0.9961282    5.044 0.36925
  3.0 150.0  0.0872352  0.9961877    5.005 0.36901
  3.0 152.0  0.0865324  0.9962490    4.964 0.36878
  3.0 154.0  0.0858054  0.9963119    4.922 0.36856
  3.0 156.0  0.0850555  0.9963762    4.879 0.36836
  3.0 158.0  0.0842836  0.9964418    4.835 0.36816
  3.0 160.0  0.0834911  0.9965085    4.789 0.36798
  3.0 162.0  0.0826792  0.9965762    4.743 0.36781
  3.0 164.0  0.0818491  0.9966447    4.695 0.36765
  3.0 166.0  0.0810021  0.9967139    4.646 0.36751
  3.0 168.0  0.0801397  0.9967836    4.597 0.36737
  3.0 170.0  0.0792633  0.9968537    4.546 0.36725
  3.0 172.0  0.0783742  0.9969240    4.495 0.36715
  3.0 174.0  0.0774785  0.9969940    4.444 0.36705
  3.0 176.0  0.0765647  0.9970646    4.391 0.36697
  3.0 178.0  0.0756466  0.9971347    4.338 0.36690
  3.0 180.0  0.0747224  0.9972044    4.285 0.36685
  3.0 182.0  0.0737932  0.9972736    4.232 0.36680
  3.0 184.0  0.0728608  0.9973421    4.178 0.36678
  3.0 186.0  0.0719267  0.9974099    4.125 0.36676
  3.0 188.0  0.0709925  0.9974769    4.071 0.36676
  3.0 190.0  0.0700598  0.9975428    4.017 0.36677
  3.0 192.0  0.0691303  0.9976076    3.964 0.36679
  3.0 194.0  0.0682055  0.9976713    3.911 0.36683
  3.0 196.0  0.0672871  0.9977337    3.858 0.36688
  3.0 198.0  0.0663766  0.9977946    3.806 0.36694
  3.0 200.0  0.0654756  0.9978542    3.754 0.36702
  3.0 202.0  0.0645857  0.9979122    3.703 0.36711
  3.0 204.0  0.0637082  0.9979686    3.653 0.36721
  3.0 206.0  0.0628448  0.9980233    3.603 0.36732
  3.0 208.0  0.0619968  0.9980764    3.554 0.36745
  3.0 210.0  0.0611656  0.9981276    3.507 0.36759
  3.0 212.0  0.0603527  0.9981771    3.460 0.36774
  3.0 214.0  0.0595593  0.9982248    3.415 0.36791
  3.0 216.0  0.0587866  0.9982706    3.370 0.36809
  3.0 218.0  0.0580360  0.9983145    3.327 0.36828
  3.0 220.0  0.0573085  0.9983565    3.285 0.36848
  3.0 222.0  0.0566053  0.9983966    3.245 0.36869
  3.0 224.0  0.0559274  0.9984348    3.206 0.36891
  3.0 226.0  0.0552758  0.9984711    3.169 0.36915
  3.0 228.0  0.0546513  0.9985055    3.133 0.36940
  3.0 230.0  0.0540549  0.9985380    3.099 0.36965
  3.0 232.0  0.0534873  0.9985685    3.066 0.36992
  3.0 234.0  0.0529493  0.9985972    3.035 0.37020
  3.0 236.0  0.0524414  0.9986240    3.006 0.37049
  3.0 238.0  0.0519642  0.9986489    2.979 0.37079
  3.0 240.0  0.0515183  0.9986721    2.953 0.37110
  3.0 242.0  0.0511040  0.9986933    2.929 0.37141
  3.0 244.0  0.0507217  0.9987128    2.907 0.37174
  3.0 246.0  0.0503717  0.9987305    2.887 0.37207
  3.0 248.0  0.0500543  0.9987465    2.869 0.37242
  3.0 250.0  0.0497694  0.9987607    2.853 0.37277
  3.0 252.0  0.0495173  0.9987733    2.838 0.37312
  3.0 254.0  0.0492980  0.9987841    2.826 0.37349
  3.0 256.0  0.0491113  0.9987933    2.815 0.37386
  3.0 258.0  0.0489571  0.9988009    2.806 0.37424
  3.0 260.0  0.0488353  0.9988068    2.799 0.37462
  3.0 262.0  0.0487456  0.9988112    2.794 0.37501
  3.0 264.0  0.0486877  0.9988141    2.791 0.37540
  3.0 266.0  0.0486612  0.9988153    2.789 0.37580
  3.0 268.0  0.0486657  0.9988151    2.789 0.37620
  3.0 270.0  0.0487008  0.9988134    2.791 0.37661
  3.0 272.0  0.0487658  0.9988102    2.795 0.37701
  3.0 274.0  0.0488604  0.9988056    2.801 0.37742
  3.0 276.0  0.0489837  0.9987996    2.808 0.37784
  3.0 278.0  0.0491353  0.9987921    2.816 0.37825
  3.0 280.0  0.0493144  0.9987833    2.827 0.37867
  3.0 282.0  0.0495204  0.9987731    2.838 0.37908
  3.0 284.0  0.0497524  0.9987616    2.852 0.37950
  3.0 286.0  0.0500097  0.9987487    2.867 0.37991
  3.0 288.0  0.0502914  0.9987346    2.883 0.38033
  3.0 290.0  0.0505942  0.9987193    2.900 0.38074
  3.0 292.0  0.0509255  0.9987025    2.919 0.38115
  3.0 294.0  0.0512760  0.9986845    2.939 0.38156
  3.0 296.0  0.0516477  0.9986654    2.961 0.38196
  3.0 298.0  0.0520398  0.9986450    2.983 0.38236
  3.0 300.0  0.0524514  0.9986235    3.007 0.38276
  3.0 302.0  0.0528816  0.9986008    3.031 0.38315
  3.0 304.0  0.0533296  0.9985770    3.057 0.38354
  3.0 306.0  0.0537946  0.9985520    3.084 0.38392
  3.0 308.0  0.0542757  0.9985260    3.111 0.38430
  3.0 310.0  0.0547721  0.9984989    3.140 0.38467
  3.0 312.0  0.0552829  0.9984707    3.169 0.38503
  3.0 314.0  0.0558074  0.9984416    3.199 0.38538
  3.0 316.0  0.0563449  0.9984114    3.230 0.38573
  3.0 318.0  0.0568944  0.9983802    3.262 0.38606
  3.0 320.0  0.0574553  0.9983481    3.294 0.38639
  3.0 322.0  0.0580269  0.9983150    3.327 0.38671
  3.0 324.0  0.0586085  0.9982810    3.360 0.38702
  3.0 326.0  0.0591993  0.9982462    3.394 0.38732
  3.0 328.0  0.0597987  0.9982105    3.428 0.38760
  3.0 330.0  0.0604061  0.9981739    3.463 0.38788
  3.0 332.0  0.0610209  0.9981365    3.498 0.38814
  3.0 334.0  0.0616425  0.9980983    3.534 0.38840
  3.0 336.0  0.0622703  0.9980593    3.570 0.38864
  3.0 338.0  0.0629038  0.9980196    3.607 0.38886
  3.0 340.0  0.0635426  0.9979791    3.643 0.38908
  3.0 342.0  0.0641860  0.9979380    3.680 0.38928
  3.0 344.0  0.0648337  0.9978961    3.717 0.38947
  3.0 346.0  0.0654851  0.9978535    3.755 0.38964
  3.0 348.0  0.0661400  0.9978104    3.792 0.38980
  3.0 350.0  0.0667978  0.9977665    3.830 0.38994
  3.0 352.0  0.0674582  0.9977221    3.868 0.39008
  3.0 354.0  0.0681208  0.9976771    3.906 0.39019
  3.0 356.0  0.0687852  0.9976315    3.944 0.39029
  3.0 358.0  0.0694511  0.9975854    3.982 0.39038
  3.0 360.0  0.0701182  0.9975387    4.021 0.39045
  5.0   0.0  0.0696406  0.9975721    3.993 0.39890
  5.0   2.0  0.0705978  0.9975049    4.048 0.39900
  5.0   4.0  0.0715540  0.9974367    4.103 0.39907
  5.0   6.0  0.0725100  0.9973677    4.158 0.39912
  5.0   8.0  0.0734660  0.9972977    4.213 0.39914
  5.0  10.0  0.0744220  0.9972268    4.268 0.39913
  5.0  12.0  0.0753784  0.9971550    4.323 0.39909
  5.0  14.0  0.0763353  0.9970822    4.378 0.39903
  5.0  16.0  0.0772929  0.9970084    4.433 0.39894
  5.0  18.0  0.0782514  0.9969337    4.488 0.39882
  5.0  20.0  0.0792108  0.9968579    4.543 0.39868
  5.0  22.0  0.0801713  0.9967811    4.598 0.39851
  5.0  24.0  0.0811329  0.9967033    4.654 0.39832
  5.0  26.0  0.0820954  0.9966245    4.709 0.39809
  5.0  28.0  0.0830588  0.9965446    4.764 0.39785
  5.0  30.0  0.0840230  0.9964638    4.820 0.39757
  5.0  32.0  0.0849876  0.9963820    4.875 0.39728
  5.0  34.0  0.0859524  0.9962992    4.931 0.39695
  5.0  36.0  0.0869170  0.9962156    4.986 0.39661
  5.0  38.0  0.0878808  0.9961310    5.042 0.39624
  5.0  40.0  0.0888436  0.9960456    5.097 0.39584
  5.0  42.0  0.0898042  0.9959594    5.152 0.39543
  5.0  44.0  0.0907622  0.9958726    5.207 0.39499
  5.0  46.0  0.0917166  0.9957852    5.262 0.39453
  5.0  48.0  0.0926666  0.9956972    5.317 0.39405
  5.0  50.0  0.0936111  0.9956088    5.371 0.39355
  5.0  52.0  0.0945490  0.9955202    5.425 0.39303
  5.0  54.0  0.0954793  0.9954314    5.479 0.39249
  5.0  56.0  0.0964005  0.9953426    5.532 0.39194
  5.0  58.0  0.0973113  0.9952540    5.584 0.39137
  5.0  60.0  0.0982103  0.9951657    5.636 0.39078
  5.0  62.0  0.0990960  0.9950779    5.687 0.39018
  5.0  64.0  0.0999667  0.9949908    5.737 0.38956
  5.0  66.0  0.1008209  0.9949046    5.786 0.38893
  5.0  68.0  0.1016569  0.9948195    5.835 0.38829
  5.0  70.0  0.1024727  0.9947358    5.882 0.38764
  5.0  72.0  0.1032667  0.9946537    5.927 0.38698
  5.0  74.0  0.1040370  0.9945734    5.972 0.38631
  5.0  76.0  0.1047817  0.9944952    6.015 0.38563
  5.0  78.0  0.1054988  0.9944194    6.056 0.38494
  5.0  80.0  0.1061849  0.9943464    6.095 0.38425
  5.0  82.0  0.1068425  0.9942760    6.133 0.38355
  5.0  84.0  0.1074652  0.9942088    6.169 0.38285
  5.0  86.0  0.1080525  0.9941452    6.203 0.38215
  5.0  88.0  0.1086025  0.9940853    6.235 0.38144
  5.0  90.0  0.1091131  0.9940293    6.264 0.38074
  5.0  92.0  0.1095826  0.9939777    6.291 0.38003
  5.0  94.0  0.1100090  0.9939306    6.316 0.37933
  5.0  96.0  0.1103904  0.9938883    6.338 0.37862
  5.0  98.0  0.1107252  0.9938511    6.357 0.37792
  5.0 100.0  0.1110116  0.9938191    6.374 0.37723
  5.0 102.0  0.1112480  0.9937927    6.387 0.37653
  5.0 104.0  0.1114327  0.9937720    6.398 0.37585
  5.0 106.0  0.1115644  0.9937572    6.406 0.37517
  5.0 108.0  0.1116416  0.9937485    6.410 0.37450
  5.0 110.0  0.1116630  0.9937461    6.411 0.37383
  5.0 112.0  0.1116275  0.9937501    6.409 0.37318
  5.0 114.0  0.1115340  0.9937606    6.404 0.37253
  5.0 116.0  0.1113815  0.9937777    6.395 0.37190
  5.0 118.0  0.1111692  0.9938015    6.383 0.37128
  5.0 120.0  0.1108965  0.9938320    6.367 0.37066
  5.0 122.0  0.1105627  0.9938691    6.348 0.37006
  5.0 124.0  0.1101675  0.9939130    6.325 0.36948
  5.0 126.0  0.1097102  0.9939636    6.299 0.36891
  5.0 128.0  0.1091915  0.9940207    6.269 0.36835
  5.0 130.0  0.1086111  0.9940843    6.235 0.36780
  5.0 132.0  0.1079690  0.9941543    6.198 0.36728
  5.0 134.0  0.1072658  0.9942304    6.158 0.36676
  5.0 136.0  0.1065018  0.9943125    6.114 0.36627
  5.0 138.0  0.1056777  0.9944004    6.066 0.36579
  5.0 140.0  0.1047944  0.9944939    6.015 0.36532
  5.0 142.0  0.1038528  0.9945927    5.961 0.36488
  5.0 144.0  0.1028541  0.9946965    5.904 0.36445
  5.0 146.0  0.1017995  0.9948049    5.843 0.36404
  5.0 148.0  0.1006906  0.9949178    5.779 0.36364
  5.0 150.0  0.0995288  0.9950347    5.712 0.36327
  5.0 152.0  0.0983160  0.9951552    5.642 0.36291
  5.0 154.0  0.0970541  0.9952791    5.570 0.36257
  5.0 156.0  0.0957451  0.9954059    5.494 0.36225
  5.0 158.0  0.0943911  0.9955352    5.416 0.36195
  5.0 160.0  0.0929945  0.9956666    5.336 0.36167
  5.0 162.0  0.0915577  0.9957998    5.253 0.36141
  5.0 164.0  0.0900832  0.9959342    5.168 0.36117
  5.0 166.0  0.0885738  0.9960696    5.082 0.36095
  5.0 168.0  0.0870321  0.9962055    4.993 0.36074
  5.0 170.0  0.0854610  0.9963415    4.903 0.36056
  5.0 172.0  0.0838635  0.9964773    4.811 0.36040
  5.0 174.0  0.0822426  0.9966123    4.717 0.36025
  5.0 176.0  0.0806015  0.9967464    4.623 0.36013
  5.0 178.0  0.0789463  0.9968789    4.528 0.36002
  5.0 180.0  0.0772712  0.9970101    4.432 0.35994
  5.0 182.0  0.0755886  0.9971391    4.335 0.35988
  5.0 184.0  0.0738987  0.9972658    4.238 0.35983
  5.0 186.0  0.0722049  0.9973898    4.141 0.35981
  5.0 188.0  0.0705106  0.9975110    4.043 0.35980
  5.0 190.0  0.0688191  0.9976292    3.946 0.35982
  5.0 192.0  0.0671338  0.9977440    3.849 0.35986
  5.0 194.0  0.0654580  0.9978553    3.753 0.35992
  5.0 196.0  0.0637951  0.9979630    3.658 0.35999
  5.0 198.0  0.0621484  0.9980669    3.563 0.36009
  5.0 200.0  0.0605211  0.9981669    3.470 0.36021
  5.0 202.0  0.0589164  0.9982629    3.378 0.36035
  5.0 204.0  0.0573375  0.9983549    3.287 0.36050
  5.0 206.0  0.0557874  0.9984427    3.198 0.36068
  5.0 208.0  0.0542692  0.9985263    3.111 0.36088
  5.0 210.0  0.0527856  0.9986059    3.026 0.36110
  5.0 212.0  0.0513395  0.9986813    2.943 0.36133
  5.0 214.0  0.0499335  0.9987525    2.862 0.36159
  5.0 216.0  0.0485703  0.9988198    2.784 0.36187
  5.0 218.0  0.0472523  0.9988830    2.708 0.36216
  5.0 220.0  0.0459817  0.9989423    2.635 0.36248
  5.0 222.0  0.0447607  0.9989977    2.565 0.36281
  5.0 224.0  0.0435913  0.9990494    2.498 0.36317
  5.0 226.0  0.0424755  0.9990975    2.434 0.36354
  5.0 228.0  0.0414149  0.9991420    2.374 0.36393
  5.0 230.0  0.0404111  0.9991831    2.316 0.36434
  5.0 232.0  0.0394655  0.9992209    2.262 0.36476
  5.0 234.0  0.0385792  0.9992555    2.211 0.36520
  5.0 236.0  0.0377535  0.9992871    2.164 0.36566
  5.0 238.0  0.0369890  0.9993157    2.120 0.36614
  5.0 240.0  0.0362866  0.9993414    2.080 0.36663
  5.0 242.0  0.0356469  0.9993644    2.043 0.36714
  5.0 244.0  0.0350701  0.9993849    2.010 0.36766
  5.0 246.0  0.0345565  0.9994027    1.980 0.36820
  5.0 248.0  0.0341062  0.9994182    1.955 0.36875
  5.0 250.0  0.0337190  0.9994314    1.932 0.36932
  5.0 252.0  0.0333946  0.9994422    1.914 0.36989
  5.0 254.0  0.0331326  0.9994510    1.899 0.37048
  5.0 256.0  0.0329325  0.9994576    1.887 0.37109
  5.0 258.0  0.0327934  0.9994622    1.879 0.37170
  5.0 260.0  0.0327145  0.9994647    1.875 0.37232
  5.0 262.0  0.0326948  0.9994654    1.874 0.37296
  5.0 264.0  0.0327331  0.9994641    1.876 0.37360
  5.0 266.0  0.0328282  0.9994610    1.881 0.37425
  5.0 268.0  0.0329787  0.9994561    1.890 0.37491
  5.0 270.0  0.0331831  0.9994493    1.902 0.37558
  5.0 272.0  0.0334399  0.9994407    1.916 0.37625
  5.0 274.0  0.0337473  0.9994304    1.934 0.37692
  5.0 276.0  0.0341036  0.9994183    1.954 0.37760
  5.0 278.0  0.0345071  0.9994045    1.978 0.37829
  5.0 280.0  0.0349558  0.9993889    2.003 0.37898
  5.0 282.0  0.0354477  0.9993715    2.031 0.37966
  5.0 284.0  0.0359810  0.9993525    2.062 0.38035
  5.0 286.0  0.0365536  0.9993317    2.095 0.38104
  5.0 288.0  0.0371634  0.9993092    2.130 0.38173
  5.0 290.0  0.0378085  0.9992850    2.167 0.38242
  5.0 292.0  0.0384867  0.9992591    2.206 0.38311
  5.0 294.0  0.0391960  0.9992315    2.246 0.38379
  5.0 296.0  0.0399344  0.9992023    2.289 0.38447
  5.0 298.0  0.0406998  0.9991714    2.333 0.38514
  5.0 300.0  0.0414903  0.9991389    2.378 0.38580
  5.0 302.0  0.0423038  0.9991048    2.425 0.38646
  5.0 304.0  0.0431385  0.9990691    2.472 0.38711
  5.0 306.0  0.0439926  0.9990319    2.521 0.38776
  5.0 308.0  0.0448641  0.9989931    2.571 0.38839
  5.0 310.0  0.0457514  0.9989529    2.622 0.38901
  5.0 312.0  0.0466527  0.9989112    2.674 0.38962
  5.0 314.0  0.0475665  0.9988681    2.726 0.39022
  5.0 316.0  0.0484913  0.9988236    2.779 0.39080
  5.0 318.0  0.0494256  0.9987778    2.833 0.39138
  5.0 320.0  0.0503681  0.9987307    2.887 0.39193
  5.0 322.0  0.0513174  0.9986824    2.942 0.39247
  5.0 324.0  0.0522724  0.9986329    2.996 0.39300
  5.0 326.0  0.0532321  0.9985822    3.051 0.39351
  5.0 328.0  0.0541954  0.9985303    3.107 0.39400
  5.0 330.0  0.0551615  0.9984774    3.162 0.39447
  5.0 332.0  0.0561295  0.9984235    3.218 0.39492
  5.0 334.0  0.0570987  0.9983685    3.273 0.39535
  5.0 336.0  0.0580685  0.9983126    3.329 0.39576
  5.0 338.0  0.0590385  0.9982557    3.385 0.39616
  5.0 340.0  0.0600080  0.9981979    3.440 0.39652
  5.0 342.0  0.0609769  0.9981392    3.496 0.39687
  5.0 344.0  0.0619448  0.9980796    3.551 0.39719
  5.0 346.0  0.0629114  0.9980191    3.607 0.39749
  5.0 348.0  0.0638768  0.9979578    3.662 0.39777
  5.0 350.0  0.0648407  0.9978956    3.718 0.39802
  5.0 352.0  0.0658032  0.9978326    3.773 0.39825
  5.0 354.0  0.0667643  0.9977688    3.828 0.39845
  5.0 356.0  0.0677242  0.9977041    3.883 0.39863
  5.0 358.0  0.0686829  0.9976385    3.938 0.39878
  5.0 360.0  0.0696406  0.9975721    3.993 0.39890
  7.0   0.0  0.0697103  0.9975673    3.997 0.40743
  7.0   2.0  0.0708255  0.9974887    4.061 0.40758
  7.0   4.0  0.0719340  0.9974094    4.125 0.40769
  7.0   6.0  0.0730432  0.9973288    4.189 0.40776
  7.0   8.0  0.0741526  0.9972469    4.253 0.40779
  7.0  10.0  0.0752636  0.9971637    4.316 0.40779
  7.0  12.0  0.0763776  0.9970790    4.380 0.40775
  7.0  14.0  0.0774959  0.9969927    4.445 0.40766
  7.0  16.0  0.0786198  0.9969047    4.509 0.40754
  7.0  18.0  0.0797506  0.9968148    4.574 0.40739
  7.0  20.0  0.0808894  0.9967231    4.640 0.40719
  7.0  22.0  0.0820373  0.9966293    4.706 0.40695
  7.0  24.0  0.0831951  0.9965333    4.772 0.40668
  7.0  26.0  0.0843638  0.9964350    4.839 0.40637
  7.0  28.0  0.0855439  0.9963344    4.907 0.40602
  7.0  30.0  0.0867360  0.9962313    4.976 0.40564
  7.0  32.0  0.0879405  0.9961257    5.045 0.40521
  7.0  34.0  0.0891575  0.9960175    5.115 0.40476
  7.0  36.0  0.0903871  0.9959067    5.186 0.40427
  7.0  38.0  0.0916291  0.9957932    5.257 0.40374
  7.0  40.0  0.0928831  0.9956770    5.329 0.40318
  7.0  42.0  0.0941491  0.9955581    5.402 0.40259
  7.0  44.0  0.0954254  0.9954366    5.476 0.40196
  7.0  46.0  0.0967115  0.9953125    5.550 0.40131
  7.0  48.0  0.0980063  0.9951858    5.624 0.40062
  7.0  50.0  0.0993084  0.9950567    5.699 0.39991
  7.0  52.0  0.1006163  0.9949253    5.775 0.39917
  7.0  54.0  0.1019283  0.9947917    5.850 0.39840
  7.0  56.0  0.1032424  0.9946562    5.926 0.39761
  7.0  58.0  0.1045565  0.9945189    6.002 0.39679
  7.0  60.0  0.1058683  0.9943802    6.077 0.39595
  7.0  62.0  0.1071754  0.9942401    6.153 0.39509
  7.0  64.0  0.1084751  0.9940992    6.227 0.39421
  7.0  66.0  0.1097647  0.9939576    6.302 0.39331
  7.0  68.0  0.1110411  0.9938158    6.375 0.39240
  7.0  70.0  0.1123014  0.9936742    6.448 0.39147
  7.0  72.0  0.1135424  0.9935332    6.520 0.39053
  7.0  74.0  0.1147607  0.9933932    6.590 0.38957
  7.0  76.0  0.1159529  0.9932547    6.659 0.38860
  7.0  78.0  0.1171156  0.9931183    6.726 0.38763
  7.0  80.0  0.1182453  0.9929844    6.791 0.38664
  7.0  82.0  0.1193382  0.9928537    6.854 0.38565
  7.0  84.0  0.1203909  0.9927266    6.915 0.38466
  7.0  86.0  0.1213995  0.9926037    6.973 0.38367
  7.0  88.0  0.1223606  0.9924857    7.028 0.38267
  7.0  90.0  0.1232704  0.9923731    7.081 0.38167
  7.0  92.0  0.1241253  0.9922666    7.130 0.38068
  7.0  94.0  0.1249217  0.9921666    7.176 0.37969
  7.0  96.0  0.1256561  0.9920739    7.219 0.37870
  7.0  98.0  0.1263250  0.9919889    7.257 0.37772
  7.0 100.0  0.1269252  0.9919123    7.292 0.37675
  7.0 102.0  0.1274534  0.9918446    7.322 0.37578
  7.0 104.0  0.1279064  0.9917862    7.349 0.37483
  7.0 106.0  0.1282814  0.9917378    7.370 0.37389
  7.0 108.0  0.1285754  0.9916997    7.387 0.37296
  7.0 110.0  0.1287858  0.9916724    7.399 0.37204
  7.0 112.0  0.1289102  0.9916563    7.407 0.37114
  7.0 114.0  0.1289463  0.9916516    7.409 0.37026
  7.0 116.0  0.1288921  0.9916586    7.406 0.36939
  7.0 118.0  0.1287456  0.9916777    7.397 0.36854
  7.0 120.0  0.1285052  0.9917088    7.383 0.36771
  7.0 122.0  0.1281696  0.9917523    7.364 0.36690
  7.0 124.0  0.1277376  0.9918080    7.339 0.36611
  7.0 126.0  0.1272084  0.9918760    7.308 0.36534
  7.0 128.0  0.1265801  0.9919564    7.272 0.36459
  7.0 130.0  0.1258547  0.9920487    7.230 0.36386
  7.0 132.0  0.1250311  0.9921528    7.183 0.36316
  7.0 134.0  0.1241093  0.9922686    7.129 0.36248
  7.0 136.0  0.1230899  0.9923955    7.070 0.36182
  7.0 138.0  0.1219735  0.9925334    7.006 0.36119
  7.0 140.0  0.1207612  0.9926816    6.936 0.36058
  7.0 142.0  0.1194543  0.9928397    6.861 0.35999
  7.0 144.0  0.1180545  0.9930071    6.780 0.35943
  7.0 146.0  0.1165634  0.9931832    6.694 0.35890
  7.0 148.0  0.1149834  0.9933674    6.603 0.35839
  7.0 150.0  0.1133168  0.9935589    6.507 0.35790
  7.0 152.0  0.1115662  0.9937570    6.406 0.35744
  7.0 154.0  0.1097346  0.9939609    6.300 0.35701
  7.0 156.0  0.1078251  0.9941699    6.190 0.35660
  7.0 158.0  0.1058413  0.9943830    6.076 0.35621
  7.0 160.0  0.1037866  0.9945996    5.957 0.35586
  7.0 162.0  0.1016651  0.9948187    5.835 0.35552
  7.0 164.0  0.0994808  0.9950395    5.709 0.35521
  7.0 166.0  0.0972380  0.9952612    5.580 0.35493
  7.0 168.0  0.0949412  0.9954829    5.448 0.35467
  7.0 170.0  0.0925950  0.9957039    5.313 0.35444
  7.0 172.0  0.0902044  0.9959233    5.175 0.35423
  7.0 174.0  0.0877743  0.9961404    5.036 0.35405
  7.0 176.0  0.0853098  0.9963545    4.894 0.35389
  7.0 178.0  0.0828162  0.9965648    4.750 0.35376
  7.0 180.0  0.0802988  0.9967708    4.606 0.35366
  7.0 182.0  0.0777631  0.9969719    4.460 0.35357
  7.0 184.0  0.0752147  0.9971674    4.314 0.35352
  7.0 186.0  0.0726590  0.9973568    4.167 0.35349
  7.0 188.0  0.0701017  0.9975398    4.020 0.35348
  7.0 190.0  0.0675485  0.9977160    3.873 0.35350
  7.0 192.0  0.0650050  0.9978849    3.727 0.35355
  7.0 194.0  0.0624768  0.9980464    3.582 0.35362
  7.0 196.0  0.0599695  0.9982002    3.438 0.35372
  7.0 198.0  0.0574887  0.9983462    3.296 0.35384
  7.0 200.0  0.0550398  0.9984842    3.155 0.35399
  7.0 202.0  0.0526282  0.9986142    3.017 0.35416
  7.0 204.0  0.0502592  0.9987362    2.881 0.35436
  7.0 206.0  0.0479379  0.9988503    2.748 0.35459
  7.0 208.0  0.0456694  0.9989566    2.618 0.35484
  7.0 210.0  0.0434583  0.9990552    2.491 0.35513
  7.0 212.0  0.0413095  0.9991464    2.368 0.35543
  7.0 214.0  0.0392273  0.9992303    2.248 0.35576
  7.0 216.0  0.0372159  0.9993072    2.133 0.35612
  7.0 218.0  0.0352795  0.9993775    2.022 0.35651
  7.0 220.0  0.0334218  0.9994413    1.915 0.35692
  7.0 222.0  0.0316463  0.9994991    1.813 0.35736
  7.0 224.0  0.0299562  0.9995512    1.717 0.35782
  7.0 226.0  0.0283545  0.9995979    1.625 0.35831
  7.0 228.0  0.0268440  0.9996396    1.538 0.35883
  7.0 230.0  0.0254270  0.9996767    1.457 0.35937
  7.0 232.0  0.0241056  0.9997094    1.381 0.35993
  7.0 234.0  0.0228816  0.9997382    1.311 0.36052
  7.0 236.0  0.0217565  0.9997633    1.247 0.36114
  7.0 238.0  0.0207315  0.9997851    1.188 0.36177
  7.0 240.0  0.0198075  0.9998038    1.135 0.36244
  7.0 242.0  0.0189849  0.9998198    1.088 0.36312
  7.0 244.0  0.0182640  0.9998332    1.047 0.36382
  7.0 246.0  0.0176448  0.9998443    1.011 0.36455
  7.0 248.0  0.0171268  0.9998533    0.981 0.36530
  7.0 250.0  0.0167095  0.9998604    0.957 0.36606
  7.0 252.0  0.0163917  0.9998656    0.939 0.36685
  7.0 254.0  0.0161724  0.9998692    0.927 0.36765
  7.0 256.0  0.0160499  0.9998712    0.920 0.36847
  7.0 258.0  0.0160225  0.9998716    0.918 0.36931
  7.0 260.0  0.0160882  0.9998706    0.922 0.37016
  7.0 262.0  0.0162447  0.9998680    0.931 0.37103
  7.0 264.0  0.0164894  0.9998640    0.945 0.37191
  7.0 266.0  0.0168199  0.9998585    0.964 0.37281
  7.0 268.0  0.0172330  0.9998515    0.987 0.37371
  7.0 270.0  0.0177258  0.9998429    1.016 0.37463
  7.0 272.0  0.0182951  0.9998326    1.048 0.37556
  7.0 274.0  0.0189374  0.9998207    1.085 0.37649
  7.0 276.0  0.0196492  0.9998069    1.126 0.37743
  7.0 278.0  0.0204270  0.9997913    1.170 0.37838
  7.0 280.0  0.0212672  0.9997738    1.219 0.37933
  7.0 282.0  0.0221658  0.9997543    1.270 0.38029
  7.0 284.0  0.0231191  0.9997327    1.325 0.38125
  7.0 286.0  0.0241233  0.9997090    1.382 0.38220
  7.0 288.0  0.0251744  0.9996831    1.443 0.38316
  7.0 290.0  0.0262687  0.9996549    1.505 0.38412
  7.0 292.0  0.0274021  0.9996245    1.570 0.38508
  7.0 294.0  0.0285710  0.9995918    1.637 0.38603
  7.0 296.0  0.0297716  0.9995567    1.706 0.38697
  7.0 298.0  0.0310002  0.9995194    1.776 0.38791
  7.0 300.0  0.0322531  0.9994797    1.848 0.38885
  7.0 302.0  0.0335269  0.9994378    1.921 0.38977
  7.0 304.0  0.0348182  0.9993937    1.995 0.39068
  7.0 306.0  0.0361237  0.9993473    2.070 0.39158
  7.0 308.0  0.0374403  0.9992989    2.146 0.39247
  7.0 310.0  0.0387650  0.9992484    2.222 0.39335
  7.0 312.0  0.0400950  0.9991959    2.298 0.39421
  7.0 314.0  0.0414278  0.9991415    2.374 0.39505
  7.0 316.0  0.0427608  0.9990853    2.451 0.39588
  7.0 318.0  0.0440918  0.9990275    2.527 0.39668
  7.0 320.0  0.0454187  0.9989680    2.603 0.39747
  7.0 322.0  0.0467397  0.9989071    2.679 0.39823
  7.0 324.0  0.0480531  0.9988448    2.754 0.39898
  7.0 326.0  0.0493575  0.9987812    2.829 0.39970
  7.0 328.0  0.0506516  0.9987164    2.903 0.40039
  7.0 330.0  0.0519344  0.9986505    2.977 0.40106
  7.0 332.0  0.0532051  0.9985836    3.050 0.40171
  7.0 334.0  0.0544630  0.9985158    3.122 0.40232
  7.0 336.0  0.0557078  0.9984471    3.193 0.40291
  7.0 338.0  0.0569392  0.9983776    3.264 0.40347
  7.0 340.0  0.0581572  0.9983074    3.334 0.40399
  7.0 342.0  0.0593619  0.9982365    3.403 0.40449
  7.0 344.0  0.0605537  0.9981649    3.472 0.40495
  7.0 346.0  0.0617331  0.9980927    3.539 0.40539
  7.0 348.0  0.0629006  0.9980198    3.606 0.40578
  7.0 350.0  0.0640571  0.9979462    3.673 0.40615
  7.0 352.0  0.0652035  0.9978720    3.739 0.40648
  7.0 354.0  0.0663409  0.9977970    3.804 0.40677
  7.0 356.0  0.0674703  0.9977213    3.869 0.40703
  7.0 358.0  0.0685930  0.9976447    3.933 0.40725
  7.0 360.0  0.0697103  0.9975673    3.997 0.40743
  9.0   0.0  0.0703395  0.9975231    4.033 0.41588
  9.0   2.0  0.0714690  0.9974428    4.098 0.41608
  9.0   4.0  0.0725927  0.9973617    4.163 0.41624
  9.0   6.0  0.0737138  0.9972794    4.227 0.41634
  9.0   8.0  0.0748358  0.9971959    4.292 0.41639
  9.0  10.0  0.0759618  0.9971107    4.356 0.41640
  9.0  12.0  0.0770951  0.9970237    4.422 0.41635
  9.0  14.0  0.0782390  0.9969346    4.487 0.41626
  9.0  16.0  0.0793964  0.9968431    4.554 0.41611
  9.0  18.0  0.0805703  0.9967489    4.621 0.41592
  9.0  20.0  0.0817635  0.9966518    4.690 0.41567
  9.0  22.0  0.0829786  0.9965513    4.760 0.41538
  9.0  24.0  0.0842180  0.9964474    4.831 0.41504
  9.0  26.0  0.0854838  0.9963396    4.904 0.41464
  9.0  28.0  0.0867781  0.9962277    4.978 0.41420
  9.0  30.0  0.0881023  0.9961114    5.054 0.41371
  9.0  32.0  0.0894580  0.9959906    5.132 0.41317
  9.0  34.0  0.0908462  0.9958649    5.212 0.41258
  9.0  36.0  0.0922677  0.9957342    5.294 0.41195
  9.0  38.0  0.0937228  0.9955983    5.378 0.41127
  9.0  40.0  0.0952116  0.9954571    5.464 0.41055
  9.0  42.0  0.0967340  0.9953103    5.551 0.40978
  9.0  44.0  0.0982904  0.9951578    5.641 0.40898
  9.0  46.0  0.0998777  0.9949997    5.732 0.40813
  9.0  48.0  0.1014957  0.9948360    5.825 0.40724
  9.0  50.0  0.1031426  0.9946666    5.920 0.40631
  9.0  52.0  0.1048165  0.9944916    6.017 0.40534
  9.0  54.0  0.1065150  0.9943111    6.114 0.40434
  9.0  56.0  0.1082355  0.9941253    6.214 0.40331
  9.0  58.0  0.1099748  0.9939344    6.314 0.40225
  9.0  60.0  0.1117297  0.9937386    6.415 0.40115
  9.0  62.0  0.1134965  0.9935384    6.517 0.40003
  9.0  64.0  0.1152712  0.9933341    6.619 0.39888
  9.0  66.0  0.1170495  0.9931261    6.722 0.39771
  9.0  68.0  0.1188271  0.9929150    6.824 0.39652
  9.0  70.0  0.1205992  0.9927013    6.927 0.39530
  9.0  72.0  0.1223607  0.9924857    7.028 0.39407
  9.0  74.0  0.1241066  0.9922689    7.129 0.39282
  9.0  76.0  0.1258315  0.9920516    7.229 0.39156
  9.0  78.0  0.1275299  0.9918347    7.327 0.39029
  9.0  80.0  0.1291962  0.9916190    7.423 0.38902
  9.0  82.0  0.1308247  0.9914055    7.517 0.38773
  9.0  84.0  0.1324041  0.9911958    7.609 0.38644
  9.0  86.0  0.1339447  0.9909888    7.698 0.38515
  9.0  88.0  0.1354245  0.9907877    7.783 0.38386
  9.0  90.0  0.1368431  0.9905927    7.865 0.38257
  9.0  92.0  0.1381944  0.9904051    7.943 0.38129
  9.0  94.0  0.1394727  0.9902259    8.017 0.38001
  9.0  96.0  0.1406722  0.9900562    8.087 0.37874
  9.0  98.0  0.1417874  0.9898971    8.151 0.37748
  9.0 100.0  0.1428127  0.9897497    8.211 0.37623
  9.0 102.0  0.1437428  0.9896151    8.264 0.37500
  9.0 104.0  0.1445725  0.9894942    8.313 0.37379
  9.0 106.0  0.1452969  0.9893881    8.354 0.37259
  9.0 108.0  0.1459113  0.9892977    8.390 0.37141
  9.0 110.0  0.1464112  0.9892238    8.419 0.37025
  9.0 112.0  0.1467924  0.9891673    8.441 0.36912
  9.0 114.0  0.1470511  0.9891289    8.456 0.36800
  9.0 116.0  0.1471837  0.9891092    8.464 0.36692
  9.0 118.0  0.1471868  0.9891087    8.464 0.36585
  9.0 120.0  0.1470578  0.9891279    8.456 0.36482
  9.0 122.0  0.1467939  0.9891671    8.441 0.36381
  9.0 124.0  0.1463931  0.9892265    8.418 0.36284
  9.0 126.0  0.1458537  0.9893062    8.387 0.36189
  9.0 128.0  0.1451742  0.9894061    8.347 0.36097
  9.0 130.0  0.1443510  0.9895265    8.300 0.36008
  9.0 132.0  0.1433891  0.9896664    8.244 0.35922
  9.0 134.0  0.1422856  0.9898256    8.180 0.35840
  9.0 136.0  0.1410409  0.9900038    8.108 0.35761
  9.0 138.0  0.1396556  0.9902001    8.028 0.35685
  9.0 140.0  0.1381309  0.9904140    7.940 0.35612
  9.0 142.0  0.1364685  0.9906444    7.844 0.35542
  9.0 144.0  0.1346704  0.9908905    7.740 0.35475
  9.0 146.0  0.1327390  0.9911510    7.628 0.35412
  9.0 148.0  0.1306772  0.9914250    7.509 0.35352
  9.0 150.0  0.1284884  0.9917110    7.382 0.35295
  9.0 152.0  0.1261762  0.9920078    7.249 0.35241
  9.0 154.0  0.1237447  0.9923141    7.108 0.35191
  9.0 156.0  0.1211983  0.9926283    6.961 0.35143
  9.0 158.0  0.1185420  0.9929490    6.808 0.35099
  9.0 160.0  0.1157809  0.9932748    6.649 0.35058
  9.0 162.0  0.1129206  0.9936040    6.484 0.35019
  9.0 164.0  0.1099670  0.9939352    6.313 0.34984
  9.0 166.0  0.1069264  0.9942669    6.138 0.34951
  9.0 168.0  0.1038051  0.9945977    5.958 0.34922
  9.0 170.0  0.1006100  0.9949259    5.774 0.34895
  9.0 172.0  0.0973482  0.9952504    5.586 0.34871
  9.0 174.0  0.0940270  0.9955697    5.395 0.34850
  9.0 176.0  0.0906538  0.9958825    5.201 0.34832
  9.0 178.0  0.0872384  0.9961875    5.005 0.34817
  9.0 180.0  0.0837827  0.9964840    4.806 0.34805
  9.0 182.0  0.0803008  0.9967707    4.606 0.34795
  9.0 184.0  0.0767987  0.9970466    4.405 0.34788
  9.0 186.0  0.0732849  0.9973110    4.203 0.34785
  9.0 188.0  0.0697677  0.9975633    4.001 0.34784
  9.0 190.0  0.0662554  0.9978027    3.799 0.34786
  9.0 192.0  0.0627565  0.9980289    3.598 0.34790
  9.0 194.0  0.0592794  0.9982414    3.398 0.34798
  9.0 196.0  0.0558325  0.9984402    3.201 0.34809
  9.0 198.0  0.0524241  0.9986249    3.005 0.34823
  9.0 200.0  0.0490624  0.9987957    2.812 0.34840
  9.0 202.0  0.0457555  0.9989527    2.623 0.34860
  9.0 204.0  0.0425112  0.9990960    2.436 0.34883
  9.0 206.0  0.0393375  0.9992260    2.254 0.34909
  9.0 208.0  0.0362416  0.9993431    2.077 0.34938
  9.0 210.0  0.0332310  0.9994477    1.904 0.34971
  9.0 212.0  0.0303126  0.9995405    1.737 0.35007
  9.0 214.0  0.0274930  0.9996220    1.575 0.35046
  9.0 216.0  0.0247786  0.9996930    1.420 0.35089
  9.0 218.0  0.0221754  0.9997541    1.271 0.35134
  9.0 220.0  0.0196890  0.9998062    1.128 0.35184
  9.0 222.0  0.0173245  0.9998499    0.993 0.35236
  9.0 224.0  0.0150868  0.9998862    0.864 0.35292
  9.0 226.0  0.0129801  0.9999158    0.744 0.35351
  9.0 228.0  0.0110083  0.9999394    0.631 0.35413
  9.0 230.0  0.0091749  0.9999579    0.526 0.35479
  9.0 232.0  0.0074826  0.9999720    0.429 0.35548
  9.0 234.0  0.0059340  0.9999824    0.340 0.35620
  9.0 236.0  0.0045310  0.9999897    0.260 0.35696
  9.0 238.0  0.0032749  0.9999946    0.188 0.35774
  9.0 240.0  0.0021667  0.9999977    0.124 0.35856
  9.0 242.0  0.0012068  0.9999993    0.069 0.35940
  9.0 244.0  0.0003951  0.9999999    0.023 0.36028
  9.0 246.0 -0.0002690  1.0000000   -0.015 0.36118
  9.0 248.0 -0.0007865  0.9999997   -0.045 0.36211
  9.0 250.0 -0.0011590  0.9999993   -0.066 0.36306
  9.0 252.0 -0.0013884  0.9999990   -0.080 0.36405
  9.0 254.0 -0.0014772  0.9999989   -0.085 0.36505
  9.0 256.0 -0.0014283  0.9999990   -0.082 0.36608
  9.0 258.0 -0.0012448  0.9999992   -0.071 0.36713
  9.0 260.0 -0.0009305  0.9999996   -0.053 0.36820
  9.0 262.0 -0.0004894  0.9999999   -0.028 0.36930
  9.0 264.0  0.0000742  1.0000000    0.004 0.37041
  9.0 266.0  0.0007557  0.9999997    0.043 0.37153
  9.0 268.0  0.0015499  0.9999988    0.089 0.37268
  9.0 270.0  0.0024518  0.9999970    0.140 0.37383
  9.0 272.0  0.0034559  0.9999940    0.198 0.37500
  9.0 274.0  0.0045565  0.9999896    0.261 0.37619
  9.0 276.0  0.0057477  0.9999835    0.329 0.37738
  9.0 278.0  0.0070235  0.9999753    0.402 0.37858
  9.0 280.0  0.0083779  0.9999649    0.480 0.37978
  9.0 282.0  0.0098046  0.9999519    0.562 0.38100
  9.0 284.0  0.0112974  0.9999362    0.647 0.38221
  9.0 286.0  0.0128500  0.9999174    0.736 0.38343
  9.0 288.0  0.0144561  0.9998955    0.828 0.38465
  9.0 290.0  0.0161093  0.9998702    0.923 0.38587
  9.0 292.0  0.0178036  0.9998415    1.020 0.38709
  9.0 294.0  0.0195329  0.9998092    1.119 0.38830
  9.0 296.0  0.0212910  0.9997733    1.220 0.38951
  9.0 298.0  0.0230721  0.9997338    1.322 0.39070
  9.0 300.0  0.0248706  0.9996907    1.425 0.39189
  9.0 302.0  0.0266810  0.9996440    1.529 0.39307
  9.0 304.0  0.0284979  0.9995939    1.633 0.39424
  9.0 306.0  0.0303164  0.9995404    1.737 0.39539
  9.0 308.0  0.0321316  0.9994836    1.841 0.39653
  9.0 310.0  0.0339390  0.9994239    1.945 0.39765
  9.0 312.0  0.0357345  0.9993613    2.048 0.39876
  9.0 314.0  0.0375142  0.9992961    2.150 0.39984
  9.0 316.0  0.0392743  0.9992285    2.251 0.40090
  9.0 318.0  0.0410119  0.9991587    2.350 0.40193
  9.0 320.0  0.0427239  0.9990869    2.449 0.40294
  9.0 322.0  0.0444078  0.9990135    2.545 0.40393
  9.0 324.0  0.0460616  0.9989386    2.640 0.40488
  9.0 326.0  0.0476833  0.9988625    2.733 0.40581
  9.0 328.0  0.0492717  0.9987854    2.824 0.40671
  9.0 330.0  0.0508256  0.9987075    2.913 0.40757
  9.0 332.0  0.0523444  0.9986291    3.000 0.40840
  9.0 334.0  0.0538277  0.9985502    3.086 0.40920
  9.0 336.0  0.0552757  0.9984711    3.169 0.40996
  9.0 338.0  0.0566887  0.9983919    3.250 0.41068
  9.0 340.0  0.0580674  0.9983127    3.329 0.41137
  9.0 342.0  0.0594129  0.9982335    3.406 0.41201
  9.0 344.0  0.0607265  0.9981544    3.482 0.41262
  9.0 346.0  0.0620100  0.9980755    3.555 0.41318
  9.0 348.0  0.0632652  0.9979968    3.627 0.41370
  9.0 350.0  0.0644943  0.9979181    3.698 0.41418
  9.0 352.0  0.0656997  0.9978394    3.767 0.41461
  9.0 354.0  0.0668841  0.9977608    3.835 0.41500
  9.0 356.0  0.0680502  0.9976819    3.902 0.41534
  9.0 358.0  0.0692009  0.9976027    3.968 0.41564
  9.0 360.0  0.0703395  0.9975231    4.033 0.41588
 11.0   0.0  0.0715440  0.9974374    4.103 0.42410
 11.0   2.0  0.0725421  0.9973653    4.160 0.42436
 11.0   4.0  0.0735303  0.9972930    4.217 0.42455
 11.0   6.0  0.0745144  0.9972199    4.273 0.42469
 11.0   8.0  0.0755003  0.9971458    4.330 0.42477
 11.0  10.0  0.0764940  0.9970700    4.387 0.42480
 11.0  12.0  0.0775013  0.9969923    4.445 0.42476
 11.0  14.0  0.0785278  0.9969119    4.504 0.42466
 11.0  16.0  0.0795790  0.9968286    4.564 0.42450
 11.0  18.0  0.0806604  0.9967416    4.627 0.42428
 11.0  20.0  0.0817769  0.9966507    4.691 0.42399
 11.0  22.0  0.0829334  0.9965551    4.757 0.42365
 11.0  24.0  0.0841341  0.9964544    4.826 0.42325
 11.0  26.0  0.0853834  0.9963482    4.898 0.42278
 11.0  28.0  0.0866846  0.9962358    4.973 0.42225
 11.0  30.0  0.0880413  0.9961168    5.051 0.42167
 11.0  32.0  0.0894560  0.9959908    5.132 0.42102
 11.0  34.0  0.0909312  0.9958572    5.217 0.42032
 11.0  36.0  0.0924685  0.9957156    5.306 0.41955
 11.0  38.0  0.0940694  0.9955656    5.398 0.41873
 11.0  40.0  0.0957345  0.9954069    5.494 0.41786
 11.0  42.0  0.0974641  0.9952390    5.593 0.41693
 11.0  44.0  0.0992598  0.9950616    5.697 0.41594
 11.0  46.0  0.1011168  0.9948746    5.803 0.41490
 11.0  48.0  0.1030355  0.9946777    5.914 0.41382
 11.0  50.0  0.1050140  0.9944707    6.028 0.41268
 11.0  52.0  0.1070497  0.9942537    6.145 0.41150
 11.0  54.0  0.1091394  0.9940264    6.266 0.41027
 11.0  56.0  0.1112797  0.9937891    6.389 0.40900
 11.0  58.0  0.1134663  0.9935418    6.515 0.40769
 11.0  60.0  0.1156946  0.9932848    6.644 0.40634
 11.0  62.0  0.1179595  0.9930184    6.774 0.40496
 11.0  64.0  0.1202554  0.9927430    6.907 0.40355
 11.0  66.0  0.1225762  0.9924591    7.041 0.40210
 11.0  68.0  0.1249157  0.9921674    7.176 0.40063
 11.0  70.0  0.1272669  0.9918685    7.312 0.39913
 11.0  72.0  0.1296228  0.9915634    7.448 0.39761
 11.0  74.0  0.1319759  0.9912529    7.584 0.39607
 11.0  76.0  0.1343184  0.9909382    7.719 0.39452
 11.0  78.0  0.1366424  0.9906204    7.854 0.39295
 11.0  80.0  0.1389396  0.9903009    7.986 0.39138
 11.0  82.0  0.1412017  0.9899808    8.117 0.38979
 11.0  84.0  0.1434202  0.9896619    8.246 0.38821
 11.0  86.0  0.1455865  0.9893455    8.371 0.38662
 11.0  88.0  0.1476919  0.9890334    8.493 0.38503
 11.0  90.0  0.1497278  0.9887273    8.611 0.38345
 11.0  92.0  0.1516854  0.9884288    8.725 0.38188
 11.0  94.0  0.1535563  0.9881399    8.833 0.38032
 11.0  96.0  0.1553319  0.9878623    8.936 0.37877
 11.0  98.0  0.1570039  0.9875980    9.033 0.37724
 11.0 100.0  0.1585642  0.9873487    9.124 0.37572
 11.0 102.0  0.1600048  0.9871162    9.207 0.37423
 11.0 104.0  0.1613180  0.9869025    9.283 0.37275
 11.0 106.0  0.1624965  0.9867091    9.352 0.37131
 11.0 108.0  0.1635332  0.9865378    9.412 0.36989
 11.0 110.0  0.1644215  0.9863902    9.464 0.36850
 11.0 112.0  0.1651549  0.9862676    9.506 0.36713
 11.0 114.0  0.1657276  0.9861716    9.540 0.36581
 11.0 116.0  0.1661342  0.9861031    9.563 0.36451
 11.0 118.0  0.1663698  0.9860634    9.577 0.36325
 11.0 120.0  0.1664298  0.9860533    9.580 0.36203
 11.0 122.0  0.1663104  0.9860734    9.573 0.36084
 11.0 124.0  0.1660081  0.9861244    9.556 0.35970
 11.0 126.0  0.1655200  0.9862064    9.527 0.35859
 11.0 128.0  0.1648440  0.9863197    9.488 0.35752
 11.0 130.0  0.1639726  0.9864649    9.438 0.35649
 11.0 132.0  0.1629162  0.9866399    9.376 0.35551
 11.0 134.0  0.1616684  0.9868451    9.304 0.35456
 11.0 136.0  0.1602294  0.9870798    9.220 0.35365
 11.0 138.0  0.1585998  0.9873430    9.126 0.35279
 11.0 140.0  0.1567809  0.9876334    9.020 0.35197
 11.0 142.0  0.1547747  0.9879498    8.904 0.35118
 11.0 144.0  0.1525836  0.9882906    8.777 0.35044
 11.0 146.0  0.1502107  0.9886540    8.639 0.34974
 11.0 148.0  0.1476598  0.9890382    8.491 0.34907
 11.0 150.0  0.1449350  0.9894412    8.334 0.34844
 11.0 152.0  0.1420412  0.9898607    8.166 0.34786
 11.0 154.0  0.1389838  0.9902947    7.989 0.34730
 11.0 156.0  0.1357687  0.9907406    7.803 0.34679
 11.0 158.0  0.1324023  0.9911961    7.608 0.34631
 11.0 160.0  0.1288915  0.9916587    7.406 0.34586
 11.0 162.0  0.1252439  0.9921260    7.195 0.34545
 11.0 164.0  0.1214674  0.9925954    6.977 0.34507
 11.0 166.0  0.1175701  0.9930646    6.752 0.34472
 11.0 168.0  0.1135611  0.9935310    6.521 0.34441
 11.0 170.0  0.1094494  0.9939924    6.284 0.34412
 11.0 172.0  0.1052445  0.9944464    6.041 0.34387
 11.0 174.0  0.1009565  0.9948908    5.794 0.34364
 11.0 176.0  0.0965955  0.9953237    5.543 0.34345
 11.0 178.0  0.0921721  0.9957431    5.289 0.34328
 11.0 180.0  0.0876971  0.9961472    5.031 0.34315
 11.0 182.0  0.0831815  0.9965344    4.771 0.34304
 11.0 184.0  0.0786366  0.9969033    4.510 0.34297
 11.0 186.0  0.0740738  0.9972528    4.248 0.34292
 11.0 188.0  0.0695047  0.9975816    3.986 0.34290
 11.0 190.0  0.0649408  0.9978891    3.723 0.34292
 11.0 192.0  0.0603939  0.9981746    3.462 0.34296
 11.0 194.0  0.0558757  0.9984377    3.203 0.34304
 11.0 196.0  0.0513980  0.9986783    2.946 0.34314
 11.0 198.0  0.0469722  0.9988962    2.692 0.34329
 11.0 200.0  0.0426099  0.9990918    2.442 0.34346
 11.0 202.0  0.0383225  0.9992654    2.196 0.34367
 11.0 204.0  0.0341210  0.9994177    1.955 0.34392
 11.0 206.0  0.0300164  0.9995494    1.720 0.34420
 11.0 208.0  0.0260192  0.9996614    1.491 0.34452
 11.0 210.0  0.0221396  0.9997549    1.269 0.34487
 11.0 212.0  0.0183874  0.9998309    1.054 0.34527
 11.0 214.0  0.0147720  0.9998909    0.846 0.34570
 11.0 216.0  0.0113023  0.9999361    0.648 0.34618
 11.0 218.0  0.0079866  0.9999681    0.458 0.34669
 11.0 220.0  0.0048328  0.9999883    0.277 0.34725
 11.0 222.0  0.0018480  0.9999983    0.106 0.34784
 11.0 224.0 -0.0009611  0.9999995   -0.055 0.34848
 11.0 226.0 -0.0035887  0.9999936   -0.206 0.34916
 11.0 228.0 -0.0060295  0.9999818   -0.345 0.34988
 11.0 230.0 -0.0082791  0.9999657   -0.474 0.35064
 11.0 232.0 -0.0103335  0.9999466   -0.592 0.35144
 11.0 234.0 -0.0121898  0.9999257   -0.698 0.35228
 11.0 236.0 -0.0138455  0.9999041   -0.793 0.35317
 11.0 238.0 -0.0152992  0.9998830   -0.877 0.35409
 11.0 240.0 -0.0165499  0.9998630   -0.948 0.35505
 11.0 242.0 -0.0175976  0.9998451   -1.008 0.35605
 11.0 244.0 -0.0184429  0.9998299   -1.057 0.35708
 11.0 246.0 -0.0190871  0.9998178   -1.094 0.35815
 11.0 248.0 -0.0195322  0.9998092   -1.119 0.35925
 11.0 250.0 -0.0197810  0.9998043   -1.133 0.36039
 11.0 252.0 -0.0198369  0.9998032   -1.137 0.36156
 11.0 254.0 -0.0197040  0.9998059   -1.129 0.36275
 11.0 256.0 -0.0193867  0.9998121   -1.111 0.36398
 11.0 258.0 -0.0188904  0.9998216   -1.082 0.36524
 11.0 260.0 -0.0182209  0.9998340   -1.044 0.36652
 11.0 262.0 -0.0173843  0.9998489   -0.996 0.36782
 11.0 264.0 -0.0163874  0.9998657   -0.939 0.36915
 11.0 266.0 -0.0152375  0.9998839   -0.873 0.37050
 11.0 268.0 -0.0139421  0.9999028   -0.799 0.37187
 11.0 270.0 -0.0125092  0.9999218   -0.717 0.37325
 11.0 272.0 -0.0109470  0.9999401   -0.627 0.37466
 11.0 274.0 -0.0092640  0.9999571   -0.531 0.37607
 11.0 276.0 -0.0074692  0.9999721   -0.428 0.37750
 11.0 278.0 -0.0055714  0.9999845   -0.319 0.37894
 11.0 280.0 -0.0035797  0.9999936   -0.205 0.38039
 11.0 282.0 -0.0015035  0.9999989   -0.086 0.38184
 11.0 284.0  0.0006481  0.9999998    0.037 0.38331
 11.0 286.0  0.0028656  0.9999959    0.164 0.38477
 11.0 288.0  0.0051399  0.9999868    0.294 0.38624
 11.0 290.0  0.0074617  0.9999722    0.428 0.38770
 11.0 292.0  0.0098219  0.9999518    0.563 0.38917
 11.0 294.0  0.0122116  0.9999254    0.700 0.39062
 11.0 296.0  0.0146219  0.9998931    0.838 0.39208
 11.0 298.0  0.0170445  0.9998547    0.977 0.39352
 11.0 300.0  0.0194709  0.9998104    1.116 0.39496
 11.0 302.0  0.0218934  0.9997603    1.254 0.39638
 11.0 304.0  0.0243042  0.9997046    1.393 0.39779
 11.0 306.0  0.0266963  0.9996436    1.530 0.39918
 11.0 308.0  0.0290627  0.9995776    1.665 0.40055
 11.0 310.0  0.0313971  0.9995070    1.799 0.40191
 11.0 312.0  0.0336935  0.9994322    1.931 0.40324
 11.0 314.0  0.0359467  0.9993537    2.060 0.40454
 11.0 316.0  0.0381516  0.9992720    2.186 0.40583
 11.0 318.0  0.0403040  0.9991875    2.310 0.40708
 11.0 320.0  0.0423998  0.9991007    2.430 0.40830
 11.0 322.0  0.0444360  0.9990122    2.547 0.40950
 11.0 324.0  0.0464098  0.9989225    2.660 0.41065
 11.0 326.0  0.0483191  0.9988320    2.770 0.41178
 11.0 328.0  0.0501623  0.9987411    2.875 0.41287
 11.0 330.0  0.0519385  0.9986503    2.977 0.41391
 11.0 332.0  0.0536473  0.9985599    3.075 0.41492
 11.0 334.0  0.0552890  0.9984704    3.169 0.41589
 11.0 336.0  0.0568642  0.9983819    3.260 0.41682
 11.0 338.0  0.0583743  0.9982948    3.347 0.41770
 11.0 340.0  0.0598210  0.9982091    3.430 0.41853
 11.0 342.0  0.0612069  0.9981251    3.509 0.41932
 11.0 344.0  0.0625347  0.9980428    3.585 0.42006
 11.0 346.0  0.0638076  0.9979622    3.658 0.42075
 11.0 348.0  0.0650295  0.9978833    3.729 0.42139
 11.0 350.0  0.0662045  0.9978061    3.796 0.42197
 11.0 352.0  0.0673371  0.9977303    3.861 0.42251
 11.0 354.0  0.0684321  0.9976558    3.924 0.42299
 11.0 356.0  0.0694947  0.9975823    3.985 0.42341
 11.0 358.0  0.0705301  0.9975097    4.044 0.42378
 11.0 360.0  0.0715440  0.9974374    4.103 0.42410
 13.0   0.0  0.0733447  0.9973067    4.206 0.43191
 13.0   2.0  0.0740551  0.9972542    4.247 0.43223
 13.0   4.0  0.0747503  0.9972023    4.287 0.43247
 13.0   6.0  0.0754396  0.9971504    4.326 0.43266
 13.0   8.0  0.0761323  0.9970977    4.366 0.43277
 13.0  10.0  0.0768377  0.9970436    4.407 0.43281
 13.0  12.0  0.0775651  0.9969873    4.449 0.43279
 13.0  14.0  0.0783233  0.9969280    4.492 0.43270
 13.0  16.0  0.0791212  0.9968650    4.538 0.43253
 13.0  18.0  0.0799671  0.9967975    4.587 0.43230
 13.0  20.0  0.0808690  0.9967247    4.639 0.43199
 13.0  22.0  0.0818345  0.9966459    4.694 0.43161
 13.0  24.0  0.0828707  0.9965603    4.754 0.43117
 13.0  26.0  0.0839841  0.9964671    4.818 0.43064
 13.0  28.0  0.0851806  0.9963655    4.886 0.43005
 13.0  30.0  0.0864655  0.9962548    4.960 0.42939
 13.0  32.0  0.0878434  0.9961343    5.040 0.42865
 13.0  34.0  0.0893181  0.9960032    5.124 0.42784
 13.0  36.0  0.0908928  0.9958607    5.215 0.42697
 13.0  38.0  0.0925699  0.9957062    5.311 0.42602
 13.0  40.0  0.0943509  0.9955390    5.414 0.42501
 13.0  42.0  0.0962367  0.9953585    5.523 0.42393
 13.0  44.0  0.0982304  0.9951637    5.637 0.42278
 13.0  46.0  0.1003249  0.9949547    5.758 0.42157
 13.0  48.0  0.1025217  0.9947308    5.884 0.42030
 13.0  50.0  0.1048184  0.9944914    6.017 0.41897
 13.0  52.0  0.1072117  0.9942362    6.155 0.41758
 13.0  54.0  0.1096977  0.9939650    6.298 0.41614
 13.0  56.0  0.1122716  0.9936776    6.446 0.41464
 13.0  58.0  0.1149279  0.9933738    6.599 0.41309
 13.0  60.0  0.1176605  0.9930539    6.757 0.41150
 13.0  62.0  0.1204624  0.9927179    6.919 0.40986
 13.0  64.0  0.1233262  0.9923662    7.084 0.40819
 13.0  66.0  0.1262437  0.9919993    7.253 0.40647
 13.0  68.0  0.1292061  0.9916178    7.424 0.40472
 13.0  70.0  0.1322042  0.9912225    7.597 0.40295
 13.0  72.0  0.1352283  0.9908145    7.772 0.40114
 13.0  74.0  0.1382682  0.9903948    7.948 0.39932
 13.0  76.0  0.1413131  0.9899649    8.124 0.39747
 13.0  78.0  0.1443523  0.9895264    8.300 0.39561
 13.0  80.0  0.1473743  0.9890808    8.475 0.39374
 13.0  82.0  0.1503678  0.9886301    8.648 0.39186
 13.0  84.0  0.1533209  0.9881765    8.819 0.38998
 13.0  86.0  0.1562219  0.9877220    8.988 0.38810
 13.0  88.0  0.1590587  0.9872691    9.152 0.38622
 13.0  90.0  0.1618195  0.9868204    9.313 0.38436
 13.0  92.0  0.1644923  0.9863784    9.468 0.38250
 13.0  94.0  0.1670652  0.9859458    9.617 0.38066
 13.0  96.0  0.1695265  0.9855256    9.760 0.37883
 13.0  98.0  0.1718646  0.9851206    9.896 0.37703
 13.0 100.0  0.1740683  0.9847336   10.024 0.37525
 13.0 102.0  0.1761266  0.9843675   10.144 0.37350
 13.0 104.0  0.1780287  0.9840253   10.255 0.37178
 13.0 106.0  0.1797645  0.9837097   10.356 0.37009
 13.0 108.0  0.1813241  0.9834234   10.447 0.36843
 13.0 110.0  0.1826982  0.9831691   10.527 0.36682
 13.0 112.0  0.1838779  0.9829491   10.596 0.36524
 13.0 114.0  0.1848551  0.9827658   10.653 0.36371
 13.0 116.0  0.1856221  0.9826212   10.697 0.36222
 13.0 118.0  0.1861719  0.9825172   10.729 0.36078
 13.0 120.0  0.1864982  0.9824553   10.748 0.35938
 13.0 122.0  0.1865954  0.9824368   10.754 0.35803
 13.0 124.0  0.1864585  0.9824628   10.746 0.35673
 13.0 126.0  0.1860834  0.9825340   10.724 0.35548
 13.0 128.0  0.1854667  0.9826505   10.688 0.35428
 13.0 130.0  0.1846058  0.9828126   10.638 0.35313
 13.0 132.0  0.1834890  0.9830218   10.573 0.35203
 13.0 134.0  0.1821354  0.9832735   10.494 0.35098
 13.0 136.0  0.1805345  0.9835687   10.401 0.34999
 13.0 138.0  0.1786868  0.9839060   10.293 0.34904
 13.0 140.0  0.1765939  0.9842838   10.171 0.34815
 13.0 142.0  0.1742577  0.9847001   10.035 0.34730
 13.0 144.0  0.1716815  0.9851525    9.886 0.34650
 13.0 146.0  0.1688688  0.9856385    9.722 0.34575
 13.0 148.0  0.1658243  0.9861553    9.545 0.34505
 13.0 150.0  0.1625533  0.9866998    9.355 0.34439
 13.0 152.0  0.1590617  0.9872686    9.152 0.34378
 13.0 154.0  0.1553565  0.9878585    8.937 0.34321
 13.0 156.0  0.1514450  0.9884657    8.711 0.34267
 13.0 158.0  0.1473355  0.9890866    8.473 0.34218
 13.0 160.0  0.1430367  0.9897174    8.224 0.34173
 13.0 162.0  0.1385583  0.9903543    7.964 0.34131
 13.0 164.0  0.1339102  0.9909935    7.696 0.34093
 13.0 166.0  0.1291032  0.9916312    7.418 0.34058
 13.0 168.0  0.1241484  0.9922637    7.132 0.34026
 13.0 170.0  0.1190578  0.9928873    6.838 0.33997
 13.0 172.0  0.1138437  0.9934987    6.537 0.33972
 13.0 174.0  0.1085187  0.9940944    6.230 0.33949
 13.0 176.0  0.1030963  0.9946714    5.917 0.33929
 13.0 178.0  0.0975899  0.9952267    5.600 0.33912
 13.0 180.0  0.0920137  0.9957577    5.279 0.33898
 13.0 182.0  0.0863820  0.9962621    4.956 0.33886
 13.0 184.0  0.0807096  0.9967377    4.629 0.33877
 13.0 186.0  0.0750114  0.9971827    4.302 0.33872
 13.0 188.0  0.0693026  0.9975957    3.974 0.33869
 13.0 190.0  0.0635985  0.9979756    3.646 0.33869
 13.0 192.0  0.0579146  0.9983215    3.320 0.33872
 13.0 194.0  0.0522665  0.9986332    2.996 0.33878
 13.0 196.0  0.0466697  0.9989104    2.675 0.33888
 13.0 198.0  0.0411396  0.9991534    2.358 0.33901
 13.0 200.0  0.0356917  0.9993628    2.045 0.33918
 13.0 202.0  0.0303411  0.9995396    1.739 0.33938
 13.0 204.0  0.0251028  0.9996849    1.438 0.33963
 13.0 206.0  0.0199913  0.9998002    1.145 0.33991
 13.0 208.0  0.0150209  0.9998872    0.861 0.34024
 13.0 210.0  0.0102054  0.9999479    0.585 0.34061
 13.0 212.0  0.0055579  0.9999846    0.318 0.34103
 13.0 214.0  0.0010911  0.9999994    0.063 0.34149
 13.0 216.0 -0.0031832  0.9999949   -0.182 0.34200
 13.0 218.0 -0.0072537  0.9999737   -0.416 0.34255
 13.0 220.0 -0.0111099  0.9999383   -0.637 0.34316
 13.0 222.0 -0.0147424  0.9998913   -0.845 0.34382
 13.0 224.0 -0.0181425  0.9998354   -1.040 0.34452
 13.0 226.0 -0.0213023  0.9997731   -1.221 0.34528
 13.0 228.0 -0.0242152  0.9997068   -1.388 0.34609
 13.0 230.0 -0.0268754  0.9996388   -1.540 0.34695
 13.0 232.0 -0.0292781  0.9995713   -1.678 0.34785
 13.0 234.0 -0.0314196  0.9995063   -1.801 0.34881
 13.0 236.0 -0.0332972  0.9994455   -1.908 0.34981
 13.0 238.0 -0.0349093  0.9993905   -2.001 0.35087
 13.0 240.0 -0.0362554  0.9993426   -2.078 0.35197
 13.0 242.0 -0.0373358  0.9993028   -2.140 0.35311
 13.0 244.0 -0.0381519  0.9992720   -2.186 0.35430
 13.0 246.0 -0.0387062  0.9992506   -2.218 0.35553
 13.0 248.0 -0.0390022  0.9992391   -2.235 0.35680
 13.0 250.0 -0.0390440  0.9992375   -2.238 0.35811
 13.0 252.0 -0.0388370  0.9992456   -2.226 0.35946
 13.0 254.0 -0.0383871  0.9992629   -2.200 0.36084
 13.0 256.0 -0.0377013  0.9992891   -2.161 0.36226
 13.0 258.0 -0.0367873  0.9993231   -2.108 0.36371
 13.0 260.0 -0.0356533  0.9993642   -2.043 0.36519
 13.0 262.0 -0.0343084  0.9994113   -1.966 0.36670
 13.0 264.0 -0.0327622  0.9994632   -1.877 0.36823
 13.0 266.0 -0.0310251  0.9995186   -1.778 0.36979
 13.0 268.0 -0.0291078  0.9995763   -1.668 0.37137
 13.0 270.0 -0.0270214  0.9996349   -1.548 0.37297
 13.0 272.0 -0.0247776  0.9996930   -1.420 0.37459
 13.0 274.0 -0.0223882  0.9997494   -1.283 0.37622
 13.0 276.0 -0.0198660  0.9998027   -1.138 0.37787
 13.0 278.0 -0.0172229  0.9998517   -0.987 0.37954
 13.0 280.0 -0.0144718  0.9998953   -0.829 0.38121
 13.0 282.0 -0.0116256  0.9999324   -0.666 0.38289
 13.0 284.0 -0.0086970  0.9999622   -0.498 0.38458
 13.0 286.0 -0.0056990  0.9999838   -0.327 0.38627
 13.0 288.0 -0.0026444  0.9999965   -0.152 0.38797
 13.0 290.0  0.0004543  0.9999999    0.026 0.38966
 13.0 292.0  0.0035843  0.9999936    0.205 0.39135
 13.0 294.0  0.0067335  0.9999773    0.386 0.39304
 13.0 296.0  0.0098898  0.9999511    0.567 0.39472
 13.0 298.0  0.0130415  0.9999150    0.747 0.39639
 13.0 300.0  0.0161775  0.9998691    0.927 0.39805
 13.0 302.0  0.0192868  0.9998140    1.105 0.39969
 13.0 304.0  0.0223591  0.9997500    1.281 0.40132
 13.0 306.0  0.0253847  0.9996778    1.455 0.40293
 13.0 308.0  0.0283542  0.9995979    1.625 0.40453
 13.0 310.0  0.0312592  0.9995113    1.791 0.40609
 13.0 312.0  0.0340917  0.9994187    1.954 0.40763
 13.0 314.0  0.0368444  0.9993210    2.112 0.40915
 13.0 316.0  0.0395109  0.9992191    2.264 0.41063
 13.0 318.0  0.0420854  0.9991140    2.412 0.41208
 13.0 320.0  0.0445630  0.9990066    2.554 0.41350
 13.0 322.0  0.0469396  0.9988977    2.690 0.41488
 13.0 324.0  0.0492117  0.9987884    2.821 0.41623
 13.0 326.0  0.0513771  0.9986793    2.945 0.41753
 13.0 328.0  0.0534338  0.9985714    3.063 0.41879
 13.0 330.0  0.0553813  0.9984653    3.175 0.42001
 13.0 332.0  0.0572194  0.9983616    3.280 0.42118
 13.0 334.0  0.0589492  0.9982610    3.379 0.42230
 13.0 336.0  0.0605721  0.9981638    3.473 0.42337
 13.0 338.0  0.0620909  0.9980705    3.560 0.42439
 13.0 340.0  0.0635086  0.9979813    3.641 0.42537
 13.0 342.0  0.0648295  0.9978964    3.717 0.42628
 13.0 344.0  0.0660581  0.9978158    3.788 0.42714
 13.0 346.0  0.0672000  0.9977395    3.853 0.42795
 13.0 348.0  0.0682613  0.9976675    3.914 0.42870
 13.0 350.0  0.0692486  0.9975994    3.971 0.42939
 13.0 352.0  0.0701692  0.9975351    4.024 0.43002
 13.0 354.0  0.0710307  0.9974741    4.073 0.43058
 13.0 356.0  0.0718414  0.9974161    4.120 0.43109
 13.0 358.0  0.0726098  0.9973604    4.164 0.43153
 13.0 360.0  0.0733447  0.9973067    4.206 0.43191
 15.0   0.0  0.0757692  0.9971254    4.345 0.43916
 15.0   2.0  0.0760256  0.9971059    4.360 0.43953
 15.0   4.0  0.0762603  0.9970879    4.374 0.43983
 15.0   6.0  0.0764869  0.9970706    4.387 0.44005
 15.0   8.0  0.0767190  0.9970528    4.400 0.44021
 15.0  10.0  0.0769704  0.9970334    4.414 0.44028
 15.0  12.0  0.0772543  0.9970114    4.431 0.44028
 15.0  14.0  0.0775840  0.9969858    4.450 0.44021
 15.0  16.0  0.0779722  0.9969555    4.472 0.44006
 15.0  18.0  0.0784312  0.9969195    4.498 0.43982
 15.0  20.0  0.0789727  0.9968768    4.530 0.43951
 15.0  22.0  0.0796079  0.9968263    4.566 0.43912
 15.0  24.0  0.0803469  0.9967670    4.609 0.43865
 15.0  26.0  0.0811995  0.9966979    4.658 0.43809
 15.0  28.0  0.0821742  0.9966180    4.714 0.43745
 15.0  30.0  0.0832788  0.9965263    4.777 0.43674
 15.0  32.0  0.0845201  0.9964218    4.848 0.43593
 15.0  34.0  0.0859039  0.9963034    4.928 0.43505
 15.0  36.0  0.0874349  0.9961702    5.016 0.43408
 15.0  38.0  0.0891168  0.9960212    5.113 0.43304
 15.0  40.0  0.0909521  0.9958553    5.218 0.43191
 15.0  42.0  0.0929422  0.9956715    5.333 0.43070
 15.0  44.0  0.0950923  0.9954685    5.457 0.42942
 15.0  46.0  0.0973922  0.9952461    5.589 0.42806
 15.0  48.0  0.0998445  0.9950030    5.730 0.42662
 15.0  50.0  0.1024465  0.9947385    5.880 0.42512
 15.0  52.0  0.1051940  0.9944517    6.038 0.42354
 15.0  54.0  0.1080820  0.9941420    6.205 0.42190
 15.0  56.0  0.1111043  0.9938088    6.379 0.42019
 15.0  58.0  0.1142538  0.9934516    6.561 0.41842
 15.0  60.0  0.1175224  0.9930702    6.749 0.41660
 15.0  62.0  0.1209013  0.9926645    6.944 0.41472
 15.0  64.0  0.1243805  0.9922346    7.145 0.41279
 15.0  66.0  0.1279493  0.9917807    7.351 0.41082
 15.0  68.0  0.1315964  0.9913034    7.562 0.40881
 15.0  70.0  0.1353096  0.9908034    7.777 0.40676
 15.0  72.0  0.1390760  0.9902817    7.994 0.40468
 15.0  74.0  0.1428822  0.9897397    8.215 0.40257
 15.0  76.0  0.1467144  0.9891789    8.437 0.40044
 15.0  78.0  0.1505580  0.9886012    8.659 0.39830
 15.0  80.0  0.1543983  0.9880087    8.882 0.39614
 15.0  82.0  0.1582201  0.9874039    9.104 0.39397
 15.0  84.0  0.1620080  0.9867895    9.323 0.39180
 15.0  86.0  0.1657463  0.9861684    9.541 0.38964
 15.0  88.0  0.1694194  0.9855440    9.754 0.38747
 15.0  90.0  0.1730115  0.9849198    9.963 0.38532
 15.0  92.0  0.1765068  0.9842994   10.166 0.38319
 15.0  94.0  0.1798897  0.9836868   10.363 0.38107
 15.0  96.0  0.1831448  0.9830859   10.553 0.37898
 15.0  98.0  0.1862568  0.9825011   10.734 0.37691
 15.0 100.0  0.1892109  0.9819365   10.907 0.37488
 15.0 102.0  0.1919925  0.9813964   11.069 0.37287
 15.0 104.0  0.1945875  0.9808852   11.221 0.37091
 15.0 106.0  0.1969824  0.9804070   11.361 0.36899
 15.0 108.0  0.1991643  0.9799661   11.488 0.36711
 15.0 110.0  0.2011207  0.9795665   11.603 0.36528
 15.0 112.0  0.2028400  0.9792119   11.703 0.36350
 15.0 114.0  0.2043113  0.9789060   11.789 0.36177
 15.0 116.0  0.2055245  0.9786520   11.860 0.36010
 15.0 118.0  0.2064701  0.9784529   11.916 0.35848
 15.0 120.0  0.2071398  0.9783114   11.955 0.35692
 15.0 122.0  0.2075259  0.9782295   11.977 0.35541
 15.0 124.0  0.2076219  0.9782092   11.983 0.35397
 15.0 126.0  0.2074220  0.9782515   11.971 0.35259
 15.0 128.0  0.2069217  0.9783575   11.942 0.35127
 15.0 130.0  0.2061171  0.9785273   11.895 0.35002
 15.0 132.0  0.2049994  0.9787621   11.829 0.34882
 15.0 134.0  0.2035791  0.9790585   11.746 0.34769
 15.0 136.0  0.2018498  0.9794165   11.645 0.34662
 15.0 138.0  0.1998117  0.9798343   11.526 0.34562
 15.0 140.0  0.1974598  0.9803110   11.388 0.34467
 15.0 142.0  0.1948106  0.9808409   11.234 0.34378
 15.0 144.0  0.1918599  0.9814223   11.061 0.34295
 15.0 146.0  0.1886124  0.9820516   10.872 0.34218
 15.0 148.0  0.1850735  0.9827247   10.665 0.34146
 15.0 150.0  0.1812495  0.9834372   10.443 0.34080
 15.0 152.0  0.1771478  0.9841843   10.204 0.34018
 15.0 154.0  0.1727768  0.9849610    9.949 0.33961
 15.0 156.0  0.1681455  0.9857622    9.680 0.33909
 15.0 158.0  0.1632640  0.9865824    9.396 0.33861
 15.0 160.0  0.1581433  0.9874162    9.099 0.33817
 15.0 162.0  0.1527949  0.9882579    8.789 0.33777
 15.0 164.0  0.1472313  0.9891021    8.467 0.33740
 15.0 166.0  0.1414657  0.9899432    8.133 0.33707
 15.0 168.0  0.1355120  0.9907757    7.788 0.33676
 15.0 170.0  0.1293849  0.9915944    7.434 0.33649
 15.0 172.0  0.1230996  0.9923943    7.071 0.33625
 15.0 174.0  0.1166720  0.9931705    6.700 0.33603
 15.0 176.0  0.1101185  0.9939185    6.322 0.33583
 15.0 178.0  0.1034563  0.9946340    5.938 0.33566
 15.0 180.0  0.0967029  0.9953133    5.549 0.33552
 15.0 182.0  0.0898763  0.9959529    5.156 0.33540
 15.0 184.0  0.0829951  0.9965500    4.761 0.33530
 15.0 186.0  0.0760781  0.9971019    4.363 0.33523
 15.0 188.0  0.0691446  0.9976066    3.965 0.33518
 15.0 190.0  0.0622142  0.9980628    3.567 0.33516
 15.0 192.0  0.0553065  0.9984694    3.170 0.33517
 15.0 194.0  0.0484415  0.9988260    2.777 0.33521
 15.0 196.0  0.0416391  0.9991327    2.386 0.33529
 15.0 198.0  0.0349195  0.9993901    2.001 0.33540
 15.0 200.0  0.0283023  0.9995994    1.622 0.33554
 15.0 202.0  0.0218074  0.9997622    1.250 0.33573
 15.0 204.0  0.0154542  0.9998806    0.885 0.33595
 15.0 206.0  0.0092616  0.9999571    0.531 0.33623
 15.0 208.0  0.0032483  0.9999947    0.186 0.33655
 15.0 210.0 -0.0025678  0.9999967   -0.147 0.33692
 15.0 212.0 -0.0081695  0.9999666   -0.468 0.33734
 15.0 214.0 -0.0135403  0.9999083   -0.776 0.33782
 15.0 216.0 -0.0186648  0.9998258   -1.069 0.33835
 15.0 218.0 -0.0235283  0.9997232   -1.348 0.33894
 15.0 220.0 -0.0281175  0.9996046   -1.611 0.33959
 15.0 222.0 -0.0324200  0.9994743   -1.858 0.34030
 15.0 224.0 -0.0364248  0.9993364   -2.087 0.34107
 15.0 226.0 -0.0401220  0.9991948   -2.299 0.34190
 15.0 228.0 -0.0435035  0.9990533   -2.493 0.34279
 15.0 230.0 -0.0465618  0.9989154   -2.669 0.34374
 15.0 232.0 -0.0492916  0.9987844   -2.825 0.34475
 15.0 234.0 -0.0516884  0.9986633   -2.963 0.34582
 15.0 236.0 -0.0537495  0.9985545   -3.081 0.34695
 15.0 238.0 -0.0554734  0.9984602   -3.180 0.34814
 15.0 240.0 -0.0568600  0.9983822   -3.260 0.34938
 15.0 242.0 -0.0579108  0.9983218   -3.320 0.35067
 15.0 244.0 -0.0586282  0.9982799   -3.361 0.35201
 15.0 246.0 -0.0590163  0.9982570   -3.383 0.35340
 15.0 248.0 -0.0590802  0.9982532   -3.387 0.35484
 15.0 250.0 -0.0588263  0.9982682   -3.372 0.35632
 15.0 252.0 -0.0582620  0.9983013   -3.340 0.35785
 15.0 254.0 -0.0573961  0.9983515   -3.290 0.35941
 15.0 256.0 -0.0562380  0.9984174   -3.224 0.36101
 15.0 258.0 -0.0547983  0.9984974   -3.141 0.36265
 15.0 260.0 -0.0530885  0.9985898   -3.043 0.36432
 15.0 262.0 -0.0511209  0.9986925   -2.930 0.36602
 15.0 264.0 -0.0489086  0.9988033   -2.803 0.36774
 15.0 266.0 -0.0464652  0.9989199   -2.663 0.36950
 15.0 268.0 -0.0438053  0.9990401   -2.511 0.37127
 15.0 270.0 -0.0409437  0.9991615   -2.347 0.37307
 15.0 272.0 -0.0378959  0.9992817   -2.172 0.37489
 15.0 274.0 -0.0346778  0.9993985   -1.987 0.37673
 15.0 276.0 -0.0313056  0.9995099   -1.794 0.37858
 15.0 278.0 -0.0277958  0.9996136   -1.593 0.38044
 15.0 280.0 -0.0241651  0.9997080   -1.385 0.38232
 15.0 282.0 -0.0204305  0.9997913   -1.171 0.38420
 15.0 284.0 -0.0166087  0.9998621   -0.952 0.38609
 15.0 286.0 -0.0127168  0.9999191   -0.729 0.38799
 15.0 288.0 -0.0087716  0.9999615   -0.503 0.38989
 15.0 290.0 -0.0047897  0.9999885   -0.274 0.39179
 15.0 292.0 -0.0007876  0.9999997   -0.045 0.39368
 15.0 294.0  0.0032187  0.9999948    0.184 0.39557
 15.0 296.0  0.0072134  0.9999740    0.413 0.39746
 15.0 298.0  0.0111811  0.9999375    0.641 0.39933
 15.0 300.0  0.0151072  0.9998859    0.866 0.40119
 15.0 302.0  0.0189775  0.9998199    1.087 0.40304
 15.0 304.0  0.0227784  0.9997405    1.305 0.40486
 15.0 306.0  0.0264971  0.9996489    1.518 0.40667
 15.0 308.0  0.0301217  0.9995462    1.726 0.40845
 15.0 310.0  0.0336410  0.9994340    1.928 0.41021
 15.0 312.0  0.0370446  0.9993136    2.123 0.41194
 15.0 314.0  0.0403232  0.9991867    2.311 0.41363
 15.0 316.0  0.0434685  0.9990548    2.491 0.41530
 15.0 318.0  0.0464728  0.9989196    2.664 0.41692
 15.0 320.0  0.0493302  0.9987825    2.828 0.41851
 15.0 322.0  0.0520354  0.9986452    2.983 0.42005
 15.0 324.0  0.0545842  0.9985092    3.129 0.42156
 15.0 326.0  0.0569737  0.9983757    3.266 0.42301
 15.0 328.0  0.0592021  0.9982460    3.394 0.42442
 15.0 330.0  0.0612687  0.9981213    3.513 0.42578
 15.0 332.0  0.0631739  0.9980025    3.622 0.42708
 15.0 334.0  0.0649195  0.9978905    3.722 0.42834
 15.0 336.0  0.0665082  0.9977859    3.813 0.42954
 15.0 338.0  0.0679439  0.9976891    3.896 0.43068
 15.0 340.0  0.0692317  0.9976006    3.970 0.43176
 15.0 342.0  0.0703776  0.9975204    4.036 0.43279
 15.0 344.0  0.0713887  0.9974486    4.094 0.43375
 15.0 346.0  0.0722731  0.9973849    4.145 0.43466
 15.0 348.0  0.0730397  0.9973290    4.189 0.43550
 15.0 350.0  0.0736985  0.9972806    4.226 0.43627
 15.0 352.0  0.0742601  0.9972389    4.259 0.43699
 15.0 354.0  0.0747357  0.9972034    4.286 0.43763
 15.0 356.0  0.0751373  0.9971732    4.309 0.43821
 15.0 358.0  0.0754775  0.9971475    4.329 0.43872
 15.0 360.0  0.0757692  0.9971254    4.345 0.43916
