  3.0   0.0  0.7037998  0.7103984   44.733 0.27955
  3.0   2.0  0.7044809  0.7097230   44.788 0.27993
  3.0   4.0  0.7051777  0.7090306   44.844 0.28029
  3.0   6.0  0.7058897  0.7083217   44.901 0.28064
  3.0   8.0  0.7066152  0.7075980   44.960 0.28098
  3.0  10.0  0.7073538  0.7068597   45.020 0.28130
  3.0  12.0  0.7081047  0.7061075   45.081 0.28160
  3.0  14.0  0.7088671  0.7053421   45.143 0.28189
  3.0  16.0  0.7096401  0.7045643   45.206 0.28216
  3.0  18.0  0.7104231  0.7037749   45.269 0.28242
  3.0  20.0  0.7112161  0.7029734   45.334 0.28265
  3.0  22.0  0.7120154  0.7021639   45.399 0.28287
  3.0  24.0  0.7128232  0.7013438   45.465 0.28307
  3.0  26.0  0.7136378  0.7005148   45.532 0.28325
  3.0  28.0  0.7144585  0.6996778   45.599 0.28342
  3.0  30.0  0.7152845  0.6988334   45.667 0.28356
  3.0  32.0  0.7161150  0.6979823   45.735 0.28369
  3.0  34.0  0.7169494  0.6971252   45.803 0.28379
  3.0  36.0  0.7177870  0.6962627   45.872 0.28388
  3.0  38.0  0.7186271  0.6953956   45.941 0.28395
  3.0  40.0  0.7194683  0.6945252   46.011 0.28400
  3.0  42.0  0.7203112  0.6936511   46.080 0.28403
  3.0  44.0  0.7211545  0.6927743   46.150 0.28404
  3.0  46.0  0.7219975  0.6918957   46.220 0.28403
  3.0  48.0  0.7228418  0.6910135   46.290 0.28400
  3.0  50.0  0.7236824  0.6901332   46.359 0.28395
  3.0  52.0  0.7245207  0.6892531   46.429 0.28388
  3.0  54.0  0.7253561  0.6883739   46.498 0.28379
  3.0  56.0  0.7261879  0.6874963   46.568 0.28369
  3.0  58.0  0.7270151  0.6866215   46.637 0.28356
  3.0  60.0  0.7278379  0.6857492   46.705 0.28342
  3.0  62.0  0.7286552  0.6848807   46.774 0.28325
  3.0  64.0  0.7294663  0.6840167   46.842 0.28307
  3.0  66.0  0.7302705  0.6831581   46.909 0.28287
  3.0  68.0  0.7310671  0.6823056   46.976 0.28265
  3.0  70.0  0.7318554  0.6814599   47.042 0.28242
  3.0  72.0  0.7326348  0.6806220   47.108 0.28216
  3.0  74.0  0.7334034  0.6797936   47.172 0.28189
  3.0  76.0  0.7341639  0.6789723   47.237 0.28161
  3.0  78.0  0.7349122  0.6781623   47.300 0.28130
  3.0  80.0  0.7356487  0.6773632   47.362 0.28098
  3.0  82.0  0.7363728  0.6765760   47.423 0.28065
  3.0  84.0  0.7370836  0.6758016   47.484 0.28030
  3.0  86.0  0.7377805  0.6750407   47.543 0.27993
  3.0  88.0  0.7384627  0.6742944   47.601 0.27955
  3.0  90.0  0.7391300  0.6735628   47.657 0.27916
  3.0  92.0  0.7397807  0.6728481   47.713 0.27875
  3.0  94.0  0.7404145  0.6721506   47.767 0.27833
  3.0  96.0  0.7410306  0.6714713   47.819 0.27790
  3.0  98.0  0.7416283  0.6708111   47.870 0.27745
  3.0 100.0  0.7422068  0.6701709   47.920 0.27700
  3.0 102.0  0.7427654  0.6695518   47.968 0.27653
  3.0 104.0  0.7433032  0.6689546   48.014 0.27605
  3.0 106.0  0.7438197  0.6683804   48.058 0.27557
  3.0 108.0  0.7443092  0.6678351   48.100 0.27507
  3.0 110.0  0.7447803  0.6673097   48.140 0.27457
  3.0 112.0  0.7452278  0.6668100   48.179 0.27406
  3.0 114.0  0.7456508  0.6663369   48.215 0.27354
  3.0 116.0  0.7460487  0.6658914   48.249 0.27301
  3.0 118.0  0.7464208  0.6654742   48.281 0.27248
  3.0 120.0  0.7467664  0.6650864   48.311 0.27195
  3.0 122.0  0.7470848  0.6647287   48.338 0.27141
  3.0 124.0  0.7473754  0.6644020   48.364 0.27087
  3.0 126.0  0.7476375  0.6641071   48.386 0.27032
  3.0 128.0  0.7478705  0.6638446   48.406 0.26977
  3.0 130.0  0.7480739  0.6636155   48.424 0.26922
  3.0 132.0  0.7482470  0.6634202   48.439 0.26867
  3.0 134.0  0.7483894  0.6632596   48.451 0.26812
  3.0 136.0  0.7485006  0.6631341   48.461 0.26757
  3.0 138.0  0.7485800  0.6630445   48.468 0.26702
  3.0 140.0  0.7486273  0.6629911   48.472 0.26647
  3.0 142.0  0.7486424  0.6629741   48.473 0.26592
  3.0 144.0  0.7486241  0.6629946   48.471 0.26538
  3.0 146.0  0.7485727  0.6630527   48.467 0.26484
  3.0 148.0  0.7484878  0.6631486   48.460 0.26431
  3.0 150.0  0.7483692  0.6632824   48.449 0.26378
  3.0 152.0  0.7482167  0.6634544   48.436 0.26326
  3.0 154.0  0.7480302  0.6636647   48.420 0.26274
  3.0 156.0  0.7478152  0.6639069   48.401 0.26223
  3.0 158.0  0.7475547  0.6642002   48.379 0.26173
  3.0 160.0  0.7472659  0.6645252   48.354 0.26124
  3.0 162.0  0.7469429  0.6648882   48.326 0.26075
  3.0 164.0  0.7465860  0.6652889   48.296 0.26028
  3.0 166.0  0.7461954  0.6657270   48.262 0.25981
  3.0 168.0  0.7457713  0.6662021   48.225 0.25935
  3.0 170.0  0.7453140  0.6667136   48.186 0.25891
  3.0 172.0  0.7448234  0.6672617   48.144 0.25848
  3.0 174.0  0.7443006  0.6678447   48.099 0.25806
  3.0 176.0  0.7437459  0.6684624   48.051 0.25765
  3.0 178.0  0.7431597  0.6691140   48.001 0.25726
  3.0 180.0  0.7425427  0.6697987   47.948 0.25688
  3.0 182.0  0.7418955  0.6705156   47.893 0.25651
  3.0 184.0  0.7412187  0.6712636   47.835 0.25616
  3.0 186.0  0.7405133  0.6720417   47.775 0.25582
  3.0 188.0  0.7397799  0.6728490   47.713 0.25549
  3.0 190.0  0.7390195  0.6736840   47.648 0.25519
  3.0 192.0  0.7382330  0.6745457   47.581 0.25490
  3.0 194.0  0.7374215  0.6754328   47.512 0.25462
  3.0 196.0  0.7365859  0.6763440   47.441 0.25436
  3.0 198.0  0.7357275  0.6772777   47.369 0.25412
  3.0 200.0  0.7348472  0.6782327   47.294 0.25389
  3.0 202.0  0.7339464  0.6792074   47.218 0.25369
  3.0 204.0  0.7330263  0.6802003   47.141 0.25349
  3.0 206.0  0.7320881  0.6812099   47.062 0.25332
  3.0 208.0  0.7311333  0.6822346   46.981 0.25317
  3.0 210.0  0.7301632  0.6832728   46.900 0.25303
  3.0 212.0  0.7291793  0.6843227   46.818 0.25291
  3.0 214.0  0.7281829  0.6853829   46.734 0.25281
  3.0 216.0  0.7271756  0.6864515   46.650 0.25273
  3.0 218.0  0.7261589  0.6875269   46.565 0.25266
  3.0 220.0  0.7251343  0.6886075   46.480 0.25262
  3.0 222.0  0.7241107  0.6896838   46.395 0.25259
  3.0 224.0  0.7230754  0.6907691   46.309 0.25258
  3.0 226.0  0.7220440  0.6918472   46.223 0.25259
  3.0 228.0  0.7210038  0.6929311   46.137 0.25262
  3.0 230.0  0.7199638  0.6940116   46.051 0.25266
  3.0 232.0  0.7189256  0.6950871   45.966 0.25273
  3.0 234.0  0.7178907  0.6961558   45.881 0.25281
  3.0 236.0  0.7168609  0.6972163   45.796 0.25291
  3.0 238.0  0.7158377  0.6982667   45.712 0.25303
  3.0 240.0  0.7148228  0.6993057   45.629 0.25317
  3.0 242.0  0.7138177  0.7003315   45.546 0.25333
  3.0 244.0  0.7128241  0.7013428   45.465 0.25350
  3.0 246.0  0.7118436  0.7023380   45.385 0.25369
  3.0 248.0  0.7108776  0.7033158   45.306 0.25390
  3.0 250.0  0.7099276  0.7042746   45.229 0.25412
  3.0 252.0  0.7089953  0.7052132   45.153 0.25437
  3.0 254.0  0.7080819  0.7061303   45.079 0.25463
  3.0 256.0  0.7071889  0.7070246   45.007 0.25490
  3.0 258.0  0.7063177  0.7078950   44.936 0.25519
  3.0 260.0  0.7054695  0.7087403   44.867 0.25550
  3.0 262.0  0.7046457  0.7095593   44.801 0.25582
  3.0 264.0  0.7038475  0.7103511   44.737 0.25616
  3.0 266.0  0.7030760  0.7111147   44.674 0.25651
  3.0 268.0  0.7023324  0.7118492   44.614 0.25688
  3.0 270.0  0.7016176  0.7125537   44.557 0.25726
  3.0 272.0  0.7009327  0.7132275   44.502 0.25766
  3.0 274.0  0.7002785  0.7138697   44.449 0.25806
  3.0 276.0  0.6996557  0.7144802   44.399 0.25848
  3.0 278.0  0.6990657  0.7150575   44.352 0.25891
  3.0 280.0  0.6985088  0.7156015   44.307 0.25936
  3.0 282.0  0.6979857  0.7161117   44.266 0.25981
  3.0 284.0  0.6974970  0.7165877   44.227 0.26028
  3.0 286.0  0.6970432  0.7170291   44.190 0.26075
  3.0 288.0  0.6966247  0.7174357   44.157 0.26124
  3.0 290.0  0.6962354  0.7178135   44.126 0.26173
  3.0 292.0  0.6958950  0.7181435   44.099 0.26223
  3.0 294.0  0.6955845  0.7184443   44.074 0.26274
  3.0 296.0  0.6953103  0.7187097   44.052 0.26326
  3.0 298.0  0.6950725  0.7189396   44.033 0.26378
  3.0 300.0  0.6948713  0.7191341   44.017 0.26431
  3.0 302.0  0.6947066  0.7192932   44.004 0.26484
  3.0 304.0  0.6945783  0.7194171   43.994 0.26538
  3.0 306.0  0.6944867  0.7195056   43.986 0.26592
  3.0 308.0  0.6944307  0.7195596   43.982 0.26646
  3.0 310.0  0.6944104  0.7195792   43.980 0.26701
  3.0 312.0  0.6944255  0.7195646   43.981 0.26756
  3.0 314.0  0.6944756  0.7195163   43.985 0.26811
  3.0 316.0  0.6945602  0.7194346   43.992 0.26866
  3.0 318.0  0.6946790  0.7193199   44.002 0.26921
  3.0 320.0  0.6948312  0.7191729   44.014 0.26976
  3.0 322.0  0.6950164  0.7189939   44.029 0.27031
  3.0 324.0  0.6952339  0.7187836   44.046 0.27086
  3.0 326.0  0.6954831  0.7185424   44.066 0.27140
  3.0 328.0  0.6957633  0.7182712   44.088 0.27194
  3.0 330.0  0.6960737  0.7179703   44.113 0.27248
  3.0 332.0  0.6964136  0.7176406   44.140 0.27301
  3.0 334.0  0.6967823  0.7172827   44.169 0.27353
  3.0 336.0  0.6971789  0.7168972   44.201 0.27405
  3.0 338.0  0.6976025  0.7164850   44.235 0.27456
  3.0 340.0  0.6980525  0.7160466   44.271 0.27506
  3.0 342.0  0.6985278  0.7155829   44.309 0.27556
  3.0 344.0  0.6990216  0.7151005   44.349 0.27605
  3.0 346.0  0.6995454  0.7145881   44.391 0.27652
  3.0 348.0  0.7000920  0.7140527   44.434 0.27699
  3.0 350.0  0.7006604  0.7134949   44.480 0.27745
  3.0 352.0  0.7012499  0.7129156   44.527 0.27789
  3.0 354.0  0.7018594  0.7123155   44.576 0.27832
  3.0 356.0  0.7024882  0.7116954   44.627 0.27874
  3.0 358.0  0.7031353  0.7110561   44.679 0.27915
  3.0 360.0  0.7037998  0.7103984   44.733 0.27955
  5.0   0.0  0.6932689  0.7206790   43.889 0.28766
  5.0   2.0  0.6944135  0.7195762   43.980 0.28829
  5.0   4.0  0.6955749  0.7184536   44.073 0.28890
  5.0   6.0  0.6967527  0.7173115   44.167 0.28949
  5.0   8.0  0.6979454  0.7161510   44.262 0.29005
  5.0  10.0  0.6991517  0.7149734   44.359 0.29058
  5.0  12.0  0.7003704  0.7137796   44.457 0.29109
  5.0  14.0  0.7016004  0.7125706   44.556 0.29157
  5.0  16.0  0.7028404  0.7113475   44.655 0.29202
  5.0  18.0  0.7040895  0.7101113   44.756 0.29244
  5.0  20.0  0.7053465  0.7088627   44.858 0.29283
  5.0  22.0  0.7066099  0.7076033   44.960 0.29319
  5.0  24.0  0.7078798  0.7063330   45.063 0.29353
  5.0  26.0  0.7091549  0.7050527   45.166 0.29383
  5.0  28.0  0.7104343  0.7037635   45.270 0.29410
  5.0  30.0  0.7117174  0.7024659   45.375 0.29434
  5.0  32.0  0.7130033  0.7011607   45.480 0.29455
  5.0  34.0  0.7142914  0.6998484   45.585 0.29473
  5.0  36.0  0.7155809  0.6985298   45.691 0.29487
  5.0  38.0  0.7168713  0.6972055   45.797 0.29499
  5.0  40.0  0.7181619  0.6958760   45.903 0.29507
  5.0  42.0  0.7194521  0.6945420   46.009 0.29512
  5.0  44.0  0.7207414  0.6932041   46.116 0.29513
  5.0  46.0  0.7220291  0.6918627   46.222 0.29512
  5.0  48.0  0.7233266  0.6905061   46.330 0.29507
  5.0  50.0  0.7246094  0.6891597   46.436 0.29499
  5.0  52.0  0.7258891  0.6878118   46.543 0.29487
  5.0  54.0  0.7271649  0.6864628   46.649 0.29473
  5.0  56.0  0.7284364  0.6851135   46.755 0.29455
  5.0  58.0  0.7297028  0.6837644   46.861 0.29434
  5.0  60.0  0.7309638  0.6824163   46.967 0.29410
  5.0  62.0  0.7322185  0.6810698   47.073 0.29383
  5.0  64.0  0.7334663  0.6797258   47.178 0.29353
  5.0  66.0  0.7347066  0.6783850   47.282 0.29320
  5.0  68.0  0.7359386  0.6770483   47.387 0.29283
  5.0  70.0  0.7371617  0.6757164   47.490 0.29244
  5.0  72.0  0.7383745  0.6743909   47.593 0.29202
  5.0  74.0  0.7395773  0.6730716   47.695 0.29157
  5.0  76.0  0.7407687  0.6717602   47.797 0.29109
  5.0  78.0  0.7419477  0.6704577   47.898 0.29059
  5.0  80.0  0.7431134  0.6691655   47.997 0.29005
  5.0  82.0  0.7442648  0.6678846   48.096 0.28950
  5.0  84.0  0.7454009  0.6666164   48.194 0.28891
  5.0  86.0  0.7465207  0.6653622   48.290 0.28830
  5.0  88.0  0.7476229  0.6641234   48.385 0.28767
  5.0  90.0  0.7487066  0.6629015   48.478 0.28701
  5.0  92.0  0.7497712  0.6616971   48.571 0.28634
  5.0  94.0  0.7508144  0.6605132   48.661 0.28563
  5.0  96.0  0.7518354  0.6593509   48.750 0.28491
  5.0  98.0  0.7528328  0.6582117   48.836 0.28417
  5.0 100.0  0.7538055  0.6570976   48.921 0.28341
  5.0 102.0  0.7547520  0.6560103   49.004 0.28264
  5.0 104.0  0.7556709  0.6549516   49.084 0.28184
  5.0 106.0  0.7565608  0.6539233   49.162 0.28103
  5.0 108.0  0.7574204  0.6529275   49.237 0.28021
  5.0 110.0  0.7582481  0.6519661   49.310 0.27937
  5.0 112.0  0.7590425  0.6510410   49.380 0.27851
  5.0 114.0  0.7597963  0.6501613   49.446 0.27765
  5.0 116.0  0.7605191  0.6493156   49.510 0.27677
  5.0 118.0  0.7612042  0.6485123   49.570 0.27589
  5.0 120.0  0.7618501  0.6477534   49.628 0.27500
  5.0 122.0  0.7624554  0.6470408   49.681 0.27410
  5.0 124.0  0.7630186  0.6463766   49.731 0.27319
  5.0 126.0  0.7635325  0.6457694   49.777 0.27228
  5.0 128.0  0.7640078  0.6452071   49.819 0.27137
  5.0 130.0  0.7644367  0.6446988   49.857 0.27045
  5.0 132.0  0.7648180  0.6442464   49.891 0.26953
  5.0 134.0  0.7651504  0.6438516   49.920 0.26861
  5.0 136.0  0.7654326  0.6435161   49.945 0.26770
  5.0 138.0  0.7656633  0.6432415   49.966 0.26678
  5.0 140.0  0.7658415  0.6430294   49.982 0.26587
  5.0 142.0  0.7659660  0.6428811   49.993 0.26496
  5.0 144.0  0.7660357  0.6427980   49.999 0.26406
  5.0 146.0  0.7660498  0.6427813   50.000 0.26317
  5.0 148.0  0.7660072  0.6428320   49.997 0.26228
  5.0 150.0  0.7659072  0.6429511   49.988 0.26140
  5.0 152.0  0.7657490  0.6431395   49.974 0.26053
  5.0 154.0  0.7655321  0.6433978   49.954 0.25968
  5.0 156.0  0.7652557  0.6437264   49.930 0.25883
  5.0 158.0  0.7649197  0.6441256   49.900 0.25800
  5.0 160.0  0.7645232  0.6445963   49.865 0.25719
  5.0 162.0  0.7640661  0.6451379   49.824 0.25639
  5.0 164.0  0.7635485  0.6457505   49.778 0.25560
  5.0 166.0  0.7629723  0.6464312   49.727 0.25484
  5.0 168.0  0.7623313  0.6471870   49.670 0.25409
  5.0 170.0  0.7616320  0.6480098   49.608 0.25336
  5.0 172.0  0.7608726  0.6489013   49.541 0.25265
  5.0 174.0  0.7600531  0.6498610   49.469 0.25196
  5.0 176.0  0.7591746  0.6508870   49.391 0.25129
  5.0 178.0  0.7582376  0.6519783   49.309 0.25065
  5.0 180.0  0.7572428  0.6531334   49.222 0.25002
  5.0 182.0  0.7561912  0.6543507   49.130 0.24943
  5.0 184.0  0.7550838  0.6556283   49.033 0.24885
  5.0 186.0  0.7539218  0.6569642   48.931 0.24830
  5.0 188.0  0.7527065  0.6583563   48.825 0.24778
  5.0 190.0  0.7514392  0.6598023   48.715 0.24728
  5.0 192.0  0.7501216  0.6612999   48.601 0.24681
  5.0 194.0  0.7487553  0.6628465   48.483 0.24636
  5.0 196.0  0.7473421  0.6644395   48.361 0.24594
  5.0 198.0  0.7458839  0.6660760   48.235 0.24555
  5.0 200.0  0.7443827  0.6677532   48.106 0.24519
  5.0 202.0  0.7428408  0.6694681   47.974 0.24485
  5.0 204.0  0.7412673  0.6712099   47.839 0.24455
  5.0 206.0  0.7396513  0.6729903   47.702 0.24427
  5.0 208.0  0.7380016  0.6747990   47.561 0.24402
  5.0 210.0  0.7363207  0.6766327   47.419 0.24380
  5.0 212.0  0.7346114  0.6784881   47.274 0.24361
  5.0 214.0  0.7328763  0.6803619   47.128 0.24345
  5.0 216.0  0.7311183  0.6822507   46.980 0.24332
  5.0 218.0  0.7293402  0.6841512   46.831 0.24321
  5.0 220.0  0.7275451  0.6860599   46.681 0.24314
  5.0 222.0  0.7257359  0.6879734   46.530 0.24310
  5.0 224.0  0.7239158  0.6898883   46.379 0.24308
  5.0 226.0  0.7220879  0.6918013   46.227 0.24310
  5.0 228.0  0.7202554  0.6937090   46.076 0.24314
  5.0 230.0  0.7184214  0.6956081   45.924 0.24322
  5.0 232.0  0.7165893  0.6974954   45.774 0.24332
  5.0 234.0  0.7147622  0.6993676   45.624 0.24346
  5.0 236.0  0.7129434  0.7012215   45.475 0.24362
  5.0 238.0  0.7111362  0.7030542   45.327 0.24381
  5.0 240.0  0.7093439  0.7048626   45.182 0.24404
  5.0 242.0  0.7075695  0.7066437   45.038 0.24429
  5.0 244.0  0.7058164  0.7083948   44.896 0.24457
  5.0 246.0  0.7040945  0.7101062   44.756 0.24487
  5.0 248.0  0.7023925  0.7117898   44.619 0.24521
  5.0 250.0  0.7007212  0.7134352   44.485 0.24557
  5.0 252.0  0.6990834  0.7150401   44.354 0.24596
  5.0 254.0  0.6974821  0.7166022   44.225 0.24638
  5.0 256.0  0.6959201  0.7181192   44.101 0.24683
  5.0 258.0  0.6944001  0.7195891   43.979 0.24730
  5.0 260.0  0.6929247  0.7210100   43.862 0.24780
  5.0 262.0  0.6914965  0.7223799   43.749 0.24832
  5.0 264.0  0.6901178  0.7236971   43.639 0.24887
  5.0 266.0  0.6887909  0.7249601   43.534 0.24944
  5.0 268.0  0.6875179  0.7261674   43.434 0.25004
  5.0 270.0  0.6863009  0.7273177   43.338 0.25066
  5.0 272.0  0.6851417  0.7284098   43.247 0.25130
  5.0 274.0  0.6840417  0.7294430   43.160 0.25197
  5.0 276.0  0.6830031  0.7304154   43.079 0.25265
  5.0 278.0  0.6820270  0.7313270   43.002 0.25336
  5.0 280.0  0.6811145  0.7321769   42.931 0.25409
  5.0 282.0  0.6802667  0.7329647   42.864 0.25483
  5.0 284.0  0.6794845  0.7336899   42.803 0.25560
  5.0 286.0  0.6787686  0.7343523   42.747 0.25638
  5.0 288.0  0.6781195  0.7349516   42.697 0.25718
  5.0 290.0  0.6775378  0.7354880   42.652 0.25799
  5.0 292.0  0.6770241  0.7359608   42.612 0.25882
  5.0 294.0  0.6765778  0.7363712   42.577 0.25966
  5.0 296.0  0.6761990  0.7367190   42.547 0.26052
  5.0 298.0  0.6758876  0.7370047   42.523 0.26138
  5.0 300.0  0.6756431  0.7372288   42.504 0.26226
  5.0 302.0  0.6754651  0.7373920   42.490 0.26314
  5.0 304.0  0.6753528  0.7374948   42.482 0.26404
  5.0 306.0  0.6753056  0.7375381   42.478 0.26494
  5.0 308.0  0.6753223  0.7375227   42.479 0.26584
  5.0 310.0  0.6754021  0.7374497   42.485 0.26675
  5.0 312.0  0.6755436  0.7373200   42.496 0.26767
  5.0 314.0  0.6757458  0.7371348   42.512 0.26859
  5.0 316.0  0.6760071  0.7368951   42.532 0.26950
  5.0 318.0  0.6763262  0.7366022   42.557 0.27042
  5.0 320.0  0.6767015  0.7362574   42.586 0.27134
  5.0 322.0  0.6771244  0.7358686   42.619 0.27225
  5.0 324.0  0.6776067  0.7354245   42.657 0.27316
  5.0 326.0  0.6781402  0.7349326   42.698 0.27407
  5.0 328.0  0.6787232  0.7343942   42.744 0.27497
  5.0 330.0  0.6793538  0.7338109   42.793 0.27586
  5.0 332.0  0.6800303  0.7331840   42.846 0.27675
  5.0 334.0  0.6807507  0.7325152   42.902 0.27762
  5.0 336.0  0.6815131  0.7318059   42.962 0.27849
  5.0 338.0  0.6823157  0.7310576   43.025 0.27934
  5.0 340.0  0.6831503  0.7302778   43.090 0.28018
  5.0 342.0  0.6840284  0.7294554   43.159 0.28101
  5.0 344.0  0.6849410  0.7285985   43.231 0.28182
  5.0 346.0  0.6858863  0.7277087   43.305 0.28262
  5.0 348.0  0.6868624  0.7267875   43.382 0.28339
  5.0 350.0  0.6878676  0.7258362   43.462 0.28416
  5.0 352.0  0.6889000  0.7248564   43.543 0.28490
  5.0 354.0  0.6899580  0.7238494   43.627 0.28562
  5.0 356.0  0.6910399  0.7228166   43.712 0.28632
  5.0 358.0  0.6921441  0.7217593   43.800 0.28700
  5.0 360.0  0.6932689  0.7206790   43.889 0.28766
  7.0   0.0  0.6841953  0.7292989   43.172 0.29595
  7.0   2.0  0.6858020  0.7277882   43.299 0.29683
  7.0   4.0  0.6874205  0.7262596   43.426 0.29768
  7.0   6.0  0.6890498  0.7247140   43.555 0.29849
  7.0   8.0  0.6906881  0.7231528   43.685 0.29927
  7.0  10.0  0.6923338  0.7215774   43.815 0.30001
  7.0  12.0  0.6939853  0.7199891   43.946 0.30071
  7.0  14.0  0.6956414  0.7183892   44.078 0.30138
  7.0  16.0  0.6972999  0.7167795   44.211 0.30200
  7.0  18.0  0.6989610  0.7151598   44.344 0.30258
  7.0  20.0  0.7006233  0.7135313   44.477 0.30313
  7.0  22.0  0.7022859  0.7118950   44.611 0.30363
  7.0  24.0  0.7039481  0.7102514   44.745 0.30409
  7.0  26.0  0.7056093  0.7086011   44.879 0.30451
  7.0  28.0  0.7072689  0.7069446   45.013 0.30489
  7.0  30.0  0.7089326  0.7052763   45.148 0.30522
  7.0  32.0  0.7105888  0.7036075   45.283 0.30551
  7.0  34.0  0.7122424  0.7019336   45.418 0.30575
  7.0  36.0  0.7138932  0.7002546   45.553 0.30595
  7.0  38.0  0.7155410  0.6985707   45.688 0.30611
  7.0  40.0  0.7171857  0.6968821   45.823 0.30622
  7.0  42.0  0.7188271  0.6951888   45.958 0.30629
  7.0  44.0  0.7204653  0.6934909   46.093 0.30631
  7.0  46.0  0.7221002  0.6917884   46.228 0.30629
  7.0  48.0  0.7237318  0.6900814   46.363 0.30622
  7.0  50.0  0.7253599  0.6883698   46.499 0.30611
  7.0  52.0  0.7269847  0.6866537   46.634 0.30595
  7.0  54.0  0.7286059  0.6849331   46.770 0.30575
  7.0  56.0  0.7302236  0.6832083   46.905 0.30550
  7.0  58.0  0.7318375  0.6814792   47.041 0.30521
  7.0  60.0  0.7334475  0.6797461   47.176 0.30488
  7.0  62.0  0.7350533  0.6780093   47.312 0.30451
  7.0  64.0  0.7366595  0.6762638   47.448 0.30409
  7.0  66.0  0.7382552  0.6745215   47.583 0.30363
  7.0  68.0  0.7398457  0.6727766   47.718 0.30313
  7.0  70.0  0.7414305  0.6710296   47.853 0.30258
  7.0  72.0  0.7430090  0.6692814   47.988 0.30200
  7.0  74.0  0.7445805  0.6675327   48.123 0.30138
  7.0  76.0  0.7461442  0.6657844   48.257 0.30071
  7.0  78.0  0.7476988  0.6640381   48.391 0.30001
  7.0  80.0  0.7492443  0.6622937   48.525 0.29927
  7.0  82.0  0.7507790  0.6605535   48.658 0.29850
  7.0  84.0  0.7523016  0.6588189   48.790 0.29769
  7.0  86.0  0.7538108  0.6570915   48.922 0.29684
  7.0  88.0  0.7553052  0.6553732   49.052 0.29596
  7.0  90.0  0.7567834  0.6536657   49.181 0.29505
  7.0  92.0  0.7582444  0.6519704   49.310 0.29411
  7.0  94.0  0.7596855  0.6502906   49.436 0.29314
  7.0  96.0  0.7611054  0.6486283   49.562 0.29213
  7.0  98.0  0.7625020  0.6469859   49.685 0.29110
  7.0 100.0  0.7638735  0.6453660   49.807 0.29005
  7.0 102.0  0.7652178  0.6437715   49.926 0.28896
  7.0 104.0  0.7665327  0.6422052   50.044 0.28786
  7.0 106.0  0.7678162  0.6406702   50.158 0.28673
  7.0 108.0  0.7690596  0.6391771   50.270 0.28557
  7.0 110.0  0.7702722  0.6377153   50.378 0.28440
  7.0 112.0  0.7714463  0.6362945   50.484 0.28322
  7.0 114.0  0.7725794  0.6349181   50.586 0.28201
  7.0 116.0  0.7736693  0.6335897   50.685 0.28079
  7.0 118.0  0.7747133  0.6323127   50.779 0.27955
  7.0 120.0  0.7757091  0.6310907   50.869 0.27831
  7.0 122.0  0.7766541  0.6299273   50.955 0.27705
  7.0 124.0  0.7775458  0.6288263   51.036 0.27578
  7.0 126.0  0.7783818  0.6277911   51.113 0.27451
  7.0 128.0  0.7791597  0.6268255   51.184 0.27323
  7.0 130.0  0.7798769  0.6259329   51.249 0.27195
  7.0 132.0  0.7805311  0.6251170   51.309 0.27067
  7.0 134.0  0.7811199  0.6243811   51.363 0.26938
  7.0 136.0  0.7816410  0.6237286   51.411 0.26810
  7.0 138.0  0.7820922  0.6231628   51.453 0.26682
  7.0 140.0  0.7824712  0.6226868   51.487 0.26555
  7.0 142.0  0.7827702  0.6223109   51.515 0.26428
  7.0 144.0  0.7829995  0.6220223   51.536 0.26302
  7.0 146.0  0.7831506  0.6218320   51.550 0.26177
  7.0 148.0  0.7832218  0.6217424   51.557 0.26054
  7.0 150.0  0.7832112  0.6217558   51.556 0.25931
  7.0 152.0  0.7831172  0.6218741   51.547 0.25810
  7.0 154.0  0.7829386  0.6220990   51.530 0.25691
  7.0 156.0  0.7826738  0.6224321   51.506 0.25574
  7.0 158.0  0.7823217  0.6228746   51.474 0.25458
  7.0 160.0  0.7818813  0.6234273   51.433 0.25345
  7.0 162.0  0.7813518  0.6240908   51.385 0.25234
  7.0 164.0  0.7807326  0.6248652   51.328 0.25125
  7.0 166.0  0.7800226  0.6257513   51.263 0.25019
  7.0 168.0  0.7792219  0.6267481   51.189 0.24916
  7.0 170.0  0.7783304  0.6278549   51.108 0.24815
  7.0 172.0  0.7773480  0.6290708   51.018 0.24717
  7.0 174.0  0.7762749  0.6303945   50.921 0.24622
  7.0 176.0  0.7751113  0.6318247   50.815 0.24531
  7.0 178.0  0.7738581  0.6333590   50.702 0.24442
  7.0 180.0  0.7725161  0.6349952   50.580 0.24357
  7.0 182.0  0.7710863  0.6367307   50.452 0.24275
  7.0 184.0  0.7695699  0.6385626   50.315 0.24197
  7.0 186.0  0.7679683  0.6404879   50.172 0.24122
  7.0 188.0  0.7662833  0.6425029   50.021 0.24051
  7.0 190.0  0.7645167  0.6446040   49.864 0.23984
  7.0 192.0  0.7626706  0.6467872   49.700 0.23920
  7.0 194.0  0.7607473  0.6490482   49.530 0.23860
  7.0 196.0  0.7587493  0.6513827   49.354 0.23804
  7.0 198.0  0.7566867  0.6537777   49.173 0.23751
  7.0 200.0  0.7545488  0.6562439   48.986 0.23702
  7.0 202.0  0.7523451  0.6587692   48.794 0.23658
  7.0 204.0  0.7500789  0.6613483   48.597 0.23617
  7.0 206.0  0.7477537  0.6639762   48.396 0.23580
  7.0 208.0  0.7453732  0.6666474   48.191 0.23547
  7.0 210.0  0.7429412  0.6693566   47.983 0.23518
  7.0 212.0  0.7404619  0.6720983   47.771 0.23492
  7.0 214.0  0.7379394  0.6748670   47.556 0.23471
  7.0 216.0  0.7353780  0.6776572   47.339 0.23454
  7.0 218.0  0.7327822  0.6804632   47.120 0.23440
  7.0 220.0  0.7301568  0.6832796   46.900 0.23431
  7.0 222.0  0.7275064  0.6861009   46.678 0.23425
  7.0 224.0  0.7248359  0.6889215   46.455 0.23423
  7.0 226.0  0.7221503  0.6917361   46.232 0.23426
  7.0 228.0  0.7194547  0.6945394   46.009 0.23432
  7.0 230.0  0.7167542  0.6973259   45.787 0.23442
  7.0 232.0  0.7140539  0.7000907   45.566 0.23456
  7.0 234.0  0.7113592  0.7028286   45.346 0.23474
  7.0 236.0  0.7086754  0.7055347   45.127 0.23495
  7.0 238.0  0.7060076  0.7082042   44.911 0.23521
  7.0 240.0  0.7033614  0.7108324   44.697 0.23551
  7.0 242.0  0.7007419  0.7134149   44.487 0.23584
  7.0 244.0  0.6981544  0.7159472   44.279 0.23621
  7.0 246.0  0.6956041  0.7184253   44.075 0.23662
  7.0 248.0  0.6930963  0.7208450   43.876 0.23707
  7.0 250.0  0.6906358  0.7232027   43.680 0.23756
  7.0 252.0  0.6882351  0.7254877   43.491 0.23808
  7.0 254.0  0.6858834  0.7277114   43.305 0.23865
  7.0 256.0  0.6835937  0.7298628   43.125 0.23924
  7.0 258.0  0.6813705  0.7319386   42.951 0.23988
  7.0 260.0  0.6792183  0.7339363   42.783 0.24055
  7.0 262.0  0.6771412  0.7358531   42.621 0.24126
  7.0 264.0  0.6751432  0.7376867   42.465 0.24201
  7.0 266.0  0.6732279  0.7394350   42.317 0.24278
  7.0 268.0  0.6713990  0.7410961   42.175 0.24360
  7.0 270.0  0.6696595  0.7426682   42.041 0.24444
  7.0 272.0  0.6680126  0.7441500   41.914 0.24532
  7.0 274.0  0.6664606  0.7455402   41.794 0.24623
  7.0 276.0  0.6650066  0.7468375   41.683 0.24717
  7.0 278.0  0.6636522  0.7480413   41.579 0.24815
  7.0 280.0  0.6623992  0.7491511   41.483 0.24915
  7.0 282.0  0.6612490  0.7501665   41.395 0.25017
  7.0 284.0  0.6602029  0.7510873   41.315 0.25123
  7.0 286.0  0.6592623  0.7519131   41.244 0.25231
  7.0 288.0  0.6584269  0.7526447   41.180 0.25342
  7.0 290.0  0.6576972  0.7532824   41.124 0.25454
  7.0 292.0  0.6570733  0.7538267   41.077 0.25569
  7.0 294.0  0.6565548  0.7542784   41.038 0.25686
  7.0 296.0  0.6561409  0.7546384   41.006 0.25805
  7.0 298.0  0.6558308  0.7549079   40.983 0.25925
  7.0 300.0  0.6556233  0.7550882   40.967 0.26048
  7.0 302.0  0.6555168  0.7551806   40.959 0.26171
  7.0 304.0  0.6555097  0.7551867   40.958 0.26296
  7.0 306.0  0.6555927  0.7551147   40.965 0.26421
  7.0 308.0  0.6557773  0.7549544   40.979 0.26548
  7.0 310.0  0.6560548  0.7547132   41.000 0.26675
  7.0 312.0  0.6564226  0.7543934   41.028 0.26803
  7.0 314.0  0.6568780  0.7539968   41.062 0.26931
  7.0 316.0  0.6574182  0.7535259   41.103 0.27059
  7.0 318.0  0.6580402  0.7529828   41.151 0.27188
  7.0 320.0  0.6587409  0.7523699   41.204 0.27316
  7.0 322.0  0.6595170  0.7516896   41.263 0.27444
  7.0 324.0  0.6603654  0.7509444   41.328 0.27571
  7.0 326.0  0.6612826  0.7501369   41.398 0.27698
  7.0 328.0  0.6622653  0.7492694   41.473 0.27824
  7.0 330.0  0.6633101  0.7483446   41.553 0.27949
  7.0 332.0  0.6644135  0.7473651   41.637 0.28073
  7.0 334.0  0.6655722  0.7463335   41.726 0.28195
  7.0 336.0  0.6667827  0.7452522   41.819 0.28316
  7.0 338.0  0.6680417  0.7441239   41.916 0.28435
  7.0 340.0  0.6693458  0.7429510   42.017 0.28553
  7.0 342.0  0.6706918  0.7417361   42.120 0.28668
  7.0 344.0  0.6720765  0.7404817   42.228 0.28781
  7.0 346.0  0.6734906  0.7391958   42.337 0.28892
  7.0 348.0  0.6749446  0.7378684   42.450 0.29001
  7.0 350.0  0.6764281  0.7365087   42.565 0.29107
  7.0 352.0  0.6779384  0.7351187   42.683 0.29211
  7.0 354.0  0.6794728  0.7337007   42.802 0.29311
  7.0 356.0  0.6810286  0.7322568   42.924 0.29409
  7.0 358.0  0.6826036  0.7307888   43.047 0.29503
  7.0 360.0  0.6841953  0.7292989   43.172 0.29595
  9.0   0.0  0.6767146  0.7362454   42.587 0.30434
  9.0   2.0  0.6787763  0.7343451   42.748 0.30546
  9.0   4.0  0.6808376  0.7324344   42.909 0.30654
  9.0   6.0  0.6828969  0.7305147   43.070 0.30757
  9.0   8.0  0.6849524  0.7285879   43.232 0.30855
  9.0  10.0  0.6870021  0.7266554   43.393 0.30949
  9.0  12.0  0.6890436  0.7247199   43.554 0.31037
  9.0  14.0  0.6910769  0.7227812   43.715 0.31121
  9.0  16.0  0.6931005  0.7208410   43.876 0.31200
  9.0  18.0  0.6951135  0.7189000   44.036 0.31274
  9.0  20.0  0.6971154  0.7169590   44.196 0.31342
  9.0  22.0  0.6991118  0.7150124   44.356 0.31406
  9.0  24.0  0.7010918  0.7130710   44.515 0.31464
  9.0  26.0  0.7030602  0.7111304   44.673 0.31516
  9.0  28.0  0.7050170  0.7091904   44.831 0.31564
  9.0  30.0  0.7069627  0.7072509   44.988 0.31605
  9.0  32.0  0.7088975  0.7053115   45.145 0.31642
  9.0  34.0  0.7108221  0.7033718   45.302 0.31672
  9.0  36.0  0.7127372  0.7014312   45.458 0.31697
  9.0  38.0  0.7146434  0.6994890   45.614 0.31717
  9.0  40.0  0.7165416  0.6975444   45.770 0.31731
  9.0  42.0  0.7184326  0.6955965   45.925 0.31739
  9.0  44.0  0.7203175  0.6936445   46.081 0.31742
  9.0  46.0  0.7221971  0.6916873   46.236 0.31739
  9.0  48.0  0.7240724  0.6897240   46.392 0.31730
  9.0  50.0  0.7259443  0.6877535   46.547 0.31716
  9.0  52.0  0.7278137  0.6857749   46.703 0.31696
  9.0  54.0  0.7296814  0.6837873   46.860 0.31671
  9.0  56.0  0.7315483  0.6817896   47.016 0.31640
  9.0  58.0  0.7334151  0.6797811   47.173 0.31604
  9.0  60.0  0.7352823  0.6777609   47.331 0.31562
  9.0  62.0  0.7371506  0.6757285   47.489 0.31515
  9.0  64.0  0.7390202  0.6736833   47.648 0.31462
  9.0  66.0  0.7408914  0.6716248   47.807 0.31404
  9.0  68.0  0.7427644  0.6695529   47.967 0.31341
  9.0  70.0  0.7446442  0.6674617   48.129 0.31272
  9.0  72.0  0.7465191  0.6653640   48.290 0.31198
  9.0  74.0  0.7483953  0.6632530   48.452 0.31120
  9.0  76.0  0.7502722  0.6611291   48.614 0.31036
  9.0  78.0  0.7521491  0.6589930   48.777 0.30948
  9.0  80.0  0.7540250  0.6568457   48.940 0.30854
  9.0  82.0  0.7558986  0.6546887   49.104 0.30756
  9.0  84.0  0.7577693  0.6525226   49.268 0.30654
  9.0  86.0  0.7596349  0.6503498   49.432 0.30547
  9.0  88.0  0.7614938  0.6481722   49.596 0.30436
  9.0  90.0  0.7633441  0.6459921   49.760 0.30320
  9.0  92.0  0.7651845  0.6438110   49.923 0.30201
  9.0  94.0  0.7670118  0.6416330   50.086 0.30077
  9.0  96.0  0.7688239  0.6394605   50.248 0.29950
  9.0  98.0  0.7706183  0.6372970   50.409 0.29819
  9.0 100.0  0.7723922  0.6351459   50.569 0.29685
  9.0 102.0  0.7741427  0.6330111   50.727 0.29547
  9.0 104.0  0.7758608  0.6309041   50.883 0.29406
  9.0 106.0  0.7775541  0.6288160   51.037 0.29262
  9.0 108.0  0.7792146  0.6267573   51.189 0.29116
  9.0 110.0  0.7808387  0.6247327   51.337 0.28967
  9.0 112.0  0.7824232  0.6227471   51.483 0.28815
  9.0 114.0  0.7839644  0.6208058   51.625 0.28661
  9.0 116.0  0.7854587  0.6189140   51.763 0.28505
  9.0 118.0  0.7869025  0.6170773   51.897 0.28348
  9.0 120.0  0.7882921  0.6153012   52.026 0.28188
  9.0 122.0  0.7896237  0.6135913   52.150 0.28028
  9.0 124.0  0.7908937  0.6119536   52.269 0.27866
  9.0 126.0  0.7920981  0.6103938   52.382 0.27703
  9.0 128.0  0.7932333  0.6089178   52.489 0.27539
  9.0 130.0  0.7942956  0.6075315   52.589 0.27375
  9.0 132.0  0.7952812  0.6062407   52.682 0.27211
  9.0 134.0  0.7961866  0.6050512   52.767 0.27046
  9.0 136.0  0.7970081  0.6039686   52.845 0.26882
  9.0 138.0  0.7977423  0.6029986   52.915 0.26718
  9.0 140.0  0.7983856  0.6021465   52.976 0.26554
  9.0 142.0  0.7989349  0.6014175   53.029 0.26392
  9.0 144.0  0.7993868  0.6008167   53.072 0.26230
  9.0 146.0  0.7997383  0.6003488   53.105 0.26070
  9.0 148.0  0.7999864  0.6000182   53.129 0.25911
  9.0 150.0  0.8001226  0.5998365   53.142 0.25754
  9.0 152.0  0.8001565  0.5997912   53.145 0.25600
  9.0 154.0  0.8000790  0.5998946   53.138 0.25447
  9.0 156.0  0.7998877  0.6001496   53.119 0.25297
  9.0 158.0  0.7995805  0.6005589   53.090 0.25149
  9.0 160.0  0.7991555  0.6011243   53.050 0.25004
  9.0 162.0  0.7986109  0.6018476   52.998 0.24863
  9.0 164.0  0.7979453  0.6027298   52.934 0.24724
  9.0 166.0  0.7971575  0.6037714   52.860 0.24589
  9.0 168.0  0.7962465  0.6049723   52.773 0.24458
  9.0 170.0  0.7952112  0.6063325   52.675 0.24330
  9.0 172.0  0.7940516  0.6078504   52.566 0.24206
  9.0 174.0  0.7927674  0.6095243   52.445 0.24086
  9.0 176.0  0.7913584  0.6113525   52.313 0.23971
  9.0 178.0  0.7898253  0.6133319   52.169 0.23860
  9.0 180.0  0.7881687  0.6154593   52.015 0.23753
  9.0 182.0  0.7863896  0.6177309   51.849 0.23651
  9.0 184.0  0.7844892  0.6201425   51.673 0.23553
  9.0 186.0  0.7824692  0.6226892   51.487 0.23460
  9.0 188.0  0.7803316  0.6253660   51.291 0.23372
  9.0 190.0  0.7780785  0.6281670   51.085 0.23288
  9.0 192.0  0.7757126  0.6310863   50.870 0.23210
  9.0 194.0  0.7732368  0.6341174   50.645 0.23136
  9.0 196.0  0.7706623  0.6372437   50.413 0.23067
  9.0 198.0  0.7679779  0.6404764   50.173 0.23003
  9.0 200.0  0.7651941  0.6437997   49.924 0.22944
  9.0 202.0  0.7623151  0.6472061   49.669 0.22889
  9.0 204.0  0.7593454  0.6506878   49.407 0.22840
  9.0 206.0  0.7562895  0.6542371   49.138 0.22795
  9.0 208.0  0.7531526  0.6578458   48.864 0.22756
  9.0 210.0  0.7499399  0.6615060   48.585 0.22721
  9.0 212.0  0.7466568  0.6652095   48.302 0.22691
  9.0 214.0  0.7433091  0.6689481   48.014 0.22665
  9.0 216.0  0.7399029  0.6727137   47.723 0.22645
  9.0 218.0  0.7364443  0.6764982   47.429 0.22629
  9.0 220.0  0.7329399  0.6802934   47.133 0.22618
  9.0 222.0  0.7293962  0.6840915   46.836 0.22612
  9.0 224.0  0.7258201  0.6878846   46.537 0.22610
  9.0 226.0  0.7222186  0.6916648   46.238 0.22613
  9.0 228.0  0.7185990  0.6954247   45.939 0.22620
  9.0 230.0  0.7149685  0.6991567   45.641 0.22632
  9.0 232.0  0.7113346  0.7028535   45.344 0.22649
  9.0 234.0  0.7077050  0.7065081   45.048 0.22671
  9.0 236.0  0.7040872  0.7101136   44.756 0.22697
  9.0 238.0  0.7004889  0.7136633   44.466 0.22728
  9.0 240.0  0.6969181  0.7171507   44.180 0.22764
  9.0 242.0  0.6933825  0.7205697   43.898 0.22804
  9.0 244.0  0.6898899  0.7239143   43.621 0.22849
  9.0 246.0  0.6864481  0.7271788   43.350 0.22898
  9.0 248.0  0.6830648  0.7303578   43.084 0.22953
  9.0 250.0  0.6797476  0.7334461   42.824 0.23012
  9.0 252.0  0.6765040  0.7364390   42.571 0.23076
  9.0 254.0  0.6733413  0.7393318   42.325 0.23145
  9.0 256.0  0.6702742  0.7421135   42.088 0.23218
  9.0 258.0  0.6672933  0.7447950   41.859 0.23296
  9.0 260.0  0.6644142  0.7473645   41.637 0.23379
  9.0 262.0  0.6616432  0.7498188   41.425 0.23466
  9.0 264.0  0.6589863  0.7521549   41.223 0.23558
  9.0 266.0  0.6564493  0.7543702   41.030 0.23655
  9.0 268.0  0.6540373  0.7564623   40.847 0.23756
  9.0 270.0  0.6517552  0.7584294   40.674 0.23862
  9.0 272.0  0.6496076  0.7602697   40.512 0.23972
  9.0 274.0  0.6475980  0.7619822   40.361 0.24086
  9.0 276.0  0.6457305  0.7635654   40.220 0.24205
  9.0 278.0  0.6440076  0.7650191   40.091 0.24327
  9.0 280.0  0.6424317  0.7663429   39.973 0.24454
  9.0 282.0  0.6410052  0.7675365   39.867 0.24584
  9.0 284.0  0.6397291  0.7686005   39.772 0.24718
  9.0 286.0  0.6386043  0.7695353   39.688 0.24855
  9.0 288.0  0.6376312  0.7703418   39.615 0.24996
  9.0 290.0  0.6368097  0.7710210   39.554 0.25139
  9.0 292.0  0.6361391  0.7715744   39.505 0.25286
  9.0 294.0  0.6356181  0.7720036   39.466 0.25435
  9.0 296.0  0.6352453  0.7723104   39.438 0.25587
  9.0 298.0  0.6350185  0.7724970   39.421 0.25741
  9.0 300.0  0.6349263  0.7725727   39.415 0.25898
  9.0 302.0  0.6349820  0.7725270   39.419 0.26056
  9.0 304.0  0.6351746  0.7723685   39.433 0.26215
  9.0 306.0  0.6355008  0.7721002   39.457 0.26377
  9.0 308.0  0.6359563  0.7717251   39.491 0.26539
  9.0 310.0  0.6365370  0.7712462   39.534 0.26702
  9.0 312.0  0.6372382  0.7706669   39.586 0.26866
  9.0 314.0  0.6380552  0.7699906   39.647 0.27031
  9.0 316.0  0.6389831  0.7692208   39.716 0.27196
  9.0 318.0  0.6400165  0.7683611   39.793 0.27360
  9.0 320.0  0.6411503  0.7674153   39.878 0.27525
  9.0 322.0  0.6423791  0.7663871   39.969 0.27689
  9.0 324.0  0.6436972  0.7652803   40.068 0.27852
  9.0 326.0  0.6450994  0.7640987   40.173 0.28015
  9.0 328.0  0.6465799  0.7628463   40.284 0.28176
  9.0 330.0  0.6481332  0.7615270   40.401 0.28336
  9.0 332.0  0.6497540  0.7601446   40.523 0.28494
  9.0 334.0  0.6514366  0.7587031   40.650 0.28651
  9.0 336.0  0.6531758  0.7572063   40.781 0.28805
  9.0 338.0  0.6549664  0.7556580   40.917 0.28958
  9.0 340.0  0.6568032  0.7540620   41.057 0.29108
  9.0 342.0  0.6586813  0.7524221   41.199 0.29255
  9.0 344.0  0.6605958  0.7507417   41.345 0.29400
  9.0 346.0  0.6625422  0.7490246   41.494 0.29541
  9.0 348.0  0.6645160  0.7472740   41.645 0.29680
  9.0 350.0  0.6665076  0.7454983   41.798 0.29815
  9.0 352.0  0.6685251  0.7436895   41.953 0.29946
  9.0 354.0  0.6705581  0.7418571   42.110 0.30074
  9.0 356.0  0.6726028  0.7400037   42.268 0.30198
  9.0 358.0  0.6746559  0.7381323   42.427 0.30318
  9.0 360.0  0.6767146  0.7362454   42.587 0.30434
 11.0   0.0  0.6709476  0.7415048   42.140 0.31277
 11.0   2.0  0.6734501  0.7392327   42.334 0.31410
 11.0   4.0  0.6759336  0.7369626   42.527 0.31539
 11.0   6.0  0.6783954  0.7346970   42.718 0.31662
 11.0   8.0  0.6808334  0.7324383   42.909 0.31779
 11.0  10.0  0.6832447  0.7301895   43.098 0.31891
 11.0  12.0  0.6856294  0.7279507   43.285 0.31996
 11.0  14.0  0.6879861  0.7257239   43.471 0.32096
 11.0  16.0  0.6903140  0.7235099   43.655 0.32190
 11.0  18.0  0.6926196  0.7213030   43.838 0.32277
 11.0  20.0  0.6948917  0.7191144   44.019 0.32359
 11.0  22.0  0.6971355  0.7169394   44.198 0.32434
 11.0  24.0  0.6993516  0.7147778   44.375 0.32502
 11.0  26.0  0.7015411  0.7126290   44.551 0.32565
 11.0  28.0  0.7037051  0.7104922   44.725 0.32621
 11.0  30.0  0.7058450  0.7083663   44.898 0.32670
 11.0  32.0  0.7079626  0.7062500   45.069 0.32713
 11.0  34.0  0.7100595  0.7041417   45.240 0.32749
 11.0  36.0  0.7121379  0.7020396   45.409 0.32778
 11.0  38.0  0.7141997  0.6999419   45.578 0.32801
 11.0  40.0  0.7162474  0.6978465   45.746 0.32818
 11.0  42.0  0.7182830  0.6957510   45.913 0.32827
 11.0  44.0  0.7203091  0.6936532   46.080 0.32830
 11.0  46.0  0.7223279  0.6915507   46.247 0.32827
 11.0  48.0  0.7243420  0.6894409   46.414 0.32816
 11.0  50.0  0.7263535  0.6873213   46.582 0.32800
 11.0  52.0  0.7283648  0.6851895   46.749 0.32776
 11.0  54.0  0.7303782  0.6830430   46.918 0.32746
 11.0  56.0  0.7323956  0.6808794   47.088 0.32709
 11.0  58.0  0.7344190  0.6786963   47.258 0.32666
 11.0  60.0  0.7364503  0.6764916   47.430 0.32616
 11.0  62.0  0.7384910  0.6742633   47.603 0.32560
 11.0  64.0  0.7405426  0.6720094   47.778 0.32498
 11.0  66.0  0.7426062  0.6697283   47.954 0.32429
 11.0  68.0  0.7446828  0.6674185   48.132 0.32354
 11.0  70.0  0.7467731  0.6650789   48.312 0.32272
 11.0  72.0  0.7488774  0.6627086   48.493 0.32185
 11.0  74.0  0.7510011  0.6603010   48.677 0.32091
 11.0  76.0  0.7531321  0.6578693   48.862 0.31992
 11.0  78.0  0.7552770  0.6554057   49.050 0.31887
 11.0  80.0  0.7574350  0.6529106   49.239 0.31776
 11.0  82.0  0.7596050  0.6503847   49.429 0.31659
 11.0  84.0  0.7617853  0.6478296   49.622 0.31537
 11.0  86.0  0.7639750  0.6452459   49.816 0.31409
 11.0  88.0  0.7661713  0.6426364   50.011 0.31276
 11.0  90.0  0.7683720  0.6400034   50.208 0.31138
 11.0  92.0  0.7705753  0.6373489   50.406 0.30995
 11.0  94.0  0.7727774  0.6346771   50.604 0.30847
 11.0  96.0  0.7749755  0.6319913   50.803 0.30695
 11.0  98.0  0.7771661  0.6292955   51.002 0.30538
 11.0 100.0  0.7793456  0.6265943   51.201 0.30377
 11.0 102.0  0.7815038  0.6239005   51.398 0.30212
 11.0 104.0  0.7836475  0.6212057   51.596 0.30042
 11.0 106.0  0.7857677  0.6185217   51.792 0.29870
 11.0 108.0  0.7878599  0.6158545   51.986 0.29693
 11.0 110.0  0.7899194  0.6132106   52.178 0.29513
 11.0 112.0  0.7919415  0.6105969   52.367 0.29331
 11.0 114.0  0.7939213  0.6080205   52.553 0.29145
 11.0 116.0  0.7958538  0.6054889   52.736 0.28957
 11.0 118.0  0.7977339  0.6030097   52.914 0.28766
 11.0 120.0  0.7995564  0.6005910   53.088 0.28573
 11.0 122.0  0.8013162  0.5982410   53.256 0.28379
 11.0 124.0  0.8030081  0.5959681   53.418 0.28183
 11.0 126.0  0.8046268  0.5937809   53.574 0.27985
 11.0 128.0  0.8061671  0.5916880   53.723 0.27787
 11.0 130.0  0.8076238  0.5896980   53.864 0.27587
 11.0 132.0  0.8089918  0.5878199   53.998 0.27387
 11.0 134.0  0.8102660  0.5860623   54.122 0.27187
 11.0 136.0  0.8114413  0.5844339   54.237 0.26987
 11.0 138.0  0.8125129  0.5829432   54.342 0.26788
 11.0 140.0  0.8134759  0.5815987   54.437 0.26589
 11.0 142.0  0.8143255  0.5804084   54.521 0.26391
 11.0 144.0  0.8150573  0.5793804   54.593 0.26194
 11.0 146.0  0.8156667  0.5785221   54.653 0.25998
 11.0 148.0  0.8161496  0.5778407   54.701 0.25805
 11.0 150.0  0.8165017  0.5773430   54.736 0.25614
 11.0 152.0  0.8167192  0.5770352   54.758 0.25425
 11.0 154.0  0.8167984  0.5769231   54.766 0.25239
 11.0 156.0  0.8167311  0.5770185   54.759 0.25056
 11.0 158.0  0.8165244  0.5773109   54.738 0.24876
 11.0 160.0  0.8161694  0.5778126   54.703 0.24700
 11.0 162.0  0.8156635  0.5785266   54.653 0.24528
 11.0 164.0  0.8150041  0.5794551   54.588 0.24360
 11.0 166.0  0.8141891  0.5805998   54.507 0.24196
 11.0 168.0  0.8132166  0.5819612   54.411 0.24037
 11.0 170.0  0.8120852  0.5835389   54.300 0.23882
 11.0 172.0  0.8107933  0.5853326   54.174 0.23733
 11.0 174.0  0.8093405  0.5873398   54.032 0.23589
 11.0 176.0  0.8077264  0.5895576   53.874 0.23450
 11.0 178.0  0.8059504  0.5919830   53.702 0.23317
 11.0 180.0  0.8040135  0.5946110   53.515 0.23190
 11.0 182.0  0.8019163  0.5974364   53.313 0.23068
 11.0 184.0  0.7996599  0.6004532   53.098 0.22952
 11.0 186.0  0.7972460  0.6036545   52.868 0.22843
 11.0 188.0  0.7946767  0.6070329   52.625 0.22739
 11.0 190.0  0.7919546  0.6105800   52.369 0.22641
 11.0 192.0  0.7890825  0.6142872   52.100 0.22550
 11.0 194.0  0.7860724  0.6181345   51.820 0.22464
 11.0 196.0  0.7829129  0.6221313   51.528 0.22385
 11.0 198.0  0.7796154  0.6262586   51.225 0.22311
 11.0 200.0  0.7761844  0.6305060   50.913 0.22244
 11.0 202.0  0.7726251  0.6348626   50.590 0.22182
 11.0 204.0  0.7689430  0.6393173   50.259 0.22126
 11.0 206.0  0.7651441  0.6438591   49.920 0.22076
 11.0 208.0  0.7612346  0.6484765   49.573 0.22032
 11.0 210.0  0.7572213  0.6531584   49.220 0.21993
 11.0 212.0  0.7531111  0.6578934   48.861 0.21960
 11.0 214.0  0.7489114  0.6626701   48.496 0.21932
 11.0 216.0  0.7446299  0.6674776   48.127 0.21909
 11.0 218.0  0.7402746  0.6723046   47.755 0.21892
 11.0 220.0  0.7358538  0.6771404   47.379 0.21880
 11.0 222.0  0.7313762  0.6819743   47.002 0.21874
 11.0 224.0  0.7268505  0.6867957   46.623 0.21872
 11.0 226.0  0.7222861  0.6915944   46.244 0.21876
 11.0 228.0  0.7176922  0.6963604   45.864 0.21885
 11.0 230.0  0.7130786  0.7010840   45.486 0.21898
 11.0 232.0  0.7084552  0.7057557   45.109 0.21918
 11.0 234.0  0.7038321  0.7103663   44.735 0.21942
 11.0 236.0  0.6992196  0.7149069   44.364 0.21971
 11.0 238.0  0.6946282  0.7193690   43.998 0.22006
 11.0 240.0  0.6900684  0.7237441   43.636 0.22046
 11.0 242.0  0.6855511  0.7280245   43.279 0.22091
 11.0 244.0  0.6810870  0.7322025   42.929 0.22142
 11.0 246.0  0.6766870  0.7362708   42.585 0.22198
 11.0 248.0  0.6723619  0.7402226   42.250 0.22260
 11.0 250.0  0.6681224  0.7440513   41.922 0.22327
 11.0 252.0  0.6639793  0.7477509   41.604 0.22400
 11.0 254.0  0.6599430  0.7513156   41.296 0.22479
 11.0 256.0  0.6560238  0.7547402   40.997 0.22564
 11.0 258.0  0.6522396  0.7580129   40.711 0.22654
 11.0 260.0  0.6485825  0.7611444   40.435 0.22750
 11.0 262.0  0.6450715  0.7641222   40.171 0.22852
 11.0 264.0  0.6417152  0.7669430   39.920 0.22960
 11.0 266.0  0.6385220  0.7696036   39.682 0.23074
 11.0 268.0  0.6354994  0.7721013   39.457 0.23194
 11.0 270.0  0.6326544  0.7744342   39.246 0.23319
 11.0 272.0  0.6299934  0.7766005   39.050 0.23450
 11.0 274.0  0.6275217  0.7785991   38.868 0.23586
 11.0 276.0  0.6252417  0.7804312   38.700 0.23728
 11.0 278.0  0.6231654  0.7820901   38.548 0.23875
 11.0 280.0  0.6212880  0.7835823   38.410 0.24027
 11.0 282.0  0.6196143  0.7849064   38.288 0.24184
 11.0 284.0  0.6181461  0.7860632   38.181 0.24345
 11.0 286.0  0.6168841  0.7870540   38.089 0.24511
 11.0 288.0  0.6158281  0.7878806   38.012 0.24682
 11.0 290.0  0.6149773  0.7885448   37.950 0.24856
 11.0 292.0  0.6143299  0.7890493   37.903 0.25034
 11.0 294.0  0.6138837  0.7893965   37.871 0.25216
 11.0 296.0  0.6136256  0.7895971   37.852 0.25401
 11.0 298.0  0.6135694  0.7896408   37.848 0.25589
 11.0 300.0  0.6137026  0.7895372   37.858 0.25779
 11.0 302.0  0.6140203  0.7892902   37.881 0.25972
 11.0 304.0  0.6145167  0.7889038   37.917 0.26167
 11.0 306.0  0.6151859  0.7883821   37.965 0.26363
 11.0 308.0  0.6160213  0.7877295   38.026 0.26561
 11.0 310.0  0.6170158  0.7869507   38.099 0.26760
 11.0 312.0  0.6181624  0.7860504   38.182 0.26960
 11.0 314.0  0.6194533  0.7850335   38.276 0.27161
 11.0 316.0  0.6208808  0.7839050   38.380 0.27362
 11.0 318.0  0.6224369  0.7826700   38.494 0.27562
 11.0 320.0  0.6241135  0.7813337   38.617 0.27762
 11.0 322.0  0.6259023  0.7799015   38.748 0.27962
 11.0 324.0  0.6277950  0.7783787   38.888 0.28160
 11.0 326.0  0.6297834  0.7767708   39.034 0.28358
 11.0 328.0  0.6318592  0.7750832   39.187 0.28553
 11.0 330.0  0.6340144  0.7733212   39.347 0.28747
 11.0 332.0  0.6362408  0.7714905   39.512 0.28939
 11.0 334.0  0.6385307  0.7695964   39.682 0.29129
 11.0 336.0  0.6408763  0.7676442   39.857 0.29316
 11.0 338.0  0.6432701  0.7656393   40.036 0.29500
 11.0 340.0  0.6457050  0.7635870   40.219 0.29681
 11.0 342.0  0.6481740  0.7614922   40.404 0.29859
 11.0 344.0  0.6506705  0.7593602   40.592 0.30033
 11.0 346.0  0.6531882  0.7571956   40.782 0.30204
 11.0 348.0  0.6557210  0.7550033   40.974 0.30371
 11.0 350.0  0.6582634  0.7527877   41.168 0.30533
 11.0 352.0  0.6608048  0.7505578   41.361 0.30691
 11.0 354.0  0.6633524  0.7483072   41.556 0.30845
 11.0 356.0  0.6658946  0.7460458   41.751 0.30994
 11.0 358.0  0.6684274  0.7437774   41.946 0.31138
 11.0 360.0  0.6709476  0.7415048   42.140 0.31277
 13.0   0.0  0.6669979  0.7450596   41.836 0.32113
 13.0   2.0  0.6699232  0.7424304   42.061 0.32267
 13.0   4.0  0.6728029  0.7398218   42.284 0.32414
 13.0   6.0  0.6756342  0.7372370   42.503 0.32555
 13.0   8.0  0.6784141  0.7346798   42.720 0.32689
 13.0  10.0  0.6811420  0.7321513   42.933 0.32816
 13.0  12.0  0.6838167  0.7296538   43.143 0.32937
 13.0  14.0  0.6864436  0.7271830   43.349 0.33050
 13.0  16.0  0.6890134  0.7247486   43.552 0.33157
 13.0  18.0  0.6915306  0.7223472   43.751 0.33256
 13.0  20.0  0.6939961  0.7199787   43.947 0.33349
 13.0  22.0  0.6964115  0.7176427   44.140 0.33434
 13.0  24.0  0.6987785  0.7153381   44.329 0.33512
 13.0  26.0  0.7010996  0.7130634   44.515 0.33582
 13.0  28.0  0.7033773  0.7108167   44.699 0.33645
 13.0  30.0  0.7056145  0.7085959   44.879 0.33701
 13.0  32.0  0.7078146  0.7063982   45.057 0.33749
 13.0  34.0  0.7099811  0.7042207   45.233 0.33789
 13.0  36.0  0.7121178  0.7020600   45.407 0.33823
 13.0  38.0  0.7142285  0.6999126   45.580 0.33848
 13.0  40.0  0.7163174  0.6977746   45.751 0.33866
 13.0  42.0  0.7183887  0.6956419   45.922 0.33877
 13.0  44.0  0.7204466  0.6935104   46.091 0.33880
 13.0  46.0  0.7224955  0.6913757   46.261 0.33876
 13.0  48.0  0.7245396  0.6892332   46.431 0.33864
 13.0  50.0  0.7265831  0.6870786   46.601 0.33844
 13.0  52.0  0.7286303  0.6849072   46.772 0.33818
 13.0  54.0  0.7306851  0.6827147   46.944 0.33783
 13.0  56.0  0.7327513  0.6804966   47.118 0.33742
 13.0  58.0  0.7348325  0.6782486   47.293 0.33693
 13.0  60.0  0.7369322  0.6759667   47.471 0.33636
 13.0  62.0  0.7390534  0.6736469   47.651 0.33573
 13.0  64.0  0.7411988  0.6712856   47.834 0.33502
 13.0  66.0  0.7433710  0.6688794   48.019 0.33423
 13.0  68.0  0.7455719  0.6664252   48.208 0.33338
 13.0  70.0  0.7478032  0.6639204   48.400 0.33246
 13.0  72.0  0.7500663  0.6613627   48.596 0.33146
 13.0  74.0  0.7523618  0.6587501   48.795 0.33040
 13.0  76.0  0.7546902  0.6560813   48.998 0.32927
 13.0  78.0  0.7570555  0.6533505   49.205 0.32807
 13.0  80.0  0.7594475  0.6505686   49.416 0.32680
 13.0  82.0  0.7618710  0.6477287   49.629 0.32547
 13.0  84.0  0.7643242  0.6448321   49.847 0.32407
 13.0  86.0  0.7668067  0.6418781   50.068 0.32261
 13.0  88.0  0.7693146  0.6388701   50.292 0.32109
 13.0  90.0  0.7718452  0.6358105   50.520 0.31951
 13.0  92.0  0.7743960  0.6327012   50.750 0.31787
 13.0  94.0  0.7769627  0.6295466   50.983 0.31617
 13.0  96.0  0.7795413  0.6263508   51.219 0.31442
 13.0  98.0  0.7821275  0.6231184   51.456 0.31262
 13.0 100.0  0.7847104  0.6198625   51.694 0.31076
 13.0 102.0  0.7872950  0.6165765   51.933 0.30885
 13.0 104.0  0.7898716  0.6132723   52.174 0.30690
 13.0 106.0  0.7924344  0.6099571   52.414 0.30490
 13.0 108.0  0.7949776  0.6066388   52.653 0.30286
 13.0 110.0  0.7974949  0.6033257   52.892 0.30078
 13.0 112.0  0.7999801  0.6000265   53.128 0.29866
 13.0 114.0  0.8024267  0.5967507   53.362 0.29651
 13.0 116.0  0.8048280  0.5935081   53.594 0.29432
 13.0 118.0  0.8071774  0.5903089   53.821 0.29211
 13.0 120.0  0.8094680  0.5871640   54.044 0.28986
 13.0 122.0  0.8116930  0.5840843   54.262 0.28760
 13.0 124.0  0.8138455  0.5810814   54.473 0.28531
 13.0 126.0  0.8159186  0.5781667   54.678 0.28300
 13.0 128.0  0.8179056  0.5753524   54.876 0.28068
 13.0 130.0  0.8197996  0.5726505   55.065 0.27835
 13.0 132.0  0.8215939  0.5700732   55.245 0.27601
 13.0 134.0  0.8232818  0.5676329   55.415 0.27366
 13.0 136.0  0.8248568  0.5653417   55.574 0.27131
 13.0 138.0  0.8263124  0.5632120   55.722 0.26897
 13.0 140.0  0.8276424  0.5612557   55.857 0.26663
 13.0 142.0  0.8288406  0.5594848   55.980 0.26430
 13.0 144.0  0.8299009  0.5579108   56.089 0.26198
 13.0 146.0  0.8308176  0.5565448   56.183 0.25968
 13.0 148.0  0.8315849  0.5553977   56.262 0.25740
 13.0 150.0  0.8321974  0.5544795   56.325 0.25514
 13.0 152.0  0.8326498  0.5537999   56.372 0.25291
 13.0 154.0  0.8329371  0.5533676   56.402 0.25071
 13.0 156.0  0.8330545  0.5531909   56.414 0.24855
 13.0 158.0  0.8329924  0.5532844   56.407 0.24643
 13.0 160.0  0.8327578  0.5536374   56.383 0.24435
 13.0 162.0  0.8323404  0.5542648   56.340 0.24232
 13.0 164.0  0.8317364  0.5551707   56.278 0.24034
 13.0 166.0  0.8309426  0.5563581   56.196 0.23841
 13.0 168.0  0.8299560  0.5578288   56.094 0.23654
 13.0 170.0  0.8287741  0.5595833   55.973 0.23473
 13.0 172.0  0.8273947  0.5616208   55.832 0.23299
 13.0 174.0  0.8258161  0.5639395   55.671 0.23130
 13.0 176.0  0.8240373  0.5665355   55.491 0.22969
 13.0 178.0  0.8220572  0.5694049   55.291 0.22815
 13.0 180.0  0.8198760  0.5725412   55.072 0.22667
 13.0 182.0  0.8174939  0.5759373   54.835 0.22527
 13.0 184.0  0.8149118  0.5795849   54.579 0.22395
 13.0 186.0  0.8121314  0.5834745   54.305 0.22270
 13.0 188.0  0.8091547  0.5875956   54.013 0.22152
 13.0 190.0  0.8059845  0.5919366   53.705 0.22042
 13.0 192.0  0.8026320  0.5964746   53.382 0.21939
 13.0 194.0  0.7990872  0.6012152   53.043 0.21844
 13.0 196.0  0.7953608  0.6061362   52.689 0.21756
 13.0 198.0  0.7914581  0.6112235   52.322 0.21676
 13.0 200.0  0.7873845  0.6164622   51.942 0.21602
 13.0 202.0  0.7831463  0.6218375   51.550 0.21535
 13.0 204.0  0.7787503  0.6273340   51.146 0.21476
 13.0 206.0  0.7742035  0.6329367   50.733 0.21422
 13.0 208.0  0.7695138  0.6386302   50.310 0.21376
 13.0 210.0  0.7646891  0.6443994   49.879 0.21335
 13.0 212.0  0.7597381  0.6502292   49.441 0.21301
 13.0 214.0  0.7546697  0.6561049   48.997 0.21272
 13.0 216.0  0.7494933  0.6620120   48.547 0.21249
 13.0 218.0  0.7442186  0.6679362   48.092 0.21232
 13.0 220.0  0.7388557  0.6738637   47.634 0.21221
 13.0 222.0  0.7334152  0.6797809   47.173 0.21214
 13.0 224.0  0.7279079  0.6856749   46.711 0.21214
 13.0 226.0  0.7223451  0.6915328   46.248 0.21218
 13.0 228.0  0.7167383  0.6973423   45.786 0.21228
 13.0 230.0  0.7110995  0.7030914   45.324 0.21243
 13.0 232.0  0.7054411  0.7087685   44.865 0.21263
 13.0 234.0  0.6997758  0.7143625   44.409 0.21289
 13.0 236.0  0.6941167  0.7198625   43.957 0.21320
 13.0 238.0  0.6884771  0.7252581   43.510 0.21357
 13.0 240.0  0.6828708  0.7305391   43.068 0.21399
 13.0 242.0  0.6773118  0.7356960   42.634 0.21447
 13.0 244.0  0.6718144  0.7407196   42.207 0.21501
 13.0 246.0  0.6663928  0.7456008   41.789 0.21562
 13.0 248.0  0.6610618  0.7503315   41.381 0.21628
 13.0 250.0  0.6558359  0.7549035   40.983 0.21701
 13.0 252.0  0.6507296  0.7593095   40.597 0.21781
 13.0 254.0  0.6457575  0.7635426   40.222 0.21868
 13.0 256.0  0.6409337  0.7675962   39.861 0.21961
 13.0 258.0  0.6362723  0.7714646   39.514 0.22061
 13.0 260.0  0.6317943  0.7751361   39.183 0.22169
 13.0 262.0  0.6274954  0.7786202   38.866 0.22283
 13.0 264.0  0.6233979  0.7819048   38.565 0.22405
 13.0 266.0  0.6195131  0.7849863   38.281 0.22534
 13.0 268.0  0.6158518  0.7878621   38.014 0.22670
 13.0 270.0  0.6124237  0.7905297   37.765 0.22814
 13.0 272.0  0.6092376  0.7929877   37.534 0.22964
 13.0 274.0  0.6063010  0.7952352   37.323 0.23122
 13.0 276.0  0.6036206  0.7972717   37.130 0.23286
 13.0 278.0  0.6012013  0.7990976   36.956 0.23457
 13.0 280.0  0.5990478  0.8007133   36.802 0.23634
 13.0 282.0  0.5971622  0.8021205   36.667 0.23817
 13.0 284.0  0.5955463  0.8033210   36.552 0.24007
 13.0 286.0  0.5942004  0.8043170   36.456 0.24202
 13.0 288.0  0.5931237  0.8051113   36.379 0.24402
 13.0 290.0  0.5923140  0.8057072   36.321 0.24607
 13.0 292.0  0.5917590  0.8061149   36.282 0.24817
 13.0 294.0  0.5914703  0.8063268   36.261 0.25032
 13.0 296.0  0.5914356  0.8063522   36.259 0.25250
 13.0 298.0  0.5916486  0.8061960   36.274 0.25471
 13.0 300.0  0.5921021  0.8058630   36.306 0.25696
 13.0 302.0  0.5927882  0.8053584   36.355 0.25924
 13.0 304.0  0.5936983  0.8046878   36.420 0.26153
 13.0 306.0  0.5948229  0.8038568   36.500 0.26385
 13.0 308.0  0.5961524  0.8028713   36.595 0.26619
 13.0 310.0  0.5976763  0.8017375   36.704 0.26853
 13.0 312.0  0.5993838  0.8004618   36.826 0.27089
 13.0 314.0  0.6012639  0.7990505   36.960 0.27325
 13.0 316.0  0.6033053  0.7975103   37.107 0.27561
 13.0 318.0  0.6054965  0.7958479   37.265 0.27796
 13.0 320.0  0.6078259  0.7940703   37.432 0.28031
 13.0 322.0  0.6102818  0.7921844   37.610 0.28265
 13.0 324.0  0.6128526  0.7901972   37.796 0.28498
 13.0 326.0  0.6155268  0.7881159   37.990 0.28729
 13.0 328.0  0.6182930  0.7859477   38.192 0.28957
 13.0 330.0  0.6211400  0.7836996   38.399 0.29184
 13.0 332.0  0.6240569  0.7813789   38.613 0.29408
 13.0 334.0  0.6270329  0.7789928   38.832 0.29629
 13.0 336.0  0.6300578  0.7765483   39.054 0.29846
 13.0 338.0  0.6331215  0.7740524   39.281 0.30061
 13.0 340.0  0.6362146  0.7715121   39.510 0.30271
 13.0 342.0  0.6393279  0.7689342   39.742 0.30477
 13.0 344.0  0.6424528  0.7663253   39.975 0.30679
 13.0 346.0  0.6455810  0.7636918   40.209 0.30877
 13.0 348.0  0.6487050  0.7610400   40.444 0.31070
 13.0 350.0  0.6518175  0.7583758   40.679 0.31257
 13.0 352.0  0.6549121  0.7557051   40.913 0.31440
 13.0 354.0  0.6579782  0.7530370   41.146 0.31617
 13.0 356.0  0.6610208  0.7503676   41.378 0.31788
 13.0 358.0  0.6640287  0.7477071   41.608 0.31954
 13.0 360.0  0.6669979  0.7450596   41.836 0.32113
 15.0   0.0  0.6649581  0.7468806   41.679 0.32937
 15.0   2.0  0.6682828  0.7439073   41.935 0.33108
 15.0   4.0  0.6715284  0.7409789   42.185 0.33271
 15.0   6.0  0.6746923  0.7380991   42.430 0.33426
 15.0   8.0  0.6777707  0.7352733   42.670 0.33575
 15.0  10.0  0.6807647  0.7325022   42.903 0.33715
 15.0  12.0  0.6836792  0.7297826   43.132 0.33848
 15.0  14.0  0.6865052  0.7271249   43.354 0.33973
 15.0  16.0  0.6892474  0.7245260   43.571 0.34090
 15.0  18.0  0.6919075  0.7219862   43.781 0.34199
 15.0  20.0  0.6944876  0.7195047   43.986 0.34299
 15.0  22.0  0.6969906  0.7170803   44.186 0.34392
 15.0  24.0  0.6994200  0.7147109   44.380 0.34477
 15.0  26.0  0.7017796  0.7123941   44.570 0.34554
 15.0  28.0  0.7040739  0.7101267   44.755 0.34622
 15.0  30.0  0.7063078  0.7079048   44.935 0.34682
 15.0  32.0  0.7084866  0.7057242   45.112 0.34734
 15.0  34.0  0.7106160  0.7035801   45.285 0.34778
 15.0  36.0  0.7127018  0.7014671   45.455 0.34814
 15.0  38.0  0.7147504  0.6993796   45.623 0.34841
 15.0  40.0  0.7167682  0.6973116   45.788 0.34860
 15.0  42.0  0.7187617  0.6952565   45.952 0.34872
 15.0  44.0  0.7207377  0.6932079   46.115 0.34874
 15.0  46.0  0.7227028  0.6911589   46.278 0.34869
 15.0  48.0  0.7246639  0.6891025   46.441 0.34856
 15.0  50.0  0.7266275  0.6870316   46.604 0.34835
 15.0  52.0  0.7286001  0.6849393   46.769 0.34805
 15.0  54.0  0.7305881  0.6828185   46.936 0.34767
 15.0  56.0  0.7325974  0.6806622   47.105 0.34722
 15.0  58.0  0.7346339  0.6784638   47.276 0.34668
 15.0  60.0  0.7367028  0.6762166   47.451 0.34606
 15.0  62.0  0.7388093  0.6739146   47.630 0.34537
 15.0  64.0  0.7409577  0.6715517   47.813 0.34459
 15.0  66.0  0.7431522  0.6691224   48.001 0.34373
 15.0  68.0  0.7453962  0.6666217   48.193 0.34280
 15.0  70.0  0.7476926  0.6640450   48.391 0.34179
 15.0  72.0  0.7500437  0.6613883   48.594 0.34070
 15.0  74.0  0.7524513  0.6586479   48.803 0.33953
 15.0  76.0  0.7549164  0.6558211   49.018 0.33828
 15.0  78.0  0.7574393  0.6529056   49.239 0.33696
 15.0  80.0  0.7600238  0.6498952   49.466 0.33557
 15.0  82.0  0.7626594  0.6468003   49.699 0.33410
 15.0  84.0  0.7653506  0.6436136   49.938 0.33256
 15.0  86.0  0.7680949  0.6403360   50.183 0.33094
 15.0  88.0  0.7708885  0.6369701   50.434 0.32926
 15.0  90.0  0.7737320  0.6335131   50.690 0.32750
 15.0  92.0  0.7766170  0.6299730   50.952 0.32568
 15.0  94.0  0.7795399  0.6263525   51.218 0.32380
 15.0  96.0  0.7824958  0.6226559   51.490 0.32185
 15.0  98.0  0.7854736  0.6188951   51.765 0.31983
 15.0 100.0  0.7884754  0.6150663   52.043 0.31776
 15.0 102.0  0.7914910  0.6111808   52.325 0.31563
 15.0 104.0  0.7945136  0.6072464   52.609 0.31345
 15.0 106.0  0.7975356  0.6032719   52.895 0.31121
 15.0 108.0  0.8005494  0.5992667   53.183 0.30892
 15.0 110.0  0.8035471  0.5952412   53.470 0.30658
 15.0 112.0  0.8065204  0.5912063   53.757 0.30420
 15.0 114.0  0.8094609  0.5871737   54.043 0.30178
 15.0 116.0  0.8123602  0.5831559   54.327 0.29931
 15.0 118.0  0.8152097  0.5791660   54.608 0.29681
 15.0 120.0  0.8180005  0.5752175   54.885 0.29428
 15.0 122.0  0.8207241  0.5713247   55.157 0.29171
 15.0 124.0  0.8233718  0.5675023   55.424 0.28912
 15.0 126.0  0.8259348  0.5637656   55.683 0.28650
 15.0 128.0  0.8284047  0.5601301   55.935 0.28386
 15.0 130.0  0.8307728  0.5566116   56.178 0.28121
 15.0 132.0  0.8330309  0.5532265   56.411 0.27854
 15.0 134.0  0.8351706  0.5499910   56.634 0.27586
 15.0 136.0  0.8371838  0.5469216   56.844 0.27318
 15.0 138.0  0.8390627  0.5440348   57.041 0.27050
 15.0 140.0  0.8407994  0.5413469   57.225 0.26782
 15.0 142.0  0.8423863  0.5388742   57.393 0.26514
 15.0 144.0  0.8438160  0.5366327   57.545 0.26248
 15.0 146.0  0.8450813  0.5346378   57.681 0.25983
 15.0 148.0  0.8461752  0.5329048   57.798 0.25721
 15.0 150.0  0.8470908  0.5314481   57.897 0.25460
 15.0 152.0  0.8478217  0.5302815   57.976 0.25203
 15.0 154.0  0.8483613  0.5294178   58.034 0.24950
 15.0 156.0  0.8487035  0.5288689   58.071 0.24700
 15.0 158.0  0.8488425  0.5286458   58.086 0.24455
 15.0 160.0  0.8487678  0.5287658   58.078 0.24215
 15.0 162.0  0.8484849  0.5292196   58.047 0.23980
 15.0 164.0  0.8479826  0.5300240   57.993 0.23751
 15.0 166.0  0.8472563  0.5311843   57.914 0.23529
 15.0 168.0  0.8463016  0.5327041   57.812 0.23313
 15.0 170.0  0.8451147  0.5345851   57.684 0.23105
 15.0 172.0  0.8436922  0.5368273   57.532 0.22904
 15.0 174.0  0.8420313  0.5394287   57.355 0.22712
 15.0 176.0  0.8401297  0.5423856   57.154 0.22527
 15.0 178.0  0.8379855  0.5456924   56.928 0.22352
 15.0 180.0  0.8355981  0.5493413   56.678 0.22185
 15.0 182.0  0.8329669  0.5533229   56.405 0.22027
 15.0 184.0  0.8300924  0.5576259   56.108 0.21878
 15.0 186.0  0.8269758  0.5622375   55.789 0.21739
 15.0 188.0  0.8236192  0.5671433   55.449 0.21609
 15.0 190.0  0.8200252  0.5723274   55.087 0.21488
 15.0 192.0  0.8162064  0.5777604   54.707 0.21376
 15.0 194.0  0.8121519  0.5834460   54.307 0.21273
 15.0 196.0  0.8078738  0.5893556   53.889 0.21179
 15.0 198.0  0.8033779  0.5954696   53.454 0.21094
 15.0 200.0  0.7986709  0.6017680   53.003 0.21017
 15.0 202.0  0.7937604  0.6082306   52.538 0.20948
 15.0 204.0  0.7886542  0.6148370   52.060 0.20887
 15.0 206.0  0.7833611  0.6215669   51.569 0.20833
 15.0 208.0  0.7778902  0.6284003   51.068 0.20787
 15.0 210.0  0.7722510  0.6353175   50.556 0.20747
 15.0 212.0  0.7664539  0.6422994   50.037 0.20714
 15.0 214.0  0.7605092  0.6493271   49.509 0.20687
 15.0 216.0  0.7544281  0.6563827   48.975 0.20665
 15.0 218.0  0.7482218  0.6634487   48.437 0.20650
 15.0 220.0  0.7419021  0.6705082   47.894 0.20640
 15.0 222.0  0.7354813  0.6775450   47.348 0.20635
 15.0 224.0  0.7289719  0.6845436   46.800 0.20635
 15.0 226.0  0.7223870  0.6914889   46.252 0.20640
 15.0 228.0  0.7157402  0.6983666   45.704 0.20651
 15.0 230.0  0.7090455  0.7051628   45.157 0.20666
 15.0 232.0  0.7023174  0.7118639   44.613 0.20687
 15.0 234.0  0.6955712  0.7184571   44.073 0.20713
 15.0 236.0  0.6888227  0.7249299   43.537 0.20744
 15.0 238.0  0.6820881  0.7312700   43.007 0.20780
 15.0 240.0  0.6753844  0.7374659   42.484 0.20823
 15.0 242.0  0.6687292  0.7435060   41.969 0.20872
 15.0 244.0  0.6621406  0.7493796   41.463 0.20927
 15.0 246.0  0.6556370  0.7550762   40.968 0.20988
 15.0 248.0  0.6492375  0.7605858   40.484 0.21057
 15.0 250.0  0.6429612  0.7658987   40.013 0.21133
 15.0 252.0  0.6368276  0.7710062   39.556 0.21216
 15.0 254.0  0.6308562  0.7758998   39.113 0.21308
 15.0 256.0  0.6250661  0.7805718   38.687 0.21407
 15.0 258.0  0.6194764  0.7850153   38.278 0.21515
 15.0 260.0  0.6141147  0.7892168   37.888 0.21631
 15.0 262.0  0.6089782  0.7931869   37.516 0.21756
 15.0 264.0  0.6040957  0.7969118   37.164 0.21890
 15.0 266.0  0.5994831  0.8003874   36.833 0.22033
 15.0 268.0  0.5951549  0.8036110   36.524 0.22185
 15.0 270.0  0.5911246  0.8065802   36.237 0.22346
 15.0 272.0  0.5874040  0.8092939   35.973 0.22515
 15.0 274.0  0.5840031  0.8117514   35.733 0.22693
 15.0 276.0  0.5809305  0.8139532   35.516 0.22880
 15.0 278.0  0.5781930  0.8159001   35.324 0.23074
 15.0 280.0  0.5757952  0.8175940   35.155 0.23277
 15.0 282.0  0.5737403  0.8190373   35.011 0.23487
 15.0 284.0  0.5720295  0.8202331   34.892 0.23705
 15.0 286.0  0.5706622  0.8211849   34.796 0.23929
 15.0 288.0  0.5696363  0.8218969   34.725 0.24160
 15.0 290.0  0.5689382  0.8223803   34.676 0.24397
 15.0 292.0  0.5685788  0.8226288   34.651 0.24639
 15.0 294.0  0.5685439  0.8226529   34.649 0.24886
 15.0 296.0  0.5688252  0.8224585   34.668 0.25138
 15.0 298.0  0.5694131  0.8220515   34.709 0.25394
 15.0 300.0  0.5702969  0.8214386   34.771 0.25653
 15.0 302.0  0.5714649  0.8206265   34.852 0.25916
 15.0 304.0  0.5729045  0.8196222   34.953 0.26181
 15.0 306.0  0.5746022  0.8184328   35.072 0.26448
 15.0 308.0  0.5765442  0.8170660   35.208 0.26716
 15.0 310.0  0.5787157  0.8155293   35.360 0.26986
 15.0 312.0  0.5811020  0.8138307   35.528 0.27256
 15.0 314.0  0.5836876  0.8119783   35.710 0.27526
 15.0 316.0  0.5864571  0.8099803   35.906 0.27796
 15.0 318.0  0.5893949  0.8078451   36.114 0.28066
 15.0 320.0  0.5924853  0.8055812   36.334 0.28334
 15.0 322.0  0.5957128  0.8031975   36.563 0.28601
 15.0 324.0  0.5990620  0.8007027   36.803 0.28866
 15.0 326.0  0.6025175  0.7981057   37.050 0.29129
 15.0 328.0  0.6060645  0.7954155   37.305 0.29389
 15.0 330.0  0.6096883  0.7926412   37.567 0.29646
 15.0 332.0  0.6133748  0.7897919   37.834 0.29900
 15.0 334.0  0.6171103  0.7868767   38.105 0.30150
 15.0 336.0  0.6208814  0.7839045   38.381 0.30396
 15.0 338.0  0.6246756  0.7808843   38.658 0.30638
 15.0 340.0  0.6284808  0.7778251   38.938 0.30875
 15.0 342.0  0.6322854  0.7747355   39.219 0.31107
 15.0 344.0  0.6360788  0.7716241   39.500 0.31334
 15.0 346.0  0.6398507  0.7684992   39.781 0.31556
 15.0 348.0  0.6435919  0.7653689   40.060 0.31772
 15.0 350.0  0.6472935  0.7622409   40.338 0.31982
 15.0 352.0  0.6509477  0.7591226   40.613 0.32187
 15.0 354.0  0.6545423  0.7560254   40.885 0.32384
 15.0 356.0  0.6580829  0.7529455   41.154 0.32575
 15.0 358.0  0.6615563  0.7498955   41.419 0.32760
 15.0 360.0  0.6649581  0.7468806   41.679 0.32937
